[2024-10-07T17:07:51.854+0000] {local_task_job_runner.py:123} INFO - ::group::Pre task execution logs
[2024-10-07T17:07:51.870+0000] {taskinstance.py:2612} INFO - Dependencies all met for dep_context=non-requeueable deps ti=<TaskInstance: dag_etl_01.run_extract_container_2 manual__2024-10-07T17:07:25.728941+00:00 [queued]>
[2024-10-07T17:07:51.877+0000] {taskinstance.py:2612} INFO - Dependencies all met for dep_context=requeueable deps ti=<TaskInstance: dag_etl_01.run_extract_container_2 manual__2024-10-07T17:07:25.728941+00:00 [queued]>
[2024-10-07T17:07:51.877+0000] {taskinstance.py:2865} INFO - Starting attempt 1 of 6
[2024-10-07T17:07:51.889+0000] {taskinstance.py:2888} INFO - Executing <Task(DockerOperator): run_extract_container_2> on 2024-10-07 17:07:25.728941+00:00
[2024-10-07T17:07:51.896+0000] {warnings.py:112} WARNING - /home/***/.local/lib/python3.12/site-packages/***/task/task_runner/standard_task_runner.py:70: DeprecationWarning: This process (pid=473) is multi-threaded, use of fork() may lead to deadlocks in the child.
  pid = os.fork()

[2024-10-07T17:07:51.897+0000] {standard_task_runner.py:72} INFO - Started process 474 to run task
[2024-10-07T17:07:51.898+0000] {standard_task_runner.py:104} INFO - Running: ['***', 'tasks', 'run', 'dag_etl_01', 'run_extract_container_2', 'manual__2024-10-07T17:07:25.728941+00:00', '--job-id', '9', '--raw', '--subdir', 'DAGS_FOLDER/ETL.py', '--cfg-path', '/tmp/tmp5kukojx_']
[2024-10-07T17:07:51.899+0000] {standard_task_runner.py:105} INFO - Job 9: Subtask run_extract_container_2
[2024-10-07T17:07:51.940+0000] {task_command.py:467} INFO - Running <TaskInstance: dag_etl_01.run_extract_container_2 manual__2024-10-07T17:07:25.728941+00:00 [running]> on host 0e4020a450e4
[2024-10-07T17:07:52.014+0000] {taskinstance.py:3131} INFO - Exporting env vars: AIRFLOW_CTX_DAG_OWNER='BB' AIRFLOW_CTX_DAG_ID='dag_etl_01' AIRFLOW_CTX_TASK_ID='run_extract_container_2' AIRFLOW_CTX_EXECUTION_DATE='2024-10-07T17:07:25.728941+00:00' AIRFLOW_CTX_TRY_NUMBER='1' AIRFLOW_CTX_DAG_RUN_ID='manual__2024-10-07T17:07:25.728941+00:00'
[2024-10-07T17:07:52.015+0000] {taskinstance.py:731} INFO - ::endgroup::
[2024-10-07T17:07:52.036+0000] {docker.py:367} INFO - Starting docker container from image etl
[2024-10-07T17:07:52.040+0000] {docker.py:375} WARNING - Using remote engine or docker-in-docker and mounting temporary volume from host is not supported. Falling back to `mount_tmp_dir=False` mode. You can set `mount_tmp_dir` parameter to False to disable mounting and remove the warning
[2024-10-07T17:07:52.718+0000] {docker.py:438} INFO - Category                         Name  ... Date_First Like_First
[2024-10-07T17:07:52.719+0000] {docker.py:438} INFO - 0  Romance                 Lore Olympus  ... 2018-03-04     405334
[2024-10-07T17:07:52.719+0000] {docker.py:438} INFO - 1  Romance  The Male Lead's Girl Friend  ... 2021-09-13      70774
[2024-10-07T17:07:52.719+0000] {docker.py:438} INFO - 2    Drama              I Don't Hate Us  ... 2023-09-23      20081
[2024-10-07T17:07:52.719+0000] {docker.py:438} INFO - 3  Romance             Marry My Husband  ... 2022-08-29     219930
[2024-10-07T17:07:52.719+0000] {docker.py:438} INFO - 4  Romance      See You in My 19th Life  ... 2020-12-17     188125
[2024-10-07T17:07:52.720+0000] {docker.py:438} INFO - 
[2024-10-07T17:07:52.720+0000] {docker.py:438} INFO - [5 rows x 9 columns]
[2024-10-07T17:07:52.974+0000] {taskinstance.py:340} INFO - ::group::Post task execution logs
[2024-10-07T17:07:52.974+0000] {taskinstance.py:352} INFO - Marking task as SUCCESS. dag_id=dag_etl_01, task_id=run_extract_container_2, run_id=manual__2024-10-07T17:07:25.728941+00:00, execution_date=20241007T170725, start_date=20241007T170751, end_date=20241007T170752
[2024-10-07T17:07:53.034+0000] {local_task_job_runner.py:266} INFO - Task exited with return code 0
[2024-10-07T17:07:53.065+0000] {taskinstance.py:3900} INFO - 1 downstream tasks scheduled from follow-on schedule check
[2024-10-07T17:07:53.066+0000] {local_task_job_runner.py:245} INFO - ::endgroup::
