[2024-10-26T22:17:55.678+0000] {local_task_job_runner.py:123} INFO - ::group::Pre task execution logs
[2024-10-26T22:17:55.698+0000] {taskinstance.py:2612} INFO - Dependencies all met for dep_context=non-requeueable deps ti=<TaskInstance: dag_etl_01.run_extract_container_E7 manual__2024-10-26T22:12:23.442491+00:00 [queued]>
[2024-10-26T22:17:55.710+0000] {taskinstance.py:2612} INFO - Dependencies all met for dep_context=requeueable deps ti=<TaskInstance: dag_etl_01.run_extract_container_E7 manual__2024-10-26T22:12:23.442491+00:00 [queued]>
[2024-10-26T22:17:55.710+0000] {taskinstance.py:2865} INFO - Starting attempt 1 of 6
[2024-10-26T22:17:55.733+0000] {taskinstance.py:2888} INFO - Executing <Task(DockerOperator): run_extract_container_E7> on 2024-10-26 22:12:23.442491+00:00
[2024-10-26T22:17:55.744+0000] {warnings.py:112} WARNING - /home/***/.local/lib/python3.12/site-packages/***/task/task_runner/standard_task_runner.py:70: DeprecationWarning: This process (pid=1050) is multi-threaded, use of fork() may lead to deadlocks in the child.
  pid = os.fork()

[2024-10-26T22:17:55.746+0000] {standard_task_runner.py:72} INFO - Started process 1060 to run task
[2024-10-26T22:17:55.746+0000] {standard_task_runner.py:104} INFO - Running: ['***', 'tasks', 'run', 'dag_etl_01', 'run_extract_container_E7', 'manual__2024-10-26T22:12:23.442491+00:00', '--job-id', '56', '--raw', '--subdir', 'DAGS_FOLDER/ETL.py', '--cfg-path', '/tmp/tmpxieuxrqw']
[2024-10-26T22:17:55.747+0000] {standard_task_runner.py:105} INFO - Job 56: Subtask run_extract_container_E7
[2024-10-26T22:17:55.813+0000] {task_command.py:467} INFO - Running <TaskInstance: dag_etl_01.run_extract_container_E7 manual__2024-10-26T22:12:23.442491+00:00 [running]> on host bacd1900a50a
[2024-10-26T22:17:55.913+0000] {taskinstance.py:3131} INFO - Exporting env vars: AIRFLOW_CTX_DAG_OWNER='BB' AIRFLOW_CTX_DAG_ID='dag_etl_01' AIRFLOW_CTX_TASK_ID='run_extract_container_E7' AIRFLOW_CTX_EXECUTION_DATE='2024-10-26T22:12:23.442491+00:00' AIRFLOW_CTX_TRY_NUMBER='1' AIRFLOW_CTX_DAG_RUN_ID='manual__2024-10-26T22:12:23.442491+00:00'
[2024-10-26T22:17:55.915+0000] {taskinstance.py:731} INFO - ::endgroup::
[2024-10-26T22:17:55.938+0000] {docker.py:367} INFO - Starting docker container from image etl
[2024-10-26T22:17:55.941+0000] {docker.py:375} WARNING - Using remote engine or docker-in-docker and mounting temporary volume from host is not supported. Falling back to `mount_tmp_dir=False` mode. You can set `mount_tmp_dir` parameter to False to disable mounting and remove the warning
[2024-10-26T22:25:08.322+0000] {docker.py:438} INFO - End of process...
[2024-10-26T22:25:08.327+0000] {docker.py:438} INFO -          Category                        Name  ...    Date_First  Like_First
[2024-10-26T22:25:08.327+0000] {docker.py:438} INFO - 0         Romance               A Fake Affair  ...   Jan 3, 2022   like8,534
[2024-10-26T22:25:08.328+0000] {docker.py:438} INFO - 1           Drama            The Golden Spoon  ...  Jul 19, 2021  like10,806
[2024-10-26T22:25:08.328+0000] {docker.py:438} INFO - 2          Comedy            Ode to Our Youth  ...  Mar 13, 2022   like7,563
[2024-10-26T22:25:08.329+0000] {docker.py:438} INFO - 3         Romance               Maid for Hire  ...  Oct 13, 2021  like69,326
[2024-10-26T22:25:08.329+0000] {docker.py:438} INFO - 4   Slice of life                   Our House  ...  Jan 11, 2022  like15,185
[2024-10-26T22:25:08.330+0000] {docker.py:438} INFO - ..            ...                         ...  ...           ...         ...
[2024-10-26T22:25:08.330+0000] {docker.py:438} INFO - 74         Sci-fi              Room of Swords  ...  Dec 18, 2017  like74,761
[2024-10-26T22:25:08.331+0000] {docker.py:438} INFO - 75        Mystery  The Wolfman of Wulvershire  ...  Feb 11, 2020  like62,479
[2024-10-26T22:25:08.331+0000] {docker.py:438} INFO - 76         Comedy        Rewriting Extinction  ...  Dec 24, 2021  like33,145
[2024-10-26T22:25:08.332+0000] {docker.py:438} INFO - 77   Heartwarming             HEART Anthology  ...   Sep 9, 2020  like55,683
[2024-10-26T22:25:08.333+0000] {docker.py:438} INFO - 78        Fantasy              House of Stars  ...  May 31, 2019  like44,796
[2024-10-26T22:25:08.333+0000] {docker.py:438} INFO - 
[2024-10-26T22:25:08.333+0000] {docker.py:438} INFO - [79 rows x 9 columns]
[2024-10-26T22:25:09.490+0000] {taskinstance.py:340} INFO - ::group::Post task execution logs
[2024-10-26T22:25:09.492+0000] {taskinstance.py:352} INFO - Marking task as SUCCESS. dag_id=dag_etl_01, task_id=run_extract_container_E7, run_id=manual__2024-10-26T22:12:23.442491+00:00, execution_date=20241026T221223, start_date=20241026T221755, end_date=20241026T222509
[2024-10-26T22:25:09.550+0000] {local_task_job_runner.py:266} INFO - Task exited with return code 0
[2024-10-26T22:25:09.592+0000] {taskinstance.py:3900} INFO - 0 downstream tasks scheduled from follow-on schedule check
[2024-10-26T22:25:09.599+0000] {local_task_job_runner.py:245} INFO - ::endgroup::
