[2024-10-07T15:21:54.088+0000] {processor.py:186} INFO - Started process (PID=87) to work on /home/airflow/.local/lib/python3.12/site-packages/airflow/example_dags/example_params_trigger_ui.py
[2024-10-07T15:21:54.089+0000] {processor.py:914} INFO - Processing file /home/airflow/.local/lib/python3.12/site-packages/airflow/example_dags/example_params_trigger_ui.py for tasks to queue
[2024-10-07T15:21:54.090+0000] {logging_mixin.py:190} INFO - [2024-10-07T15:21:54.090+0000] {dagbag.py:588} INFO - Filling up the DagBag from /home/airflow/.local/lib/python3.12/site-packages/airflow/example_dags/example_params_trigger_ui.py
[2024-10-07T15:21:54.100+0000] {processor.py:925} INFO - DAG(s) 'example_params_trigger_ui' retrieved from /home/airflow/.local/lib/python3.12/site-packages/airflow/example_dags/example_params_trigger_ui.py
[2024-10-07T15:21:54.205+0000] {logging_mixin.py:190} INFO - [2024-10-07T15:21:54.204+0000] {override.py:1900} INFO - Created Permission View: can edit on DAG:example_params_trigger_ui
[2024-10-07T15:21:54.212+0000] {logging_mixin.py:190} INFO - [2024-10-07T15:21:54.212+0000] {override.py:1900} INFO - Created Permission View: can delete on DAG:example_params_trigger_ui
[2024-10-07T15:21:54.217+0000] {logging_mixin.py:190} INFO - [2024-10-07T15:21:54.217+0000] {override.py:1900} INFO - Created Permission View: can read on DAG:example_params_trigger_ui
[2024-10-07T15:21:54.223+0000] {logging_mixin.py:190} INFO - [2024-10-07T15:21:54.223+0000] {override.py:1900} INFO - Created Permission View: can create on DAG Run:example_params_trigger_ui
[2024-10-07T15:21:54.228+0000] {logging_mixin.py:190} INFO - [2024-10-07T15:21:54.228+0000] {override.py:1900} INFO - Created Permission View: menu access on DAG Run:example_params_trigger_ui
[2024-10-07T15:21:54.233+0000] {logging_mixin.py:190} INFO - [2024-10-07T15:21:54.233+0000] {override.py:1900} INFO - Created Permission View: can delete on DAG Run:example_params_trigger_ui
[2024-10-07T15:21:54.238+0000] {logging_mixin.py:190} INFO - [2024-10-07T15:21:54.238+0000] {override.py:1900} INFO - Created Permission View: can read on DAG Run:example_params_trigger_ui
[2024-10-07T15:21:54.238+0000] {logging_mixin.py:190} INFO - [2024-10-07T15:21:54.238+0000] {dag.py:3239} INFO - Sync 1 DAGs
[2024-10-07T15:21:54.249+0000] {logging_mixin.py:190} INFO - [2024-10-07T15:21:54.249+0000] {dag.py:3262} INFO - Creating ORM DAG for example_params_trigger_ui
[2024-10-07T15:21:54.249+0000] {logging_mixin.py:190} INFO - [2024-10-07T15:21:54.249+0000] {dag.py:4180} INFO - Setting next_dagrun for example_params_trigger_ui to None, run_after=None
[2024-10-07T15:21:54.263+0000] {processor.py:208} INFO - Processing /home/airflow/.local/lib/python3.12/site-packages/airflow/example_dags/example_params_trigger_ui.py took 0.179 seconds
[2024-10-07T15:22:25.028+0000] {processor.py:186} INFO - Started process (PID=149) to work on /home/airflow/.local/lib/python3.12/site-packages/airflow/example_dags/example_params_trigger_ui.py
[2024-10-07T15:22:25.029+0000] {processor.py:914} INFO - Processing file /home/airflow/.local/lib/python3.12/site-packages/airflow/example_dags/example_params_trigger_ui.py for tasks to queue
[2024-10-07T15:22:25.031+0000] {logging_mixin.py:190} INFO - [2024-10-07T15:22:25.031+0000] {dagbag.py:588} INFO - Filling up the DagBag from /home/airflow/.local/lib/python3.12/site-packages/airflow/example_dags/example_params_trigger_ui.py
[2024-10-07T15:22:25.043+0000] {processor.py:925} INFO - DAG(s) 'example_params_trigger_ui' retrieved from /home/airflow/.local/lib/python3.12/site-packages/airflow/example_dags/example_params_trigger_ui.py
[2024-10-07T15:22:25.094+0000] {logging_mixin.py:190} INFO - [2024-10-07T15:22:25.093+0000] {dag.py:3239} INFO - Sync 1 DAGs
[2024-10-07T15:22:25.111+0000] {logging_mixin.py:190} INFO - [2024-10-07T15:22:25.111+0000] {dag.py:4180} INFO - Setting next_dagrun for example_params_trigger_ui to None, run_after=None
[2024-10-07T15:22:25.133+0000] {processor.py:208} INFO - Processing /home/airflow/.local/lib/python3.12/site-packages/airflow/example_dags/example_params_trigger_ui.py took 0.111 seconds
[2024-10-07T15:24:53.003+0000] {processor.py:186} INFO - Started process (PID=86) to work on /home/airflow/.local/lib/python3.12/site-packages/airflow/example_dags/example_params_trigger_ui.py
[2024-10-07T15:24:53.004+0000] {processor.py:914} INFO - Processing file /home/airflow/.local/lib/python3.12/site-packages/airflow/example_dags/example_params_trigger_ui.py for tasks to queue
[2024-10-07T15:24:53.005+0000] {logging_mixin.py:190} INFO - [2024-10-07T15:24:53.005+0000] {dagbag.py:588} INFO - Filling up the DagBag from /home/airflow/.local/lib/python3.12/site-packages/airflow/example_dags/example_params_trigger_ui.py
[2024-10-07T15:24:53.016+0000] {processor.py:925} INFO - DAG(s) 'example_params_trigger_ui' retrieved from /home/airflow/.local/lib/python3.12/site-packages/airflow/example_dags/example_params_trigger_ui.py
[2024-10-07T15:24:53.051+0000] {logging_mixin.py:190} INFO - [2024-10-07T15:24:53.051+0000] {dag.py:3239} INFO - Sync 1 DAGs
[2024-10-07T15:24:53.063+0000] {logging_mixin.py:190} INFO - [2024-10-07T15:24:53.063+0000] {dag.py:4180} INFO - Setting next_dagrun for example_params_trigger_ui to None, run_after=None
[2024-10-07T15:24:53.079+0000] {processor.py:208} INFO - Processing /home/airflow/.local/lib/python3.12/site-packages/airflow/example_dags/example_params_trigger_ui.py took 0.081 seconds
[2024-10-07T15:25:23.508+0000] {processor.py:186} INFO - Started process (PID=148) to work on /home/airflow/.local/lib/python3.12/site-packages/airflow/example_dags/example_params_trigger_ui.py
[2024-10-07T15:25:23.509+0000] {processor.py:914} INFO - Processing file /home/airflow/.local/lib/python3.12/site-packages/airflow/example_dags/example_params_trigger_ui.py for tasks to queue
[2024-10-07T15:25:23.510+0000] {logging_mixin.py:190} INFO - [2024-10-07T15:25:23.510+0000] {dagbag.py:588} INFO - Filling up the DagBag from /home/airflow/.local/lib/python3.12/site-packages/airflow/example_dags/example_params_trigger_ui.py
[2024-10-07T15:25:23.519+0000] {processor.py:925} INFO - DAG(s) 'example_params_trigger_ui' retrieved from /home/airflow/.local/lib/python3.12/site-packages/airflow/example_dags/example_params_trigger_ui.py
[2024-10-07T15:25:23.553+0000] {logging_mixin.py:190} INFO - [2024-10-07T15:25:23.552+0000] {dag.py:3239} INFO - Sync 1 DAGs
[2024-10-07T15:25:23.563+0000] {logging_mixin.py:190} INFO - [2024-10-07T15:25:23.563+0000] {dag.py:4180} INFO - Setting next_dagrun for example_params_trigger_ui to None, run_after=None
[2024-10-07T15:25:23.577+0000] {processor.py:208} INFO - Processing /home/airflow/.local/lib/python3.12/site-packages/airflow/example_dags/example_params_trigger_ui.py took 0.073 seconds
[2024-10-07T15:25:53.809+0000] {processor.py:186} INFO - Started process (PID=210) to work on /home/airflow/.local/lib/python3.12/site-packages/airflow/example_dags/example_params_trigger_ui.py
[2024-10-07T15:25:53.809+0000] {processor.py:914} INFO - Processing file /home/airflow/.local/lib/python3.12/site-packages/airflow/example_dags/example_params_trigger_ui.py for tasks to queue
[2024-10-07T15:25:53.811+0000] {logging_mixin.py:190} INFO - [2024-10-07T15:25:53.811+0000] {dagbag.py:588} INFO - Filling up the DagBag from /home/airflow/.local/lib/python3.12/site-packages/airflow/example_dags/example_params_trigger_ui.py
[2024-10-07T15:25:53.819+0000] {processor.py:925} INFO - DAG(s) 'example_params_trigger_ui' retrieved from /home/airflow/.local/lib/python3.12/site-packages/airflow/example_dags/example_params_trigger_ui.py
[2024-10-07T15:25:53.852+0000] {logging_mixin.py:190} INFO - [2024-10-07T15:25:53.852+0000] {dag.py:3239} INFO - Sync 1 DAGs
[2024-10-07T15:25:53.863+0000] {logging_mixin.py:190} INFO - [2024-10-07T15:25:53.863+0000] {dag.py:4180} INFO - Setting next_dagrun for example_params_trigger_ui to None, run_after=None
[2024-10-07T15:25:53.877+0000] {processor.py:208} INFO - Processing /home/airflow/.local/lib/python3.12/site-packages/airflow/example_dags/example_params_trigger_ui.py took 0.073 seconds
