[2024-10-07T15:21:55.626+0000] {processor.py:186} INFO - Started process (PID=102) to work on /home/airflow/.local/lib/python3.12/site-packages/airflow/example_dags/example_datasets.py
[2024-10-07T15:21:55.627+0000] {processor.py:914} INFO - Processing file /home/airflow/.local/lib/python3.12/site-packages/airflow/example_dags/example_datasets.py for tasks to queue
[2024-10-07T15:21:55.628+0000] {logging_mixin.py:190} INFO - [2024-10-07T15:21:55.628+0000] {dagbag.py:588} INFO - Filling up the DagBag from /home/airflow/.local/lib/python3.12/site-packages/airflow/example_dags/example_datasets.py
[2024-10-07T15:21:55.758+0000] {processor.py:925} INFO - DAG(s) 'dataset_consumes_unknown_never_scheduled', 'dataset_consumes_1_never_scheduled', 'dataset_produces_2', 'dataset_consumes_1_and_2', 'conditional_dataset_and_time_based_timetable', 'dataset_consumes_1', 'dataset_produces_1', 'consume_1_and_2_with_dataset_expressions', 'consume_1_or_both_2_and_3_with_dataset_expressions', 'consume_1_or_2_with_dataset_expressions' retrieved from /home/airflow/.local/lib/python3.12/site-packages/airflow/example_dags/example_datasets.py
[2024-10-07T15:21:56.010+0000] {logging_mixin.py:190} INFO - [2024-10-07T15:21:56.010+0000] {override.py:1900} INFO - Created Permission View: can edit on DAG:dataset_consumes_unknown_never_scheduled
[2024-10-07T15:21:56.019+0000] {logging_mixin.py:190} INFO - [2024-10-07T15:21:56.018+0000] {override.py:1900} INFO - Created Permission View: can delete on DAG:dataset_consumes_unknown_never_scheduled
[2024-10-07T15:21:56.025+0000] {logging_mixin.py:190} INFO - [2024-10-07T15:21:56.024+0000] {override.py:1900} INFO - Created Permission View: can read on DAG:dataset_consumes_unknown_never_scheduled
[2024-10-07T15:21:56.030+0000] {logging_mixin.py:190} INFO - [2024-10-07T15:21:56.030+0000] {override.py:1900} INFO - Created Permission View: can create on DAG Run:dataset_consumes_unknown_never_scheduled
[2024-10-07T15:21:56.035+0000] {logging_mixin.py:190} INFO - [2024-10-07T15:21:56.035+0000] {override.py:1900} INFO - Created Permission View: menu access on DAG Run:dataset_consumes_unknown_never_scheduled
[2024-10-07T15:21:56.042+0000] {logging_mixin.py:190} INFO - [2024-10-07T15:21:56.042+0000] {override.py:1900} INFO - Created Permission View: can delete on DAG Run:dataset_consumes_unknown_never_scheduled
[2024-10-07T15:21:56.047+0000] {logging_mixin.py:190} INFO - [2024-10-07T15:21:56.047+0000] {override.py:1900} INFO - Created Permission View: can read on DAG Run:dataset_consumes_unknown_never_scheduled
[2024-10-07T15:21:56.058+0000] {logging_mixin.py:190} INFO - [2024-10-07T15:21:56.057+0000] {override.py:1900} INFO - Created Permission View: can edit on DAG:dataset_consumes_1_never_scheduled
[2024-10-07T15:21:56.063+0000] {logging_mixin.py:190} INFO - [2024-10-07T15:21:56.062+0000] {override.py:1900} INFO - Created Permission View: can delete on DAG:dataset_consumes_1_never_scheduled
[2024-10-07T15:21:56.068+0000] {logging_mixin.py:190} INFO - [2024-10-07T15:21:56.068+0000] {override.py:1900} INFO - Created Permission View: can read on DAG:dataset_consumes_1_never_scheduled
[2024-10-07T15:21:56.074+0000] {logging_mixin.py:190} INFO - [2024-10-07T15:21:56.073+0000] {override.py:1900} INFO - Created Permission View: can create on DAG Run:dataset_consumes_1_never_scheduled
[2024-10-07T15:21:56.078+0000] {logging_mixin.py:190} INFO - [2024-10-07T15:21:56.078+0000] {override.py:1900} INFO - Created Permission View: menu access on DAG Run:dataset_consumes_1_never_scheduled
[2024-10-07T15:21:56.083+0000] {logging_mixin.py:190} INFO - [2024-10-07T15:21:56.082+0000] {override.py:1900} INFO - Created Permission View: can delete on DAG Run:dataset_consumes_1_never_scheduled
[2024-10-07T15:21:56.090+0000] {logging_mixin.py:190} INFO - [2024-10-07T15:21:56.089+0000] {override.py:1900} INFO - Created Permission View: can read on DAG Run:dataset_consumes_1_never_scheduled
[2024-10-07T15:21:56.098+0000] {logging_mixin.py:190} INFO - [2024-10-07T15:21:56.098+0000] {override.py:1900} INFO - Created Permission View: can edit on DAG:dataset_produces_2
[2024-10-07T15:21:56.103+0000] {logging_mixin.py:190} INFO - [2024-10-07T15:21:56.103+0000] {override.py:1900} INFO - Created Permission View: can delete on DAG:dataset_produces_2
[2024-10-07T15:21:56.108+0000] {logging_mixin.py:190} INFO - [2024-10-07T15:21:56.108+0000] {override.py:1900} INFO - Created Permission View: can read on DAG:dataset_produces_2
[2024-10-07T15:21:56.113+0000] {logging_mixin.py:190} INFO - [2024-10-07T15:21:56.113+0000] {override.py:1900} INFO - Created Permission View: can create on DAG Run:dataset_produces_2
[2024-10-07T15:21:56.118+0000] {logging_mixin.py:190} INFO - [2024-10-07T15:21:56.118+0000] {override.py:1900} INFO - Created Permission View: menu access on DAG Run:dataset_produces_2
[2024-10-07T15:21:56.123+0000] {logging_mixin.py:190} INFO - [2024-10-07T15:21:56.123+0000] {override.py:1900} INFO - Created Permission View: can delete on DAG Run:dataset_produces_2
[2024-10-07T15:21:56.127+0000] {logging_mixin.py:190} INFO - [2024-10-07T15:21:56.127+0000] {override.py:1900} INFO - Created Permission View: can read on DAG Run:dataset_produces_2
[2024-10-07T15:21:56.137+0000] {logging_mixin.py:190} INFO - [2024-10-07T15:21:56.137+0000] {override.py:1900} INFO - Created Permission View: can edit on DAG:dataset_consumes_1_and_2
[2024-10-07T15:21:56.142+0000] {logging_mixin.py:190} INFO - [2024-10-07T15:21:56.142+0000] {override.py:1900} INFO - Created Permission View: can delete on DAG:dataset_consumes_1_and_2
[2024-10-07T15:21:56.147+0000] {logging_mixin.py:190} INFO - [2024-10-07T15:21:56.147+0000] {override.py:1900} INFO - Created Permission View: can read on DAG:dataset_consumes_1_and_2
[2024-10-07T15:21:56.153+0000] {logging_mixin.py:190} INFO - [2024-10-07T15:21:56.153+0000] {override.py:1900} INFO - Created Permission View: can create on DAG Run:dataset_consumes_1_and_2
[2024-10-07T15:21:56.158+0000] {logging_mixin.py:190} INFO - [2024-10-07T15:21:56.158+0000] {override.py:1900} INFO - Created Permission View: menu access on DAG Run:dataset_consumes_1_and_2
[2024-10-07T15:21:56.163+0000] {logging_mixin.py:190} INFO - [2024-10-07T15:21:56.163+0000] {override.py:1900} INFO - Created Permission View: can delete on DAG Run:dataset_consumes_1_and_2
[2024-10-07T15:21:56.169+0000] {logging_mixin.py:190} INFO - [2024-10-07T15:21:56.169+0000] {override.py:1900} INFO - Created Permission View: can read on DAG Run:dataset_consumes_1_and_2
[2024-10-07T15:21:56.178+0000] {logging_mixin.py:190} INFO - [2024-10-07T15:21:56.178+0000] {override.py:1900} INFO - Created Permission View: can edit on DAG:conditional_dataset_and_time_based_timetable
[2024-10-07T15:21:56.184+0000] {logging_mixin.py:190} INFO - [2024-10-07T15:21:56.183+0000] {override.py:1900} INFO - Created Permission View: can delete on DAG:conditional_dataset_and_time_based_timetable
[2024-10-07T15:21:56.189+0000] {logging_mixin.py:190} INFO - [2024-10-07T15:21:56.188+0000] {override.py:1900} INFO - Created Permission View: can read on DAG:conditional_dataset_and_time_based_timetable
[2024-10-07T15:21:56.194+0000] {logging_mixin.py:190} INFO - [2024-10-07T15:21:56.193+0000] {override.py:1900} INFO - Created Permission View: can create on DAG Run:conditional_dataset_and_time_based_timetable
[2024-10-07T15:21:56.199+0000] {logging_mixin.py:190} INFO - [2024-10-07T15:21:56.199+0000] {override.py:1900} INFO - Created Permission View: menu access on DAG Run:conditional_dataset_and_time_based_timetable
[2024-10-07T15:21:56.204+0000] {logging_mixin.py:190} INFO - [2024-10-07T15:21:56.204+0000] {override.py:1900} INFO - Created Permission View: can delete on DAG Run:conditional_dataset_and_time_based_timetable
[2024-10-07T15:21:56.209+0000] {logging_mixin.py:190} INFO - [2024-10-07T15:21:56.209+0000] {override.py:1900} INFO - Created Permission View: can read on DAG Run:conditional_dataset_and_time_based_timetable
[2024-10-07T15:21:56.218+0000] {logging_mixin.py:190} INFO - [2024-10-07T15:21:56.218+0000] {override.py:1900} INFO - Created Permission View: can edit on DAG:dataset_consumes_1
[2024-10-07T15:21:56.223+0000] {logging_mixin.py:190} INFO - [2024-10-07T15:21:56.223+0000] {override.py:1900} INFO - Created Permission View: can delete on DAG:dataset_consumes_1
[2024-10-07T15:21:56.228+0000] {logging_mixin.py:190} INFO - [2024-10-07T15:21:56.228+0000] {override.py:1900} INFO - Created Permission View: can read on DAG:dataset_consumes_1
[2024-10-07T15:21:56.234+0000] {logging_mixin.py:190} INFO - [2024-10-07T15:21:56.234+0000] {override.py:1900} INFO - Created Permission View: can create on DAG Run:dataset_consumes_1
[2024-10-07T15:21:56.239+0000] {logging_mixin.py:190} INFO - [2024-10-07T15:21:56.239+0000] {override.py:1900} INFO - Created Permission View: menu access on DAG Run:dataset_consumes_1
[2024-10-07T15:21:56.245+0000] {logging_mixin.py:190} INFO - [2024-10-07T15:21:56.244+0000] {override.py:1900} INFO - Created Permission View: can delete on DAG Run:dataset_consumes_1
[2024-10-07T15:21:56.250+0000] {logging_mixin.py:190} INFO - [2024-10-07T15:21:56.250+0000] {override.py:1900} INFO - Created Permission View: can read on DAG Run:dataset_consumes_1
[2024-10-07T15:21:56.260+0000] {logging_mixin.py:190} INFO - [2024-10-07T15:21:56.259+0000] {override.py:1900} INFO - Created Permission View: can edit on DAG:dataset_produces_1
[2024-10-07T15:21:56.265+0000] {logging_mixin.py:190} INFO - [2024-10-07T15:21:56.265+0000] {override.py:1900} INFO - Created Permission View: can delete on DAG:dataset_produces_1
[2024-10-07T15:21:56.270+0000] {logging_mixin.py:190} INFO - [2024-10-07T15:21:56.270+0000] {override.py:1900} INFO - Created Permission View: can read on DAG:dataset_produces_1
[2024-10-07T15:21:56.276+0000] {logging_mixin.py:190} INFO - [2024-10-07T15:21:56.276+0000] {override.py:1900} INFO - Created Permission View: can create on DAG Run:dataset_produces_1
[2024-10-07T15:21:56.281+0000] {logging_mixin.py:190} INFO - [2024-10-07T15:21:56.281+0000] {override.py:1900} INFO - Created Permission View: menu access on DAG Run:dataset_produces_1
[2024-10-07T15:21:56.287+0000] {logging_mixin.py:190} INFO - [2024-10-07T15:21:56.287+0000] {override.py:1900} INFO - Created Permission View: can delete on DAG Run:dataset_produces_1
[2024-10-07T15:21:56.292+0000] {logging_mixin.py:190} INFO - [2024-10-07T15:21:56.292+0000] {override.py:1900} INFO - Created Permission View: can read on DAG Run:dataset_produces_1
[2024-10-07T15:21:56.301+0000] {logging_mixin.py:190} INFO - [2024-10-07T15:21:56.301+0000] {override.py:1900} INFO - Created Permission View: can edit on DAG:consume_1_and_2_with_dataset_expressions
[2024-10-07T15:21:56.306+0000] {logging_mixin.py:190} INFO - [2024-10-07T15:21:56.306+0000] {override.py:1900} INFO - Created Permission View: can delete on DAG:consume_1_and_2_with_dataset_expressions
[2024-10-07T15:21:56.312+0000] {logging_mixin.py:190} INFO - [2024-10-07T15:21:56.311+0000] {override.py:1900} INFO - Created Permission View: can read on DAG:consume_1_and_2_with_dataset_expressions
[2024-10-07T15:21:56.317+0000] {logging_mixin.py:190} INFO - [2024-10-07T15:21:56.317+0000] {override.py:1900} INFO - Created Permission View: can create on DAG Run:consume_1_and_2_with_dataset_expressions
[2024-10-07T15:21:56.323+0000] {logging_mixin.py:190} INFO - [2024-10-07T15:21:56.322+0000] {override.py:1900} INFO - Created Permission View: menu access on DAG Run:consume_1_and_2_with_dataset_expressions
[2024-10-07T15:21:56.328+0000] {logging_mixin.py:190} INFO - [2024-10-07T15:21:56.328+0000] {override.py:1900} INFO - Created Permission View: can delete on DAG Run:consume_1_and_2_with_dataset_expressions
[2024-10-07T15:21:56.333+0000] {logging_mixin.py:190} INFO - [2024-10-07T15:21:56.333+0000] {override.py:1900} INFO - Created Permission View: can read on DAG Run:consume_1_and_2_with_dataset_expressions
[2024-10-07T15:21:56.343+0000] {logging_mixin.py:190} INFO - [2024-10-07T15:21:56.342+0000] {override.py:1900} INFO - Created Permission View: can edit on DAG:consume_1_or_both_2_and_3_with_dataset_expressions
[2024-10-07T15:21:56.348+0000] {logging_mixin.py:190} INFO - [2024-10-07T15:21:56.348+0000] {override.py:1900} INFO - Created Permission View: can delete on DAG:consume_1_or_both_2_and_3_with_dataset_expressions
[2024-10-07T15:21:56.354+0000] {logging_mixin.py:190} INFO - [2024-10-07T15:21:56.353+0000] {override.py:1900} INFO - Created Permission View: can read on DAG:consume_1_or_both_2_and_3_with_dataset_expressions
[2024-10-07T15:21:56.359+0000] {logging_mixin.py:190} INFO - [2024-10-07T15:21:56.359+0000] {override.py:1900} INFO - Created Permission View: can create on DAG Run:consume_1_or_both_2_and_3_with_dataset_expressions
[2024-10-07T15:21:56.365+0000] {logging_mixin.py:190} INFO - [2024-10-07T15:21:56.364+0000] {override.py:1900} INFO - Created Permission View: menu access on DAG Run:consume_1_or_both_2_and_3_with_dataset_expressions
[2024-10-07T15:21:56.374+0000] {logging_mixin.py:190} INFO - [2024-10-07T15:21:56.374+0000] {override.py:1900} INFO - Created Permission View: can delete on DAG Run:consume_1_or_both_2_and_3_with_dataset_expressions
[2024-10-07T15:21:56.379+0000] {logging_mixin.py:190} INFO - [2024-10-07T15:21:56.379+0000] {override.py:1900} INFO - Created Permission View: can read on DAG Run:consume_1_or_both_2_and_3_with_dataset_expressions
[2024-10-07T15:21:56.388+0000] {logging_mixin.py:190} INFO - [2024-10-07T15:21:56.388+0000] {override.py:1900} INFO - Created Permission View: can edit on DAG:consume_1_or_2_with_dataset_expressions
[2024-10-07T15:21:56.393+0000] {logging_mixin.py:190} INFO - [2024-10-07T15:21:56.393+0000] {override.py:1900} INFO - Created Permission View: can delete on DAG:consume_1_or_2_with_dataset_expressions
[2024-10-07T15:21:56.397+0000] {logging_mixin.py:190} INFO - [2024-10-07T15:21:56.397+0000] {override.py:1900} INFO - Created Permission View: can read on DAG:consume_1_or_2_with_dataset_expressions
[2024-10-07T15:21:56.402+0000] {logging_mixin.py:190} INFO - [2024-10-07T15:21:56.402+0000] {override.py:1900} INFO - Created Permission View: can create on DAG Run:consume_1_or_2_with_dataset_expressions
[2024-10-07T15:21:56.408+0000] {logging_mixin.py:190} INFO - [2024-10-07T15:21:56.407+0000] {override.py:1900} INFO - Created Permission View: menu access on DAG Run:consume_1_or_2_with_dataset_expressions
[2024-10-07T15:21:56.417+0000] {logging_mixin.py:190} INFO - [2024-10-07T15:21:56.417+0000] {override.py:1900} INFO - Created Permission View: can delete on DAG Run:consume_1_or_2_with_dataset_expressions
[2024-10-07T15:21:56.423+0000] {logging_mixin.py:190} INFO - [2024-10-07T15:21:56.422+0000] {override.py:1900} INFO - Created Permission View: can read on DAG Run:consume_1_or_2_with_dataset_expressions
[2024-10-07T15:21:56.423+0000] {logging_mixin.py:190} INFO - [2024-10-07T15:21:56.423+0000] {dag.py:3239} INFO - Sync 10 DAGs
[2024-10-07T15:21:56.432+0000] {logging_mixin.py:190} INFO - [2024-10-07T15:21:56.432+0000] {dag.py:3262} INFO - Creating ORM DAG for dataset_consumes_1_and_2
[2024-10-07T15:21:56.433+0000] {logging_mixin.py:190} INFO - [2024-10-07T15:21:56.433+0000] {dag.py:3262} INFO - Creating ORM DAG for dataset_produces_2
[2024-10-07T15:21:56.433+0000] {logging_mixin.py:190} INFO - [2024-10-07T15:21:56.433+0000] {dag.py:3262} INFO - Creating ORM DAG for consume_1_and_2_with_dataset_expressions
[2024-10-07T15:21:56.434+0000] {logging_mixin.py:190} INFO - [2024-10-07T15:21:56.433+0000] {dag.py:3262} INFO - Creating ORM DAG for dataset_consumes_1_never_scheduled
[2024-10-07T15:21:56.434+0000] {logging_mixin.py:190} INFO - [2024-10-07T15:21:56.434+0000] {dag.py:3262} INFO - Creating ORM DAG for consume_1_or_both_2_and_3_with_dataset_expressions
[2024-10-07T15:21:56.435+0000] {logging_mixin.py:190} INFO - [2024-10-07T15:21:56.434+0000] {dag.py:3262} INFO - Creating ORM DAG for dataset_consumes_1
[2024-10-07T15:21:56.435+0000] {logging_mixin.py:190} INFO - [2024-10-07T15:21:56.435+0000] {dag.py:3262} INFO - Creating ORM DAG for consume_1_or_2_with_dataset_expressions
[2024-10-07T15:21:56.435+0000] {logging_mixin.py:190} INFO - [2024-10-07T15:21:56.435+0000] {dag.py:3262} INFO - Creating ORM DAG for dataset_produces_1
[2024-10-07T15:21:56.436+0000] {logging_mixin.py:190} INFO - [2024-10-07T15:21:56.435+0000] {dag.py:3262} INFO - Creating ORM DAG for dataset_consumes_unknown_never_scheduled
[2024-10-07T15:21:56.436+0000] {logging_mixin.py:190} INFO - [2024-10-07T15:21:56.436+0000] {dag.py:3262} INFO - Creating ORM DAG for conditional_dataset_and_time_based_timetable
[2024-10-07T15:21:56.444+0000] {logging_mixin.py:190} INFO - [2024-10-07T15:21:56.444+0000] {dag.py:4180} INFO - Setting next_dagrun for conditional_dataset_and_time_based_timetable to 2024-10-02 01:00:00+00:00, run_after=2024-10-02 01:00:00+00:00
[2024-10-07T15:21:56.444+0000] {logging_mixin.py:190} INFO - [2024-10-07T15:21:56.444+0000] {dag.py:4180} INFO - Setting next_dagrun for consume_1_and_2_with_dataset_expressions to None, run_after=None
[2024-10-07T15:21:56.444+0000] {logging_mixin.py:190} INFO - [2024-10-07T15:21:56.444+0000] {dag.py:4180} INFO - Setting next_dagrun for consume_1_or_2_with_dataset_expressions to None, run_after=None
[2024-10-07T15:21:56.445+0000] {logging_mixin.py:190} INFO - [2024-10-07T15:21:56.445+0000] {dag.py:4180} INFO - Setting next_dagrun for consume_1_or_both_2_and_3_with_dataset_expressions to None, run_after=None
[2024-10-07T15:21:56.445+0000] {logging_mixin.py:190} INFO - [2024-10-07T15:21:56.445+0000] {dag.py:4180} INFO - Setting next_dagrun for dataset_consumes_1 to None, run_after=None
[2024-10-07T15:21:56.445+0000] {logging_mixin.py:190} INFO - [2024-10-07T15:21:56.445+0000] {dag.py:4180} INFO - Setting next_dagrun for dataset_consumes_1_and_2 to None, run_after=None
[2024-10-07T15:21:56.445+0000] {logging_mixin.py:190} INFO - [2024-10-07T15:21:56.445+0000] {dag.py:4180} INFO - Setting next_dagrun for dataset_consumes_1_never_scheduled to None, run_after=None
[2024-10-07T15:21:56.446+0000] {logging_mixin.py:190} INFO - [2024-10-07T15:21:56.446+0000] {dag.py:4180} INFO - Setting next_dagrun for dataset_consumes_unknown_never_scheduled to None, run_after=None
[2024-10-07T15:21:56.447+0000] {logging_mixin.py:190} INFO - [2024-10-07T15:21:56.447+0000] {dag.py:4180} INFO - Setting next_dagrun for dataset_produces_1 to 2024-10-06 00:00:00+00:00, run_after=2024-10-07 00:00:00+00:00
[2024-10-07T15:21:56.447+0000] {logging_mixin.py:190} INFO - [2024-10-07T15:21:56.447+0000] {dag.py:4180} INFO - Setting next_dagrun for dataset_produces_2 to None, run_after=None
[2024-10-07T15:21:56.479+0000] {processor.py:208} INFO - Processing /home/airflow/.local/lib/python3.12/site-packages/airflow/example_dags/example_datasets.py took 0.858 seconds
[2024-10-07T15:22:26.876+0000] {processor.py:186} INFO - Started process (PID=164) to work on /home/airflow/.local/lib/python3.12/site-packages/airflow/example_dags/example_datasets.py
[2024-10-07T15:22:26.881+0000] {processor.py:914} INFO - Processing file /home/airflow/.local/lib/python3.12/site-packages/airflow/example_dags/example_datasets.py for tasks to queue
[2024-10-07T15:22:26.883+0000] {logging_mixin.py:190} INFO - [2024-10-07T15:22:26.883+0000] {dagbag.py:588} INFO - Filling up the DagBag from /home/airflow/.local/lib/python3.12/site-packages/airflow/example_dags/example_datasets.py
[2024-10-07T15:22:27.032+0000] {processor.py:925} INFO - DAG(s) 'conditional_dataset_and_time_based_timetable', 'consume_1_or_both_2_and_3_with_dataset_expressions', 'dataset_produces_1', 'dataset_consumes_1_and_2', 'consume_1_and_2_with_dataset_expressions', 'consume_1_or_2_with_dataset_expressions', 'dataset_consumes_1_never_scheduled', 'dataset_consumes_unknown_never_scheduled', 'dataset_consumes_1', 'dataset_produces_2' retrieved from /home/airflow/.local/lib/python3.12/site-packages/airflow/example_dags/example_datasets.py
[2024-10-07T15:22:27.086+0000] {logging_mixin.py:190} INFO - [2024-10-07T15:22:27.086+0000] {dag.py:3239} INFO - Sync 10 DAGs
[2024-10-07T15:22:27.113+0000] {logging_mixin.py:190} INFO - [2024-10-07T15:22:27.113+0000] {dag.py:4180} INFO - Setting next_dagrun for conditional_dataset_and_time_based_timetable to 2024-10-02 01:00:00+00:00, run_after=2024-10-02 01:00:00+00:00
[2024-10-07T15:22:27.117+0000] {logging_mixin.py:190} INFO - [2024-10-07T15:22:27.117+0000] {dag.py:4180} INFO - Setting next_dagrun for consume_1_and_2_with_dataset_expressions to None, run_after=None
[2024-10-07T15:22:27.118+0000] {logging_mixin.py:190} INFO - [2024-10-07T15:22:27.118+0000] {dag.py:4180} INFO - Setting next_dagrun for consume_1_or_2_with_dataset_expressions to None, run_after=None
[2024-10-07T15:22:27.119+0000] {logging_mixin.py:190} INFO - [2024-10-07T15:22:27.119+0000] {dag.py:4180} INFO - Setting next_dagrun for consume_1_or_both_2_and_3_with_dataset_expressions to None, run_after=None
[2024-10-07T15:22:27.121+0000] {logging_mixin.py:190} INFO - [2024-10-07T15:22:27.121+0000] {dag.py:4180} INFO - Setting next_dagrun for dataset_consumes_1 to None, run_after=None
[2024-10-07T15:22:27.124+0000] {logging_mixin.py:190} INFO - [2024-10-07T15:22:27.123+0000] {dag.py:4180} INFO - Setting next_dagrun for dataset_consumes_1_and_2 to None, run_after=None
[2024-10-07T15:22:27.125+0000] {logging_mixin.py:190} INFO - [2024-10-07T15:22:27.125+0000] {dag.py:4180} INFO - Setting next_dagrun for dataset_consumes_1_never_scheduled to None, run_after=None
[2024-10-07T15:22:27.127+0000] {logging_mixin.py:190} INFO - [2024-10-07T15:22:27.126+0000] {dag.py:4180} INFO - Setting next_dagrun for dataset_consumes_unknown_never_scheduled to None, run_after=None
[2024-10-07T15:22:27.130+0000] {logging_mixin.py:190} INFO - [2024-10-07T15:22:27.129+0000] {dag.py:4180} INFO - Setting next_dagrun for dataset_produces_1 to 2024-10-06 00:00:00+00:00, run_after=2024-10-07 00:00:00+00:00
[2024-10-07T15:22:27.131+0000] {logging_mixin.py:190} INFO - [2024-10-07T15:22:27.131+0000] {dag.py:4180} INFO - Setting next_dagrun for dataset_produces_2 to None, run_after=None
[2024-10-07T15:22:27.173+0000] {processor.py:208} INFO - Processing /home/airflow/.local/lib/python3.12/site-packages/airflow/example_dags/example_datasets.py took 0.302 seconds
[2024-10-07T15:24:53.859+0000] {processor.py:186} INFO - Started process (PID=101) to work on /home/airflow/.local/lib/python3.12/site-packages/airflow/example_dags/example_datasets.py
[2024-10-07T15:24:53.860+0000] {processor.py:914} INFO - Processing file /home/airflow/.local/lib/python3.12/site-packages/airflow/example_dags/example_datasets.py for tasks to queue
[2024-10-07T15:24:53.863+0000] {logging_mixin.py:190} INFO - [2024-10-07T15:24:53.862+0000] {dagbag.py:588} INFO - Filling up the DagBag from /home/airflow/.local/lib/python3.12/site-packages/airflow/example_dags/example_datasets.py
[2024-10-07T15:24:53.997+0000] {processor.py:925} INFO - DAG(s) 'dataset_consumes_1_never_scheduled', 'consume_1_and_2_with_dataset_expressions', 'dataset_produces_2', 'consume_1_or_2_with_dataset_expressions', 'consume_1_or_both_2_and_3_with_dataset_expressions', 'dataset_consumes_1_and_2', 'dataset_consumes_unknown_never_scheduled', 'dataset_produces_1', 'dataset_consumes_1', 'conditional_dataset_and_time_based_timetable' retrieved from /home/airflow/.local/lib/python3.12/site-packages/airflow/example_dags/example_datasets.py
[2024-10-07T15:24:54.032+0000] {logging_mixin.py:190} INFO - [2024-10-07T15:24:54.032+0000] {dag.py:3239} INFO - Sync 10 DAGs
[2024-10-07T15:24:54.053+0000] {logging_mixin.py:190} INFO - [2024-10-07T15:24:54.053+0000] {dag.py:4180} INFO - Setting next_dagrun for conditional_dataset_and_time_based_timetable to 2024-10-02 01:00:00+00:00, run_after=2024-10-02 01:00:00+00:00
[2024-10-07T15:24:54.056+0000] {logging_mixin.py:190} INFO - [2024-10-07T15:24:54.056+0000] {dag.py:4180} INFO - Setting next_dagrun for consume_1_and_2_with_dataset_expressions to None, run_after=None
[2024-10-07T15:24:54.057+0000] {logging_mixin.py:190} INFO - [2024-10-07T15:24:54.057+0000] {dag.py:4180} INFO - Setting next_dagrun for consume_1_or_2_with_dataset_expressions to None, run_after=None
[2024-10-07T15:24:54.058+0000] {logging_mixin.py:190} INFO - [2024-10-07T15:24:54.058+0000] {dag.py:4180} INFO - Setting next_dagrun for consume_1_or_both_2_and_3_with_dataset_expressions to None, run_after=None
[2024-10-07T15:24:54.059+0000] {logging_mixin.py:190} INFO - [2024-10-07T15:24:54.059+0000] {dag.py:4180} INFO - Setting next_dagrun for dataset_consumes_1 to None, run_after=None
[2024-10-07T15:24:54.060+0000] {logging_mixin.py:190} INFO - [2024-10-07T15:24:54.060+0000] {dag.py:4180} INFO - Setting next_dagrun for dataset_consumes_1_and_2 to None, run_after=None
[2024-10-07T15:24:54.061+0000] {logging_mixin.py:190} INFO - [2024-10-07T15:24:54.061+0000] {dag.py:4180} INFO - Setting next_dagrun for dataset_consumes_1_never_scheduled to None, run_after=None
[2024-10-07T15:24:54.062+0000] {logging_mixin.py:190} INFO - [2024-10-07T15:24:54.062+0000] {dag.py:4180} INFO - Setting next_dagrun for dataset_consumes_unknown_never_scheduled to None, run_after=None
[2024-10-07T15:24:54.064+0000] {logging_mixin.py:190} INFO - [2024-10-07T15:24:54.064+0000] {dag.py:4180} INFO - Setting next_dagrun for dataset_produces_1 to 2024-10-06 00:00:00+00:00, run_after=2024-10-07 00:00:00+00:00
[2024-10-07T15:24:54.065+0000] {logging_mixin.py:190} INFO - [2024-10-07T15:24:54.065+0000] {dag.py:4180} INFO - Setting next_dagrun for dataset_produces_2 to None, run_after=None
[2024-10-07T15:24:54.090+0000] {processor.py:208} INFO - Processing /home/airflow/.local/lib/python3.12/site-packages/airflow/example_dags/example_datasets.py took 0.236 seconds
[2024-10-07T15:25:24.273+0000] {processor.py:186} INFO - Started process (PID=165) to work on /home/airflow/.local/lib/python3.12/site-packages/airflow/example_dags/example_datasets.py
[2024-10-07T15:25:24.274+0000] {processor.py:914} INFO - Processing file /home/airflow/.local/lib/python3.12/site-packages/airflow/example_dags/example_datasets.py for tasks to queue
[2024-10-07T15:25:24.276+0000] {logging_mixin.py:190} INFO - [2024-10-07T15:25:24.275+0000] {dagbag.py:588} INFO - Filling up the DagBag from /home/airflow/.local/lib/python3.12/site-packages/airflow/example_dags/example_datasets.py
[2024-10-07T15:25:24.407+0000] {processor.py:925} INFO - DAG(s) 'dataset_produces_2', 'dataset_consumes_1_never_scheduled', 'consume_1_and_2_with_dataset_expressions', 'consume_1_or_both_2_and_3_with_dataset_expressions', 'consume_1_or_2_with_dataset_expressions', 'dataset_consumes_1', 'dataset_consumes_unknown_never_scheduled', 'dataset_produces_1', 'dataset_consumes_1_and_2', 'conditional_dataset_and_time_based_timetable' retrieved from /home/airflow/.local/lib/python3.12/site-packages/airflow/example_dags/example_datasets.py
[2024-10-07T15:25:24.444+0000] {logging_mixin.py:190} INFO - [2024-10-07T15:25:24.444+0000] {dag.py:3239} INFO - Sync 10 DAGs
[2024-10-07T15:25:24.464+0000] {logging_mixin.py:190} INFO - [2024-10-07T15:25:24.464+0000] {dag.py:4180} INFO - Setting next_dagrun for conditional_dataset_and_time_based_timetable to 2024-10-02 01:00:00+00:00, run_after=2024-10-02 01:00:00+00:00
[2024-10-07T15:25:24.467+0000] {logging_mixin.py:190} INFO - [2024-10-07T15:25:24.467+0000] {dag.py:4180} INFO - Setting next_dagrun for consume_1_and_2_with_dataset_expressions to None, run_after=None
[2024-10-07T15:25:24.469+0000] {logging_mixin.py:190} INFO - [2024-10-07T15:25:24.468+0000] {dag.py:4180} INFO - Setting next_dagrun for consume_1_or_2_with_dataset_expressions to None, run_after=None
[2024-10-07T15:25:24.470+0000] {logging_mixin.py:190} INFO - [2024-10-07T15:25:24.470+0000] {dag.py:4180} INFO - Setting next_dagrun for consume_1_or_both_2_and_3_with_dataset_expressions to None, run_after=None
[2024-10-07T15:25:24.471+0000] {logging_mixin.py:190} INFO - [2024-10-07T15:25:24.471+0000] {dag.py:4180} INFO - Setting next_dagrun for dataset_consumes_1 to None, run_after=None
[2024-10-07T15:25:24.473+0000] {logging_mixin.py:190} INFO - [2024-10-07T15:25:24.473+0000] {dag.py:4180} INFO - Setting next_dagrun for dataset_consumes_1_and_2 to None, run_after=None
[2024-10-07T15:25:24.474+0000] {logging_mixin.py:190} INFO - [2024-10-07T15:25:24.474+0000] {dag.py:4180} INFO - Setting next_dagrun for dataset_consumes_1_never_scheduled to None, run_after=None
[2024-10-07T15:25:24.476+0000] {logging_mixin.py:190} INFO - [2024-10-07T15:25:24.475+0000] {dag.py:4180} INFO - Setting next_dagrun for dataset_consumes_unknown_never_scheduled to None, run_after=None
[2024-10-07T15:25:24.477+0000] {logging_mixin.py:190} INFO - [2024-10-07T15:25:24.477+0000] {dag.py:4180} INFO - Setting next_dagrun for dataset_produces_1 to 2024-10-06 00:00:00+00:00, run_after=2024-10-07 00:00:00+00:00
[2024-10-07T15:25:24.479+0000] {logging_mixin.py:190} INFO - [2024-10-07T15:25:24.478+0000] {dag.py:4180} INFO - Setting next_dagrun for dataset_produces_2 to None, run_after=None
[2024-10-07T15:25:24.508+0000] {processor.py:208} INFO - Processing /home/airflow/.local/lib/python3.12/site-packages/airflow/example_dags/example_datasets.py took 0.239 seconds
[2024-10-07T15:25:54.592+0000] {processor.py:186} INFO - Started process (PID=227) to work on /home/airflow/.local/lib/python3.12/site-packages/airflow/example_dags/example_datasets.py
[2024-10-07T15:25:54.592+0000] {processor.py:914} INFO - Processing file /home/airflow/.local/lib/python3.12/site-packages/airflow/example_dags/example_datasets.py for tasks to queue
[2024-10-07T15:25:54.594+0000] {logging_mixin.py:190} INFO - [2024-10-07T15:25:54.594+0000] {dagbag.py:588} INFO - Filling up the DagBag from /home/airflow/.local/lib/python3.12/site-packages/airflow/example_dags/example_datasets.py
[2024-10-07T15:25:54.722+0000] {processor.py:925} INFO - DAG(s) 'conditional_dataset_and_time_based_timetable', 'dataset_consumes_1_never_scheduled', 'dataset_produces_1', 'consume_1_and_2_with_dataset_expressions', 'dataset_consumes_1_and_2', 'dataset_consumes_unknown_never_scheduled', 'consume_1_or_both_2_and_3_with_dataset_expressions', 'consume_1_or_2_with_dataset_expressions', 'dataset_produces_2', 'dataset_consumes_1' retrieved from /home/airflow/.local/lib/python3.12/site-packages/airflow/example_dags/example_datasets.py
[2024-10-07T15:25:54.761+0000] {logging_mixin.py:190} INFO - [2024-10-07T15:25:54.760+0000] {dag.py:3239} INFO - Sync 10 DAGs
[2024-10-07T15:25:54.784+0000] {logging_mixin.py:190} INFO - [2024-10-07T15:25:54.784+0000] {dag.py:4180} INFO - Setting next_dagrun for conditional_dataset_and_time_based_timetable to 2024-10-02 01:00:00+00:00, run_after=2024-10-02 01:00:00+00:00
[2024-10-07T15:25:54.787+0000] {logging_mixin.py:190} INFO - [2024-10-07T15:25:54.787+0000] {dag.py:4180} INFO - Setting next_dagrun for consume_1_and_2_with_dataset_expressions to None, run_after=None
[2024-10-07T15:25:54.789+0000] {logging_mixin.py:190} INFO - [2024-10-07T15:25:54.789+0000] {dag.py:4180} INFO - Setting next_dagrun for consume_1_or_2_with_dataset_expressions to None, run_after=None
[2024-10-07T15:25:54.790+0000] {logging_mixin.py:190} INFO - [2024-10-07T15:25:54.790+0000] {dag.py:4180} INFO - Setting next_dagrun for consume_1_or_both_2_and_3_with_dataset_expressions to None, run_after=None
[2024-10-07T15:25:54.791+0000] {logging_mixin.py:190} INFO - [2024-10-07T15:25:54.791+0000] {dag.py:4180} INFO - Setting next_dagrun for dataset_consumes_1 to None, run_after=None
[2024-10-07T15:25:54.793+0000] {logging_mixin.py:190} INFO - [2024-10-07T15:25:54.793+0000] {dag.py:4180} INFO - Setting next_dagrun for dataset_consumes_1_and_2 to None, run_after=None
[2024-10-07T15:25:54.794+0000] {logging_mixin.py:190} INFO - [2024-10-07T15:25:54.794+0000] {dag.py:4180} INFO - Setting next_dagrun for dataset_consumes_1_never_scheduled to None, run_after=None
[2024-10-07T15:25:54.795+0000] {logging_mixin.py:190} INFO - [2024-10-07T15:25:54.795+0000] {dag.py:4180} INFO - Setting next_dagrun for dataset_consumes_unknown_never_scheduled to None, run_after=None
[2024-10-07T15:25:54.797+0000] {logging_mixin.py:190} INFO - [2024-10-07T15:25:54.797+0000] {dag.py:4180} INFO - Setting next_dagrun for dataset_produces_1 to 2024-10-06 00:00:00+00:00, run_after=2024-10-07 00:00:00+00:00
[2024-10-07T15:25:54.798+0000] {logging_mixin.py:190} INFO - [2024-10-07T15:25:54.798+0000] {dag.py:4180} INFO - Setting next_dagrun for dataset_produces_2 to None, run_after=None
[2024-10-07T15:25:54.829+0000] {processor.py:208} INFO - Processing /home/airflow/.local/lib/python3.12/site-packages/airflow/example_dags/example_datasets.py took 0.242 seconds
