[2024-10-07T15:21:53.400+0000] {processor.py:186} INFO - Started process (PID=81) to work on /home/airflow/.local/lib/python3.12/site-packages/airflow/example_dags/example_short_circuit_operator.py
[2024-10-07T15:21:53.401+0000] {processor.py:914} INFO - Processing file /home/airflow/.local/lib/python3.12/site-packages/airflow/example_dags/example_short_circuit_operator.py for tasks to queue
[2024-10-07T15:21:53.403+0000] {logging_mixin.py:190} INFO - [2024-10-07T15:21:53.402+0000] {dagbag.py:588} INFO - Filling up the DagBag from /home/airflow/.local/lib/python3.12/site-packages/airflow/example_dags/example_short_circuit_operator.py
[2024-10-07T15:21:53.410+0000] {processor.py:925} INFO - DAG(s) 'example_short_circuit_operator' retrieved from /home/airflow/.local/lib/python3.12/site-packages/airflow/example_dags/example_short_circuit_operator.py
[2024-10-07T15:21:53.500+0000] {logging_mixin.py:190} INFO - [2024-10-07T15:21:53.499+0000] {override.py:1900} INFO - Created Permission View: can edit on DAG:example_short_circuit_operator
[2024-10-07T15:21:53.508+0000] {logging_mixin.py:190} INFO - [2024-10-07T15:21:53.507+0000] {override.py:1900} INFO - Created Permission View: can delete on DAG:example_short_circuit_operator
[2024-10-07T15:21:53.513+0000] {logging_mixin.py:190} INFO - [2024-10-07T15:21:53.513+0000] {override.py:1900} INFO - Created Permission View: can read on DAG:example_short_circuit_operator
[2024-10-07T15:21:53.520+0000] {logging_mixin.py:190} INFO - [2024-10-07T15:21:53.520+0000] {override.py:1900} INFO - Created Permission View: can create on DAG Run:example_short_circuit_operator
[2024-10-07T15:21:53.525+0000] {logging_mixin.py:190} INFO - [2024-10-07T15:21:53.525+0000] {override.py:1900} INFO - Created Permission View: menu access on DAG Run:example_short_circuit_operator
[2024-10-07T15:21:53.531+0000] {logging_mixin.py:190} INFO - [2024-10-07T15:21:53.531+0000] {override.py:1900} INFO - Created Permission View: can delete on DAG Run:example_short_circuit_operator
[2024-10-07T15:21:53.537+0000] {logging_mixin.py:190} INFO - [2024-10-07T15:21:53.537+0000] {override.py:1900} INFO - Created Permission View: can read on DAG Run:example_short_circuit_operator
[2024-10-07T15:21:53.538+0000] {logging_mixin.py:190} INFO - [2024-10-07T15:21:53.538+0000] {dag.py:3239} INFO - Sync 1 DAGs
[2024-10-07T15:21:53.547+0000] {logging_mixin.py:190} INFO - [2024-10-07T15:21:53.547+0000] {dag.py:3262} INFO - Creating ORM DAG for example_short_circuit_operator
[2024-10-07T15:21:53.548+0000] {logging_mixin.py:190} INFO - [2024-10-07T15:21:53.548+0000] {dag.py:4180} INFO - Setting next_dagrun for example_short_circuit_operator to None, run_after=None
[2024-10-07T15:21:53.562+0000] {processor.py:208} INFO - Processing /home/airflow/.local/lib/python3.12/site-packages/airflow/example_dags/example_short_circuit_operator.py took 0.166 seconds
[2024-10-07T15:22:23.646+0000] {processor.py:186} INFO - Started process (PID=143) to work on /home/airflow/.local/lib/python3.12/site-packages/airflow/example_dags/example_short_circuit_operator.py
[2024-10-07T15:22:23.647+0000] {processor.py:914} INFO - Processing file /home/airflow/.local/lib/python3.12/site-packages/airflow/example_dags/example_short_circuit_operator.py for tasks to queue
[2024-10-07T15:22:23.649+0000] {logging_mixin.py:190} INFO - [2024-10-07T15:22:23.648+0000] {dagbag.py:588} INFO - Filling up the DagBag from /home/airflow/.local/lib/python3.12/site-packages/airflow/example_dags/example_short_circuit_operator.py
[2024-10-07T15:22:23.656+0000] {processor.py:925} INFO - DAG(s) 'example_short_circuit_operator' retrieved from /home/airflow/.local/lib/python3.12/site-packages/airflow/example_dags/example_short_circuit_operator.py
[2024-10-07T15:22:23.676+0000] {logging_mixin.py:190} INFO - [2024-10-07T15:22:23.676+0000] {dag.py:3239} INFO - Sync 1 DAGs
[2024-10-07T15:22:23.688+0000] {logging_mixin.py:190} INFO - [2024-10-07T15:22:23.688+0000] {dag.py:4180} INFO - Setting next_dagrun for example_short_circuit_operator to None, run_after=None
[2024-10-07T15:22:23.703+0000] {processor.py:208} INFO - Processing /home/airflow/.local/lib/python3.12/site-packages/airflow/example_dags/example_short_circuit_operator.py took 0.062 seconds
[2024-10-07T15:24:52.651+0000] {processor.py:186} INFO - Started process (PID=80) to work on /home/airflow/.local/lib/python3.12/site-packages/airflow/example_dags/example_short_circuit_operator.py
[2024-10-07T15:24:52.652+0000] {processor.py:914} INFO - Processing file /home/airflow/.local/lib/python3.12/site-packages/airflow/example_dags/example_short_circuit_operator.py for tasks to queue
[2024-10-07T15:24:52.654+0000] {logging_mixin.py:190} INFO - [2024-10-07T15:24:52.654+0000] {dagbag.py:588} INFO - Filling up the DagBag from /home/airflow/.local/lib/python3.12/site-packages/airflow/example_dags/example_short_circuit_operator.py
[2024-10-07T15:24:52.662+0000] {processor.py:925} INFO - DAG(s) 'example_short_circuit_operator' retrieved from /home/airflow/.local/lib/python3.12/site-packages/airflow/example_dags/example_short_circuit_operator.py
[2024-10-07T15:24:52.684+0000] {logging_mixin.py:190} INFO - [2024-10-07T15:24:52.684+0000] {dag.py:3239} INFO - Sync 1 DAGs
[2024-10-07T15:24:52.697+0000] {logging_mixin.py:190} INFO - [2024-10-07T15:24:52.696+0000] {dag.py:4180} INFO - Setting next_dagrun for example_short_circuit_operator to None, run_after=None
[2024-10-07T15:24:52.714+0000] {processor.py:208} INFO - Processing /home/airflow/.local/lib/python3.12/site-packages/airflow/example_dags/example_short_circuit_operator.py took 0.068 seconds
[2024-10-07T15:25:23.206+0000] {processor.py:186} INFO - Started process (PID=142) to work on /home/airflow/.local/lib/python3.12/site-packages/airflow/example_dags/example_short_circuit_operator.py
[2024-10-07T15:25:23.207+0000] {processor.py:914} INFO - Processing file /home/airflow/.local/lib/python3.12/site-packages/airflow/example_dags/example_short_circuit_operator.py for tasks to queue
[2024-10-07T15:25:23.208+0000] {logging_mixin.py:190} INFO - [2024-10-07T15:25:23.208+0000] {dagbag.py:588} INFO - Filling up the DagBag from /home/airflow/.local/lib/python3.12/site-packages/airflow/example_dags/example_short_circuit_operator.py
[2024-10-07T15:25:23.215+0000] {processor.py:925} INFO - DAG(s) 'example_short_circuit_operator' retrieved from /home/airflow/.local/lib/python3.12/site-packages/airflow/example_dags/example_short_circuit_operator.py
[2024-10-07T15:25:23.233+0000] {logging_mixin.py:190} INFO - [2024-10-07T15:25:23.233+0000] {dag.py:3239} INFO - Sync 1 DAGs
[2024-10-07T15:25:23.243+0000] {logging_mixin.py:190} INFO - [2024-10-07T15:25:23.243+0000] {dag.py:4180} INFO - Setting next_dagrun for example_short_circuit_operator to None, run_after=None
[2024-10-07T15:25:23.256+0000] {processor.py:208} INFO - Processing /home/airflow/.local/lib/python3.12/site-packages/airflow/example_dags/example_short_circuit_operator.py took 0.055 seconds
[2024-10-07T15:25:53.505+0000] {processor.py:186} INFO - Started process (PID=204) to work on /home/airflow/.local/lib/python3.12/site-packages/airflow/example_dags/example_short_circuit_operator.py
[2024-10-07T15:25:53.506+0000] {processor.py:914} INFO - Processing file /home/airflow/.local/lib/python3.12/site-packages/airflow/example_dags/example_short_circuit_operator.py for tasks to queue
[2024-10-07T15:25:53.508+0000] {logging_mixin.py:190} INFO - [2024-10-07T15:25:53.508+0000] {dagbag.py:588} INFO - Filling up the DagBag from /home/airflow/.local/lib/python3.12/site-packages/airflow/example_dags/example_short_circuit_operator.py
[2024-10-07T15:25:53.515+0000] {processor.py:925} INFO - DAG(s) 'example_short_circuit_operator' retrieved from /home/airflow/.local/lib/python3.12/site-packages/airflow/example_dags/example_short_circuit_operator.py
[2024-10-07T15:25:53.535+0000] {logging_mixin.py:190} INFO - [2024-10-07T15:25:53.534+0000] {dag.py:3239} INFO - Sync 1 DAGs
[2024-10-07T15:25:53.547+0000] {logging_mixin.py:190} INFO - [2024-10-07T15:25:53.547+0000] {dag.py:4180} INFO - Setting next_dagrun for example_short_circuit_operator to None, run_after=None
[2024-10-07T15:25:53.564+0000] {processor.py:208} INFO - Processing /home/airflow/.local/lib/python3.12/site-packages/airflow/example_dags/example_short_circuit_operator.py took 0.064 seconds
