[2024-10-07T15:21:57.337+0000] {processor.py:186} INFO - Started process (PID=114) to work on /home/airflow/.local/lib/python3.12/site-packages/airflow/example_dags/example_python_decorator.py
[2024-10-07T15:21:57.337+0000] {processor.py:914} INFO - Processing file /home/airflow/.local/lib/python3.12/site-packages/airflow/example_dags/example_python_decorator.py for tasks to queue
[2024-10-07T15:21:57.339+0000] {logging_mixin.py:190} INFO - [2024-10-07T15:21:57.339+0000] {dagbag.py:588} INFO - Filling up the DagBag from /home/airflow/.local/lib/python3.12/site-packages/airflow/example_dags/example_python_decorator.py
[2024-10-07T15:21:57.352+0000] {processor.py:925} INFO - DAG(s) 'example_python_decorator' retrieved from /home/airflow/.local/lib/python3.12/site-packages/airflow/example_dags/example_python_decorator.py
[2024-10-07T15:21:57.436+0000] {logging_mixin.py:190} INFO - [2024-10-07T15:21:57.436+0000] {override.py:1900} INFO - Created Permission View: can edit on DAG:example_python_decorator
[2024-10-07T15:21:57.445+0000] {logging_mixin.py:190} INFO - [2024-10-07T15:21:57.445+0000] {override.py:1900} INFO - Created Permission View: can delete on DAG:example_python_decorator
[2024-10-07T15:21:57.451+0000] {logging_mixin.py:190} INFO - [2024-10-07T15:21:57.451+0000] {override.py:1900} INFO - Created Permission View: can read on DAG:example_python_decorator
[2024-10-07T15:21:57.456+0000] {logging_mixin.py:190} INFO - [2024-10-07T15:21:57.456+0000] {override.py:1900} INFO - Created Permission View: can create on DAG Run:example_python_decorator
[2024-10-07T15:21:57.462+0000] {logging_mixin.py:190} INFO - [2024-10-07T15:21:57.461+0000] {override.py:1900} INFO - Created Permission View: menu access on DAG Run:example_python_decorator
[2024-10-07T15:21:57.466+0000] {logging_mixin.py:190} INFO - [2024-10-07T15:21:57.466+0000] {override.py:1900} INFO - Created Permission View: can delete on DAG Run:example_python_decorator
[2024-10-07T15:21:57.471+0000] {logging_mixin.py:190} INFO - [2024-10-07T15:21:57.470+0000] {override.py:1900} INFO - Created Permission View: can read on DAG Run:example_python_decorator
[2024-10-07T15:21:57.471+0000] {logging_mixin.py:190} INFO - [2024-10-07T15:21:57.471+0000] {dag.py:3239} INFO - Sync 1 DAGs
[2024-10-07T15:21:57.481+0000] {logging_mixin.py:190} INFO - [2024-10-07T15:21:57.481+0000] {dag.py:3262} INFO - Creating ORM DAG for example_python_decorator
[2024-10-07T15:21:57.481+0000] {logging_mixin.py:190} INFO - [2024-10-07T15:21:57.481+0000] {dag.py:4180} INFO - Setting next_dagrun for example_python_decorator to None, run_after=None
[2024-10-07T15:21:57.494+0000] {processor.py:208} INFO - Processing /home/airflow/.local/lib/python3.12/site-packages/airflow/example_dags/example_python_decorator.py took 0.162 seconds
[2024-10-07T15:22:27.615+0000] {processor.py:186} INFO - Started process (PID=176) to work on /home/airflow/.local/lib/python3.12/site-packages/airflow/example_dags/example_python_decorator.py
[2024-10-07T15:22:27.616+0000] {processor.py:914} INFO - Processing file /home/airflow/.local/lib/python3.12/site-packages/airflow/example_dags/example_python_decorator.py for tasks to queue
[2024-10-07T15:22:27.618+0000] {logging_mixin.py:190} INFO - [2024-10-07T15:22:27.617+0000] {dagbag.py:588} INFO - Filling up the DagBag from /home/airflow/.local/lib/python3.12/site-packages/airflow/example_dags/example_python_decorator.py
[2024-10-07T15:22:27.630+0000] {processor.py:925} INFO - DAG(s) 'example_python_decorator' retrieved from /home/airflow/.local/lib/python3.12/site-packages/airflow/example_dags/example_python_decorator.py
[2024-10-07T15:22:27.649+0000] {logging_mixin.py:190} INFO - [2024-10-07T15:22:27.649+0000] {dag.py:3239} INFO - Sync 1 DAGs
[2024-10-07T15:22:27.661+0000] {logging_mixin.py:190} INFO - [2024-10-07T15:22:27.661+0000] {dag.py:4180} INFO - Setting next_dagrun for example_python_decorator to None, run_after=None
[2024-10-07T15:22:27.680+0000] {processor.py:208} INFO - Processing /home/airflow/.local/lib/python3.12/site-packages/airflow/example_dags/example_python_decorator.py took 0.071 seconds
[2024-10-07T15:24:54.614+0000] {processor.py:186} INFO - Started process (PID=113) to work on /home/airflow/.local/lib/python3.12/site-packages/airflow/example_dags/example_python_decorator.py
[2024-10-07T15:24:54.615+0000] {processor.py:914} INFO - Processing file /home/airflow/.local/lib/python3.12/site-packages/airflow/example_dags/example_python_decorator.py for tasks to queue
[2024-10-07T15:24:54.617+0000] {logging_mixin.py:190} INFO - [2024-10-07T15:24:54.617+0000] {dagbag.py:588} INFO - Filling up the DagBag from /home/airflow/.local/lib/python3.12/site-packages/airflow/example_dags/example_python_decorator.py
[2024-10-07T15:24:54.628+0000] {processor.py:925} INFO - DAG(s) 'example_python_decorator' retrieved from /home/airflow/.local/lib/python3.12/site-packages/airflow/example_dags/example_python_decorator.py
[2024-10-07T15:24:54.717+0000] {logging_mixin.py:190} INFO - [2024-10-07T15:24:54.717+0000] {dag.py:3239} INFO - Sync 1 DAGs
[2024-10-07T15:24:54.727+0000] {logging_mixin.py:190} INFO - [2024-10-07T15:24:54.727+0000] {dag.py:4180} INFO - Setting next_dagrun for example_python_decorator to None, run_after=None
[2024-10-07T15:24:54.741+0000] {processor.py:208} INFO - Processing /home/airflow/.local/lib/python3.12/site-packages/airflow/example_dags/example_python_decorator.py took 0.132 seconds
[2024-10-07T15:25:24.883+0000] {processor.py:186} INFO - Started process (PID=175) to work on /home/airflow/.local/lib/python3.12/site-packages/airflow/example_dags/example_python_decorator.py
[2024-10-07T15:25:24.884+0000] {processor.py:914} INFO - Processing file /home/airflow/.local/lib/python3.12/site-packages/airflow/example_dags/example_python_decorator.py for tasks to queue
[2024-10-07T15:25:24.886+0000] {logging_mixin.py:190} INFO - [2024-10-07T15:25:24.886+0000] {dagbag.py:588} INFO - Filling up the DagBag from /home/airflow/.local/lib/python3.12/site-packages/airflow/example_dags/example_python_decorator.py
[2024-10-07T15:25:24.898+0000] {processor.py:925} INFO - DAG(s) 'example_python_decorator' retrieved from /home/airflow/.local/lib/python3.12/site-packages/airflow/example_dags/example_python_decorator.py
[2024-10-07T15:25:24.916+0000] {logging_mixin.py:190} INFO - [2024-10-07T15:25:24.915+0000] {dag.py:3239} INFO - Sync 1 DAGs
[2024-10-07T15:25:24.927+0000] {logging_mixin.py:190} INFO - [2024-10-07T15:25:24.927+0000] {dag.py:4180} INFO - Setting next_dagrun for example_python_decorator to None, run_after=None
[2024-10-07T15:25:24.944+0000] {processor.py:208} INFO - Processing /home/airflow/.local/lib/python3.12/site-packages/airflow/example_dags/example_python_decorator.py took 0.066 seconds
[2024-10-07T15:25:55.193+0000] {processor.py:186} INFO - Started process (PID=237) to work on /home/airflow/.local/lib/python3.12/site-packages/airflow/example_dags/example_python_decorator.py
[2024-10-07T15:25:55.194+0000] {processor.py:914} INFO - Processing file /home/airflow/.local/lib/python3.12/site-packages/airflow/example_dags/example_python_decorator.py for tasks to queue
[2024-10-07T15:25:55.197+0000] {logging_mixin.py:190} INFO - [2024-10-07T15:25:55.196+0000] {dagbag.py:588} INFO - Filling up the DagBag from /home/airflow/.local/lib/python3.12/site-packages/airflow/example_dags/example_python_decorator.py
[2024-10-07T15:25:55.207+0000] {processor.py:925} INFO - DAG(s) 'example_python_decorator' retrieved from /home/airflow/.local/lib/python3.12/site-packages/airflow/example_dags/example_python_decorator.py
[2024-10-07T15:25:55.224+0000] {logging_mixin.py:190} INFO - [2024-10-07T15:25:55.224+0000] {dag.py:3239} INFO - Sync 1 DAGs
[2024-10-07T15:25:55.236+0000] {logging_mixin.py:190} INFO - [2024-10-07T15:25:55.235+0000] {dag.py:4180} INFO - Setting next_dagrun for example_python_decorator to None, run_after=None
[2024-10-07T15:25:55.250+0000] {processor.py:208} INFO - Processing /home/airflow/.local/lib/python3.12/site-packages/airflow/example_dags/example_python_decorator.py took 0.061 seconds
