[2024-10-07T15:21:51.968+0000] {processor.py:186} INFO - Started process (PID=65) to work on /home/airflow/.local/lib/python3.12/site-packages/airflow/example_dags/example_outlet_event_extra.py
[2024-10-07T15:21:51.969+0000] {processor.py:914} INFO - Processing file /home/airflow/.local/lib/python3.12/site-packages/airflow/example_dags/example_outlet_event_extra.py for tasks to queue
[2024-10-07T15:21:51.971+0000] {logging_mixin.py:190} INFO - [2024-10-07T15:21:51.971+0000] {dagbag.py:588} INFO - Filling up the DagBag from /home/airflow/.local/lib/python3.12/site-packages/airflow/example_dags/example_outlet_event_extra.py
[2024-10-07T15:21:52.095+0000] {processor.py:925} INFO - DAG(s) 'dataset_with_extra_from_classic_operator', 'dataset_with_extra_by_yield', 'dataset_with_extra_by_context' retrieved from /home/airflow/.local/lib/python3.12/site-packages/airflow/example_dags/example_outlet_event_extra.py
[2024-10-07T15:21:52.181+0000] {logging_mixin.py:190} INFO - [2024-10-07T15:21:52.180+0000] {override.py:1900} INFO - Created Permission View: can edit on DAG:dataset_with_extra_from_classic_operator
[2024-10-07T15:21:52.190+0000] {logging_mixin.py:190} INFO - [2024-10-07T15:21:52.190+0000] {override.py:1900} INFO - Created Permission View: can delete on DAG:dataset_with_extra_from_classic_operator
[2024-10-07T15:21:52.195+0000] {logging_mixin.py:190} INFO - [2024-10-07T15:21:52.195+0000] {override.py:1900} INFO - Created Permission View: can read on DAG:dataset_with_extra_from_classic_operator
[2024-10-07T15:21:52.201+0000] {logging_mixin.py:190} INFO - [2024-10-07T15:21:52.200+0000] {override.py:1900} INFO - Created Permission View: can create on DAG Run:dataset_with_extra_from_classic_operator
[2024-10-07T15:21:52.206+0000] {logging_mixin.py:190} INFO - [2024-10-07T15:21:52.206+0000] {override.py:1900} INFO - Created Permission View: menu access on DAG Run:dataset_with_extra_from_classic_operator
[2024-10-07T15:21:52.212+0000] {logging_mixin.py:190} INFO - [2024-10-07T15:21:52.212+0000] {override.py:1900} INFO - Created Permission View: can delete on DAG Run:dataset_with_extra_from_classic_operator
[2024-10-07T15:21:52.218+0000] {logging_mixin.py:190} INFO - [2024-10-07T15:21:52.218+0000] {override.py:1900} INFO - Created Permission View: can read on DAG Run:dataset_with_extra_from_classic_operator
[2024-10-07T15:21:52.230+0000] {logging_mixin.py:190} INFO - [2024-10-07T15:21:52.229+0000] {override.py:1900} INFO - Created Permission View: can edit on DAG:dataset_with_extra_by_yield
[2024-10-07T15:21:52.236+0000] {logging_mixin.py:190} INFO - [2024-10-07T15:21:52.235+0000] {override.py:1900} INFO - Created Permission View: can delete on DAG:dataset_with_extra_by_yield
[2024-10-07T15:21:52.242+0000] {logging_mixin.py:190} INFO - [2024-10-07T15:21:52.241+0000] {override.py:1900} INFO - Created Permission View: can read on DAG:dataset_with_extra_by_yield
[2024-10-07T15:21:52.249+0000] {logging_mixin.py:190} INFO - [2024-10-07T15:21:52.248+0000] {override.py:1900} INFO - Created Permission View: can create on DAG Run:dataset_with_extra_by_yield
[2024-10-07T15:21:52.255+0000] {logging_mixin.py:190} INFO - [2024-10-07T15:21:52.254+0000] {override.py:1900} INFO - Created Permission View: menu access on DAG Run:dataset_with_extra_by_yield
[2024-10-07T15:21:52.261+0000] {logging_mixin.py:190} INFO - [2024-10-07T15:21:52.261+0000] {override.py:1900} INFO - Created Permission View: can delete on DAG Run:dataset_with_extra_by_yield
[2024-10-07T15:21:52.268+0000] {logging_mixin.py:190} INFO - [2024-10-07T15:21:52.267+0000] {override.py:1900} INFO - Created Permission View: can read on DAG Run:dataset_with_extra_by_yield
[2024-10-07T15:21:52.278+0000] {logging_mixin.py:190} INFO - [2024-10-07T15:21:52.278+0000] {override.py:1900} INFO - Created Permission View: can edit on DAG:dataset_with_extra_by_context
[2024-10-07T15:21:52.284+0000] {logging_mixin.py:190} INFO - [2024-10-07T15:21:52.284+0000] {override.py:1900} INFO - Created Permission View: can delete on DAG:dataset_with_extra_by_context
[2024-10-07T15:21:52.291+0000] {logging_mixin.py:190} INFO - [2024-10-07T15:21:52.291+0000] {override.py:1900} INFO - Created Permission View: can read on DAG:dataset_with_extra_by_context
[2024-10-07T15:21:52.297+0000] {logging_mixin.py:190} INFO - [2024-10-07T15:21:52.297+0000] {override.py:1900} INFO - Created Permission View: can create on DAG Run:dataset_with_extra_by_context
[2024-10-07T15:21:52.303+0000] {logging_mixin.py:190} INFO - [2024-10-07T15:21:52.303+0000] {override.py:1900} INFO - Created Permission View: menu access on DAG Run:dataset_with_extra_by_context
[2024-10-07T15:21:52.309+0000] {logging_mixin.py:190} INFO - [2024-10-07T15:21:52.309+0000] {override.py:1900} INFO - Created Permission View: can delete on DAG Run:dataset_with_extra_by_context
[2024-10-07T15:21:52.316+0000] {logging_mixin.py:190} INFO - [2024-10-07T15:21:52.315+0000] {override.py:1900} INFO - Created Permission View: can read on DAG Run:dataset_with_extra_by_context
[2024-10-07T15:21:52.316+0000] {logging_mixin.py:190} INFO - [2024-10-07T15:21:52.316+0000] {dag.py:3239} INFO - Sync 3 DAGs
[2024-10-07T15:21:52.327+0000] {logging_mixin.py:190} INFO - [2024-10-07T15:21:52.326+0000] {dag.py:3262} INFO - Creating ORM DAG for dataset_with_extra_by_yield
[2024-10-07T15:21:52.327+0000] {logging_mixin.py:190} INFO - [2024-10-07T15:21:52.327+0000] {dag.py:3262} INFO - Creating ORM DAG for dataset_with_extra_from_classic_operator
[2024-10-07T15:21:52.328+0000] {logging_mixin.py:190} INFO - [2024-10-07T15:21:52.328+0000] {dag.py:3262} INFO - Creating ORM DAG for dataset_with_extra_by_context
[2024-10-07T15:21:52.337+0000] {logging_mixin.py:190} INFO - [2024-10-07T15:21:52.336+0000] {dag.py:4180} INFO - Setting next_dagrun for dataset_with_extra_by_context to 2024-10-06 00:00:00+00:00, run_after=2024-10-07 00:00:00+00:00
[2024-10-07T15:21:52.338+0000] {logging_mixin.py:190} INFO - [2024-10-07T15:21:52.338+0000] {dag.py:4180} INFO - Setting next_dagrun for dataset_with_extra_by_yield to 2024-10-06 00:00:00+00:00, run_after=2024-10-07 00:00:00+00:00
[2024-10-07T15:21:52.339+0000] {logging_mixin.py:190} INFO - [2024-10-07T15:21:52.339+0000] {dag.py:4180} INFO - Setting next_dagrun for dataset_with_extra_from_classic_operator to 2024-10-06 00:00:00+00:00, run_after=2024-10-07 00:00:00+00:00
[2024-10-07T15:21:52.361+0000] {processor.py:208} INFO - Processing /home/airflow/.local/lib/python3.12/site-packages/airflow/example_dags/example_outlet_event_extra.py took 0.397 seconds
[2024-10-07T15:22:22.649+0000] {processor.py:186} INFO - Started process (PID=127) to work on /home/airflow/.local/lib/python3.12/site-packages/airflow/example_dags/example_outlet_event_extra.py
[2024-10-07T15:22:22.650+0000] {processor.py:914} INFO - Processing file /home/airflow/.local/lib/python3.12/site-packages/airflow/example_dags/example_outlet_event_extra.py for tasks to queue
[2024-10-07T15:22:22.652+0000] {logging_mixin.py:190} INFO - [2024-10-07T15:22:22.652+0000] {dagbag.py:588} INFO - Filling up the DagBag from /home/airflow/.local/lib/python3.12/site-packages/airflow/example_dags/example_outlet_event_extra.py
[2024-10-07T15:22:22.778+0000] {processor.py:925} INFO - DAG(s) 'dataset_with_extra_by_context', 'dataset_with_extra_from_classic_operator', 'dataset_with_extra_by_yield' retrieved from /home/airflow/.local/lib/python3.12/site-packages/airflow/example_dags/example_outlet_event_extra.py
[2024-10-07T15:22:22.801+0000] {logging_mixin.py:190} INFO - [2024-10-07T15:22:22.801+0000] {dag.py:3239} INFO - Sync 3 DAGs
[2024-10-07T15:22:22.831+0000] {logging_mixin.py:190} INFO - [2024-10-07T15:22:22.830+0000] {dag.py:4180} INFO - Setting next_dagrun for dataset_with_extra_by_context to 2024-10-06 00:00:00+00:00, run_after=2024-10-07 00:00:00+00:00
[2024-10-07T15:22:22.835+0000] {logging_mixin.py:190} INFO - [2024-10-07T15:22:22.835+0000] {dag.py:4180} INFO - Setting next_dagrun for dataset_with_extra_by_yield to 2024-10-06 00:00:00+00:00, run_after=2024-10-07 00:00:00+00:00
[2024-10-07T15:22:22.839+0000] {logging_mixin.py:190} INFO - [2024-10-07T15:22:22.838+0000] {dag.py:4180} INFO - Setting next_dagrun for dataset_with_extra_from_classic_operator to 2024-10-06 00:00:00+00:00, run_after=2024-10-07 00:00:00+00:00
[2024-10-07T15:22:22.873+0000] {processor.py:208} INFO - Processing /home/airflow/.local/lib/python3.12/site-packages/airflow/example_dags/example_outlet_event_extra.py took 0.229 seconds
[2024-10-07T15:24:51.798+0000] {processor.py:186} INFO - Started process (PID=64) to work on /home/airflow/.local/lib/python3.12/site-packages/airflow/example_dags/example_outlet_event_extra.py
[2024-10-07T15:24:51.798+0000] {processor.py:914} INFO - Processing file /home/airflow/.local/lib/python3.12/site-packages/airflow/example_dags/example_outlet_event_extra.py for tasks to queue
[2024-10-07T15:24:51.800+0000] {logging_mixin.py:190} INFO - [2024-10-07T15:24:51.800+0000] {dagbag.py:588} INFO - Filling up the DagBag from /home/airflow/.local/lib/python3.12/site-packages/airflow/example_dags/example_outlet_event_extra.py
[2024-10-07T15:24:51.975+0000] {processor.py:925} INFO - DAG(s) 'dataset_with_extra_from_classic_operator', 'dataset_with_extra_by_context', 'dataset_with_extra_by_yield' retrieved from /home/airflow/.local/lib/python3.12/site-packages/airflow/example_dags/example_outlet_event_extra.py
[2024-10-07T15:24:52.002+0000] {logging_mixin.py:190} INFO - [2024-10-07T15:24:52.002+0000] {dag.py:3239} INFO - Sync 3 DAGs
[2024-10-07T15:24:52.025+0000] {logging_mixin.py:190} INFO - [2024-10-07T15:24:52.024+0000] {dag.py:4180} INFO - Setting next_dagrun for dataset_with_extra_by_context to 2024-10-06 00:00:00+00:00, run_after=2024-10-07 00:00:00+00:00
[2024-10-07T15:24:52.029+0000] {logging_mixin.py:190} INFO - [2024-10-07T15:24:52.029+0000] {dag.py:4180} INFO - Setting next_dagrun for dataset_with_extra_by_yield to 2024-10-06 00:00:00+00:00, run_after=2024-10-07 00:00:00+00:00
[2024-10-07T15:24:52.031+0000] {logging_mixin.py:190} INFO - [2024-10-07T15:24:52.031+0000] {dag.py:4180} INFO - Setting next_dagrun for dataset_with_extra_from_classic_operator to 2024-10-06 00:00:00+00:00, run_after=2024-10-07 00:00:00+00:00
[2024-10-07T15:24:52.050+0000] {processor.py:208} INFO - Processing /home/airflow/.local/lib/python3.12/site-packages/airflow/example_dags/example_outlet_event_extra.py took 0.257 seconds
[2024-10-07T15:25:22.367+0000] {processor.py:186} INFO - Started process (PID=125) to work on /home/airflow/.local/lib/python3.12/site-packages/airflow/example_dags/example_outlet_event_extra.py
[2024-10-07T15:25:22.367+0000] {processor.py:914} INFO - Processing file /home/airflow/.local/lib/python3.12/site-packages/airflow/example_dags/example_outlet_event_extra.py for tasks to queue
[2024-10-07T15:25:22.369+0000] {logging_mixin.py:190} INFO - [2024-10-07T15:25:22.369+0000] {dagbag.py:588} INFO - Filling up the DagBag from /home/airflow/.local/lib/python3.12/site-packages/airflow/example_dags/example_outlet_event_extra.py
[2024-10-07T15:25:22.481+0000] {processor.py:925} INFO - DAG(s) 'dataset_with_extra_by_yield', 'dataset_with_extra_from_classic_operator', 'dataset_with_extra_by_context' retrieved from /home/airflow/.local/lib/python3.12/site-packages/airflow/example_dags/example_outlet_event_extra.py
[2024-10-07T15:25:22.503+0000] {logging_mixin.py:190} INFO - [2024-10-07T15:25:22.503+0000] {dag.py:3239} INFO - Sync 3 DAGs
[2024-10-07T15:25:22.523+0000] {logging_mixin.py:190} INFO - [2024-10-07T15:25:22.523+0000] {dag.py:4180} INFO - Setting next_dagrun for dataset_with_extra_by_context to 2024-10-06 00:00:00+00:00, run_after=2024-10-07 00:00:00+00:00
[2024-10-07T15:25:22.527+0000] {logging_mixin.py:190} INFO - [2024-10-07T15:25:22.527+0000] {dag.py:4180} INFO - Setting next_dagrun for dataset_with_extra_by_yield to 2024-10-06 00:00:00+00:00, run_after=2024-10-07 00:00:00+00:00
[2024-10-07T15:25:22.529+0000] {logging_mixin.py:190} INFO - [2024-10-07T15:25:22.529+0000] {dag.py:4180} INFO - Setting next_dagrun for dataset_with_extra_from_classic_operator to 2024-10-06 00:00:00+00:00, run_after=2024-10-07 00:00:00+00:00
[2024-10-07T15:25:22.546+0000] {processor.py:208} INFO - Processing /home/airflow/.local/lib/python3.12/site-packages/airflow/example_dags/example_outlet_event_extra.py took 0.184 seconds
[2024-10-07T15:25:52.746+0000] {processor.py:186} INFO - Started process (PID=194) to work on /home/airflow/.local/lib/python3.12/site-packages/airflow/example_dags/example_outlet_event_extra.py
[2024-10-07T15:25:52.747+0000] {processor.py:914} INFO - Processing file /home/airflow/.local/lib/python3.12/site-packages/airflow/example_dags/example_outlet_event_extra.py for tasks to queue
[2024-10-07T15:25:52.749+0000] {logging_mixin.py:190} INFO - [2024-10-07T15:25:52.749+0000] {dagbag.py:588} INFO - Filling up the DagBag from /home/airflow/.local/lib/python3.12/site-packages/airflow/example_dags/example_outlet_event_extra.py
[2024-10-07T15:25:52.867+0000] {processor.py:925} INFO - DAG(s) 'dataset_with_extra_by_yield', 'dataset_with_extra_from_classic_operator', 'dataset_with_extra_by_context' retrieved from /home/airflow/.local/lib/python3.12/site-packages/airflow/example_dags/example_outlet_event_extra.py
[2024-10-07T15:25:52.888+0000] {logging_mixin.py:190} INFO - [2024-10-07T15:25:52.888+0000] {dag.py:3239} INFO - Sync 3 DAGs
[2024-10-07T15:25:52.911+0000] {logging_mixin.py:190} INFO - [2024-10-07T15:25:52.910+0000] {dag.py:4180} INFO - Setting next_dagrun for dataset_with_extra_by_context to 2024-10-06 00:00:00+00:00, run_after=2024-10-07 00:00:00+00:00
[2024-10-07T15:25:52.914+0000] {logging_mixin.py:190} INFO - [2024-10-07T15:25:52.914+0000] {dag.py:4180} INFO - Setting next_dagrun for dataset_with_extra_by_yield to 2024-10-06 00:00:00+00:00, run_after=2024-10-07 00:00:00+00:00
[2024-10-07T15:25:52.916+0000] {logging_mixin.py:190} INFO - [2024-10-07T15:25:52.916+0000] {dag.py:4180} INFO - Setting next_dagrun for dataset_with_extra_from_classic_operator to 2024-10-06 00:00:00+00:00, run_after=2024-10-07 00:00:00+00:00
[2024-10-07T15:25:52.934+0000] {processor.py:208} INFO - Processing /home/airflow/.local/lib/python3.12/site-packages/airflow/example_dags/example_outlet_event_extra.py took 0.192 seconds
