[2024-10-07T15:21:54.853+0000] {processor.py:186} INFO - Started process (PID=94) to work on /home/airflow/.local/lib/python3.12/site-packages/airflow/example_dags/example_python_operator.py
[2024-10-07T15:21:54.854+0000] {processor.py:914} INFO - Processing file /home/airflow/.local/lib/python3.12/site-packages/airflow/example_dags/example_python_operator.py for tasks to queue
[2024-10-07T15:21:54.855+0000] {logging_mixin.py:190} INFO - [2024-10-07T15:21:54.855+0000] {dagbag.py:588} INFO - Filling up the DagBag from /home/airflow/.local/lib/python3.12/site-packages/airflow/example_dags/example_python_operator.py
[2024-10-07T15:21:54.865+0000] {processor.py:925} INFO - DAG(s) 'example_python_operator' retrieved from /home/airflow/.local/lib/python3.12/site-packages/airflow/example_dags/example_python_operator.py
[2024-10-07T15:21:54.949+0000] {logging_mixin.py:190} INFO - [2024-10-07T15:21:54.949+0000] {override.py:1900} INFO - Created Permission View: can edit on DAG:example_python_operator
[2024-10-07T15:21:54.957+0000] {logging_mixin.py:190} INFO - [2024-10-07T15:21:54.956+0000] {override.py:1900} INFO - Created Permission View: can delete on DAG:example_python_operator
[2024-10-07T15:21:54.961+0000] {logging_mixin.py:190} INFO - [2024-10-07T15:21:54.961+0000] {override.py:1900} INFO - Created Permission View: can read on DAG:example_python_operator
[2024-10-07T15:21:54.967+0000] {logging_mixin.py:190} INFO - [2024-10-07T15:21:54.967+0000] {override.py:1900} INFO - Created Permission View: can create on DAG Run:example_python_operator
[2024-10-07T15:21:54.972+0000] {logging_mixin.py:190} INFO - [2024-10-07T15:21:54.971+0000] {override.py:1900} INFO - Created Permission View: menu access on DAG Run:example_python_operator
[2024-10-07T15:21:54.976+0000] {logging_mixin.py:190} INFO - [2024-10-07T15:21:54.976+0000] {override.py:1900} INFO - Created Permission View: can delete on DAG Run:example_python_operator
[2024-10-07T15:21:54.980+0000] {logging_mixin.py:190} INFO - [2024-10-07T15:21:54.980+0000] {override.py:1900} INFO - Created Permission View: can read on DAG Run:example_python_operator
[2024-10-07T15:21:54.980+0000] {logging_mixin.py:190} INFO - [2024-10-07T15:21:54.980+0000] {dag.py:3239} INFO - Sync 1 DAGs
[2024-10-07T15:21:54.992+0000] {logging_mixin.py:190} INFO - [2024-10-07T15:21:54.992+0000] {dag.py:3262} INFO - Creating ORM DAG for example_python_operator
[2024-10-07T15:21:54.993+0000] {logging_mixin.py:190} INFO - [2024-10-07T15:21:54.992+0000] {dag.py:4180} INFO - Setting next_dagrun for example_python_operator to None, run_after=None
[2024-10-07T15:21:55.005+0000] {processor.py:208} INFO - Processing /home/airflow/.local/lib/python3.12/site-packages/airflow/example_dags/example_python_operator.py took 0.156 seconds
[2024-10-07T15:22:25.454+0000] {processor.py:186} INFO - Started process (PID=156) to work on /home/airflow/.local/lib/python3.12/site-packages/airflow/example_dags/example_python_operator.py
[2024-10-07T15:22:25.455+0000] {processor.py:914} INFO - Processing file /home/airflow/.local/lib/python3.12/site-packages/airflow/example_dags/example_python_operator.py for tasks to queue
[2024-10-07T15:22:25.457+0000] {logging_mixin.py:190} INFO - [2024-10-07T15:22:25.457+0000] {dagbag.py:588} INFO - Filling up the DagBag from /home/airflow/.local/lib/python3.12/site-packages/airflow/example_dags/example_python_operator.py
[2024-10-07T15:22:25.468+0000] {processor.py:925} INFO - DAG(s) 'example_python_operator' retrieved from /home/airflow/.local/lib/python3.12/site-packages/airflow/example_dags/example_python_operator.py
[2024-10-07T15:22:25.488+0000] {logging_mixin.py:190} INFO - [2024-10-07T15:22:25.488+0000] {dag.py:3239} INFO - Sync 1 DAGs
[2024-10-07T15:22:25.501+0000] {logging_mixin.py:190} INFO - [2024-10-07T15:22:25.501+0000] {dag.py:4180} INFO - Setting next_dagrun for example_python_operator to None, run_after=None
[2024-10-07T15:22:25.520+0000] {processor.py:208} INFO - Processing /home/airflow/.local/lib/python3.12/site-packages/airflow/example_dags/example_python_operator.py took 0.070 seconds
[2024-10-07T15:24:53.382+0000] {processor.py:186} INFO - Started process (PID=93) to work on /home/airflow/.local/lib/python3.12/site-packages/airflow/example_dags/example_python_operator.py
[2024-10-07T15:24:53.383+0000] {processor.py:914} INFO - Processing file /home/airflow/.local/lib/python3.12/site-packages/airflow/example_dags/example_python_operator.py for tasks to queue
[2024-10-07T15:24:53.385+0000] {logging_mixin.py:190} INFO - [2024-10-07T15:24:53.384+0000] {dagbag.py:588} INFO - Filling up the DagBag from /home/airflow/.local/lib/python3.12/site-packages/airflow/example_dags/example_python_operator.py
[2024-10-07T15:24:53.397+0000] {processor.py:925} INFO - DAG(s) 'example_python_operator' retrieved from /home/airflow/.local/lib/python3.12/site-packages/airflow/example_dags/example_python_operator.py
[2024-10-07T15:24:53.493+0000] {logging_mixin.py:190} INFO - [2024-10-07T15:24:53.493+0000] {dag.py:3239} INFO - Sync 1 DAGs
[2024-10-07T15:24:53.505+0000] {logging_mixin.py:190} INFO - [2024-10-07T15:24:53.505+0000] {dag.py:4180} INFO - Setting next_dagrun for example_python_operator to None, run_after=None
[2024-10-07T15:24:53.523+0000] {processor.py:208} INFO - Processing /home/airflow/.local/lib/python3.12/site-packages/airflow/example_dags/example_python_operator.py took 0.146 seconds
[2024-10-07T15:25:23.848+0000] {processor.py:186} INFO - Started process (PID=155) to work on /home/airflow/.local/lib/python3.12/site-packages/airflow/example_dags/example_python_operator.py
[2024-10-07T15:25:23.849+0000] {processor.py:914} INFO - Processing file /home/airflow/.local/lib/python3.12/site-packages/airflow/example_dags/example_python_operator.py for tasks to queue
[2024-10-07T15:25:23.850+0000] {logging_mixin.py:190} INFO - [2024-10-07T15:25:23.850+0000] {dagbag.py:588} INFO - Filling up the DagBag from /home/airflow/.local/lib/python3.12/site-packages/airflow/example_dags/example_python_operator.py
[2024-10-07T15:25:23.860+0000] {processor.py:925} INFO - DAG(s) 'example_python_operator' retrieved from /home/airflow/.local/lib/python3.12/site-packages/airflow/example_dags/example_python_operator.py
[2024-10-07T15:25:23.877+0000] {logging_mixin.py:190} INFO - [2024-10-07T15:25:23.877+0000] {dag.py:3239} INFO - Sync 1 DAGs
[2024-10-07T15:25:23.889+0000] {logging_mixin.py:190} INFO - [2024-10-07T15:25:23.889+0000] {dag.py:4180} INFO - Setting next_dagrun for example_python_operator to None, run_after=None
[2024-10-07T15:25:23.903+0000] {processor.py:208} INFO - Processing /home/airflow/.local/lib/python3.12/site-packages/airflow/example_dags/example_python_operator.py took 0.060 seconds
[2024-10-07T15:25:54.164+0000] {processor.py:186} INFO - Started process (PID=217) to work on /home/airflow/.local/lib/python3.12/site-packages/airflow/example_dags/example_python_operator.py
[2024-10-07T15:25:54.165+0000] {processor.py:914} INFO - Processing file /home/airflow/.local/lib/python3.12/site-packages/airflow/example_dags/example_python_operator.py for tasks to queue
[2024-10-07T15:25:54.166+0000] {logging_mixin.py:190} INFO - [2024-10-07T15:25:54.166+0000] {dagbag.py:588} INFO - Filling up the DagBag from /home/airflow/.local/lib/python3.12/site-packages/airflow/example_dags/example_python_operator.py
[2024-10-07T15:25:54.175+0000] {processor.py:925} INFO - DAG(s) 'example_python_operator' retrieved from /home/airflow/.local/lib/python3.12/site-packages/airflow/example_dags/example_python_operator.py
[2024-10-07T15:25:54.192+0000] {logging_mixin.py:190} INFO - [2024-10-07T15:25:54.191+0000] {dag.py:3239} INFO - Sync 1 DAGs
[2024-10-07T15:25:54.203+0000] {logging_mixin.py:190} INFO - [2024-10-07T15:25:54.202+0000] {dag.py:4180} INFO - Setting next_dagrun for example_python_operator to None, run_after=None
[2024-10-07T15:25:54.216+0000] {processor.py:208} INFO - Processing /home/airflow/.local/lib/python3.12/site-packages/airflow/example_dags/example_python_operator.py took 0.056 seconds
