[2024-10-07T15:21:53.275+0000] {processor.py:186} INFO - Started process (PID=80) to work on /home/airflow/.local/lib/python3.12/site-packages/airflow/example_dags/example_sensors.py
[2024-10-07T15:21:53.275+0000] {processor.py:914} INFO - Processing file /home/airflow/.local/lib/python3.12/site-packages/airflow/example_dags/example_sensors.py for tasks to queue
[2024-10-07T15:21:53.277+0000] {logging_mixin.py:190} INFO - [2024-10-07T15:21:53.277+0000] {dagbag.py:588} INFO - Filling up the DagBag from /home/airflow/.local/lib/python3.12/site-packages/airflow/example_dags/example_sensors.py
[2024-10-07T15:21:53.287+0000] {processor.py:925} INFO - DAG(s) 'example_sensors' retrieved from /home/airflow/.local/lib/python3.12/site-packages/airflow/example_dags/example_sensors.py
[2024-10-07T15:21:53.383+0000] {logging_mixin.py:190} INFO - [2024-10-07T15:21:53.383+0000] {override.py:1900} INFO - Created Permission View: can edit on DAG:example_sensors
[2024-10-07T15:21:53.393+0000] {logging_mixin.py:190} INFO - [2024-10-07T15:21:53.393+0000] {override.py:1900} INFO - Created Permission View: can delete on DAG:example_sensors
[2024-10-07T15:21:53.400+0000] {logging_mixin.py:190} INFO - [2024-10-07T15:21:53.399+0000] {override.py:1900} INFO - Created Permission View: can read on DAG:example_sensors
[2024-10-07T15:21:53.406+0000] {logging_mixin.py:190} INFO - [2024-10-07T15:21:53.406+0000] {override.py:1900} INFO - Created Permission View: can create on DAG Run:example_sensors
[2024-10-07T15:21:53.412+0000] {logging_mixin.py:190} INFO - [2024-10-07T15:21:53.412+0000] {override.py:1900} INFO - Created Permission View: menu access on DAG Run:example_sensors
[2024-10-07T15:21:53.418+0000] {logging_mixin.py:190} INFO - [2024-10-07T15:21:53.418+0000] {override.py:1900} INFO - Created Permission View: can delete on DAG Run:example_sensors
[2024-10-07T15:21:53.423+0000] {logging_mixin.py:190} INFO - [2024-10-07T15:21:53.423+0000] {override.py:1900} INFO - Created Permission View: can read on DAG Run:example_sensors
[2024-10-07T15:21:53.424+0000] {logging_mixin.py:190} INFO - [2024-10-07T15:21:53.424+0000] {dag.py:3239} INFO - Sync 1 DAGs
[2024-10-07T15:21:53.434+0000] {logging_mixin.py:190} INFO - [2024-10-07T15:21:53.434+0000] {dag.py:3262} INFO - Creating ORM DAG for example_sensors
[2024-10-07T15:21:53.435+0000] {logging_mixin.py:190} INFO - [2024-10-07T15:21:53.435+0000] {dag.py:4180} INFO - Setting next_dagrun for example_sensors to None, run_after=None
[2024-10-07T15:21:53.450+0000] {processor.py:208} INFO - Processing /home/airflow/.local/lib/python3.12/site-packages/airflow/example_dags/example_sensors.py took 0.180 seconds
[2024-10-07T15:22:23.534+0000] {processor.py:186} INFO - Started process (PID=142) to work on /home/airflow/.local/lib/python3.12/site-packages/airflow/example_dags/example_sensors.py
[2024-10-07T15:22:23.535+0000] {processor.py:914} INFO - Processing file /home/airflow/.local/lib/python3.12/site-packages/airflow/example_dags/example_sensors.py for tasks to queue
[2024-10-07T15:22:23.537+0000] {logging_mixin.py:190} INFO - [2024-10-07T15:22:23.536+0000] {dagbag.py:588} INFO - Filling up the DagBag from /home/airflow/.local/lib/python3.12/site-packages/airflow/example_dags/example_sensors.py
[2024-10-07T15:22:23.547+0000] {processor.py:925} INFO - DAG(s) 'example_sensors' retrieved from /home/airflow/.local/lib/python3.12/site-packages/airflow/example_dags/example_sensors.py
[2024-10-07T15:22:23.571+0000] {logging_mixin.py:190} INFO - [2024-10-07T15:22:23.570+0000] {dag.py:3239} INFO - Sync 1 DAGs
[2024-10-07T15:22:23.584+0000] {logging_mixin.py:190} INFO - [2024-10-07T15:22:23.583+0000] {dag.py:4180} INFO - Setting next_dagrun for example_sensors to None, run_after=None
[2024-10-07T15:22:23.617+0000] {processor.py:208} INFO - Processing /home/airflow/.local/lib/python3.12/site-packages/airflow/example_dags/example_sensors.py took 0.088 seconds
[2024-10-07T15:24:52.612+0000] {processor.py:186} INFO - Started process (PID=79) to work on /home/airflow/.local/lib/python3.12/site-packages/airflow/example_dags/example_sensors.py
[2024-10-07T15:24:52.613+0000] {processor.py:914} INFO - Processing file /home/airflow/.local/lib/python3.12/site-packages/airflow/example_dags/example_sensors.py for tasks to queue
[2024-10-07T15:24:52.615+0000] {logging_mixin.py:190} INFO - [2024-10-07T15:24:52.615+0000] {dagbag.py:588} INFO - Filling up the DagBag from /home/airflow/.local/lib/python3.12/site-packages/airflow/example_dags/example_sensors.py
[2024-10-07T15:24:52.625+0000] {processor.py:925} INFO - DAG(s) 'example_sensors' retrieved from /home/airflow/.local/lib/python3.12/site-packages/airflow/example_dags/example_sensors.py
[2024-10-07T15:24:52.650+0000] {logging_mixin.py:190} INFO - [2024-10-07T15:24:52.649+0000] {dag.py:3239} INFO - Sync 1 DAGs
[2024-10-07T15:24:52.662+0000] {logging_mixin.py:190} INFO - [2024-10-07T15:24:52.662+0000] {dag.py:4180} INFO - Setting next_dagrun for example_sensors to None, run_after=None
[2024-10-07T15:24:52.680+0000] {processor.py:208} INFO - Processing /home/airflow/.local/lib/python3.12/site-packages/airflow/example_dags/example_sensors.py took 0.072 seconds
[2024-10-07T15:25:23.124+0000] {processor.py:186} INFO - Started process (PID=141) to work on /home/airflow/.local/lib/python3.12/site-packages/airflow/example_dags/example_sensors.py
[2024-10-07T15:25:23.125+0000] {processor.py:914} INFO - Processing file /home/airflow/.local/lib/python3.12/site-packages/airflow/example_dags/example_sensors.py for tasks to queue
[2024-10-07T15:25:23.126+0000] {logging_mixin.py:190} INFO - [2024-10-07T15:25:23.126+0000] {dagbag.py:588} INFO - Filling up the DagBag from /home/airflow/.local/lib/python3.12/site-packages/airflow/example_dags/example_sensors.py
[2024-10-07T15:25:23.135+0000] {processor.py:925} INFO - DAG(s) 'example_sensors' retrieved from /home/airflow/.local/lib/python3.12/site-packages/airflow/example_dags/example_sensors.py
[2024-10-07T15:25:23.155+0000] {logging_mixin.py:190} INFO - [2024-10-07T15:25:23.155+0000] {dag.py:3239} INFO - Sync 1 DAGs
[2024-10-07T15:25:23.166+0000] {logging_mixin.py:190} INFO - [2024-10-07T15:25:23.166+0000] {dag.py:4180} INFO - Setting next_dagrun for example_sensors to None, run_after=None
[2024-10-07T15:25:23.180+0000] {processor.py:208} INFO - Processing /home/airflow/.local/lib/python3.12/site-packages/airflow/example_dags/example_sensors.py took 0.060 seconds
[2024-10-07T15:25:53.449+0000] {processor.py:186} INFO - Started process (PID=203) to work on /home/airflow/.local/lib/python3.12/site-packages/airflow/example_dags/example_sensors.py
[2024-10-07T15:25:53.450+0000] {processor.py:914} INFO - Processing file /home/airflow/.local/lib/python3.12/site-packages/airflow/example_dags/example_sensors.py for tasks to queue
[2024-10-07T15:25:53.452+0000] {logging_mixin.py:190} INFO - [2024-10-07T15:25:53.452+0000] {dagbag.py:588} INFO - Filling up the DagBag from /home/airflow/.local/lib/python3.12/site-packages/airflow/example_dags/example_sensors.py
[2024-10-07T15:25:53.464+0000] {processor.py:925} INFO - DAG(s) 'example_sensors' retrieved from /home/airflow/.local/lib/python3.12/site-packages/airflow/example_dags/example_sensors.py
[2024-10-07T15:25:53.489+0000] {logging_mixin.py:190} INFO - [2024-10-07T15:25:53.489+0000] {dag.py:3239} INFO - Sync 1 DAGs
[2024-10-07T15:25:53.502+0000] {logging_mixin.py:190} INFO - [2024-10-07T15:25:53.502+0000] {dag.py:4180} INFO - Setting next_dagrun for example_sensors to None, run_after=None
[2024-10-07T15:25:53.518+0000] {processor.py:208} INFO - Processing /home/airflow/.local/lib/python3.12/site-packages/airflow/example_dags/example_sensors.py took 0.075 seconds
