[2024-10-07T15:21:54.491+0000] {processor.py:186} INFO - Started process (PID=91) to work on /home/airflow/.local/lib/python3.12/site-packages/airflow/example_dags/example_local_kubernetes_executor.py
[2024-10-07T15:21:54.491+0000] {processor.py:914} INFO - Processing file /home/airflow/.local/lib/python3.12/site-packages/airflow/example_dags/example_local_kubernetes_executor.py for tasks to queue
[2024-10-07T15:21:54.493+0000] {logging_mixin.py:190} INFO - [2024-10-07T15:21:54.493+0000] {dagbag.py:588} INFO - Filling up the DagBag from /home/airflow/.local/lib/python3.12/site-packages/airflow/example_dags/example_local_kubernetes_executor.py
[2024-10-07T15:21:54.500+0000] {processor.py:925} INFO - DAG(s) 'example_local_kubernetes_executor' retrieved from /home/airflow/.local/lib/python3.12/site-packages/airflow/example_dags/example_local_kubernetes_executor.py
[2024-10-07T15:21:54.589+0000] {logging_mixin.py:190} INFO - [2024-10-07T15:21:54.588+0000] {override.py:1900} INFO - Created Permission View: can edit on DAG:example_local_kubernetes_executor
[2024-10-07T15:21:54.595+0000] {logging_mixin.py:190} INFO - [2024-10-07T15:21:54.595+0000] {override.py:1900} INFO - Created Permission View: can delete on DAG:example_local_kubernetes_executor
[2024-10-07T15:21:54.600+0000] {logging_mixin.py:190} INFO - [2024-10-07T15:21:54.599+0000] {override.py:1900} INFO - Created Permission View: can read on DAG:example_local_kubernetes_executor
[2024-10-07T15:21:54.605+0000] {logging_mixin.py:190} INFO - [2024-10-07T15:21:54.605+0000] {override.py:1900} INFO - Created Permission View: can create on DAG Run:example_local_kubernetes_executor
[2024-10-07T15:21:54.609+0000] {logging_mixin.py:190} INFO - [2024-10-07T15:21:54.609+0000] {override.py:1900} INFO - Created Permission View: menu access on DAG Run:example_local_kubernetes_executor
[2024-10-07T15:21:54.614+0000] {logging_mixin.py:190} INFO - [2024-10-07T15:21:54.614+0000] {override.py:1900} INFO - Created Permission View: can delete on DAG Run:example_local_kubernetes_executor
[2024-10-07T15:21:54.619+0000] {logging_mixin.py:190} INFO - [2024-10-07T15:21:54.619+0000] {override.py:1900} INFO - Created Permission View: can read on DAG Run:example_local_kubernetes_executor
[2024-10-07T15:21:54.620+0000] {logging_mixin.py:190} INFO - [2024-10-07T15:21:54.619+0000] {dag.py:3239} INFO - Sync 1 DAGs
[2024-10-07T15:21:54.631+0000] {logging_mixin.py:190} INFO - [2024-10-07T15:21:54.631+0000] {dag.py:3262} INFO - Creating ORM DAG for example_local_kubernetes_executor
[2024-10-07T15:21:54.632+0000] {logging_mixin.py:190} INFO - [2024-10-07T15:21:54.632+0000] {dag.py:4180} INFO - Setting next_dagrun for example_local_kubernetes_executor to None, run_after=None
[2024-10-07T15:21:54.644+0000] {processor.py:208} INFO - Processing /home/airflow/.local/lib/python3.12/site-packages/airflow/example_dags/example_local_kubernetes_executor.py took 0.158 seconds
[2024-10-07T15:22:25.290+0000] {processor.py:186} INFO - Started process (PID=153) to work on /home/airflow/.local/lib/python3.12/site-packages/airflow/example_dags/example_local_kubernetes_executor.py
[2024-10-07T15:22:25.290+0000] {processor.py:914} INFO - Processing file /home/airflow/.local/lib/python3.12/site-packages/airflow/example_dags/example_local_kubernetes_executor.py for tasks to queue
[2024-10-07T15:22:25.292+0000] {logging_mixin.py:190} INFO - [2024-10-07T15:22:25.292+0000] {dagbag.py:588} INFO - Filling up the DagBag from /home/airflow/.local/lib/python3.12/site-packages/airflow/example_dags/example_local_kubernetes_executor.py
[2024-10-07T15:22:25.301+0000] {processor.py:925} INFO - DAG(s) 'example_local_kubernetes_executor' retrieved from /home/airflow/.local/lib/python3.12/site-packages/airflow/example_dags/example_local_kubernetes_executor.py
[2024-10-07T15:22:25.335+0000] {logging_mixin.py:190} INFO - [2024-10-07T15:22:25.335+0000] {dag.py:3239} INFO - Sync 1 DAGs
[2024-10-07T15:22:25.354+0000] {logging_mixin.py:190} INFO - [2024-10-07T15:22:25.354+0000] {dag.py:4180} INFO - Setting next_dagrun for example_local_kubernetes_executor to None, run_after=None
[2024-10-07T15:22:25.376+0000] {processor.py:208} INFO - Processing /home/airflow/.local/lib/python3.12/site-packages/airflow/example_dags/example_local_kubernetes_executor.py took 0.092 seconds
[2024-10-07T15:24:53.193+0000] {processor.py:186} INFO - Started process (PID=90) to work on /home/airflow/.local/lib/python3.12/site-packages/airflow/example_dags/example_local_kubernetes_executor.py
[2024-10-07T15:24:53.194+0000] {processor.py:914} INFO - Processing file /home/airflow/.local/lib/python3.12/site-packages/airflow/example_dags/example_local_kubernetes_executor.py for tasks to queue
[2024-10-07T15:24:53.196+0000] {logging_mixin.py:190} INFO - [2024-10-07T15:24:53.195+0000] {dagbag.py:588} INFO - Filling up the DagBag from /home/airflow/.local/lib/python3.12/site-packages/airflow/example_dags/example_local_kubernetes_executor.py
[2024-10-07T15:24:53.204+0000] {processor.py:925} INFO - DAG(s) 'example_local_kubernetes_executor' retrieved from /home/airflow/.local/lib/python3.12/site-packages/airflow/example_dags/example_local_kubernetes_executor.py
[2024-10-07T15:24:53.234+0000] {logging_mixin.py:190} INFO - [2024-10-07T15:24:53.234+0000] {dag.py:3239} INFO - Sync 1 DAGs
[2024-10-07T15:24:53.248+0000] {logging_mixin.py:190} INFO - [2024-10-07T15:24:53.248+0000] {dag.py:4180} INFO - Setting next_dagrun for example_local_kubernetes_executor to None, run_after=None
[2024-10-07T15:24:53.266+0000] {processor.py:208} INFO - Processing /home/airflow/.local/lib/python3.12/site-packages/airflow/example_dags/example_local_kubernetes_executor.py took 0.078 seconds
[2024-10-07T15:25:23.698+0000] {processor.py:186} INFO - Started process (PID=152) to work on /home/airflow/.local/lib/python3.12/site-packages/airflow/example_dags/example_local_kubernetes_executor.py
[2024-10-07T15:25:23.699+0000] {processor.py:914} INFO - Processing file /home/airflow/.local/lib/python3.12/site-packages/airflow/example_dags/example_local_kubernetes_executor.py for tasks to queue
[2024-10-07T15:25:23.701+0000] {logging_mixin.py:190} INFO - [2024-10-07T15:25:23.700+0000] {dagbag.py:588} INFO - Filling up the DagBag from /home/airflow/.local/lib/python3.12/site-packages/airflow/example_dags/example_local_kubernetes_executor.py
[2024-10-07T15:25:23.708+0000] {processor.py:925} INFO - DAG(s) 'example_local_kubernetes_executor' retrieved from /home/airflow/.local/lib/python3.12/site-packages/airflow/example_dags/example_local_kubernetes_executor.py
[2024-10-07T15:25:23.733+0000] {logging_mixin.py:190} INFO - [2024-10-07T15:25:23.733+0000] {dag.py:3239} INFO - Sync 1 DAGs
[2024-10-07T15:25:23.744+0000] {logging_mixin.py:190} INFO - [2024-10-07T15:25:23.744+0000] {dag.py:4180} INFO - Setting next_dagrun for example_local_kubernetes_executor to None, run_after=None
[2024-10-07T15:25:23.758+0000] {processor.py:208} INFO - Processing /home/airflow/.local/lib/python3.12/site-packages/airflow/example_dags/example_local_kubernetes_executor.py took 0.065 seconds
[2024-10-07T15:25:54.008+0000] {processor.py:186} INFO - Started process (PID=214) to work on /home/airflow/.local/lib/python3.12/site-packages/airflow/example_dags/example_local_kubernetes_executor.py
[2024-10-07T15:25:54.009+0000] {processor.py:914} INFO - Processing file /home/airflow/.local/lib/python3.12/site-packages/airflow/example_dags/example_local_kubernetes_executor.py for tasks to queue
[2024-10-07T15:25:54.011+0000] {logging_mixin.py:190} INFO - [2024-10-07T15:25:54.010+0000] {dagbag.py:588} INFO - Filling up the DagBag from /home/airflow/.local/lib/python3.12/site-packages/airflow/example_dags/example_local_kubernetes_executor.py
[2024-10-07T15:25:54.019+0000] {processor.py:925} INFO - DAG(s) 'example_local_kubernetes_executor' retrieved from /home/airflow/.local/lib/python3.12/site-packages/airflow/example_dags/example_local_kubernetes_executor.py
[2024-10-07T15:25:54.045+0000] {logging_mixin.py:190} INFO - [2024-10-07T15:25:54.045+0000] {dag.py:3239} INFO - Sync 1 DAGs
[2024-10-07T15:25:54.056+0000] {logging_mixin.py:190} INFO - [2024-10-07T15:25:54.056+0000] {dag.py:4180} INFO - Setting next_dagrun for example_local_kubernetes_executor to None, run_after=None
[2024-10-07T15:25:54.071+0000] {processor.py:208} INFO - Processing /home/airflow/.local/lib/python3.12/site-packages/airflow/example_dags/example_local_kubernetes_executor.py took 0.068 seconds
