[2024-10-07T15:21:52.538+0000] {processor.py:186} INFO - Started process (PID=68) to work on /home/airflow/.local/lib/python3.12/site-packages/airflow/example_dags/example_latest_only_with_trigger.py
[2024-10-07T15:21:52.539+0000] {processor.py:914} INFO - Processing file /home/airflow/.local/lib/python3.12/site-packages/airflow/example_dags/example_latest_only_with_trigger.py for tasks to queue
[2024-10-07T15:21:52.542+0000] {logging_mixin.py:190} INFO - [2024-10-07T15:21:52.541+0000] {dagbag.py:588} INFO - Filling up the DagBag from /home/airflow/.local/lib/python3.12/site-packages/airflow/example_dags/example_latest_only_with_trigger.py
[2024-10-07T15:21:52.548+0000] {processor.py:925} INFO - DAG(s) 'latest_only_with_trigger' retrieved from /home/airflow/.local/lib/python3.12/site-packages/airflow/example_dags/example_latest_only_with_trigger.py
[2024-10-07T15:21:52.655+0000] {logging_mixin.py:190} INFO - [2024-10-07T15:21:52.655+0000] {override.py:1900} INFO - Created Permission View: can edit on DAG:latest_only_with_trigger
[2024-10-07T15:21:52.664+0000] {logging_mixin.py:190} INFO - [2024-10-07T15:21:52.664+0000] {override.py:1900} INFO - Created Permission View: can delete on DAG:latest_only_with_trigger
[2024-10-07T15:21:52.670+0000] {logging_mixin.py:190} INFO - [2024-10-07T15:21:52.670+0000] {override.py:1900} INFO - Created Permission View: can read on DAG:latest_only_with_trigger
[2024-10-07T15:21:52.676+0000] {logging_mixin.py:190} INFO - [2024-10-07T15:21:52.675+0000] {override.py:1900} INFO - Created Permission View: can create on DAG Run:latest_only_with_trigger
[2024-10-07T15:21:52.681+0000] {logging_mixin.py:190} INFO - [2024-10-07T15:21:52.680+0000] {override.py:1900} INFO - Created Permission View: menu access on DAG Run:latest_only_with_trigger
[2024-10-07T15:21:52.685+0000] {logging_mixin.py:190} INFO - [2024-10-07T15:21:52.685+0000] {override.py:1900} INFO - Created Permission View: can delete on DAG Run:latest_only_with_trigger
[2024-10-07T15:21:52.691+0000] {logging_mixin.py:190} INFO - [2024-10-07T15:21:52.690+0000] {override.py:1900} INFO - Created Permission View: can read on DAG Run:latest_only_with_trigger
[2024-10-07T15:21:52.691+0000] {logging_mixin.py:190} INFO - [2024-10-07T15:21:52.691+0000] {dag.py:3239} INFO - Sync 1 DAGs
[2024-10-07T15:21:52.700+0000] {logging_mixin.py:190} INFO - [2024-10-07T15:21:52.700+0000] {dag.py:3262} INFO - Creating ORM DAG for latest_only_with_trigger
[2024-10-07T15:21:52.708+0000] {logging_mixin.py:190} INFO - [2024-10-07T15:21:52.708+0000] {dag.py:4180} INFO - Setting next_dagrun for latest_only_with_trigger to 2024-10-07 08:00:00+00:00, run_after=2024-10-07 12:00:00+00:00
[2024-10-07T15:21:52.722+0000] {processor.py:208} INFO - Processing /home/airflow/.local/lib/python3.12/site-packages/airflow/example_dags/example_latest_only_with_trigger.py took 0.188 seconds
[2024-10-07T15:22:22.785+0000] {processor.py:186} INFO - Started process (PID=129) to work on /home/airflow/.local/lib/python3.12/site-packages/airflow/example_dags/example_latest_only_with_trigger.py
[2024-10-07T15:22:22.785+0000] {processor.py:914} INFO - Processing file /home/airflow/.local/lib/python3.12/site-packages/airflow/example_dags/example_latest_only_with_trigger.py for tasks to queue
[2024-10-07T15:22:22.788+0000] {logging_mixin.py:190} INFO - [2024-10-07T15:22:22.787+0000] {dagbag.py:588} INFO - Filling up the DagBag from /home/airflow/.local/lib/python3.12/site-packages/airflow/example_dags/example_latest_only_with_trigger.py
[2024-10-07T15:22:22.795+0000] {processor.py:925} INFO - DAG(s) 'latest_only_with_trigger' retrieved from /home/airflow/.local/lib/python3.12/site-packages/airflow/example_dags/example_latest_only_with_trigger.py
[2024-10-07T15:22:22.816+0000] {logging_mixin.py:190} INFO - [2024-10-07T15:22:22.816+0000] {dag.py:3239} INFO - Sync 1 DAGs
[2024-10-07T15:22:22.842+0000] {logging_mixin.py:190} INFO - [2024-10-07T15:22:22.842+0000] {dag.py:4180} INFO - Setting next_dagrun for latest_only_with_trigger to 2024-10-07 08:00:00+00:00, run_after=2024-10-07 12:00:00+00:00
[2024-10-07T15:22:22.875+0000] {processor.py:208} INFO - Processing /home/airflow/.local/lib/python3.12/site-packages/airflow/example_dags/example_latest_only_with_trigger.py took 0.095 seconds
[2024-10-07T15:24:52.209+0000] {processor.py:186} INFO - Started process (PID=67) to work on /home/airflow/.local/lib/python3.12/site-packages/airflow/example_dags/example_latest_only_with_trigger.py
[2024-10-07T15:24:52.209+0000] {processor.py:914} INFO - Processing file /home/airflow/.local/lib/python3.12/site-packages/airflow/example_dags/example_latest_only_with_trigger.py for tasks to queue
[2024-10-07T15:24:52.215+0000] {logging_mixin.py:190} INFO - [2024-10-07T15:24:52.214+0000] {dagbag.py:588} INFO - Filling up the DagBag from /home/airflow/.local/lib/python3.12/site-packages/airflow/example_dags/example_latest_only_with_trigger.py
[2024-10-07T15:24:52.222+0000] {processor.py:925} INFO - DAG(s) 'latest_only_with_trigger' retrieved from /home/airflow/.local/lib/python3.12/site-packages/airflow/example_dags/example_latest_only_with_trigger.py
[2024-10-07T15:24:52.243+0000] {logging_mixin.py:190} INFO - [2024-10-07T15:24:52.243+0000] {dag.py:3239} INFO - Sync 1 DAGs
[2024-10-07T15:24:52.263+0000] {logging_mixin.py:190} INFO - [2024-10-07T15:24:52.262+0000] {dag.py:4180} INFO - Setting next_dagrun for latest_only_with_trigger to 2024-10-07 08:00:00+00:00, run_after=2024-10-07 12:00:00+00:00
[2024-10-07T15:24:52.278+0000] {processor.py:208} INFO - Processing /home/airflow/.local/lib/python3.12/site-packages/airflow/example_dags/example_latest_only_with_trigger.py took 0.075 seconds
[2024-10-07T15:25:22.877+0000] {processor.py:186} INFO - Started process (PID=135) to work on /home/airflow/.local/lib/python3.12/site-packages/airflow/example_dags/example_latest_only_with_trigger.py
[2024-10-07T15:25:22.877+0000] {processor.py:914} INFO - Processing file /home/airflow/.local/lib/python3.12/site-packages/airflow/example_dags/example_latest_only_with_trigger.py for tasks to queue
[2024-10-07T15:25:22.879+0000] {logging_mixin.py:190} INFO - [2024-10-07T15:25:22.879+0000] {dagbag.py:588} INFO - Filling up the DagBag from /home/airflow/.local/lib/python3.12/site-packages/airflow/example_dags/example_latest_only_with_trigger.py
[2024-10-07T15:25:22.885+0000] {processor.py:925} INFO - DAG(s) 'latest_only_with_trigger' retrieved from /home/airflow/.local/lib/python3.12/site-packages/airflow/example_dags/example_latest_only_with_trigger.py
[2024-10-07T15:25:22.903+0000] {logging_mixin.py:190} INFO - [2024-10-07T15:25:22.903+0000] {dag.py:3239} INFO - Sync 1 DAGs
[2024-10-07T15:25:22.920+0000] {logging_mixin.py:190} INFO - [2024-10-07T15:25:22.920+0000] {dag.py:4180} INFO - Setting next_dagrun for latest_only_with_trigger to 2024-10-07 08:00:00+00:00, run_after=2024-10-07 12:00:00+00:00
[2024-10-07T15:25:22.934+0000] {processor.py:208} INFO - Processing /home/airflow/.local/lib/python3.12/site-packages/airflow/example_dags/example_latest_only_with_trigger.py took 0.062 seconds
[2024-10-07T15:25:53.070+0000] {processor.py:186} INFO - Started process (PID=197) to work on /home/airflow/.local/lib/python3.12/site-packages/airflow/example_dags/example_latest_only_with_trigger.py
[2024-10-07T15:25:53.071+0000] {processor.py:914} INFO - Processing file /home/airflow/.local/lib/python3.12/site-packages/airflow/example_dags/example_latest_only_with_trigger.py for tasks to queue
[2024-10-07T15:25:53.072+0000] {logging_mixin.py:190} INFO - [2024-10-07T15:25:53.072+0000] {dagbag.py:588} INFO - Filling up the DagBag from /home/airflow/.local/lib/python3.12/site-packages/airflow/example_dags/example_latest_only_with_trigger.py
[2024-10-07T15:25:53.078+0000] {processor.py:925} INFO - DAG(s) 'latest_only_with_trigger' retrieved from /home/airflow/.local/lib/python3.12/site-packages/airflow/example_dags/example_latest_only_with_trigger.py
[2024-10-07T15:25:53.095+0000] {logging_mixin.py:190} INFO - [2024-10-07T15:25:53.095+0000] {dag.py:3239} INFO - Sync 1 DAGs
[2024-10-07T15:25:53.115+0000] {logging_mixin.py:190} INFO - [2024-10-07T15:25:53.115+0000] {dag.py:4180} INFO - Setting next_dagrun for latest_only_with_trigger to 2024-10-07 08:00:00+00:00, run_after=2024-10-07 12:00:00+00:00
[2024-10-07T15:25:53.130+0000] {processor.py:208} INFO - Processing /home/airflow/.local/lib/python3.12/site-packages/airflow/example_dags/example_latest_only_with_trigger.py took 0.064 seconds
