[2024-10-07T15:21:57.126+0000] {processor.py:186} INFO - Started process (PID=113) to work on /home/airflow/.local/lib/python3.12/site-packages/airflow/example_dags/example_params_ui_tutorial.py
[2024-10-07T15:21:57.127+0000] {processor.py:914} INFO - Processing file /home/airflow/.local/lib/python3.12/site-packages/airflow/example_dags/example_params_ui_tutorial.py for tasks to queue
[2024-10-07T15:21:57.129+0000] {logging_mixin.py:190} INFO - [2024-10-07T15:21:57.128+0000] {dagbag.py:588} INFO - Filling up the DagBag from /home/airflow/.local/lib/python3.12/site-packages/airflow/example_dags/example_params_ui_tutorial.py
[2024-10-07T15:21:57.137+0000] {processor.py:925} INFO - DAG(s) 'example_params_ui_tutorial' retrieved from /home/airflow/.local/lib/python3.12/site-packages/airflow/example_dags/example_params_ui_tutorial.py
[2024-10-07T15:21:57.245+0000] {logging_mixin.py:190} INFO - [2024-10-07T15:21:57.245+0000] {override.py:1900} INFO - Created Permission View: can edit on DAG:example_params_ui_tutorial
[2024-10-07T15:21:57.253+0000] {logging_mixin.py:190} INFO - [2024-10-07T15:21:57.253+0000] {override.py:1900} INFO - Created Permission View: can delete on DAG:example_params_ui_tutorial
[2024-10-07T15:21:57.259+0000] {logging_mixin.py:190} INFO - [2024-10-07T15:21:57.258+0000] {override.py:1900} INFO - Created Permission View: can read on DAG:example_params_ui_tutorial
[2024-10-07T15:21:57.265+0000] {logging_mixin.py:190} INFO - [2024-10-07T15:21:57.265+0000] {override.py:1900} INFO - Created Permission View: can create on DAG Run:example_params_ui_tutorial
[2024-10-07T15:21:57.270+0000] {logging_mixin.py:190} INFO - [2024-10-07T15:21:57.270+0000] {override.py:1900} INFO - Created Permission View: menu access on DAG Run:example_params_ui_tutorial
[2024-10-07T15:21:57.275+0000] {logging_mixin.py:190} INFO - [2024-10-07T15:21:57.275+0000] {override.py:1900} INFO - Created Permission View: can delete on DAG Run:example_params_ui_tutorial
[2024-10-07T15:21:57.281+0000] {logging_mixin.py:190} INFO - [2024-10-07T15:21:57.280+0000] {override.py:1900} INFO - Created Permission View: can read on DAG Run:example_params_ui_tutorial
[2024-10-07T15:21:57.281+0000] {logging_mixin.py:190} INFO - [2024-10-07T15:21:57.281+0000] {dag.py:3239} INFO - Sync 1 DAGs
[2024-10-07T15:21:57.292+0000] {logging_mixin.py:190} INFO - [2024-10-07T15:21:57.292+0000] {dag.py:3262} INFO - Creating ORM DAG for example_params_ui_tutorial
[2024-10-07T15:21:57.293+0000] {logging_mixin.py:190} INFO - [2024-10-07T15:21:57.293+0000] {dag.py:4180} INFO - Setting next_dagrun for example_params_ui_tutorial to None, run_after=None
[2024-10-07T15:21:57.307+0000] {processor.py:208} INFO - Processing /home/airflow/.local/lib/python3.12/site-packages/airflow/example_dags/example_params_ui_tutorial.py took 0.185 seconds
[2024-10-07T15:22:27.508+0000] {processor.py:186} INFO - Started process (PID=175) to work on /home/airflow/.local/lib/python3.12/site-packages/airflow/example_dags/example_params_ui_tutorial.py
[2024-10-07T15:22:27.509+0000] {processor.py:914} INFO - Processing file /home/airflow/.local/lib/python3.12/site-packages/airflow/example_dags/example_params_ui_tutorial.py for tasks to queue
[2024-10-07T15:22:27.511+0000] {logging_mixin.py:190} INFO - [2024-10-07T15:22:27.510+0000] {dagbag.py:588} INFO - Filling up the DagBag from /home/airflow/.local/lib/python3.12/site-packages/airflow/example_dags/example_params_ui_tutorial.py
[2024-10-07T15:22:27.517+0000] {processor.py:925} INFO - DAG(s) 'example_params_ui_tutorial' retrieved from /home/airflow/.local/lib/python3.12/site-packages/airflow/example_dags/example_params_ui_tutorial.py
[2024-10-07T15:22:27.552+0000] {logging_mixin.py:190} INFO - [2024-10-07T15:22:27.552+0000] {dag.py:3239} INFO - Sync 1 DAGs
[2024-10-07T15:22:27.565+0000] {logging_mixin.py:190} INFO - [2024-10-07T15:22:27.565+0000] {dag.py:4180} INFO - Setting next_dagrun for example_params_ui_tutorial to None, run_after=None
[2024-10-07T15:22:27.581+0000] {processor.py:208} INFO - Processing /home/airflow/.local/lib/python3.12/site-packages/airflow/example_dags/example_params_ui_tutorial.py took 0.078 seconds
[2024-10-07T15:24:54.513+0000] {processor.py:186} INFO - Started process (PID=112) to work on /home/airflow/.local/lib/python3.12/site-packages/airflow/example_dags/example_params_ui_tutorial.py
[2024-10-07T15:24:54.513+0000] {processor.py:914} INFO - Processing file /home/airflow/.local/lib/python3.12/site-packages/airflow/example_dags/example_params_ui_tutorial.py for tasks to queue
[2024-10-07T15:24:54.515+0000] {logging_mixin.py:190} INFO - [2024-10-07T15:24:54.515+0000] {dagbag.py:588} INFO - Filling up the DagBag from /home/airflow/.local/lib/python3.12/site-packages/airflow/example_dags/example_params_ui_tutorial.py
[2024-10-07T15:24:54.523+0000] {processor.py:925} INFO - DAG(s) 'example_params_ui_tutorial' retrieved from /home/airflow/.local/lib/python3.12/site-packages/airflow/example_dags/example_params_ui_tutorial.py
[2024-10-07T15:24:54.557+0000] {logging_mixin.py:190} INFO - [2024-10-07T15:24:54.557+0000] {dag.py:3239} INFO - Sync 1 DAGs
[2024-10-07T15:24:54.569+0000] {logging_mixin.py:190} INFO - [2024-10-07T15:24:54.569+0000] {dag.py:4180} INFO - Setting next_dagrun for example_params_ui_tutorial to None, run_after=None
[2024-10-07T15:24:54.584+0000] {processor.py:208} INFO - Processing /home/airflow/.local/lib/python3.12/site-packages/airflow/example_dags/example_params_ui_tutorial.py took 0.077 seconds
[2024-10-07T15:25:24.789+0000] {processor.py:186} INFO - Started process (PID=174) to work on /home/airflow/.local/lib/python3.12/site-packages/airflow/example_dags/example_params_ui_tutorial.py
[2024-10-07T15:25:24.789+0000] {processor.py:914} INFO - Processing file /home/airflow/.local/lib/python3.12/site-packages/airflow/example_dags/example_params_ui_tutorial.py for tasks to queue
[2024-10-07T15:25:24.791+0000] {logging_mixin.py:190} INFO - [2024-10-07T15:25:24.791+0000] {dagbag.py:588} INFO - Filling up the DagBag from /home/airflow/.local/lib/python3.12/site-packages/airflow/example_dags/example_params_ui_tutorial.py
[2024-10-07T15:25:24.797+0000] {processor.py:925} INFO - DAG(s) 'example_params_ui_tutorial' retrieved from /home/airflow/.local/lib/python3.12/site-packages/airflow/example_dags/example_params_ui_tutorial.py
[2024-10-07T15:25:24.830+0000] {logging_mixin.py:190} INFO - [2024-10-07T15:25:24.830+0000] {dag.py:3239} INFO - Sync 1 DAGs
[2024-10-07T15:25:24.841+0000] {logging_mixin.py:190} INFO - [2024-10-07T15:25:24.841+0000] {dag.py:4180} INFO - Setting next_dagrun for example_params_ui_tutorial to None, run_after=None
[2024-10-07T15:25:24.856+0000] {processor.py:208} INFO - Processing /home/airflow/.local/lib/python3.12/site-packages/airflow/example_dags/example_params_ui_tutorial.py took 0.072 seconds
[2024-10-07T15:25:55.098+0000] {processor.py:186} INFO - Started process (PID=236) to work on /home/airflow/.local/lib/python3.12/site-packages/airflow/example_dags/example_params_ui_tutorial.py
[2024-10-07T15:25:55.099+0000] {processor.py:914} INFO - Processing file /home/airflow/.local/lib/python3.12/site-packages/airflow/example_dags/example_params_ui_tutorial.py for tasks to queue
[2024-10-07T15:25:55.101+0000] {logging_mixin.py:190} INFO - [2024-10-07T15:25:55.101+0000] {dagbag.py:588} INFO - Filling up the DagBag from /home/airflow/.local/lib/python3.12/site-packages/airflow/example_dags/example_params_ui_tutorial.py
[2024-10-07T15:25:55.107+0000] {processor.py:925} INFO - DAG(s) 'example_params_ui_tutorial' retrieved from /home/airflow/.local/lib/python3.12/site-packages/airflow/example_dags/example_params_ui_tutorial.py
[2024-10-07T15:25:55.141+0000] {logging_mixin.py:190} INFO - [2024-10-07T15:25:55.141+0000] {dag.py:3239} INFO - Sync 1 DAGs
[2024-10-07T15:25:55.153+0000] {logging_mixin.py:190} INFO - [2024-10-07T15:25:55.152+0000] {dag.py:4180} INFO - Setting next_dagrun for example_params_ui_tutorial to None, run_after=None
[2024-10-07T15:25:55.165+0000] {processor.py:208} INFO - Processing /home/airflow/.local/lib/python3.12/site-packages/airflow/example_dags/example_params_ui_tutorial.py took 0.071 seconds
