[2024-10-07T15:21:53.591+0000] {processor.py:186} INFO - Started process (PID=83) to work on /home/airflow/.local/lib/python3.12/site-packages/airflow/example_dags/example_workday_timetable.py
[2024-10-07T15:21:53.592+0000] {processor.py:914} INFO - Processing file /home/airflow/.local/lib/python3.12/site-packages/airflow/example_dags/example_workday_timetable.py for tasks to queue
[2024-10-07T15:21:53.594+0000] {logging_mixin.py:190} INFO - [2024-10-07T15:21:53.593+0000] {dagbag.py:588} INFO - Filling up the DagBag from /home/airflow/.local/lib/python3.12/site-packages/airflow/example_dags/example_workday_timetable.py
[2024-10-07T15:21:53.599+0000] {processor.py:925} INFO - DAG(s) 'example_workday_timetable' retrieved from /home/airflow/.local/lib/python3.12/site-packages/airflow/example_dags/example_workday_timetable.py
[2024-10-07T15:21:53.690+0000] {logging_mixin.py:190} INFO - [2024-10-07T15:21:53.689+0000] {override.py:1900} INFO - Created Permission View: can edit on DAG:example_workday_timetable
[2024-10-07T15:21:53.698+0000] {logging_mixin.py:190} INFO - [2024-10-07T15:21:53.698+0000] {override.py:1900} INFO - Created Permission View: can delete on DAG:example_workday_timetable
[2024-10-07T15:21:53.705+0000] {logging_mixin.py:190} INFO - [2024-10-07T15:21:53.704+0000] {override.py:1900} INFO - Created Permission View: can read on DAG:example_workday_timetable
[2024-10-07T15:21:53.712+0000] {logging_mixin.py:190} INFO - [2024-10-07T15:21:53.712+0000] {override.py:1900} INFO - Created Permission View: can create on DAG Run:example_workday_timetable
[2024-10-07T15:21:53.720+0000] {logging_mixin.py:190} INFO - [2024-10-07T15:21:53.720+0000] {override.py:1900} INFO - Created Permission View: menu access on DAG Run:example_workday_timetable
[2024-10-07T15:21:53.726+0000] {logging_mixin.py:190} INFO - [2024-10-07T15:21:53.726+0000] {override.py:1900} INFO - Created Permission View: can delete on DAG Run:example_workday_timetable
[2024-10-07T15:21:53.732+0000] {logging_mixin.py:190} INFO - [2024-10-07T15:21:53.732+0000] {override.py:1900} INFO - Created Permission View: can read on DAG Run:example_workday_timetable
[2024-10-07T15:21:53.733+0000] {logging_mixin.py:190} INFO - [2024-10-07T15:21:53.733+0000] {dag.py:3239} INFO - Sync 1 DAGs
[2024-10-07T15:21:53.743+0000] {logging_mixin.py:190} INFO - [2024-10-07T15:21:53.743+0000] {dag.py:3262} INFO - Creating ORM DAG for example_workday_timetable
[2024-10-07T15:21:53.790+0000] {logging_mixin.py:190} INFO - [2024-10-07T15:21:53.790+0000] {dag.py:4180} INFO - Setting next_dagrun for example_workday_timetable to 2021-01-04 00:00:00+00:00, run_after=2021-01-05 00:00:00+00:00
[2024-10-07T15:21:53.806+0000] {processor.py:208} INFO - Processing /home/airflow/.local/lib/python3.12/site-packages/airflow/example_dags/example_workday_timetable.py took 0.219 seconds
[2024-10-07T15:22:24.748+0000] {processor.py:186} INFO - Started process (PID=145) to work on /home/airflow/.local/lib/python3.12/site-packages/airflow/example_dags/example_workday_timetable.py
[2024-10-07T15:22:24.749+0000] {processor.py:914} INFO - Processing file /home/airflow/.local/lib/python3.12/site-packages/airflow/example_dags/example_workday_timetable.py for tasks to queue
[2024-10-07T15:22:24.751+0000] {logging_mixin.py:190} INFO - [2024-10-07T15:22:24.751+0000] {dagbag.py:588} INFO - Filling up the DagBag from /home/airflow/.local/lib/python3.12/site-packages/airflow/example_dags/example_workday_timetable.py
[2024-10-07T15:22:24.758+0000] {processor.py:925} INFO - DAG(s) 'example_workday_timetable' retrieved from /home/airflow/.local/lib/python3.12/site-packages/airflow/example_dags/example_workday_timetable.py
[2024-10-07T15:22:24.778+0000] {logging_mixin.py:190} INFO - [2024-10-07T15:22:24.778+0000] {dag.py:3239} INFO - Sync 1 DAGs
[2024-10-07T15:22:24.859+0000] {logging_mixin.py:190} INFO - [2024-10-07T15:22:24.859+0000] {dag.py:4180} INFO - Setting next_dagrun for example_workday_timetable to 2021-01-04 00:00:00+00:00, run_after=2021-01-05 00:00:00+00:00
[2024-10-07T15:22:24.882+0000] {processor.py:208} INFO - Processing /home/airflow/.local/lib/python3.12/site-packages/airflow/example_dags/example_workday_timetable.py took 0.141 seconds
[2024-10-07T15:24:52.749+0000] {processor.py:186} INFO - Started process (PID=82) to work on /home/airflow/.local/lib/python3.12/site-packages/airflow/example_dags/example_workday_timetable.py
[2024-10-07T15:24:52.750+0000] {processor.py:914} INFO - Processing file /home/airflow/.local/lib/python3.12/site-packages/airflow/example_dags/example_workday_timetable.py for tasks to queue
[2024-10-07T15:24:52.752+0000] {logging_mixin.py:190} INFO - [2024-10-07T15:24:52.752+0000] {dagbag.py:588} INFO - Filling up the DagBag from /home/airflow/.local/lib/python3.12/site-packages/airflow/example_dags/example_workday_timetable.py
[2024-10-07T15:24:52.758+0000] {processor.py:925} INFO - DAG(s) 'example_workday_timetable' retrieved from /home/airflow/.local/lib/python3.12/site-packages/airflow/example_dags/example_workday_timetable.py
[2024-10-07T15:24:52.777+0000] {logging_mixin.py:190} INFO - [2024-10-07T15:24:52.777+0000] {dag.py:3239} INFO - Sync 1 DAGs
[2024-10-07T15:24:52.834+0000] {logging_mixin.py:190} INFO - [2024-10-07T15:24:52.834+0000] {dag.py:4180} INFO - Setting next_dagrun for example_workday_timetable to 2021-01-04 00:00:00+00:00, run_after=2021-01-05 00:00:00+00:00
[2024-10-07T15:24:52.851+0000] {processor.py:208} INFO - Processing /home/airflow/.local/lib/python3.12/site-packages/airflow/example_dags/example_workday_timetable.py took 0.106 seconds
[2024-10-07T15:25:23.291+0000] {processor.py:186} INFO - Started process (PID=144) to work on /home/airflow/.local/lib/python3.12/site-packages/airflow/example_dags/example_workday_timetable.py
[2024-10-07T15:25:23.292+0000] {processor.py:914} INFO - Processing file /home/airflow/.local/lib/python3.12/site-packages/airflow/example_dags/example_workday_timetable.py for tasks to queue
[2024-10-07T15:25:23.294+0000] {logging_mixin.py:190} INFO - [2024-10-07T15:25:23.293+0000] {dagbag.py:588} INFO - Filling up the DagBag from /home/airflow/.local/lib/python3.12/site-packages/airflow/example_dags/example_workday_timetable.py
[2024-10-07T15:25:23.298+0000] {processor.py:925} INFO - DAG(s) 'example_workday_timetable' retrieved from /home/airflow/.local/lib/python3.12/site-packages/airflow/example_dags/example_workday_timetable.py
[2024-10-07T15:25:23.314+0000] {logging_mixin.py:190} INFO - [2024-10-07T15:25:23.313+0000] {dag.py:3239} INFO - Sync 1 DAGs
[2024-10-07T15:25:23.364+0000] {logging_mixin.py:190} INFO - [2024-10-07T15:25:23.364+0000] {dag.py:4180} INFO - Setting next_dagrun for example_workday_timetable to 2021-01-04 00:00:00+00:00, run_after=2021-01-05 00:00:00+00:00
[2024-10-07T15:25:23.378+0000] {processor.py:208} INFO - Processing /home/airflow/.local/lib/python3.12/site-packages/airflow/example_dags/example_workday_timetable.py took 0.091 seconds
[2024-10-07T15:25:53.594+0000] {processor.py:186} INFO - Started process (PID=206) to work on /home/airflow/.local/lib/python3.12/site-packages/airflow/example_dags/example_workday_timetable.py
[2024-10-07T15:25:53.595+0000] {processor.py:914} INFO - Processing file /home/airflow/.local/lib/python3.12/site-packages/airflow/example_dags/example_workday_timetable.py for tasks to queue
[2024-10-07T15:25:53.596+0000] {logging_mixin.py:190} INFO - [2024-10-07T15:25:53.596+0000] {dagbag.py:588} INFO - Filling up the DagBag from /home/airflow/.local/lib/python3.12/site-packages/airflow/example_dags/example_workday_timetable.py
[2024-10-07T15:25:53.601+0000] {processor.py:925} INFO - DAG(s) 'example_workday_timetable' retrieved from /home/airflow/.local/lib/python3.12/site-packages/airflow/example_dags/example_workday_timetable.py
[2024-10-07T15:25:53.618+0000] {logging_mixin.py:190} INFO - [2024-10-07T15:25:53.617+0000] {dag.py:3239} INFO - Sync 1 DAGs
[2024-10-07T15:25:53.671+0000] {logging_mixin.py:190} INFO - [2024-10-07T15:25:53.671+0000] {dag.py:4180} INFO - Setting next_dagrun for example_workday_timetable to 2021-01-04 00:00:00+00:00, run_after=2021-01-05 00:00:00+00:00
[2024-10-07T15:25:53.686+0000] {processor.py:208} INFO - Processing /home/airflow/.local/lib/python3.12/site-packages/airflow/example_dags/example_workday_timetable.py took 0.096 seconds
