[2024-10-07T15:21:55.033+0000] {processor.py:186} INFO - Started process (PID=96) to work on /home/airflow/.local/lib/python3.12/site-packages/airflow/example_dags/example_task_group_decorator.py
[2024-10-07T15:21:55.034+0000] {processor.py:914} INFO - Processing file /home/airflow/.local/lib/python3.12/site-packages/airflow/example_dags/example_task_group_decorator.py for tasks to queue
[2024-10-07T15:21:55.036+0000] {logging_mixin.py:190} INFO - [2024-10-07T15:21:55.035+0000] {dagbag.py:588} INFO - Filling up the DagBag from /home/airflow/.local/lib/python3.12/site-packages/airflow/example_dags/example_task_group_decorator.py
[2024-10-07T15:21:55.049+0000] {processor.py:925} INFO - DAG(s) 'example_task_group_decorator' retrieved from /home/airflow/.local/lib/python3.12/site-packages/airflow/example_dags/example_task_group_decorator.py
[2024-10-07T15:21:55.146+0000] {logging_mixin.py:190} INFO - [2024-10-07T15:21:55.145+0000] {override.py:1900} INFO - Created Permission View: can edit on DAG:example_task_group_decorator
[2024-10-07T15:21:55.153+0000] {logging_mixin.py:190} INFO - [2024-10-07T15:21:55.153+0000] {override.py:1900} INFO - Created Permission View: can delete on DAG:example_task_group_decorator
[2024-10-07T15:21:55.158+0000] {logging_mixin.py:190} INFO - [2024-10-07T15:21:55.158+0000] {override.py:1900} INFO - Created Permission View: can read on DAG:example_task_group_decorator
[2024-10-07T15:21:55.164+0000] {logging_mixin.py:190} INFO - [2024-10-07T15:21:55.163+0000] {override.py:1900} INFO - Created Permission View: can create on DAG Run:example_task_group_decorator
[2024-10-07T15:21:55.168+0000] {logging_mixin.py:190} INFO - [2024-10-07T15:21:55.168+0000] {override.py:1900} INFO - Created Permission View: menu access on DAG Run:example_task_group_decorator
[2024-10-07T15:21:55.173+0000] {logging_mixin.py:190} INFO - [2024-10-07T15:21:55.173+0000] {override.py:1900} INFO - Created Permission View: can delete on DAG Run:example_task_group_decorator
[2024-10-07T15:21:55.179+0000] {logging_mixin.py:190} INFO - [2024-10-07T15:21:55.178+0000] {override.py:1900} INFO - Created Permission View: can read on DAG Run:example_task_group_decorator
[2024-10-07T15:21:55.179+0000] {logging_mixin.py:190} INFO - [2024-10-07T15:21:55.179+0000] {dag.py:3239} INFO - Sync 1 DAGs
[2024-10-07T15:21:55.190+0000] {logging_mixin.py:190} INFO - [2024-10-07T15:21:55.189+0000] {dag.py:3262} INFO - Creating ORM DAG for example_task_group_decorator
[2024-10-07T15:21:55.190+0000] {logging_mixin.py:190} INFO - [2024-10-07T15:21:55.190+0000] {dag.py:4180} INFO - Setting next_dagrun for example_task_group_decorator to None, run_after=None
[2024-10-07T15:21:55.203+0000] {processor.py:208} INFO - Processing /home/airflow/.local/lib/python3.12/site-packages/airflow/example_dags/example_task_group_decorator.py took 0.174 seconds
[2024-10-07T15:22:25.555+0000] {processor.py:186} INFO - Started process (PID=158) to work on /home/airflow/.local/lib/python3.12/site-packages/airflow/example_dags/example_task_group_decorator.py
[2024-10-07T15:22:25.556+0000] {processor.py:914} INFO - Processing file /home/airflow/.local/lib/python3.12/site-packages/airflow/example_dags/example_task_group_decorator.py for tasks to queue
[2024-10-07T15:22:25.558+0000] {logging_mixin.py:190} INFO - [2024-10-07T15:22:25.557+0000] {dagbag.py:588} INFO - Filling up the DagBag from /home/airflow/.local/lib/python3.12/site-packages/airflow/example_dags/example_task_group_decorator.py
[2024-10-07T15:22:25.572+0000] {processor.py:925} INFO - DAG(s) 'example_task_group_decorator' retrieved from /home/airflow/.local/lib/python3.12/site-packages/airflow/example_dags/example_task_group_decorator.py
[2024-10-07T15:22:25.600+0000] {logging_mixin.py:190} INFO - [2024-10-07T15:22:25.599+0000] {dag.py:3239} INFO - Sync 1 DAGs
[2024-10-07T15:22:25.614+0000] {logging_mixin.py:190} INFO - [2024-10-07T15:22:25.614+0000] {dag.py:4180} INFO - Setting next_dagrun for example_task_group_decorator to None, run_after=None
[2024-10-07T15:22:25.633+0000] {processor.py:208} INFO - Processing /home/airflow/.local/lib/python3.12/site-packages/airflow/example_dags/example_task_group_decorator.py took 0.084 seconds
[2024-10-07T15:24:53.553+0000] {processor.py:186} INFO - Started process (PID=95) to work on /home/airflow/.local/lib/python3.12/site-packages/airflow/example_dags/example_task_group_decorator.py
[2024-10-07T15:24:53.554+0000] {processor.py:914} INFO - Processing file /home/airflow/.local/lib/python3.12/site-packages/airflow/example_dags/example_task_group_decorator.py for tasks to queue
[2024-10-07T15:24:53.556+0000] {logging_mixin.py:190} INFO - [2024-10-07T15:24:53.555+0000] {dagbag.py:588} INFO - Filling up the DagBag from /home/airflow/.local/lib/python3.12/site-packages/airflow/example_dags/example_task_group_decorator.py
[2024-10-07T15:24:53.569+0000] {processor.py:925} INFO - DAG(s) 'example_task_group_decorator' retrieved from /home/airflow/.local/lib/python3.12/site-packages/airflow/example_dags/example_task_group_decorator.py
[2024-10-07T15:24:53.592+0000] {logging_mixin.py:190} INFO - [2024-10-07T15:24:53.592+0000] {dag.py:3239} INFO - Sync 1 DAGs
[2024-10-07T15:24:53.606+0000] {logging_mixin.py:190} INFO - [2024-10-07T15:24:53.606+0000] {dag.py:4180} INFO - Setting next_dagrun for example_task_group_decorator to None, run_after=None
[2024-10-07T15:24:53.622+0000] {processor.py:208} INFO - Processing /home/airflow/.local/lib/python3.12/site-packages/airflow/example_dags/example_task_group_decorator.py took 0.074 seconds
[2024-10-07T15:25:23.930+0000] {processor.py:186} INFO - Started process (PID=157) to work on /home/airflow/.local/lib/python3.12/site-packages/airflow/example_dags/example_task_group_decorator.py
[2024-10-07T15:25:23.931+0000] {processor.py:914} INFO - Processing file /home/airflow/.local/lib/python3.12/site-packages/airflow/example_dags/example_task_group_decorator.py for tasks to queue
[2024-10-07T15:25:23.933+0000] {logging_mixin.py:190} INFO - [2024-10-07T15:25:23.933+0000] {dagbag.py:588} INFO - Filling up the DagBag from /home/airflow/.local/lib/python3.12/site-packages/airflow/example_dags/example_task_group_decorator.py
[2024-10-07T15:25:23.946+0000] {processor.py:925} INFO - DAG(s) 'example_task_group_decorator' retrieved from /home/airflow/.local/lib/python3.12/site-packages/airflow/example_dags/example_task_group_decorator.py
[2024-10-07T15:25:23.965+0000] {logging_mixin.py:190} INFO - [2024-10-07T15:25:23.965+0000] {dag.py:3239} INFO - Sync 1 DAGs
[2024-10-07T15:25:23.976+0000] {logging_mixin.py:190} INFO - [2024-10-07T15:25:23.975+0000] {dag.py:4180} INFO - Setting next_dagrun for example_task_group_decorator to None, run_after=None
[2024-10-07T15:25:23.990+0000] {processor.py:208} INFO - Processing /home/airflow/.local/lib/python3.12/site-packages/airflow/example_dags/example_task_group_decorator.py took 0.064 seconds
[2024-10-07T15:25:54.244+0000] {processor.py:186} INFO - Started process (PID=219) to work on /home/airflow/.local/lib/python3.12/site-packages/airflow/example_dags/example_task_group_decorator.py
[2024-10-07T15:25:54.245+0000] {processor.py:914} INFO - Processing file /home/airflow/.local/lib/python3.12/site-packages/airflow/example_dags/example_task_group_decorator.py for tasks to queue
[2024-10-07T15:25:54.246+0000] {logging_mixin.py:190} INFO - [2024-10-07T15:25:54.246+0000] {dagbag.py:588} INFO - Filling up the DagBag from /home/airflow/.local/lib/python3.12/site-packages/airflow/example_dags/example_task_group_decorator.py
[2024-10-07T15:25:54.258+0000] {processor.py:925} INFO - DAG(s) 'example_task_group_decorator' retrieved from /home/airflow/.local/lib/python3.12/site-packages/airflow/example_dags/example_task_group_decorator.py
[2024-10-07T15:25:54.279+0000] {logging_mixin.py:190} INFO - [2024-10-07T15:25:54.279+0000] {dag.py:3239} INFO - Sync 1 DAGs
[2024-10-07T15:25:54.290+0000] {logging_mixin.py:190} INFO - [2024-10-07T15:25:54.290+0000] {dag.py:4180} INFO - Setting next_dagrun for example_task_group_decorator to None, run_after=None
[2024-10-07T15:25:54.306+0000] {processor.py:208} INFO - Processing /home/airflow/.local/lib/python3.12/site-packages/airflow/example_dags/example_task_group_decorator.py took 0.067 seconds
