[2024-10-07T15:21:52.975+0000] {processor.py:186} INFO - Started process (PID=71) to work on /home/airflow/.local/lib/python3.12/site-packages/airflow/example_dags/example_trigger_target_dag.py
[2024-10-07T15:21:52.976+0000] {processor.py:914} INFO - Processing file /home/airflow/.local/lib/python3.12/site-packages/airflow/example_dags/example_trigger_target_dag.py for tasks to queue
[2024-10-07T15:21:52.978+0000] {logging_mixin.py:190} INFO - [2024-10-07T15:21:52.978+0000] {dagbag.py:588} INFO - Filling up the DagBag from /home/airflow/.local/lib/python3.12/site-packages/airflow/example_dags/example_trigger_target_dag.py
[2024-10-07T15:21:52.985+0000] {processor.py:925} INFO - DAG(s) 'example_trigger_target_dag' retrieved from /home/airflow/.local/lib/python3.12/site-packages/airflow/example_dags/example_trigger_target_dag.py
[2024-10-07T15:21:53.077+0000] {logging_mixin.py:190} INFO - [2024-10-07T15:21:53.077+0000] {override.py:1900} INFO - Created Permission View: can edit on DAG:example_trigger_target_dag
[2024-10-07T15:21:53.090+0000] {logging_mixin.py:190} INFO - [2024-10-07T15:21:53.090+0000] {override.py:1900} INFO - Created Permission View: can delete on DAG:example_trigger_target_dag
[2024-10-07T15:21:53.100+0000] {logging_mixin.py:190} INFO - [2024-10-07T15:21:53.099+0000] {override.py:1900} INFO - Created Permission View: can read on DAG:example_trigger_target_dag
[2024-10-07T15:21:53.107+0000] {logging_mixin.py:190} INFO - [2024-10-07T15:21:53.107+0000] {override.py:1900} INFO - Created Permission View: can create on DAG Run:example_trigger_target_dag
[2024-10-07T15:21:53.114+0000] {logging_mixin.py:190} INFO - [2024-10-07T15:21:53.114+0000] {override.py:1900} INFO - Created Permission View: menu access on DAG Run:example_trigger_target_dag
[2024-10-07T15:21:53.122+0000] {logging_mixin.py:190} INFO - [2024-10-07T15:21:53.121+0000] {override.py:1900} INFO - Created Permission View: can delete on DAG Run:example_trigger_target_dag
[2024-10-07T15:21:53.127+0000] {logging_mixin.py:190} INFO - [2024-10-07T15:21:53.127+0000] {override.py:1900} INFO - Created Permission View: can read on DAG Run:example_trigger_target_dag
[2024-10-07T15:21:53.128+0000] {logging_mixin.py:190} INFO - [2024-10-07T15:21:53.128+0000] {dag.py:3239} INFO - Sync 1 DAGs
[2024-10-07T15:21:53.139+0000] {logging_mixin.py:190} INFO - [2024-10-07T15:21:53.139+0000] {dag.py:3262} INFO - Creating ORM DAG for example_trigger_target_dag
[2024-10-07T15:21:53.140+0000] {logging_mixin.py:190} INFO - [2024-10-07T15:21:53.140+0000] {dag.py:4180} INFO - Setting next_dagrun for example_trigger_target_dag to None, run_after=None
[2024-10-07T15:21:53.155+0000] {processor.py:208} INFO - Processing /home/airflow/.local/lib/python3.12/site-packages/airflow/example_dags/example_trigger_target_dag.py took 0.188 seconds
[2024-10-07T15:22:23.266+0000] {processor.py:186} INFO - Started process (PID=139) to work on /home/airflow/.local/lib/python3.12/site-packages/airflow/example_dags/example_trigger_target_dag.py
[2024-10-07T15:22:23.269+0000] {processor.py:914} INFO - Processing file /home/airflow/.local/lib/python3.12/site-packages/airflow/example_dags/example_trigger_target_dag.py for tasks to queue
[2024-10-07T15:22:23.271+0000] {logging_mixin.py:190} INFO - [2024-10-07T15:22:23.270+0000] {dagbag.py:588} INFO - Filling up the DagBag from /home/airflow/.local/lib/python3.12/site-packages/airflow/example_dags/example_trigger_target_dag.py
[2024-10-07T15:22:23.277+0000] {processor.py:925} INFO - DAG(s) 'example_trigger_target_dag' retrieved from /home/airflow/.local/lib/python3.12/site-packages/airflow/example_dags/example_trigger_target_dag.py
[2024-10-07T15:22:23.294+0000] {logging_mixin.py:190} INFO - [2024-10-07T15:22:23.293+0000] {dag.py:3239} INFO - Sync 1 DAGs
[2024-10-07T15:22:23.305+0000] {logging_mixin.py:190} INFO - [2024-10-07T15:22:23.305+0000] {dag.py:4180} INFO - Setting next_dagrun for example_trigger_target_dag to None, run_after=None
[2024-10-07T15:22:23.324+0000] {processor.py:208} INFO - Processing /home/airflow/.local/lib/python3.12/site-packages/airflow/example_dags/example_trigger_target_dag.py took 0.062 seconds
[2024-10-07T15:24:52.454+0000] {processor.py:186} INFO - Started process (PID=76) to work on /home/airflow/.local/lib/python3.12/site-packages/airflow/example_dags/example_trigger_target_dag.py
[2024-10-07T15:24:52.455+0000] {processor.py:914} INFO - Processing file /home/airflow/.local/lib/python3.12/site-packages/airflow/example_dags/example_trigger_target_dag.py for tasks to queue
[2024-10-07T15:24:52.457+0000] {logging_mixin.py:190} INFO - [2024-10-07T15:24:52.457+0000] {dagbag.py:588} INFO - Filling up the DagBag from /home/airflow/.local/lib/python3.12/site-packages/airflow/example_dags/example_trigger_target_dag.py
[2024-10-07T15:24:52.463+0000] {processor.py:925} INFO - DAG(s) 'example_trigger_target_dag' retrieved from /home/airflow/.local/lib/python3.12/site-packages/airflow/example_dags/example_trigger_target_dag.py
[2024-10-07T15:24:52.481+0000] {logging_mixin.py:190} INFO - [2024-10-07T15:24:52.481+0000] {dag.py:3239} INFO - Sync 1 DAGs
[2024-10-07T15:24:52.493+0000] {logging_mixin.py:190} INFO - [2024-10-07T15:24:52.493+0000] {dag.py:4180} INFO - Setting next_dagrun for example_trigger_target_dag to None, run_after=None
[2024-10-07T15:24:52.508+0000] {processor.py:208} INFO - Processing /home/airflow/.local/lib/python3.12/site-packages/airflow/example_dags/example_trigger_target_dag.py took 0.060 seconds
[2024-10-07T15:25:22.975+0000] {processor.py:186} INFO - Started process (PID=138) to work on /home/airflow/.local/lib/python3.12/site-packages/airflow/example_dags/example_trigger_target_dag.py
[2024-10-07T15:25:22.976+0000] {processor.py:914} INFO - Processing file /home/airflow/.local/lib/python3.12/site-packages/airflow/example_dags/example_trigger_target_dag.py for tasks to queue
[2024-10-07T15:25:22.978+0000] {logging_mixin.py:190} INFO - [2024-10-07T15:25:22.978+0000] {dagbag.py:588} INFO - Filling up the DagBag from /home/airflow/.local/lib/python3.12/site-packages/airflow/example_dags/example_trigger_target_dag.py
[2024-10-07T15:25:22.984+0000] {processor.py:925} INFO - DAG(s) 'example_trigger_target_dag' retrieved from /home/airflow/.local/lib/python3.12/site-packages/airflow/example_dags/example_trigger_target_dag.py
[2024-10-07T15:25:23.000+0000] {logging_mixin.py:190} INFO - [2024-10-07T15:25:23.000+0000] {dag.py:3239} INFO - Sync 1 DAGs
[2024-10-07T15:25:23.011+0000] {logging_mixin.py:190} INFO - [2024-10-07T15:25:23.011+0000] {dag.py:4180} INFO - Setting next_dagrun for example_trigger_target_dag to None, run_after=None
[2024-10-07T15:25:23.025+0000] {processor.py:208} INFO - Processing /home/airflow/.local/lib/python3.12/site-packages/airflow/example_dags/example_trigger_target_dag.py took 0.054 seconds
[2024-10-07T15:25:53.292+0000] {processor.py:186} INFO - Started process (PID=200) to work on /home/airflow/.local/lib/python3.12/site-packages/airflow/example_dags/example_trigger_target_dag.py
[2024-10-07T15:25:53.293+0000] {processor.py:914} INFO - Processing file /home/airflow/.local/lib/python3.12/site-packages/airflow/example_dags/example_trigger_target_dag.py for tasks to queue
[2024-10-07T15:25:53.296+0000] {logging_mixin.py:190} INFO - [2024-10-07T15:25:53.295+0000] {dagbag.py:588} INFO - Filling up the DagBag from /home/airflow/.local/lib/python3.12/site-packages/airflow/example_dags/example_trigger_target_dag.py
[2024-10-07T15:25:53.304+0000] {processor.py:925} INFO - DAG(s) 'example_trigger_target_dag' retrieved from /home/airflow/.local/lib/python3.12/site-packages/airflow/example_dags/example_trigger_target_dag.py
[2024-10-07T15:25:53.324+0000] {logging_mixin.py:190} INFO - [2024-10-07T15:25:53.324+0000] {dag.py:3239} INFO - Sync 1 DAGs
[2024-10-07T15:25:53.338+0000] {logging_mixin.py:190} INFO - [2024-10-07T15:25:53.337+0000] {dag.py:4180} INFO - Setting next_dagrun for example_trigger_target_dag to None, run_after=None
[2024-10-07T15:25:53.353+0000] {processor.py:208} INFO - Processing /home/airflow/.local/lib/python3.12/site-packages/airflow/example_dags/example_trigger_target_dag.py took 0.068 seconds
