[2024-10-07T15:21:56.856+0000] {processor.py:186} INFO - Started process (PID=110) to work on /home/airflow/.local/lib/python3.12/site-packages/airflow/example_dags/example_external_task_marker_dag.py
[2024-10-07T15:21:56.857+0000] {processor.py:914} INFO - Processing file /home/airflow/.local/lib/python3.12/site-packages/airflow/example_dags/example_external_task_marker_dag.py for tasks to queue
[2024-10-07T15:21:56.859+0000] {logging_mixin.py:190} INFO - [2024-10-07T15:21:56.859+0000] {dagbag.py:588} INFO - Filling up the DagBag from /home/airflow/.local/lib/python3.12/site-packages/airflow/example_dags/example_external_task_marker_dag.py
[2024-10-07T15:21:56.865+0000] {processor.py:925} INFO - DAG(s) 'example_external_task_marker_parent', 'example_external_task_marker_child' retrieved from /home/airflow/.local/lib/python3.12/site-packages/airflow/example_dags/example_external_task_marker_dag.py
[2024-10-07T15:21:56.950+0000] {logging_mixin.py:190} INFO - [2024-10-07T15:21:56.950+0000] {override.py:1900} INFO - Created Permission View: can edit on DAG:example_external_task_marker_parent
[2024-10-07T15:21:56.957+0000] {logging_mixin.py:190} INFO - [2024-10-07T15:21:56.957+0000] {override.py:1900} INFO - Created Permission View: can delete on DAG:example_external_task_marker_parent
[2024-10-07T15:21:56.961+0000] {logging_mixin.py:190} INFO - [2024-10-07T15:21:56.961+0000] {override.py:1900} INFO - Created Permission View: can read on DAG:example_external_task_marker_parent
[2024-10-07T15:21:56.967+0000] {logging_mixin.py:190} INFO - [2024-10-07T15:21:56.966+0000] {override.py:1900} INFO - Created Permission View: can create on DAG Run:example_external_task_marker_parent
[2024-10-07T15:21:56.971+0000] {logging_mixin.py:190} INFO - [2024-10-07T15:21:56.971+0000] {override.py:1900} INFO - Created Permission View: menu access on DAG Run:example_external_task_marker_parent
[2024-10-07T15:21:56.976+0000] {logging_mixin.py:190} INFO - [2024-10-07T15:21:56.975+0000] {override.py:1900} INFO - Created Permission View: can delete on DAG Run:example_external_task_marker_parent
[2024-10-07T15:21:56.980+0000] {logging_mixin.py:190} INFO - [2024-10-07T15:21:56.979+0000] {override.py:1900} INFO - Created Permission View: can read on DAG Run:example_external_task_marker_parent
[2024-10-07T15:21:56.989+0000] {logging_mixin.py:190} INFO - [2024-10-07T15:21:56.989+0000] {override.py:1900} INFO - Created Permission View: can edit on DAG:example_external_task_marker_child
[2024-10-07T15:21:56.994+0000] {logging_mixin.py:190} INFO - [2024-10-07T15:21:56.994+0000] {override.py:1900} INFO - Created Permission View: can delete on DAG:example_external_task_marker_child
[2024-10-07T15:21:56.999+0000] {logging_mixin.py:190} INFO - [2024-10-07T15:21:56.998+0000] {override.py:1900} INFO - Created Permission View: can read on DAG:example_external_task_marker_child
[2024-10-07T15:21:57.004+0000] {logging_mixin.py:190} INFO - [2024-10-07T15:21:57.003+0000] {override.py:1900} INFO - Created Permission View: can create on DAG Run:example_external_task_marker_child
[2024-10-07T15:21:57.008+0000] {logging_mixin.py:190} INFO - [2024-10-07T15:21:57.008+0000] {override.py:1900} INFO - Created Permission View: menu access on DAG Run:example_external_task_marker_child
[2024-10-07T15:21:57.013+0000] {logging_mixin.py:190} INFO - [2024-10-07T15:21:57.012+0000] {override.py:1900} INFO - Created Permission View: can delete on DAG Run:example_external_task_marker_child
[2024-10-07T15:21:57.017+0000] {logging_mixin.py:190} INFO - [2024-10-07T15:21:57.016+0000] {override.py:1900} INFO - Created Permission View: can read on DAG Run:example_external_task_marker_child
[2024-10-07T15:21:57.017+0000] {logging_mixin.py:190} INFO - [2024-10-07T15:21:57.017+0000] {dag.py:3239} INFO - Sync 2 DAGs
[2024-10-07T15:21:57.028+0000] {logging_mixin.py:190} INFO - [2024-10-07T15:21:57.028+0000] {dag.py:3262} INFO - Creating ORM DAG for example_external_task_marker_parent
[2024-10-07T15:21:57.028+0000] {logging_mixin.py:190} INFO - [2024-10-07T15:21:57.028+0000] {dag.py:3262} INFO - Creating ORM DAG for example_external_task_marker_child
[2024-10-07T15:21:57.029+0000] {logging_mixin.py:190} INFO - [2024-10-07T15:21:57.029+0000] {dag.py:4180} INFO - Setting next_dagrun for example_external_task_marker_child to None, run_after=None
[2024-10-07T15:21:57.029+0000] {logging_mixin.py:190} INFO - [2024-10-07T15:21:57.029+0000] {dag.py:4180} INFO - Setting next_dagrun for example_external_task_marker_parent to None, run_after=None
[2024-10-07T15:21:57.042+0000] {processor.py:208} INFO - Processing /home/airflow/.local/lib/python3.12/site-packages/airflow/example_dags/example_external_task_marker_dag.py took 0.190 seconds
[2024-10-07T15:22:27.399+0000] {processor.py:186} INFO - Started process (PID=172) to work on /home/airflow/.local/lib/python3.12/site-packages/airflow/example_dags/example_external_task_marker_dag.py
[2024-10-07T15:22:27.399+0000] {processor.py:914} INFO - Processing file /home/airflow/.local/lib/python3.12/site-packages/airflow/example_dags/example_external_task_marker_dag.py for tasks to queue
[2024-10-07T15:22:27.401+0000] {logging_mixin.py:190} INFO - [2024-10-07T15:22:27.401+0000] {dagbag.py:588} INFO - Filling up the DagBag from /home/airflow/.local/lib/python3.12/site-packages/airflow/example_dags/example_external_task_marker_dag.py
[2024-10-07T15:22:27.408+0000] {processor.py:925} INFO - DAG(s) 'example_external_task_marker_child', 'example_external_task_marker_parent' retrieved from /home/airflow/.local/lib/python3.12/site-packages/airflow/example_dags/example_external_task_marker_dag.py
[2024-10-07T15:22:27.426+0000] {logging_mixin.py:190} INFO - [2024-10-07T15:22:27.426+0000] {dag.py:3239} INFO - Sync 2 DAGs
[2024-10-07T15:22:27.438+0000] {logging_mixin.py:190} INFO - [2024-10-07T15:22:27.437+0000] {dag.py:4180} INFO - Setting next_dagrun for example_external_task_marker_child to None, run_after=None
[2024-10-07T15:22:27.441+0000] {logging_mixin.py:190} INFO - [2024-10-07T15:22:27.440+0000] {dag.py:4180} INFO - Setting next_dagrun for example_external_task_marker_parent to None, run_after=None
[2024-10-07T15:22:27.453+0000] {processor.py:208} INFO - Processing /home/airflow/.local/lib/python3.12/site-packages/airflow/example_dags/example_external_task_marker_dag.py took 0.059 seconds
[2024-10-07T15:24:54.333+0000] {processor.py:186} INFO - Started process (PID=109) to work on /home/airflow/.local/lib/python3.12/site-packages/airflow/example_dags/example_external_task_marker_dag.py
[2024-10-07T15:24:54.334+0000] {processor.py:914} INFO - Processing file /home/airflow/.local/lib/python3.12/site-packages/airflow/example_dags/example_external_task_marker_dag.py for tasks to queue
[2024-10-07T15:24:54.336+0000] {logging_mixin.py:190} INFO - [2024-10-07T15:24:54.336+0000] {dagbag.py:588} INFO - Filling up the DagBag from /home/airflow/.local/lib/python3.12/site-packages/airflow/example_dags/example_external_task_marker_dag.py
[2024-10-07T15:24:54.342+0000] {processor.py:925} INFO - DAG(s) 'example_external_task_marker_parent', 'example_external_task_marker_child' retrieved from /home/airflow/.local/lib/python3.12/site-packages/airflow/example_dags/example_external_task_marker_dag.py
[2024-10-07T15:24:54.361+0000] {logging_mixin.py:190} INFO - [2024-10-07T15:24:54.361+0000] {dag.py:3239} INFO - Sync 2 DAGs
[2024-10-07T15:24:54.374+0000] {logging_mixin.py:190} INFO - [2024-10-07T15:24:54.374+0000] {dag.py:4180} INFO - Setting next_dagrun for example_external_task_marker_child to None, run_after=None
[2024-10-07T15:24:54.377+0000] {logging_mixin.py:190} INFO - [2024-10-07T15:24:54.377+0000] {dag.py:4180} INFO - Setting next_dagrun for example_external_task_marker_parent to None, run_after=None
[2024-10-07T15:24:54.389+0000] {processor.py:208} INFO - Processing /home/airflow/.local/lib/python3.12/site-packages/airflow/example_dags/example_external_task_marker_dag.py took 0.061 seconds
[2024-10-07T15:25:24.635+0000] {processor.py:186} INFO - Started process (PID=171) to work on /home/airflow/.local/lib/python3.12/site-packages/airflow/example_dags/example_external_task_marker_dag.py
[2024-10-07T15:25:24.636+0000] {processor.py:914} INFO - Processing file /home/airflow/.local/lib/python3.12/site-packages/airflow/example_dags/example_external_task_marker_dag.py for tasks to queue
[2024-10-07T15:25:24.637+0000] {logging_mixin.py:190} INFO - [2024-10-07T15:25:24.637+0000] {dagbag.py:588} INFO - Filling up the DagBag from /home/airflow/.local/lib/python3.12/site-packages/airflow/example_dags/example_external_task_marker_dag.py
[2024-10-07T15:25:24.644+0000] {processor.py:925} INFO - DAG(s) 'example_external_task_marker_parent', 'example_external_task_marker_child' retrieved from /home/airflow/.local/lib/python3.12/site-packages/airflow/example_dags/example_external_task_marker_dag.py
[2024-10-07T15:25:24.663+0000] {logging_mixin.py:190} INFO - [2024-10-07T15:25:24.663+0000] {dag.py:3239} INFO - Sync 2 DAGs
[2024-10-07T15:25:24.676+0000] {logging_mixin.py:190} INFO - [2024-10-07T15:25:24.675+0000] {dag.py:4180} INFO - Setting next_dagrun for example_external_task_marker_child to None, run_after=None
[2024-10-07T15:25:24.679+0000] {logging_mixin.py:190} INFO - [2024-10-07T15:25:24.679+0000] {dag.py:4180} INFO - Setting next_dagrun for example_external_task_marker_parent to None, run_after=None
[2024-10-07T15:25:24.691+0000] {processor.py:208} INFO - Processing /home/airflow/.local/lib/python3.12/site-packages/airflow/example_dags/example_external_task_marker_dag.py took 0.061 seconds
[2024-10-07T15:25:54.959+0000] {processor.py:186} INFO - Started process (PID=233) to work on /home/airflow/.local/lib/python3.12/site-packages/airflow/example_dags/example_external_task_marker_dag.py
[2024-10-07T15:25:54.959+0000] {processor.py:914} INFO - Processing file /home/airflow/.local/lib/python3.12/site-packages/airflow/example_dags/example_external_task_marker_dag.py for tasks to queue
[2024-10-07T15:25:54.961+0000] {logging_mixin.py:190} INFO - [2024-10-07T15:25:54.961+0000] {dagbag.py:588} INFO - Filling up the DagBag from /home/airflow/.local/lib/python3.12/site-packages/airflow/example_dags/example_external_task_marker_dag.py
[2024-10-07T15:25:54.967+0000] {processor.py:925} INFO - DAG(s) 'example_external_task_marker_child', 'example_external_task_marker_parent' retrieved from /home/airflow/.local/lib/python3.12/site-packages/airflow/example_dags/example_external_task_marker_dag.py
[2024-10-07T15:25:54.984+0000] {logging_mixin.py:190} INFO - [2024-10-07T15:25:54.983+0000] {dag.py:3239} INFO - Sync 2 DAGs
[2024-10-07T15:25:54.996+0000] {logging_mixin.py:190} INFO - [2024-10-07T15:25:54.996+0000] {dag.py:4180} INFO - Setting next_dagrun for example_external_task_marker_child to None, run_after=None
[2024-10-07T15:25:54.999+0000] {logging_mixin.py:190} INFO - [2024-10-07T15:25:54.999+0000] {dag.py:4180} INFO - Setting next_dagrun for example_external_task_marker_parent to None, run_after=None
[2024-10-07T15:25:55.012+0000] {processor.py:208} INFO - Processing /home/airflow/.local/lib/python3.12/site-packages/airflow/example_dags/example_external_task_marker_dag.py took 0.057 seconds
