[2024-10-07T15:21:57.411+0000] {processor.py:186} INFO - Started process (PID=115) to work on /home/airflow/.local/lib/python3.12/site-packages/airflow/example_dags/example_latest_only.py
[2024-10-07T15:21:57.411+0000] {processor.py:914} INFO - Processing file /home/airflow/.local/lib/python3.12/site-packages/airflow/example_dags/example_latest_only.py for tasks to queue
[2024-10-07T15:21:57.413+0000] {logging_mixin.py:190} INFO - [2024-10-07T15:21:57.413+0000] {dagbag.py:588} INFO - Filling up the DagBag from /home/airflow/.local/lib/python3.12/site-packages/airflow/example_dags/example_latest_only.py
[2024-10-07T15:21:57.419+0000] {processor.py:925} INFO - DAG(s) 'latest_only' retrieved from /home/airflow/.local/lib/python3.12/site-packages/airflow/example_dags/example_latest_only.py
[2024-10-07T15:21:57.504+0000] {logging_mixin.py:190} INFO - [2024-10-07T15:21:57.503+0000] {override.py:1900} INFO - Created Permission View: can edit on DAG:latest_only
[2024-10-07T15:21:57.512+0000] {logging_mixin.py:190} INFO - [2024-10-07T15:21:57.511+0000] {override.py:1900} INFO - Created Permission View: can delete on DAG:latest_only
[2024-10-07T15:21:57.516+0000] {logging_mixin.py:190} INFO - [2024-10-07T15:21:57.516+0000] {override.py:1900} INFO - Created Permission View: can read on DAG:latest_only
[2024-10-07T15:21:57.522+0000] {logging_mixin.py:190} INFO - [2024-10-07T15:21:57.522+0000] {override.py:1900} INFO - Created Permission View: can create on DAG Run:latest_only
[2024-10-07T15:21:57.527+0000] {logging_mixin.py:190} INFO - [2024-10-07T15:21:57.526+0000] {override.py:1900} INFO - Created Permission View: menu access on DAG Run:latest_only
[2024-10-07T15:21:57.532+0000] {logging_mixin.py:190} INFO - [2024-10-07T15:21:57.532+0000] {override.py:1900} INFO - Created Permission View: can delete on DAG Run:latest_only
[2024-10-07T15:21:57.537+0000] {logging_mixin.py:190} INFO - [2024-10-07T15:21:57.537+0000] {override.py:1900} INFO - Created Permission View: can read on DAG Run:latest_only
[2024-10-07T15:21:57.537+0000] {logging_mixin.py:190} INFO - [2024-10-07T15:21:57.537+0000] {dag.py:3239} INFO - Sync 1 DAGs
[2024-10-07T15:21:57.549+0000] {logging_mixin.py:190} INFO - [2024-10-07T15:21:57.548+0000] {dag.py:3262} INFO - Creating ORM DAG for latest_only
[2024-10-07T15:21:57.556+0000] {logging_mixin.py:190} INFO - [2024-10-07T15:21:57.556+0000] {dag.py:4180} INFO - Setting next_dagrun for latest_only to 2024-10-07 08:00:00+00:00, run_after=2024-10-07 12:00:00+00:00
[2024-10-07T15:21:57.569+0000] {processor.py:208} INFO - Processing /home/airflow/.local/lib/python3.12/site-packages/airflow/example_dags/example_latest_only.py took 0.162 seconds
[2024-10-07T15:22:27.714+0000] {processor.py:186} INFO - Started process (PID=177) to work on /home/airflow/.local/lib/python3.12/site-packages/airflow/example_dags/example_latest_only.py
[2024-10-07T15:22:27.715+0000] {processor.py:914} INFO - Processing file /home/airflow/.local/lib/python3.12/site-packages/airflow/example_dags/example_latest_only.py for tasks to queue
[2024-10-07T15:22:27.717+0000] {logging_mixin.py:190} INFO - [2024-10-07T15:22:27.716+0000] {dagbag.py:588} INFO - Filling up the DagBag from /home/airflow/.local/lib/python3.12/site-packages/airflow/example_dags/example_latest_only.py
[2024-10-07T15:22:27.722+0000] {processor.py:925} INFO - DAG(s) 'latest_only' retrieved from /home/airflow/.local/lib/python3.12/site-packages/airflow/example_dags/example_latest_only.py
[2024-10-07T15:22:27.738+0000] {logging_mixin.py:190} INFO - [2024-10-07T15:22:27.738+0000] {dag.py:3239} INFO - Sync 1 DAGs
[2024-10-07T15:22:27.758+0000] {logging_mixin.py:190} INFO - [2024-10-07T15:22:27.757+0000] {dag.py:4180} INFO - Setting next_dagrun for latest_only to 2024-10-07 08:00:00+00:00, run_after=2024-10-07 12:00:00+00:00
[2024-10-07T15:22:27.772+0000] {processor.py:208} INFO - Processing /home/airflow/.local/lib/python3.12/site-packages/airflow/example_dags/example_latest_only.py took 0.063 seconds
[2024-10-07T15:24:54.707+0000] {processor.py:186} INFO - Started process (PID=114) to work on /home/airflow/.local/lib/python3.12/site-packages/airflow/example_dags/example_latest_only.py
[2024-10-07T15:24:54.707+0000] {processor.py:914} INFO - Processing file /home/airflow/.local/lib/python3.12/site-packages/airflow/example_dags/example_latest_only.py for tasks to queue
[2024-10-07T15:24:54.709+0000] {logging_mixin.py:190} INFO - [2024-10-07T15:24:54.709+0000] {dagbag.py:588} INFO - Filling up the DagBag from /home/airflow/.local/lib/python3.12/site-packages/airflow/example_dags/example_latest_only.py
[2024-10-07T15:24:54.715+0000] {processor.py:925} INFO - DAG(s) 'latest_only' retrieved from /home/airflow/.local/lib/python3.12/site-packages/airflow/example_dags/example_latest_only.py
[2024-10-07T15:24:54.731+0000] {logging_mixin.py:190} INFO - [2024-10-07T15:24:54.731+0000] {dag.py:3239} INFO - Sync 1 DAGs
[2024-10-07T15:24:54.752+0000] {logging_mixin.py:190} INFO - [2024-10-07T15:24:54.751+0000] {dag.py:4180} INFO - Setting next_dagrun for latest_only to 2024-10-07 08:00:00+00:00, run_after=2024-10-07 12:00:00+00:00
[2024-10-07T15:24:54.767+0000] {processor.py:208} INFO - Processing /home/airflow/.local/lib/python3.12/site-packages/airflow/example_dags/example_latest_only.py took 0.065 seconds
[2024-10-07T15:25:24.926+0000] {processor.py:186} INFO - Started process (PID=176) to work on /home/airflow/.local/lib/python3.12/site-packages/airflow/example_dags/example_latest_only.py
[2024-10-07T15:25:24.927+0000] {processor.py:914} INFO - Processing file /home/airflow/.local/lib/python3.12/site-packages/airflow/example_dags/example_latest_only.py for tasks to queue
[2024-10-07T15:25:24.929+0000] {logging_mixin.py:190} INFO - [2024-10-07T15:25:24.929+0000] {dagbag.py:588} INFO - Filling up the DagBag from /home/airflow/.local/lib/python3.12/site-packages/airflow/example_dags/example_latest_only.py
[2024-10-07T15:25:24.934+0000] {processor.py:925} INFO - DAG(s) 'latest_only' retrieved from /home/airflow/.local/lib/python3.12/site-packages/airflow/example_dags/example_latest_only.py
[2024-10-07T15:25:24.951+0000] {logging_mixin.py:190} INFO - [2024-10-07T15:25:24.951+0000] {dag.py:3239} INFO - Sync 1 DAGs
[2024-10-07T15:25:24.972+0000] {logging_mixin.py:190} INFO - [2024-10-07T15:25:24.971+0000] {dag.py:4180} INFO - Setting next_dagrun for latest_only to 2024-10-07 08:00:00+00:00, run_after=2024-10-07 12:00:00+00:00
[2024-10-07T15:25:24.992+0000] {processor.py:208} INFO - Processing /home/airflow/.local/lib/python3.12/site-packages/airflow/example_dags/example_latest_only.py took 0.070 seconds
[2024-10-07T15:25:55.231+0000] {processor.py:186} INFO - Started process (PID=238) to work on /home/airflow/.local/lib/python3.12/site-packages/airflow/example_dags/example_latest_only.py
[2024-10-07T15:25:55.231+0000] {processor.py:914} INFO - Processing file /home/airflow/.local/lib/python3.12/site-packages/airflow/example_dags/example_latest_only.py for tasks to queue
[2024-10-07T15:25:55.233+0000] {logging_mixin.py:190} INFO - [2024-10-07T15:25:55.233+0000] {dagbag.py:588} INFO - Filling up the DagBag from /home/airflow/.local/lib/python3.12/site-packages/airflow/example_dags/example_latest_only.py
[2024-10-07T15:25:55.238+0000] {processor.py:925} INFO - DAG(s) 'latest_only' retrieved from /home/airflow/.local/lib/python3.12/site-packages/airflow/example_dags/example_latest_only.py
[2024-10-07T15:25:55.253+0000] {logging_mixin.py:190} INFO - [2024-10-07T15:25:55.253+0000] {dag.py:3239} INFO - Sync 1 DAGs
[2024-10-07T15:25:55.272+0000] {logging_mixin.py:190} INFO - [2024-10-07T15:25:55.272+0000] {dag.py:4180} INFO - Setting next_dagrun for latest_only to 2024-10-07 08:00:00+00:00, run_after=2024-10-07 12:00:00+00:00
[2024-10-07T15:25:55.286+0000] {processor.py:208} INFO - Processing /home/airflow/.local/lib/python3.12/site-packages/airflow/example_dags/example_latest_only.py took 0.059 seconds
