[2024-10-07T15:21:50.968+0000] {processor.py:186} INFO - Started process (PID=59) to work on /home/airflow/.local/lib/python3.12/site-packages/airflow/example_dags/example_branch_operator.py
[2024-10-07T15:21:50.969+0000] {processor.py:914} INFO - Processing file /home/airflow/.local/lib/python3.12/site-packages/airflow/example_dags/example_branch_operator.py for tasks to queue
[2024-10-07T15:21:50.971+0000] {logging_mixin.py:190} INFO - [2024-10-07T15:21:50.970+0000] {dagbag.py:588} INFO - Filling up the DagBag from /home/airflow/.local/lib/python3.12/site-packages/airflow/example_dags/example_branch_operator.py
[2024-10-07T15:21:51.003+0000] {processor.py:925} INFO - DAG(s) 'example_branch_operator' retrieved from /home/airflow/.local/lib/python3.12/site-packages/airflow/example_dags/example_branch_operator.py
[2024-10-07T15:21:51.209+0000] {logging_mixin.py:190} INFO - [2024-10-07T15:21:51.209+0000] {override.py:1900} INFO - Created Permission View: can edit on DAG:example_branch_operator
[2024-10-07T15:21:51.219+0000] {logging_mixin.py:190} INFO - [2024-10-07T15:21:51.219+0000] {override.py:1900} INFO - Created Permission View: can delete on DAG:example_branch_operator
[2024-10-07T15:21:51.225+0000] {logging_mixin.py:190} INFO - [2024-10-07T15:21:51.225+0000] {override.py:1900} INFO - Created Permission View: can read on DAG:example_branch_operator
[2024-10-07T15:21:51.235+0000] {logging_mixin.py:190} INFO - [2024-10-07T15:21:51.235+0000] {override.py:1900} INFO - Created Permission View: can create on DAG Run:example_branch_operator
[2024-10-07T15:21:51.242+0000] {logging_mixin.py:190} INFO - [2024-10-07T15:21:51.241+0000] {override.py:1900} INFO - Created Permission View: menu access on DAG Run:example_branch_operator
[2024-10-07T15:21:51.248+0000] {logging_mixin.py:190} INFO - [2024-10-07T15:21:51.248+0000] {override.py:1900} INFO - Created Permission View: can delete on DAG Run:example_branch_operator
[2024-10-07T15:21:51.253+0000] {logging_mixin.py:190} INFO - [2024-10-07T15:21:51.253+0000] {override.py:1900} INFO - Created Permission View: can read on DAG Run:example_branch_operator
[2024-10-07T15:21:51.253+0000] {logging_mixin.py:190} INFO - [2024-10-07T15:21:51.253+0000] {dag.py:3239} INFO - Sync 1 DAGs
[2024-10-07T15:21:51.263+0000] {logging_mixin.py:190} INFO - [2024-10-07T15:21:51.262+0000] {dag.py:3262} INFO - Creating ORM DAG for example_branch_operator
[2024-10-07T15:21:51.273+0000] {logging_mixin.py:190} INFO - [2024-10-07T15:21:51.273+0000] {dag.py:4180} INFO - Setting next_dagrun for example_branch_operator to 2024-10-06 00:00:00+00:00, run_after=2024-10-07 00:00:00+00:00
[2024-10-07T15:21:51.293+0000] {processor.py:208} INFO - Processing /home/airflow/.local/lib/python3.12/site-packages/airflow/example_dags/example_branch_operator.py took 0.329 seconds
[2024-10-07T15:22:21.800+0000] {processor.py:186} INFO - Started process (PID=121) to work on /home/airflow/.local/lib/python3.12/site-packages/airflow/example_dags/example_branch_operator.py
[2024-10-07T15:22:21.804+0000] {processor.py:914} INFO - Processing file /home/airflow/.local/lib/python3.12/site-packages/airflow/example_dags/example_branch_operator.py for tasks to queue
[2024-10-07T15:22:21.807+0000] {logging_mixin.py:190} INFO - [2024-10-07T15:22:21.807+0000] {dagbag.py:588} INFO - Filling up the DagBag from /home/airflow/.local/lib/python3.12/site-packages/airflow/example_dags/example_branch_operator.py
[2024-10-07T15:22:21.830+0000] {processor.py:925} INFO - DAG(s) 'example_branch_operator' retrieved from /home/airflow/.local/lib/python3.12/site-packages/airflow/example_dags/example_branch_operator.py
[2024-10-07T15:22:21.860+0000] {logging_mixin.py:190} INFO - [2024-10-07T15:22:21.860+0000] {dag.py:3239} INFO - Sync 1 DAGs
[2024-10-07T15:22:21.884+0000] {logging_mixin.py:190} INFO - [2024-10-07T15:22:21.884+0000] {dag.py:4180} INFO - Setting next_dagrun for example_branch_operator to 2024-10-06 00:00:00+00:00, run_after=2024-10-07 00:00:00+00:00
[2024-10-07T15:22:21.924+0000] {processor.py:208} INFO - Processing /home/airflow/.local/lib/python3.12/site-packages/airflow/example_dags/example_branch_operator.py took 0.132 seconds
[2024-10-07T15:24:51.023+0000] {processor.py:186} INFO - Started process (PID=58) to work on /home/airflow/.local/lib/python3.12/site-packages/airflow/example_dags/example_branch_operator.py
[2024-10-07T15:24:51.024+0000] {processor.py:914} INFO - Processing file /home/airflow/.local/lib/python3.12/site-packages/airflow/example_dags/example_branch_operator.py for tasks to queue
[2024-10-07T15:24:51.026+0000] {logging_mixin.py:190} INFO - [2024-10-07T15:24:51.026+0000] {dagbag.py:588} INFO - Filling up the DagBag from /home/airflow/.local/lib/python3.12/site-packages/airflow/example_dags/example_branch_operator.py
[2024-10-07T15:24:51.062+0000] {processor.py:925} INFO - DAG(s) 'example_branch_operator' retrieved from /home/airflow/.local/lib/python3.12/site-packages/airflow/example_dags/example_branch_operator.py
[2024-10-07T15:24:51.296+0000] {logging_mixin.py:190} INFO - [2024-10-07T15:24:51.296+0000] {dag.py:3239} INFO - Sync 1 DAGs
[2024-10-07T15:24:51.316+0000] {logging_mixin.py:190} INFO - [2024-10-07T15:24:51.316+0000] {dag.py:4180} INFO - Setting next_dagrun for example_branch_operator to 2024-10-06 00:00:00+00:00, run_after=2024-10-07 00:00:00+00:00
[2024-10-07T15:24:51.335+0000] {processor.py:208} INFO - Processing /home/airflow/.local/lib/python3.12/site-packages/airflow/example_dags/example_branch_operator.py took 0.317 seconds
[2024-10-07T15:25:22.107+0000] {processor.py:186} INFO - Started process (PID=120) to work on /home/airflow/.local/lib/python3.12/site-packages/airflow/example_dags/example_branch_operator.py
[2024-10-07T15:25:22.111+0000] {processor.py:914} INFO - Processing file /home/airflow/.local/lib/python3.12/site-packages/airflow/example_dags/example_branch_operator.py for tasks to queue
[2024-10-07T15:25:22.114+0000] {logging_mixin.py:190} INFO - [2024-10-07T15:25:22.114+0000] {dagbag.py:588} INFO - Filling up the DagBag from /home/airflow/.local/lib/python3.12/site-packages/airflow/example_dags/example_branch_operator.py
[2024-10-07T15:25:22.127+0000] {processor.py:925} INFO - DAG(s) 'example_branch_operator' retrieved from /home/airflow/.local/lib/python3.12/site-packages/airflow/example_dags/example_branch_operator.py
[2024-10-07T15:25:22.149+0000] {logging_mixin.py:190} INFO - [2024-10-07T15:25:22.149+0000] {dag.py:3239} INFO - Sync 1 DAGs
[2024-10-07T15:25:22.167+0000] {logging_mixin.py:190} INFO - [2024-10-07T15:25:22.167+0000] {dag.py:4180} INFO - Setting next_dagrun for example_branch_operator to 2024-10-06 00:00:00+00:00, run_after=2024-10-07 00:00:00+00:00
[2024-10-07T15:25:22.181+0000] {processor.py:208} INFO - Processing /home/airflow/.local/lib/python3.12/site-packages/airflow/example_dags/example_branch_operator.py took 0.078 seconds
[2024-10-07T15:25:52.267+0000] {processor.py:186} INFO - Started process (PID=182) to work on /home/airflow/.local/lib/python3.12/site-packages/airflow/example_dags/example_branch_operator.py
[2024-10-07T15:25:52.273+0000] {processor.py:914} INFO - Processing file /home/airflow/.local/lib/python3.12/site-packages/airflow/example_dags/example_branch_operator.py for tasks to queue
[2024-10-07T15:25:52.274+0000] {logging_mixin.py:190} INFO - [2024-10-07T15:25:52.274+0000] {dagbag.py:588} INFO - Filling up the DagBag from /home/airflow/.local/lib/python3.12/site-packages/airflow/example_dags/example_branch_operator.py
[2024-10-07T15:25:52.288+0000] {processor.py:925} INFO - DAG(s) 'example_branch_operator' retrieved from /home/airflow/.local/lib/python3.12/site-packages/airflow/example_dags/example_branch_operator.py
[2024-10-07T15:25:52.311+0000] {logging_mixin.py:190} INFO - [2024-10-07T15:25:52.311+0000] {dag.py:3239} INFO - Sync 1 DAGs
[2024-10-07T15:25:52.330+0000] {logging_mixin.py:190} INFO - [2024-10-07T15:25:52.330+0000] {dag.py:4180} INFO - Setting next_dagrun for example_branch_operator to 2024-10-06 00:00:00+00:00, run_after=2024-10-07 00:00:00+00:00
[2024-10-07T15:25:52.346+0000] {processor.py:208} INFO - Processing /home/airflow/.local/lib/python3.12/site-packages/airflow/example_dags/example_branch_operator.py took 0.083 seconds
