[2024-10-07T15:21:53.842+0000] {processor.py:186} INFO - Started process (PID=85) to work on /home/airflow/.local/lib/python3.12/site-packages/airflow/example_dags/example_branch_datetime_operator.py
[2024-10-07T15:21:53.842+0000] {processor.py:914} INFO - Processing file /home/airflow/.local/lib/python3.12/site-packages/airflow/example_dags/example_branch_datetime_operator.py for tasks to queue
[2024-10-07T15:21:53.845+0000] {logging_mixin.py:190} INFO - [2024-10-07T15:21:53.844+0000] {dagbag.py:588} INFO - Filling up the DagBag from /home/airflow/.local/lib/python3.12/site-packages/airflow/example_dags/example_branch_datetime_operator.py
[2024-10-07T15:21:53.859+0000] {processor.py:925} INFO - DAG(s) 'example_branch_datetime_operator', 'example_branch_datetime_operator_3', 'example_branch_datetime_operator_2' retrieved from /home/airflow/.local/lib/python3.12/site-packages/airflow/example_dags/example_branch_datetime_operator.py
[2024-10-07T15:21:53.960+0000] {logging_mixin.py:190} INFO - [2024-10-07T15:21:53.959+0000] {override.py:1900} INFO - Created Permission View: can edit on DAG:example_branch_datetime_operator
[2024-10-07T15:21:53.969+0000] {logging_mixin.py:190} INFO - [2024-10-07T15:21:53.969+0000] {override.py:1900} INFO - Created Permission View: can delete on DAG:example_branch_datetime_operator
[2024-10-07T15:21:53.975+0000] {logging_mixin.py:190} INFO - [2024-10-07T15:21:53.975+0000] {override.py:1900} INFO - Created Permission View: can read on DAG:example_branch_datetime_operator
[2024-10-07T15:21:53.980+0000] {logging_mixin.py:190} INFO - [2024-10-07T15:21:53.980+0000] {override.py:1900} INFO - Created Permission View: can create on DAG Run:example_branch_datetime_operator
[2024-10-07T15:21:53.986+0000] {logging_mixin.py:190} INFO - [2024-10-07T15:21:53.986+0000] {override.py:1900} INFO - Created Permission View: menu access on DAG Run:example_branch_datetime_operator
[2024-10-07T15:21:53.990+0000] {logging_mixin.py:190} INFO - [2024-10-07T15:21:53.990+0000] {override.py:1900} INFO - Created Permission View: can delete on DAG Run:example_branch_datetime_operator
[2024-10-07T15:21:53.995+0000] {logging_mixin.py:190} INFO - [2024-10-07T15:21:53.995+0000] {override.py:1900} INFO - Created Permission View: can read on DAG Run:example_branch_datetime_operator
[2024-10-07T15:21:54.004+0000] {logging_mixin.py:190} INFO - [2024-10-07T15:21:54.004+0000] {override.py:1900} INFO - Created Permission View: can edit on DAG:example_branch_datetime_operator_3
[2024-10-07T15:21:54.008+0000] {logging_mixin.py:190} INFO - [2024-10-07T15:21:54.008+0000] {override.py:1900} INFO - Created Permission View: can delete on DAG:example_branch_datetime_operator_3
[2024-10-07T15:21:54.012+0000] {logging_mixin.py:190} INFO - [2024-10-07T15:21:54.012+0000] {override.py:1900} INFO - Created Permission View: can read on DAG:example_branch_datetime_operator_3
[2024-10-07T15:21:54.017+0000] {logging_mixin.py:190} INFO - [2024-10-07T15:21:54.017+0000] {override.py:1900} INFO - Created Permission View: can create on DAG Run:example_branch_datetime_operator_3
[2024-10-07T15:21:54.022+0000] {logging_mixin.py:190} INFO - [2024-10-07T15:21:54.022+0000] {override.py:1900} INFO - Created Permission View: menu access on DAG Run:example_branch_datetime_operator_3
[2024-10-07T15:21:54.027+0000] {logging_mixin.py:190} INFO - [2024-10-07T15:21:54.027+0000] {override.py:1900} INFO - Created Permission View: can delete on DAG Run:example_branch_datetime_operator_3
[2024-10-07T15:21:54.031+0000] {logging_mixin.py:190} INFO - [2024-10-07T15:21:54.031+0000] {override.py:1900} INFO - Created Permission View: can read on DAG Run:example_branch_datetime_operator_3
[2024-10-07T15:21:54.039+0000] {logging_mixin.py:190} INFO - [2024-10-07T15:21:54.039+0000] {override.py:1900} INFO - Created Permission View: can edit on DAG:example_branch_datetime_operator_2
[2024-10-07T15:21:54.044+0000] {logging_mixin.py:190} INFO - [2024-10-07T15:21:54.044+0000] {override.py:1900} INFO - Created Permission View: can delete on DAG:example_branch_datetime_operator_2
[2024-10-07T15:21:54.048+0000] {logging_mixin.py:190} INFO - [2024-10-07T15:21:54.048+0000] {override.py:1900} INFO - Created Permission View: can read on DAG:example_branch_datetime_operator_2
[2024-10-07T15:21:54.053+0000] {logging_mixin.py:190} INFO - [2024-10-07T15:21:54.053+0000] {override.py:1900} INFO - Created Permission View: can create on DAG Run:example_branch_datetime_operator_2
[2024-10-07T15:21:54.058+0000] {logging_mixin.py:190} INFO - [2024-10-07T15:21:54.057+0000] {override.py:1900} INFO - Created Permission View: menu access on DAG Run:example_branch_datetime_operator_2
[2024-10-07T15:21:54.062+0000] {logging_mixin.py:190} INFO - [2024-10-07T15:21:54.061+0000] {override.py:1900} INFO - Created Permission View: can delete on DAG Run:example_branch_datetime_operator_2
[2024-10-07T15:21:54.066+0000] {logging_mixin.py:190} INFO - [2024-10-07T15:21:54.066+0000] {override.py:1900} INFO - Created Permission View: can read on DAG Run:example_branch_datetime_operator_2
[2024-10-07T15:21:54.066+0000] {logging_mixin.py:190} INFO - [2024-10-07T15:21:54.066+0000] {dag.py:3239} INFO - Sync 3 DAGs
[2024-10-07T15:21:54.077+0000] {logging_mixin.py:190} INFO - [2024-10-07T15:21:54.077+0000] {dag.py:3262} INFO - Creating ORM DAG for example_branch_datetime_operator_3
[2024-10-07T15:21:54.078+0000] {logging_mixin.py:190} INFO - [2024-10-07T15:21:54.078+0000] {dag.py:3262} INFO - Creating ORM DAG for example_branch_datetime_operator
[2024-10-07T15:21:54.079+0000] {logging_mixin.py:190} INFO - [2024-10-07T15:21:54.078+0000] {dag.py:3262} INFO - Creating ORM DAG for example_branch_datetime_operator_2
[2024-10-07T15:21:54.088+0000] {logging_mixin.py:190} INFO - [2024-10-07T15:21:54.088+0000] {dag.py:4180} INFO - Setting next_dagrun for example_branch_datetime_operator to 2024-10-06 00:00:00+00:00, run_after=2024-10-07 00:00:00+00:00
[2024-10-07T15:21:54.090+0000] {logging_mixin.py:190} INFO - [2024-10-07T15:21:54.089+0000] {dag.py:4180} INFO - Setting next_dagrun for example_branch_datetime_operator_2 to 2024-10-06 00:00:00+00:00, run_after=2024-10-07 00:00:00+00:00
[2024-10-07T15:21:54.091+0000] {logging_mixin.py:190} INFO - [2024-10-07T15:21:54.091+0000] {dag.py:4180} INFO - Setting next_dagrun for example_branch_datetime_operator_3 to 2024-10-06 00:00:00+00:00, run_after=2024-10-07 00:00:00+00:00
[2024-10-07T15:21:54.105+0000] {processor.py:208} INFO - Processing /home/airflow/.local/lib/python3.12/site-packages/airflow/example_dags/example_branch_datetime_operator.py took 0.269 seconds
[2024-10-07T15:22:24.880+0000] {processor.py:186} INFO - Started process (PID=147) to work on /home/airflow/.local/lib/python3.12/site-packages/airflow/example_dags/example_branch_datetime_operator.py
[2024-10-07T15:22:24.882+0000] {processor.py:914} INFO - Processing file /home/airflow/.local/lib/python3.12/site-packages/airflow/example_dags/example_branch_datetime_operator.py for tasks to queue
[2024-10-07T15:22:24.884+0000] {logging_mixin.py:190} INFO - [2024-10-07T15:22:24.884+0000] {dagbag.py:588} INFO - Filling up the DagBag from /home/airflow/.local/lib/python3.12/site-packages/airflow/example_dags/example_branch_datetime_operator.py
[2024-10-07T15:22:24.898+0000] {processor.py:925} INFO - DAG(s) 'example_branch_datetime_operator', 'example_branch_datetime_operator_3', 'example_branch_datetime_operator_2' retrieved from /home/airflow/.local/lib/python3.12/site-packages/airflow/example_dags/example_branch_datetime_operator.py
[2024-10-07T15:22:24.929+0000] {logging_mixin.py:190} INFO - [2024-10-07T15:22:24.928+0000] {dag.py:3239} INFO - Sync 3 DAGs
[2024-10-07T15:22:24.957+0000] {logging_mixin.py:190} INFO - [2024-10-07T15:22:24.956+0000] {dag.py:4180} INFO - Setting next_dagrun for example_branch_datetime_operator to 2024-10-06 00:00:00+00:00, run_after=2024-10-07 00:00:00+00:00
[2024-10-07T15:22:24.963+0000] {logging_mixin.py:190} INFO - [2024-10-07T15:22:24.963+0000] {dag.py:4180} INFO - Setting next_dagrun for example_branch_datetime_operator_2 to 2024-10-06 00:00:00+00:00, run_after=2024-10-07 00:00:00+00:00
[2024-10-07T15:22:24.968+0000] {logging_mixin.py:190} INFO - [2024-10-07T15:22:24.967+0000] {dag.py:4180} INFO - Setting next_dagrun for example_branch_datetime_operator_3 to 2024-10-06 00:00:00+00:00, run_after=2024-10-07 00:00:00+00:00
[2024-10-07T15:22:24.989+0000] {processor.py:208} INFO - Processing /home/airflow/.local/lib/python3.12/site-packages/airflow/example_dags/example_branch_datetime_operator.py took 0.115 seconds
[2024-10-07T15:24:52.882+0000] {processor.py:186} INFO - Started process (PID=84) to work on /home/airflow/.local/lib/python3.12/site-packages/airflow/example_dags/example_branch_datetime_operator.py
[2024-10-07T15:24:52.883+0000] {processor.py:914} INFO - Processing file /home/airflow/.local/lib/python3.12/site-packages/airflow/example_dags/example_branch_datetime_operator.py for tasks to queue
[2024-10-07T15:24:52.884+0000] {logging_mixin.py:190} INFO - [2024-10-07T15:24:52.884+0000] {dagbag.py:588} INFO - Filling up the DagBag from /home/airflow/.local/lib/python3.12/site-packages/airflow/example_dags/example_branch_datetime_operator.py
[2024-10-07T15:24:52.895+0000] {processor.py:925} INFO - DAG(s) 'example_branch_datetime_operator_3', 'example_branch_datetime_operator_2', 'example_branch_datetime_operator' retrieved from /home/airflow/.local/lib/python3.12/site-packages/airflow/example_dags/example_branch_datetime_operator.py
[2024-10-07T15:24:52.922+0000] {logging_mixin.py:190} INFO - [2024-10-07T15:24:52.922+0000] {dag.py:3239} INFO - Sync 3 DAGs
[2024-10-07T15:24:52.947+0000] {logging_mixin.py:190} INFO - [2024-10-07T15:24:52.947+0000] {dag.py:4180} INFO - Setting next_dagrun for example_branch_datetime_operator to 2024-10-06 00:00:00+00:00, run_after=2024-10-07 00:00:00+00:00
[2024-10-07T15:24:52.954+0000] {logging_mixin.py:190} INFO - [2024-10-07T15:24:52.954+0000] {dag.py:4180} INFO - Setting next_dagrun for example_branch_datetime_operator_2 to 2024-10-06 00:00:00+00:00, run_after=2024-10-07 00:00:00+00:00
[2024-10-07T15:24:52.957+0000] {logging_mixin.py:190} INFO - [2024-10-07T15:24:52.956+0000] {dag.py:4180} INFO - Setting next_dagrun for example_branch_datetime_operator_3 to 2024-10-06 00:00:00+00:00, run_after=2024-10-07 00:00:00+00:00
[2024-10-07T15:24:52.972+0000] {processor.py:208} INFO - Processing /home/airflow/.local/lib/python3.12/site-packages/airflow/example_dags/example_branch_datetime_operator.py took 0.095 seconds
[2024-10-07T15:25:23.408+0000] {processor.py:186} INFO - Started process (PID=146) to work on /home/airflow/.local/lib/python3.12/site-packages/airflow/example_dags/example_branch_datetime_operator.py
[2024-10-07T15:25:23.408+0000] {processor.py:914} INFO - Processing file /home/airflow/.local/lib/python3.12/site-packages/airflow/example_dags/example_branch_datetime_operator.py for tasks to queue
[2024-10-07T15:25:23.410+0000] {logging_mixin.py:190} INFO - [2024-10-07T15:25:23.410+0000] {dagbag.py:588} INFO - Filling up the DagBag from /home/airflow/.local/lib/python3.12/site-packages/airflow/example_dags/example_branch_datetime_operator.py
[2024-10-07T15:25:23.418+0000] {processor.py:925} INFO - DAG(s) 'example_branch_datetime_operator', 'example_branch_datetime_operator_3', 'example_branch_datetime_operator_2' retrieved from /home/airflow/.local/lib/python3.12/site-packages/airflow/example_dags/example_branch_datetime_operator.py
[2024-10-07T15:25:23.441+0000] {logging_mixin.py:190} INFO - [2024-10-07T15:25:23.441+0000] {dag.py:3239} INFO - Sync 3 DAGs
[2024-10-07T15:25:23.461+0000] {logging_mixin.py:190} INFO - [2024-10-07T15:25:23.461+0000] {dag.py:4180} INFO - Setting next_dagrun for example_branch_datetime_operator to 2024-10-06 00:00:00+00:00, run_after=2024-10-07 00:00:00+00:00
[2024-10-07T15:25:23.465+0000] {logging_mixin.py:190} INFO - [2024-10-07T15:25:23.465+0000] {dag.py:4180} INFO - Setting next_dagrun for example_branch_datetime_operator_2 to 2024-10-06 00:00:00+00:00, run_after=2024-10-07 00:00:00+00:00
[2024-10-07T15:25:23.467+0000] {logging_mixin.py:190} INFO - [2024-10-07T15:25:23.467+0000] {dag.py:4180} INFO - Setting next_dagrun for example_branch_datetime_operator_3 to 2024-10-06 00:00:00+00:00, run_after=2024-10-07 00:00:00+00:00
[2024-10-07T15:25:23.480+0000] {processor.py:208} INFO - Processing /home/airflow/.local/lib/python3.12/site-packages/airflow/example_dags/example_branch_datetime_operator.py took 0.076 seconds
[2024-10-07T15:25:53.716+0000] {processor.py:186} INFO - Started process (PID=208) to work on /home/airflow/.local/lib/python3.12/site-packages/airflow/example_dags/example_branch_datetime_operator.py
[2024-10-07T15:25:53.717+0000] {processor.py:914} INFO - Processing file /home/airflow/.local/lib/python3.12/site-packages/airflow/example_dags/example_branch_datetime_operator.py for tasks to queue
[2024-10-07T15:25:53.720+0000] {logging_mixin.py:190} INFO - [2024-10-07T15:25:53.719+0000] {dagbag.py:588} INFO - Filling up the DagBag from /home/airflow/.local/lib/python3.12/site-packages/airflow/example_dags/example_branch_datetime_operator.py
[2024-10-07T15:25:53.729+0000] {processor.py:925} INFO - DAG(s) 'example_branch_datetime_operator', 'example_branch_datetime_operator_3', 'example_branch_datetime_operator_2' retrieved from /home/airflow/.local/lib/python3.12/site-packages/airflow/example_dags/example_branch_datetime_operator.py
[2024-10-07T15:25:53.751+0000] {logging_mixin.py:190} INFO - [2024-10-07T15:25:53.750+0000] {dag.py:3239} INFO - Sync 3 DAGs
[2024-10-07T15:25:53.771+0000] {logging_mixin.py:190} INFO - [2024-10-07T15:25:53.770+0000] {dag.py:4180} INFO - Setting next_dagrun for example_branch_datetime_operator to 2024-10-06 00:00:00+00:00, run_after=2024-10-07 00:00:00+00:00
[2024-10-07T15:25:53.775+0000] {logging_mixin.py:190} INFO - [2024-10-07T15:25:53.775+0000] {dag.py:4180} INFO - Setting next_dagrun for example_branch_datetime_operator_2 to 2024-10-06 00:00:00+00:00, run_after=2024-10-07 00:00:00+00:00
[2024-10-07T15:25:53.777+0000] {logging_mixin.py:190} INFO - [2024-10-07T15:25:53.777+0000] {dag.py:4180} INFO - Setting next_dagrun for example_branch_datetime_operator_3 to 2024-10-06 00:00:00+00:00, run_after=2024-10-07 00:00:00+00:00
[2024-10-07T15:25:53.790+0000] {processor.py:208} INFO - Processing /home/airflow/.local/lib/python3.12/site-packages/airflow/example_dags/example_branch_datetime_operator.py took 0.079 seconds
