[2024-10-07T15:21:55.091+0000] {processor.py:186} INFO - Started process (PID=97) to work on /home/airflow/.local/lib/python3.12/site-packages/airflow/example_dags/example_branch_python_dop_operator_3.py
[2024-10-07T15:21:55.092+0000] {processor.py:914} INFO - Processing file /home/airflow/.local/lib/python3.12/site-packages/airflow/example_dags/example_branch_python_dop_operator_3.py for tasks to queue
[2024-10-07T15:21:55.093+0000] {logging_mixin.py:190} INFO - [2024-10-07T15:21:55.093+0000] {dagbag.py:588} INFO - Filling up the DagBag from /home/airflow/.local/lib/python3.12/site-packages/airflow/example_dags/example_branch_python_dop_operator_3.py
[2024-10-07T15:21:55.101+0000] {processor.py:925} INFO - DAG(s) 'example_branch_dop_operator_v3' retrieved from /home/airflow/.local/lib/python3.12/site-packages/airflow/example_dags/example_branch_python_dop_operator_3.py
[2024-10-07T15:21:55.183+0000] {logging_mixin.py:190} INFO - [2024-10-07T15:21:55.183+0000] {override.py:1900} INFO - Created Permission View: can edit on DAG:example_branch_dop_operator_v3
[2024-10-07T15:21:55.191+0000] {logging_mixin.py:190} INFO - [2024-10-07T15:21:55.191+0000] {override.py:1900} INFO - Created Permission View: can delete on DAG:example_branch_dop_operator_v3
[2024-10-07T15:21:55.196+0000] {logging_mixin.py:190} INFO - [2024-10-07T15:21:55.196+0000] {override.py:1900} INFO - Created Permission View: can read on DAG:example_branch_dop_operator_v3
[2024-10-07T15:21:55.201+0000] {logging_mixin.py:190} INFO - [2024-10-07T15:21:55.201+0000] {override.py:1900} INFO - Created Permission View: can create on DAG Run:example_branch_dop_operator_v3
[2024-10-07T15:21:55.208+0000] {logging_mixin.py:190} INFO - [2024-10-07T15:21:55.207+0000] {override.py:1900} INFO - Created Permission View: menu access on DAG Run:example_branch_dop_operator_v3
[2024-10-07T15:21:55.213+0000] {logging_mixin.py:190} INFO - [2024-10-07T15:21:55.213+0000] {override.py:1900} INFO - Created Permission View: can delete on DAG Run:example_branch_dop_operator_v3
[2024-10-07T15:21:55.219+0000] {logging_mixin.py:190} INFO - [2024-10-07T15:21:55.218+0000] {override.py:1900} INFO - Created Permission View: can read on DAG Run:example_branch_dop_operator_v3
[2024-10-07T15:21:55.219+0000] {logging_mixin.py:190} INFO - [2024-10-07T15:21:55.219+0000] {dag.py:3239} INFO - Sync 1 DAGs
[2024-10-07T15:21:55.231+0000] {logging_mixin.py:190} INFO - [2024-10-07T15:21:55.231+0000] {dag.py:3262} INFO - Creating ORM DAG for example_branch_dop_operator_v3
[2024-10-07T15:21:55.241+0000] {logging_mixin.py:190} INFO - [2024-10-07T15:21:55.241+0000] {dag.py:4180} INFO - Setting next_dagrun for example_branch_dop_operator_v3 to 2024-10-07 15:20:00+00:00, run_after=2024-10-07 15:21:00+00:00
[2024-10-07T15:21:55.255+0000] {processor.py:208} INFO - Processing /home/airflow/.local/lib/python3.12/site-packages/airflow/example_dags/example_branch_python_dop_operator_3.py took 0.169 seconds
[2024-10-07T15:22:25.628+0000] {processor.py:186} INFO - Started process (PID=159) to work on /home/airflow/.local/lib/python3.12/site-packages/airflow/example_dags/example_branch_python_dop_operator_3.py
[2024-10-07T15:22:25.629+0000] {processor.py:914} INFO - Processing file /home/airflow/.local/lib/python3.12/site-packages/airflow/example_dags/example_branch_python_dop_operator_3.py for tasks to queue
[2024-10-07T15:22:25.631+0000] {logging_mixin.py:190} INFO - [2024-10-07T15:22:25.631+0000] {dagbag.py:588} INFO - Filling up the DagBag from /home/airflow/.local/lib/python3.12/site-packages/airflow/example_dags/example_branch_python_dop_operator_3.py
[2024-10-07T15:22:25.640+0000] {processor.py:925} INFO - DAG(s) 'example_branch_dop_operator_v3' retrieved from /home/airflow/.local/lib/python3.12/site-packages/airflow/example_dags/example_branch_python_dop_operator_3.py
[2024-10-07T15:22:25.660+0000] {logging_mixin.py:190} INFO - [2024-10-07T15:22:25.660+0000] {dag.py:3239} INFO - Sync 1 DAGs
[2024-10-07T15:22:25.686+0000] {logging_mixin.py:190} INFO - [2024-10-07T15:22:25.686+0000] {dag.py:4180} INFO - Setting next_dagrun for example_branch_dop_operator_v3 to 2024-10-07 15:21:00+00:00, run_after=2024-10-07 15:22:00+00:00
[2024-10-07T15:22:25.702+0000] {processor.py:208} INFO - Processing /home/airflow/.local/lib/python3.12/site-packages/airflow/example_dags/example_branch_python_dop_operator_3.py took 0.079 seconds
[2024-10-07T15:24:53.572+0000] {processor.py:186} INFO - Started process (PID=96) to work on /home/airflow/.local/lib/python3.12/site-packages/airflow/example_dags/example_branch_python_dop_operator_3.py
[2024-10-07T15:24:53.572+0000] {processor.py:914} INFO - Processing file /home/airflow/.local/lib/python3.12/site-packages/airflow/example_dags/example_branch_python_dop_operator_3.py for tasks to queue
[2024-10-07T15:24:53.574+0000] {logging_mixin.py:190} INFO - [2024-10-07T15:24:53.574+0000] {dagbag.py:588} INFO - Filling up the DagBag from /home/airflow/.local/lib/python3.12/site-packages/airflow/example_dags/example_branch_python_dop_operator_3.py
[2024-10-07T15:24:53.583+0000] {processor.py:925} INFO - DAG(s) 'example_branch_dop_operator_v3' retrieved from /home/airflow/.local/lib/python3.12/site-packages/airflow/example_dags/example_branch_python_dop_operator_3.py
[2024-10-07T15:24:53.602+0000] {logging_mixin.py:190} INFO - [2024-10-07T15:24:53.602+0000] {dag.py:3239} INFO - Sync 1 DAGs
[2024-10-07T15:24:53.625+0000] {logging_mixin.py:190} INFO - [2024-10-07T15:24:53.625+0000] {dag.py:4180} INFO - Setting next_dagrun for example_branch_dop_operator_v3 to 2024-10-07 15:23:00+00:00, run_after=2024-10-07 15:24:00+00:00
[2024-10-07T15:24:53.641+0000] {processor.py:208} INFO - Processing /home/airflow/.local/lib/python3.12/site-packages/airflow/example_dags/example_branch_python_dop_operator_3.py took 0.074 seconds
[2024-10-07T15:25:23.959+0000] {processor.py:186} INFO - Started process (PID=158) to work on /home/airflow/.local/lib/python3.12/site-packages/airflow/example_dags/example_branch_python_dop_operator_3.py
[2024-10-07T15:25:23.959+0000] {processor.py:914} INFO - Processing file /home/airflow/.local/lib/python3.12/site-packages/airflow/example_dags/example_branch_python_dop_operator_3.py for tasks to queue
[2024-10-07T15:25:23.961+0000] {logging_mixin.py:190} INFO - [2024-10-07T15:25:23.961+0000] {dagbag.py:588} INFO - Filling up the DagBag from /home/airflow/.local/lib/python3.12/site-packages/airflow/example_dags/example_branch_python_dop_operator_3.py
[2024-10-07T15:25:23.969+0000] {processor.py:925} INFO - DAG(s) 'example_branch_dop_operator_v3' retrieved from /home/airflow/.local/lib/python3.12/site-packages/airflow/example_dags/example_branch_python_dop_operator_3.py
[2024-10-07T15:25:23.985+0000] {logging_mixin.py:190} INFO - [2024-10-07T15:25:23.985+0000] {dag.py:3239} INFO - Sync 1 DAGs
[2024-10-07T15:25:24.007+0000] {logging_mixin.py:190} INFO - [2024-10-07T15:25:24.007+0000] {dag.py:4180} INFO - Setting next_dagrun for example_branch_dop_operator_v3 to 2024-10-07 15:24:00+00:00, run_after=2024-10-07 15:25:00+00:00
[2024-10-07T15:25:24.021+0000] {processor.py:208} INFO - Processing /home/airflow/.local/lib/python3.12/site-packages/airflow/example_dags/example_branch_python_dop_operator_3.py took 0.067 seconds
[2024-10-07T15:25:54.281+0000] {processor.py:186} INFO - Started process (PID=220) to work on /home/airflow/.local/lib/python3.12/site-packages/airflow/example_dags/example_branch_python_dop_operator_3.py
[2024-10-07T15:25:54.282+0000] {processor.py:914} INFO - Processing file /home/airflow/.local/lib/python3.12/site-packages/airflow/example_dags/example_branch_python_dop_operator_3.py for tasks to queue
[2024-10-07T15:25:54.283+0000] {logging_mixin.py:190} INFO - [2024-10-07T15:25:54.283+0000] {dagbag.py:588} INFO - Filling up the DagBag from /home/airflow/.local/lib/python3.12/site-packages/airflow/example_dags/example_branch_python_dop_operator_3.py
[2024-10-07T15:25:54.291+0000] {processor.py:925} INFO - DAG(s) 'example_branch_dop_operator_v3' retrieved from /home/airflow/.local/lib/python3.12/site-packages/airflow/example_dags/example_branch_python_dop_operator_3.py
[2024-10-07T15:25:54.307+0000] {logging_mixin.py:190} INFO - [2024-10-07T15:25:54.307+0000] {dag.py:3239} INFO - Sync 1 DAGs
[2024-10-07T15:25:54.328+0000] {logging_mixin.py:190} INFO - [2024-10-07T15:25:54.328+0000] {dag.py:4180} INFO - Setting next_dagrun for example_branch_dop_operator_v3 to 2024-10-07 15:24:00+00:00, run_after=2024-10-07 15:25:00+00:00
[2024-10-07T15:25:54.342+0000] {processor.py:208} INFO - Processing /home/airflow/.local/lib/python3.12/site-packages/airflow/example_dags/example_branch_python_dop_operator_3.py took 0.066 seconds
