[2024-10-07T15:21:51.767+0000] {processor.py:186} INFO - Started process (PID=64) to work on /home/airflow/.local/lib/python3.12/site-packages/airflow/example_dags/example_dag_decorator.py
[2024-10-07T15:21:51.768+0000] {processor.py:914} INFO - Processing file /home/airflow/.local/lib/python3.12/site-packages/airflow/example_dags/example_dag_decorator.py for tasks to queue
[2024-10-07T15:21:51.769+0000] {logging_mixin.py:190} INFO - [2024-10-07T15:21:51.769+0000] {dagbag.py:588} INFO - Filling up the DagBag from /home/airflow/.local/lib/python3.12/site-packages/airflow/example_dags/example_dag_decorator.py
[2024-10-07T15:21:51.780+0000] {processor.py:925} INFO - DAG(s) 'example_dag_decorator' retrieved from /home/airflow/.local/lib/python3.12/site-packages/airflow/example_dags/example_dag_decorator.py
[2024-10-07T15:21:51.876+0000] {logging_mixin.py:190} INFO - [2024-10-07T15:21:51.876+0000] {override.py:1900} INFO - Created Permission View: can edit on DAG:example_dag_decorator
[2024-10-07T15:21:51.884+0000] {logging_mixin.py:190} INFO - [2024-10-07T15:21:51.884+0000] {override.py:1900} INFO - Created Permission View: can delete on DAG:example_dag_decorator
[2024-10-07T15:21:51.890+0000] {logging_mixin.py:190} INFO - [2024-10-07T15:21:51.889+0000] {override.py:1900} INFO - Created Permission View: can read on DAG:example_dag_decorator
[2024-10-07T15:21:51.896+0000] {logging_mixin.py:190} INFO - [2024-10-07T15:21:51.896+0000] {override.py:1900} INFO - Created Permission View: can create on DAG Run:example_dag_decorator
[2024-10-07T15:21:51.901+0000] {logging_mixin.py:190} INFO - [2024-10-07T15:21:51.901+0000] {override.py:1900} INFO - Created Permission View: menu access on DAG Run:example_dag_decorator
[2024-10-07T15:21:51.907+0000] {logging_mixin.py:190} INFO - [2024-10-07T15:21:51.907+0000] {override.py:1900} INFO - Created Permission View: can delete on DAG Run:example_dag_decorator
[2024-10-07T15:21:51.912+0000] {logging_mixin.py:190} INFO - [2024-10-07T15:21:51.912+0000] {override.py:1900} INFO - Created Permission View: can read on DAG Run:example_dag_decorator
[2024-10-07T15:21:51.912+0000] {logging_mixin.py:190} INFO - [2024-10-07T15:21:51.912+0000] {dag.py:3239} INFO - Sync 1 DAGs
[2024-10-07T15:21:51.922+0000] {logging_mixin.py:190} INFO - [2024-10-07T15:21:51.922+0000] {dag.py:3262} INFO - Creating ORM DAG for example_dag_decorator
[2024-10-07T15:21:51.923+0000] {logging_mixin.py:190} INFO - [2024-10-07T15:21:51.923+0000] {dag.py:4180} INFO - Setting next_dagrun for example_dag_decorator to None, run_after=None
[2024-10-07T15:21:51.936+0000] {processor.py:208} INFO - Processing /home/airflow/.local/lib/python3.12/site-packages/airflow/example_dags/example_dag_decorator.py took 0.174 seconds
[2024-10-07T15:22:22.153+0000] {processor.py:186} INFO - Started process (PID=125) to work on /home/airflow/.local/lib/python3.12/site-packages/airflow/example_dags/example_dag_decorator.py
[2024-10-07T15:22:22.153+0000] {processor.py:914} INFO - Processing file /home/airflow/.local/lib/python3.12/site-packages/airflow/example_dags/example_dag_decorator.py for tasks to queue
[2024-10-07T15:22:22.155+0000] {logging_mixin.py:190} INFO - [2024-10-07T15:22:22.155+0000] {dagbag.py:588} INFO - Filling up the DagBag from /home/airflow/.local/lib/python3.12/site-packages/airflow/example_dags/example_dag_decorator.py
[2024-10-07T15:22:22.165+0000] {processor.py:925} INFO - DAG(s) 'example_dag_decorator' retrieved from /home/airflow/.local/lib/python3.12/site-packages/airflow/example_dags/example_dag_decorator.py
[2024-10-07T15:22:22.264+0000] {logging_mixin.py:190} INFO - [2024-10-07T15:22:22.263+0000] {dag.py:3239} INFO - Sync 1 DAGs
[2024-10-07T15:22:22.275+0000] {logging_mixin.py:190} INFO - [2024-10-07T15:22:22.275+0000] {dag.py:4180} INFO - Setting next_dagrun for example_dag_decorator to None, run_after=None
[2024-10-07T15:22:22.341+0000] {processor.py:208} INFO - Processing /home/airflow/.local/lib/python3.12/site-packages/airflow/example_dags/example_dag_decorator.py took 0.193 seconds
[2024-10-07T15:24:51.598+0000] {processor.py:186} INFO - Started process (PID=63) to work on /home/airflow/.local/lib/python3.12/site-packages/airflow/example_dags/example_dag_decorator.py
[2024-10-07T15:24:51.600+0000] {processor.py:914} INFO - Processing file /home/airflow/.local/lib/python3.12/site-packages/airflow/example_dags/example_dag_decorator.py for tasks to queue
[2024-10-07T15:24:51.602+0000] {logging_mixin.py:190} INFO - [2024-10-07T15:24:51.601+0000] {dagbag.py:588} INFO - Filling up the DagBag from /home/airflow/.local/lib/python3.12/site-packages/airflow/example_dags/example_dag_decorator.py
[2024-10-07T15:24:51.618+0000] {processor.py:925} INFO - DAG(s) 'example_dag_decorator' retrieved from /home/airflow/.local/lib/python3.12/site-packages/airflow/example_dags/example_dag_decorator.py
[2024-10-07T15:24:51.734+0000] {logging_mixin.py:190} INFO - [2024-10-07T15:24:51.733+0000] {dag.py:3239} INFO - Sync 1 DAGs
[2024-10-07T15:24:51.745+0000] {logging_mixin.py:190} INFO - [2024-10-07T15:24:51.745+0000] {dag.py:4180} INFO - Setting next_dagrun for example_dag_decorator to None, run_after=None
[2024-10-07T15:24:51.763+0000] {processor.py:208} INFO - Processing /home/airflow/.local/lib/python3.12/site-packages/airflow/example_dags/example_dag_decorator.py took 0.170 seconds
[2024-10-07T15:25:22.297+0000] {processor.py:186} INFO - Started process (PID=124) to work on /home/airflow/.local/lib/python3.12/site-packages/airflow/example_dags/example_dag_decorator.py
[2024-10-07T15:25:22.297+0000] {processor.py:914} INFO - Processing file /home/airflow/.local/lib/python3.12/site-packages/airflow/example_dags/example_dag_decorator.py for tasks to queue
[2024-10-07T15:25:22.299+0000] {logging_mixin.py:190} INFO - [2024-10-07T15:25:22.299+0000] {dagbag.py:588} INFO - Filling up the DagBag from /home/airflow/.local/lib/python3.12/site-packages/airflow/example_dags/example_dag_decorator.py
[2024-10-07T15:25:22.309+0000] {processor.py:925} INFO - DAG(s) 'example_dag_decorator' retrieved from /home/airflow/.local/lib/python3.12/site-packages/airflow/example_dags/example_dag_decorator.py
[2024-10-07T15:25:22.396+0000] {logging_mixin.py:190} INFO - [2024-10-07T15:25:22.396+0000] {dag.py:3239} INFO - Sync 1 DAGs
[2024-10-07T15:25:22.406+0000] {logging_mixin.py:190} INFO - [2024-10-07T15:25:22.406+0000] {dag.py:4180} INFO - Setting next_dagrun for example_dag_decorator to None, run_after=None
[2024-10-07T15:25:22.419+0000] {processor.py:208} INFO - Processing /home/airflow/.local/lib/python3.12/site-packages/airflow/example_dags/example_dag_decorator.py took 0.127 seconds
[2024-10-07T15:25:52.565+0000] {processor.py:186} INFO - Started process (PID=192) to work on /home/airflow/.local/lib/python3.12/site-packages/airflow/example_dags/example_dag_decorator.py
[2024-10-07T15:25:52.565+0000] {processor.py:914} INFO - Processing file /home/airflow/.local/lib/python3.12/site-packages/airflow/example_dags/example_dag_decorator.py for tasks to queue
[2024-10-07T15:25:52.567+0000] {logging_mixin.py:190} INFO - [2024-10-07T15:25:52.567+0000] {dagbag.py:588} INFO - Filling up the DagBag from /home/airflow/.local/lib/python3.12/site-packages/airflow/example_dags/example_dag_decorator.py
[2024-10-07T15:25:52.578+0000] {processor.py:925} INFO - DAG(s) 'example_dag_decorator' retrieved from /home/airflow/.local/lib/python3.12/site-packages/airflow/example_dags/example_dag_decorator.py
[2024-10-07T15:25:52.672+0000] {logging_mixin.py:190} INFO - [2024-10-07T15:25:52.672+0000] {dag.py:3239} INFO - Sync 1 DAGs
[2024-10-07T15:25:52.681+0000] {logging_mixin.py:190} INFO - [2024-10-07T15:25:52.681+0000] {dag.py:4180} INFO - Setting next_dagrun for example_dag_decorator to None, run_after=None
[2024-10-07T15:25:52.704+0000] {processor.py:208} INFO - Processing /home/airflow/.local/lib/python3.12/site-packages/airflow/example_dags/example_dag_decorator.py took 0.144 seconds
