[2024-10-07T15:21:52.393+0000] {processor.py:186} INFO - Started process (PID=67) to work on /home/airflow/.local/lib/python3.12/site-packages/airflow/example_dags/example_dataset_alias_with_no_taskflow.py
[2024-10-07T15:21:52.394+0000] {processor.py:914} INFO - Processing file /home/airflow/.local/lib/python3.12/site-packages/airflow/example_dags/example_dataset_alias_with_no_taskflow.py for tasks to queue
[2024-10-07T15:21:52.396+0000] {logging_mixin.py:190} INFO - [2024-10-07T15:21:52.396+0000] {dagbag.py:588} INFO - Filling up the DagBag from /home/airflow/.local/lib/python3.12/site-packages/airflow/example_dags/example_dataset_alias_with_no_taskflow.py
[2024-10-07T15:21:52.527+0000] {processor.py:925} INFO - DAG(s) 'dataset_s3_bucket_producer_with_no_taskflow', 'dataset_s3_bucket_consumer_with_no_taskflow', 'dataset_alias_example_alias_producer_with_no_taskflow', 'dataset_alias_example_alias_consumer_with_no_taskflow' retrieved from /home/airflow/.local/lib/python3.12/site-packages/airflow/example_dags/example_dataset_alias_with_no_taskflow.py
[2024-10-07T15:21:52.606+0000] {logging_mixin.py:190} INFO - [2024-10-07T15:21:52.605+0000] {override.py:1900} INFO - Created Permission View: can edit on DAG:dataset_s3_bucket_producer_with_no_taskflow
[2024-10-07T15:21:52.617+0000] {logging_mixin.py:190} INFO - [2024-10-07T15:21:52.617+0000] {override.py:1900} INFO - Created Permission View: can delete on DAG:dataset_s3_bucket_producer_with_no_taskflow
[2024-10-07T15:21:52.623+0000] {logging_mixin.py:190} INFO - [2024-10-07T15:21:52.623+0000] {override.py:1900} INFO - Created Permission View: can read on DAG:dataset_s3_bucket_producer_with_no_taskflow
[2024-10-07T15:21:52.630+0000] {logging_mixin.py:190} INFO - [2024-10-07T15:21:52.629+0000] {override.py:1900} INFO - Created Permission View: can create on DAG Run:dataset_s3_bucket_producer_with_no_taskflow
[2024-10-07T15:21:52.635+0000] {logging_mixin.py:190} INFO - [2024-10-07T15:21:52.635+0000] {override.py:1900} INFO - Created Permission View: menu access on DAG Run:dataset_s3_bucket_producer_with_no_taskflow
[2024-10-07T15:21:52.644+0000] {logging_mixin.py:190} INFO - [2024-10-07T15:21:52.643+0000] {override.py:1900} INFO - Created Permission View: can delete on DAG Run:dataset_s3_bucket_producer_with_no_taskflow
[2024-10-07T15:21:52.651+0000] {logging_mixin.py:190} INFO - [2024-10-07T15:21:52.651+0000] {override.py:1900} INFO - Created Permission View: can read on DAG Run:dataset_s3_bucket_producer_with_no_taskflow
[2024-10-07T15:21:52.663+0000] {logging_mixin.py:190} INFO - [2024-10-07T15:21:52.662+0000] {override.py:1900} INFO - Created Permission View: can edit on DAG:dataset_s3_bucket_consumer_with_no_taskflow
[2024-10-07T15:21:52.668+0000] {logging_mixin.py:190} INFO - [2024-10-07T15:21:52.668+0000] {override.py:1900} INFO - Created Permission View: can delete on DAG:dataset_s3_bucket_consumer_with_no_taskflow
[2024-10-07T15:21:52.673+0000] {logging_mixin.py:190} INFO - [2024-10-07T15:21:52.673+0000] {override.py:1900} INFO - Created Permission View: can read on DAG:dataset_s3_bucket_consumer_with_no_taskflow
[2024-10-07T15:21:52.678+0000] {logging_mixin.py:190} INFO - [2024-10-07T15:21:52.678+0000] {override.py:1900} INFO - Created Permission View: can create on DAG Run:dataset_s3_bucket_consumer_with_no_taskflow
[2024-10-07T15:21:52.683+0000] {logging_mixin.py:190} INFO - [2024-10-07T15:21:52.683+0000] {override.py:1900} INFO - Created Permission View: menu access on DAG Run:dataset_s3_bucket_consumer_with_no_taskflow
[2024-10-07T15:21:52.688+0000] {logging_mixin.py:190} INFO - [2024-10-07T15:21:52.688+0000] {override.py:1900} INFO - Created Permission View: can delete on DAG Run:dataset_s3_bucket_consumer_with_no_taskflow
[2024-10-07T15:21:52.694+0000] {logging_mixin.py:190} INFO - [2024-10-07T15:21:52.694+0000] {override.py:1900} INFO - Created Permission View: can read on DAG Run:dataset_s3_bucket_consumer_with_no_taskflow
[2024-10-07T15:21:52.705+0000] {logging_mixin.py:190} INFO - [2024-10-07T15:21:52.704+0000] {override.py:1900} INFO - Created Permission View: can edit on DAG:dataset_alias_example_alias_producer_with_no_taskflow
[2024-10-07T15:21:52.710+0000] {logging_mixin.py:190} INFO - [2024-10-07T15:21:52.710+0000] {override.py:1900} INFO - Created Permission View: can delete on DAG:dataset_alias_example_alias_producer_with_no_taskflow
[2024-10-07T15:21:52.715+0000] {logging_mixin.py:190} INFO - [2024-10-07T15:21:52.715+0000] {override.py:1900} INFO - Created Permission View: can read on DAG:dataset_alias_example_alias_producer_with_no_taskflow
[2024-10-07T15:21:52.722+0000] {logging_mixin.py:190} INFO - [2024-10-07T15:21:52.721+0000] {override.py:1900} INFO - Created Permission View: can create on DAG Run:dataset_alias_example_alias_producer_with_no_taskflow
[2024-10-07T15:21:52.727+0000] {logging_mixin.py:190} INFO - [2024-10-07T15:21:52.727+0000] {override.py:1900} INFO - Created Permission View: menu access on DAG Run:dataset_alias_example_alias_producer_with_no_taskflow
[2024-10-07T15:21:52.733+0000] {logging_mixin.py:190} INFO - [2024-10-07T15:21:52.732+0000] {override.py:1900} INFO - Created Permission View: can delete on DAG Run:dataset_alias_example_alias_producer_with_no_taskflow
[2024-10-07T15:21:52.737+0000] {logging_mixin.py:190} INFO - [2024-10-07T15:21:52.737+0000] {override.py:1900} INFO - Created Permission View: can read on DAG Run:dataset_alias_example_alias_producer_with_no_taskflow
[2024-10-07T15:21:52.748+0000] {logging_mixin.py:190} INFO - [2024-10-07T15:21:52.748+0000] {override.py:1900} INFO - Created Permission View: can edit on DAG:dataset_alias_example_alias_consumer_with_no_taskflow
[2024-10-07T15:21:52.754+0000] {logging_mixin.py:190} INFO - [2024-10-07T15:21:52.754+0000] {override.py:1900} INFO - Created Permission View: can delete on DAG:dataset_alias_example_alias_consumer_with_no_taskflow
[2024-10-07T15:21:52.760+0000] {logging_mixin.py:190} INFO - [2024-10-07T15:21:52.759+0000] {override.py:1900} INFO - Created Permission View: can read on DAG:dataset_alias_example_alias_consumer_with_no_taskflow
[2024-10-07T15:21:52.766+0000] {logging_mixin.py:190} INFO - [2024-10-07T15:21:52.765+0000] {override.py:1900} INFO - Created Permission View: can create on DAG Run:dataset_alias_example_alias_consumer_with_no_taskflow
[2024-10-07T15:21:52.770+0000] {logging_mixin.py:190} INFO - [2024-10-07T15:21:52.770+0000] {override.py:1900} INFO - Created Permission View: menu access on DAG Run:dataset_alias_example_alias_consumer_with_no_taskflow
[2024-10-07T15:21:52.776+0000] {logging_mixin.py:190} INFO - [2024-10-07T15:21:52.775+0000] {override.py:1900} INFO - Created Permission View: can delete on DAG Run:dataset_alias_example_alias_consumer_with_no_taskflow
[2024-10-07T15:21:52.780+0000] {logging_mixin.py:190} INFO - [2024-10-07T15:21:52.780+0000] {override.py:1900} INFO - Created Permission View: can read on DAG Run:dataset_alias_example_alias_consumer_with_no_taskflow
[2024-10-07T15:21:52.780+0000] {logging_mixin.py:190} INFO - [2024-10-07T15:21:52.780+0000] {dag.py:3239} INFO - Sync 4 DAGs
[2024-10-07T15:21:52.791+0000] {logging_mixin.py:190} INFO - [2024-10-07T15:21:52.790+0000] {dag.py:3262} INFO - Creating ORM DAG for dataset_alias_example_alias_consumer_with_no_taskflow
[2024-10-07T15:21:52.791+0000] {logging_mixin.py:190} INFO - [2024-10-07T15:21:52.791+0000] {dag.py:3262} INFO - Creating ORM DAG for dataset_alias_example_alias_producer_with_no_taskflow
[2024-10-07T15:21:52.791+0000] {logging_mixin.py:190} INFO - [2024-10-07T15:21:52.791+0000] {dag.py:3262} INFO - Creating ORM DAG for dataset_s3_bucket_consumer_with_no_taskflow
[2024-10-07T15:21:52.792+0000] {logging_mixin.py:190} INFO - [2024-10-07T15:21:52.792+0000] {dag.py:3262} INFO - Creating ORM DAG for dataset_s3_bucket_producer_with_no_taskflow
[2024-10-07T15:21:52.799+0000] {logging_mixin.py:190} INFO - [2024-10-07T15:21:52.799+0000] {dag.py:4180} INFO - Setting next_dagrun for dataset_alias_example_alias_consumer_with_no_taskflow to None, run_after=None
[2024-10-07T15:21:52.799+0000] {logging_mixin.py:190} INFO - [2024-10-07T15:21:52.799+0000] {dag.py:4180} INFO - Setting next_dagrun for dataset_alias_example_alias_producer_with_no_taskflow to None, run_after=None
[2024-10-07T15:21:52.800+0000] {logging_mixin.py:190} INFO - [2024-10-07T15:21:52.800+0000] {dag.py:4180} INFO - Setting next_dagrun for dataset_s3_bucket_consumer_with_no_taskflow to None, run_after=None
[2024-10-07T15:21:52.800+0000] {logging_mixin.py:190} INFO - [2024-10-07T15:21:52.800+0000] {dag.py:4180} INFO - Setting next_dagrun for dataset_s3_bucket_producer_with_no_taskflow to None, run_after=None
[2024-10-07T15:21:52.823+0000] {processor.py:208} INFO - Processing /home/airflow/.local/lib/python3.12/site-packages/airflow/example_dags/example_dataset_alias_with_no_taskflow.py took 0.434 seconds
[2024-10-07T15:22:22.910+0000] {processor.py:186} INFO - Started process (PID=130) to work on /home/airflow/.local/lib/python3.12/site-packages/airflow/example_dags/example_dataset_alias_with_no_taskflow.py
[2024-10-07T15:22:22.910+0000] {processor.py:914} INFO - Processing file /home/airflow/.local/lib/python3.12/site-packages/airflow/example_dags/example_dataset_alias_with_no_taskflow.py for tasks to queue
[2024-10-07T15:22:22.912+0000] {logging_mixin.py:190} INFO - [2024-10-07T15:22:22.912+0000] {dagbag.py:588} INFO - Filling up the DagBag from /home/airflow/.local/lib/python3.12/site-packages/airflow/example_dags/example_dataset_alias_with_no_taskflow.py
[2024-10-07T15:22:23.054+0000] {processor.py:925} INFO - DAG(s) 'dataset_alias_example_alias_producer_with_no_taskflow', 'dataset_s3_bucket_producer_with_no_taskflow', 'dataset_alias_example_alias_consumer_with_no_taskflow', 'dataset_s3_bucket_consumer_with_no_taskflow' retrieved from /home/airflow/.local/lib/python3.12/site-packages/airflow/example_dags/example_dataset_alias_with_no_taskflow.py
[2024-10-07T15:22:23.074+0000] {logging_mixin.py:190} INFO - [2024-10-07T15:22:23.073+0000] {dag.py:3239} INFO - Sync 4 DAGs
[2024-10-07T15:22:23.092+0000] {logging_mixin.py:190} INFO - [2024-10-07T15:22:23.091+0000] {dag.py:4180} INFO - Setting next_dagrun for dataset_alias_example_alias_consumer_with_no_taskflow to None, run_after=None
[2024-10-07T15:22:23.094+0000] {logging_mixin.py:190} INFO - [2024-10-07T15:22:23.094+0000] {dag.py:4180} INFO - Setting next_dagrun for dataset_alias_example_alias_producer_with_no_taskflow to None, run_after=None
[2024-10-07T15:22:23.095+0000] {logging_mixin.py:190} INFO - [2024-10-07T15:22:23.095+0000] {dag.py:4180} INFO - Setting next_dagrun for dataset_s3_bucket_consumer_with_no_taskflow to None, run_after=None
[2024-10-07T15:22:23.096+0000] {logging_mixin.py:190} INFO - [2024-10-07T15:22:23.096+0000] {dag.py:4180} INFO - Setting next_dagrun for dataset_s3_bucket_producer_with_no_taskflow to None, run_after=None
[2024-10-07T15:22:23.133+0000] {processor.py:208} INFO - Processing /home/airflow/.local/lib/python3.12/site-packages/airflow/example_dags/example_dataset_alias_with_no_taskflow.py took 0.229 seconds
[2024-10-07T15:24:52.198+0000] {processor.py:186} INFO - Started process (PID=66) to work on /home/airflow/.local/lib/python3.12/site-packages/airflow/example_dags/example_dataset_alias_with_no_taskflow.py
[2024-10-07T15:24:52.199+0000] {processor.py:914} INFO - Processing file /home/airflow/.local/lib/python3.12/site-packages/airflow/example_dags/example_dataset_alias_with_no_taskflow.py for tasks to queue
[2024-10-07T15:24:52.201+0000] {logging_mixin.py:190} INFO - [2024-10-07T15:24:52.201+0000] {dagbag.py:588} INFO - Filling up the DagBag from /home/airflow/.local/lib/python3.12/site-packages/airflow/example_dags/example_dataset_alias_with_no_taskflow.py
[2024-10-07T15:24:52.343+0000] {processor.py:925} INFO - DAG(s) 'dataset_alias_example_alias_producer_with_no_taskflow', 'dataset_alias_example_alias_consumer_with_no_taskflow', 'dataset_s3_bucket_producer_with_no_taskflow', 'dataset_s3_bucket_consumer_with_no_taskflow' retrieved from /home/airflow/.local/lib/python3.12/site-packages/airflow/example_dags/example_dataset_alias_with_no_taskflow.py
[2024-10-07T15:24:52.373+0000] {logging_mixin.py:190} INFO - [2024-10-07T15:24:52.373+0000] {dag.py:3239} INFO - Sync 4 DAGs
[2024-10-07T15:24:52.393+0000] {logging_mixin.py:190} INFO - [2024-10-07T15:24:52.392+0000] {dag.py:4180} INFO - Setting next_dagrun for dataset_alias_example_alias_consumer_with_no_taskflow to None, run_after=None
[2024-10-07T15:24:52.395+0000] {logging_mixin.py:190} INFO - [2024-10-07T15:24:52.395+0000] {dag.py:4180} INFO - Setting next_dagrun for dataset_alias_example_alias_producer_with_no_taskflow to None, run_after=None
[2024-10-07T15:24:52.396+0000] {logging_mixin.py:190} INFO - [2024-10-07T15:24:52.396+0000] {dag.py:4180} INFO - Setting next_dagrun for dataset_s3_bucket_consumer_with_no_taskflow to None, run_after=None
[2024-10-07T15:24:52.397+0000] {logging_mixin.py:190} INFO - [2024-10-07T15:24:52.397+0000] {dag.py:4180} INFO - Setting next_dagrun for dataset_s3_bucket_producer_with_no_taskflow to None, run_after=None
[2024-10-07T15:24:52.417+0000] {processor.py:208} INFO - Processing /home/airflow/.local/lib/python3.12/site-packages/airflow/example_dags/example_dataset_alias_with_no_taskflow.py took 0.225 seconds
[2024-10-07T15:25:22.663+0000] {processor.py:186} INFO - Started process (PID=134) to work on /home/airflow/.local/lib/python3.12/site-packages/airflow/example_dags/example_dataset_alias_with_no_taskflow.py
[2024-10-07T15:25:22.664+0000] {processor.py:914} INFO - Processing file /home/airflow/.local/lib/python3.12/site-packages/airflow/example_dags/example_dataset_alias_with_no_taskflow.py for tasks to queue
[2024-10-07T15:25:22.665+0000] {logging_mixin.py:190} INFO - [2024-10-07T15:25:22.665+0000] {dagbag.py:588} INFO - Filling up the DagBag from /home/airflow/.local/lib/python3.12/site-packages/airflow/example_dags/example_dataset_alias_with_no_taskflow.py
[2024-10-07T15:25:22.788+0000] {processor.py:925} INFO - DAG(s) 'dataset_s3_bucket_consumer_with_no_taskflow', 'dataset_alias_example_alias_consumer_with_no_taskflow', 'dataset_alias_example_alias_producer_with_no_taskflow', 'dataset_s3_bucket_producer_with_no_taskflow' retrieved from /home/airflow/.local/lib/python3.12/site-packages/airflow/example_dags/example_dataset_alias_with_no_taskflow.py
[2024-10-07T15:25:22.805+0000] {logging_mixin.py:190} INFO - [2024-10-07T15:25:22.804+0000] {dag.py:3239} INFO - Sync 4 DAGs
[2024-10-07T15:25:22.822+0000] {logging_mixin.py:190} INFO - [2024-10-07T15:25:22.822+0000] {dag.py:4180} INFO - Setting next_dagrun for dataset_alias_example_alias_consumer_with_no_taskflow to None, run_after=None
[2024-10-07T15:25:22.824+0000] {logging_mixin.py:190} INFO - [2024-10-07T15:25:22.824+0000] {dag.py:4180} INFO - Setting next_dagrun for dataset_alias_example_alias_producer_with_no_taskflow to None, run_after=None
[2024-10-07T15:25:22.825+0000] {logging_mixin.py:190} INFO - [2024-10-07T15:25:22.825+0000] {dag.py:4180} INFO - Setting next_dagrun for dataset_s3_bucket_consumer_with_no_taskflow to None, run_after=None
[2024-10-07T15:25:22.826+0000] {logging_mixin.py:190} INFO - [2024-10-07T15:25:22.826+0000] {dag.py:4180} INFO - Setting next_dagrun for dataset_s3_bucket_producer_with_no_taskflow to None, run_after=None
[2024-10-07T15:25:22.845+0000] {processor.py:208} INFO - Processing /home/airflow/.local/lib/python3.12/site-packages/airflow/example_dags/example_dataset_alias_with_no_taskflow.py took 0.187 seconds
[2024-10-07T15:25:53.056+0000] {processor.py:186} INFO - Started process (PID=196) to work on /home/airflow/.local/lib/python3.12/site-packages/airflow/example_dags/example_dataset_alias_with_no_taskflow.py
[2024-10-07T15:25:53.057+0000] {processor.py:914} INFO - Processing file /home/airflow/.local/lib/python3.12/site-packages/airflow/example_dags/example_dataset_alias_with_no_taskflow.py for tasks to queue
[2024-10-07T15:25:53.059+0000] {logging_mixin.py:190} INFO - [2024-10-07T15:25:53.058+0000] {dagbag.py:588} INFO - Filling up the DagBag from /home/airflow/.local/lib/python3.12/site-packages/airflow/example_dags/example_dataset_alias_with_no_taskflow.py
[2024-10-07T15:25:53.193+0000] {processor.py:925} INFO - DAG(s) 'dataset_s3_bucket_producer_with_no_taskflow', 'dataset_alias_example_alias_consumer_with_no_taskflow', 'dataset_alias_example_alias_producer_with_no_taskflow', 'dataset_s3_bucket_consumer_with_no_taskflow' retrieved from /home/airflow/.local/lib/python3.12/site-packages/airflow/example_dags/example_dataset_alias_with_no_taskflow.py
[2024-10-07T15:25:53.211+0000] {logging_mixin.py:190} INFO - [2024-10-07T15:25:53.211+0000] {dag.py:3239} INFO - Sync 4 DAGs
[2024-10-07T15:25:53.234+0000] {logging_mixin.py:190} INFO - [2024-10-07T15:25:53.234+0000] {dag.py:4180} INFO - Setting next_dagrun for dataset_alias_example_alias_consumer_with_no_taskflow to None, run_after=None
[2024-10-07T15:25:53.237+0000] {logging_mixin.py:190} INFO - [2024-10-07T15:25:53.237+0000] {dag.py:4180} INFO - Setting next_dagrun for dataset_alias_example_alias_producer_with_no_taskflow to None, run_after=None
[2024-10-07T15:25:53.238+0000] {logging_mixin.py:190} INFO - [2024-10-07T15:25:53.238+0000] {dag.py:4180} INFO - Setting next_dagrun for dataset_s3_bucket_consumer_with_no_taskflow to None, run_after=None
[2024-10-07T15:25:53.239+0000] {logging_mixin.py:190} INFO - [2024-10-07T15:25:53.239+0000] {dag.py:4180} INFO - Setting next_dagrun for dataset_s3_bucket_producer_with_no_taskflow to None, run_after=None
[2024-10-07T15:25:53.257+0000] {processor.py:208} INFO - Processing /home/airflow/.local/lib/python3.12/site-packages/airflow/example_dags/example_dataset_alias_with_no_taskflow.py took 0.206 seconds
