[2024-10-07T15:21:56.698+0000] {processor.py:186} INFO - Started process (PID=109) to work on /home/airflow/.local/lib/python3.12/site-packages/airflow/example_dags/example_xcomargs.py
[2024-10-07T15:21:56.698+0000] {processor.py:914} INFO - Processing file /home/airflow/.local/lib/python3.12/site-packages/airflow/example_dags/example_xcomargs.py for tasks to queue
[2024-10-07T15:21:56.700+0000] {logging_mixin.py:190} INFO - [2024-10-07T15:21:56.700+0000] {dagbag.py:588} INFO - Filling up the DagBag from /home/airflow/.local/lib/python3.12/site-packages/airflow/example_dags/example_xcomargs.py
[2024-10-07T15:21:56.709+0000] {processor.py:925} INFO - DAG(s) 'example_xcom_args', 'example_xcom_args_with_operators' retrieved from /home/airflow/.local/lib/python3.12/site-packages/airflow/example_dags/example_xcomargs.py
[2024-10-07T15:21:56.792+0000] {logging_mixin.py:190} INFO - [2024-10-07T15:21:56.792+0000] {override.py:1900} INFO - Created Permission View: can edit on DAG:example_xcom_args
[2024-10-07T15:21:56.800+0000] {logging_mixin.py:190} INFO - [2024-10-07T15:21:56.799+0000] {override.py:1900} INFO - Created Permission View: can delete on DAG:example_xcom_args
[2024-10-07T15:21:56.804+0000] {logging_mixin.py:190} INFO - [2024-10-07T15:21:56.804+0000] {override.py:1900} INFO - Created Permission View: can read on DAG:example_xcom_args
[2024-10-07T15:21:56.810+0000] {logging_mixin.py:190} INFO - [2024-10-07T15:21:56.810+0000] {override.py:1900} INFO - Created Permission View: can create on DAG Run:example_xcom_args
[2024-10-07T15:21:56.815+0000] {logging_mixin.py:190} INFO - [2024-10-07T15:21:56.814+0000] {override.py:1900} INFO - Created Permission View: menu access on DAG Run:example_xcom_args
[2024-10-07T15:21:56.820+0000] {logging_mixin.py:190} INFO - [2024-10-07T15:21:56.820+0000] {override.py:1900} INFO - Created Permission View: can delete on DAG Run:example_xcom_args
[2024-10-07T15:21:56.825+0000] {logging_mixin.py:190} INFO - [2024-10-07T15:21:56.824+0000] {override.py:1900} INFO - Created Permission View: can read on DAG Run:example_xcom_args
[2024-10-07T15:21:56.835+0000] {logging_mixin.py:190} INFO - [2024-10-07T15:21:56.835+0000] {override.py:1900} INFO - Created Permission View: can edit on DAG:example_xcom_args_with_operators
[2024-10-07T15:21:56.841+0000] {logging_mixin.py:190} INFO - [2024-10-07T15:21:56.840+0000] {override.py:1900} INFO - Created Permission View: can delete on DAG:example_xcom_args_with_operators
[2024-10-07T15:21:56.845+0000] {logging_mixin.py:190} INFO - [2024-10-07T15:21:56.845+0000] {override.py:1900} INFO - Created Permission View: can read on DAG:example_xcom_args_with_operators
[2024-10-07T15:21:56.851+0000] {logging_mixin.py:190} INFO - [2024-10-07T15:21:56.850+0000] {override.py:1900} INFO - Created Permission View: can create on DAG Run:example_xcom_args_with_operators
[2024-10-07T15:21:56.855+0000] {logging_mixin.py:190} INFO - [2024-10-07T15:21:56.855+0000] {override.py:1900} INFO - Created Permission View: menu access on DAG Run:example_xcom_args_with_operators
[2024-10-07T15:21:56.860+0000] {logging_mixin.py:190} INFO - [2024-10-07T15:21:56.859+0000] {override.py:1900} INFO - Created Permission View: can delete on DAG Run:example_xcom_args_with_operators
[2024-10-07T15:21:56.864+0000] {logging_mixin.py:190} INFO - [2024-10-07T15:21:56.864+0000] {override.py:1900} INFO - Created Permission View: can read on DAG Run:example_xcom_args_with_operators
[2024-10-07T15:21:56.864+0000] {logging_mixin.py:190} INFO - [2024-10-07T15:21:56.864+0000] {dag.py:3239} INFO - Sync 2 DAGs
[2024-10-07T15:21:56.875+0000] {logging_mixin.py:190} INFO - [2024-10-07T15:21:56.875+0000] {dag.py:3262} INFO - Creating ORM DAG for example_xcom_args
[2024-10-07T15:21:56.876+0000] {logging_mixin.py:190} INFO - [2024-10-07T15:21:56.876+0000] {dag.py:3262} INFO - Creating ORM DAG for example_xcom_args_with_operators
[2024-10-07T15:21:56.876+0000] {logging_mixin.py:190} INFO - [2024-10-07T15:21:56.876+0000] {dag.py:4180} INFO - Setting next_dagrun for example_xcom_args to None, run_after=None
[2024-10-07T15:21:56.877+0000] {logging_mixin.py:190} INFO - [2024-10-07T15:21:56.876+0000] {dag.py:4180} INFO - Setting next_dagrun for example_xcom_args_with_operators to None, run_after=None
[2024-10-07T15:21:56.890+0000] {processor.py:208} INFO - Processing /home/airflow/.local/lib/python3.12/site-packages/airflow/example_dags/example_xcomargs.py took 0.197 seconds
[2024-10-07T15:22:27.315+0000] {processor.py:186} INFO - Started process (PID=171) to work on /home/airflow/.local/lib/python3.12/site-packages/airflow/example_dags/example_xcomargs.py
[2024-10-07T15:22:27.316+0000] {processor.py:914} INFO - Processing file /home/airflow/.local/lib/python3.12/site-packages/airflow/example_dags/example_xcomargs.py for tasks to queue
[2024-10-07T15:22:27.318+0000] {logging_mixin.py:190} INFO - [2024-10-07T15:22:27.318+0000] {dagbag.py:588} INFO - Filling up the DagBag from /home/airflow/.local/lib/python3.12/site-packages/airflow/example_dags/example_xcomargs.py
[2024-10-07T15:22:27.328+0000] {processor.py:925} INFO - DAG(s) 'example_xcom_args_with_operators', 'example_xcom_args' retrieved from /home/airflow/.local/lib/python3.12/site-packages/airflow/example_dags/example_xcomargs.py
[2024-10-07T15:22:27.352+0000] {logging_mixin.py:190} INFO - [2024-10-07T15:22:27.352+0000] {dag.py:3239} INFO - Sync 2 DAGs
[2024-10-07T15:22:27.365+0000] {logging_mixin.py:190} INFO - [2024-10-07T15:22:27.365+0000] {dag.py:4180} INFO - Setting next_dagrun for example_xcom_args to None, run_after=None
[2024-10-07T15:22:27.369+0000] {logging_mixin.py:190} INFO - [2024-10-07T15:22:27.369+0000] {dag.py:4180} INFO - Setting next_dagrun for example_xcom_args_with_operators to None, run_after=None
[2024-10-07T15:22:27.385+0000] {processor.py:208} INFO - Processing /home/airflow/.local/lib/python3.12/site-packages/airflow/example_dags/example_xcomargs.py took 0.075 seconds
[2024-10-07T15:24:54.317+0000] {processor.py:186} INFO - Started process (PID=108) to work on /home/airflow/.local/lib/python3.12/site-packages/airflow/example_dags/example_xcomargs.py
[2024-10-07T15:24:54.318+0000] {processor.py:914} INFO - Processing file /home/airflow/.local/lib/python3.12/site-packages/airflow/example_dags/example_xcomargs.py for tasks to queue
[2024-10-07T15:24:54.320+0000] {logging_mixin.py:190} INFO - [2024-10-07T15:24:54.319+0000] {dagbag.py:588} INFO - Filling up the DagBag from /home/airflow/.local/lib/python3.12/site-packages/airflow/example_dags/example_xcomargs.py
[2024-10-07T15:24:54.328+0000] {processor.py:925} INFO - DAG(s) 'example_xcom_args', 'example_xcom_args_with_operators' retrieved from /home/airflow/.local/lib/python3.12/site-packages/airflow/example_dags/example_xcomargs.py
[2024-10-07T15:24:54.347+0000] {logging_mixin.py:190} INFO - [2024-10-07T15:24:54.347+0000] {dag.py:3239} INFO - Sync 2 DAGs
[2024-10-07T15:24:54.360+0000] {logging_mixin.py:190} INFO - [2024-10-07T15:24:54.360+0000] {dag.py:4180} INFO - Setting next_dagrun for example_xcom_args to None, run_after=None
[2024-10-07T15:24:54.363+0000] {logging_mixin.py:190} INFO - [2024-10-07T15:24:54.363+0000] {dag.py:4180} INFO - Setting next_dagrun for example_xcom_args_with_operators to None, run_after=None
[2024-10-07T15:24:54.376+0000] {processor.py:208} INFO - Processing /home/airflow/.local/lib/python3.12/site-packages/airflow/example_dags/example_xcomargs.py took 0.063 seconds
[2024-10-07T15:25:24.612+0000] {processor.py:186} INFO - Started process (PID=170) to work on /home/airflow/.local/lib/python3.12/site-packages/airflow/example_dags/example_xcomargs.py
[2024-10-07T15:25:24.612+0000] {processor.py:914} INFO - Processing file /home/airflow/.local/lib/python3.12/site-packages/airflow/example_dags/example_xcomargs.py for tasks to queue
[2024-10-07T15:25:24.614+0000] {logging_mixin.py:190} INFO - [2024-10-07T15:25:24.614+0000] {dagbag.py:588} INFO - Filling up the DagBag from /home/airflow/.local/lib/python3.12/site-packages/airflow/example_dags/example_xcomargs.py
[2024-10-07T15:25:24.622+0000] {processor.py:925} INFO - DAG(s) 'example_xcom_args', 'example_xcom_args_with_operators' retrieved from /home/airflow/.local/lib/python3.12/site-packages/airflow/example_dags/example_xcomargs.py
[2024-10-07T15:25:24.641+0000] {logging_mixin.py:190} INFO - [2024-10-07T15:25:24.641+0000] {dag.py:3239} INFO - Sync 2 DAGs
[2024-10-07T15:25:24.652+0000] {logging_mixin.py:190} INFO - [2024-10-07T15:25:24.652+0000] {dag.py:4180} INFO - Setting next_dagrun for example_xcom_args to None, run_after=None
[2024-10-07T15:25:24.655+0000] {logging_mixin.py:190} INFO - [2024-10-07T15:25:24.655+0000] {dag.py:4180} INFO - Setting next_dagrun for example_xcom_args_with_operators to None, run_after=None
[2024-10-07T15:25:24.667+0000] {processor.py:208} INFO - Processing /home/airflow/.local/lib/python3.12/site-packages/airflow/example_dags/example_xcomargs.py took 0.061 seconds
[2024-10-07T15:25:54.930+0000] {processor.py:186} INFO - Started process (PID=232) to work on /home/airflow/.local/lib/python3.12/site-packages/airflow/example_dags/example_xcomargs.py
[2024-10-07T15:25:54.930+0000] {processor.py:914} INFO - Processing file /home/airflow/.local/lib/python3.12/site-packages/airflow/example_dags/example_xcomargs.py for tasks to queue
[2024-10-07T15:25:54.932+0000] {logging_mixin.py:190} INFO - [2024-10-07T15:25:54.932+0000] {dagbag.py:588} INFO - Filling up the DagBag from /home/airflow/.local/lib/python3.12/site-packages/airflow/example_dags/example_xcomargs.py
[2024-10-07T15:25:54.940+0000] {processor.py:925} INFO - DAG(s) 'example_xcom_args', 'example_xcom_args_with_operators' retrieved from /home/airflow/.local/lib/python3.12/site-packages/airflow/example_dags/example_xcomargs.py
[2024-10-07T15:25:54.958+0000] {logging_mixin.py:190} INFO - [2024-10-07T15:25:54.957+0000] {dag.py:3239} INFO - Sync 2 DAGs
[2024-10-07T15:25:54.969+0000] {logging_mixin.py:190} INFO - [2024-10-07T15:25:54.969+0000] {dag.py:4180} INFO - Setting next_dagrun for example_xcom_args to None, run_after=None
[2024-10-07T15:25:54.971+0000] {logging_mixin.py:190} INFO - [2024-10-07T15:25:54.971+0000] {dag.py:4180} INFO - Setting next_dagrun for example_xcom_args_with_operators to None, run_after=None
[2024-10-07T15:25:54.983+0000] {processor.py:208} INFO - Processing /home/airflow/.local/lib/python3.12/site-packages/airflow/example_dags/example_xcomargs.py took 0.059 seconds
