[2024-10-07T15:21:56.660+0000] {processor.py:186} INFO - Started process (PID=108) to work on /home/airflow/.local/lib/python3.12/site-packages/airflow/example_dags/example_nested_branch_dag.py
[2024-10-07T15:21:56.661+0000] {processor.py:914} INFO - Processing file /home/airflow/.local/lib/python3.12/site-packages/airflow/example_dags/example_nested_branch_dag.py for tasks to queue
[2024-10-07T15:21:56.663+0000] {logging_mixin.py:190} INFO - [2024-10-07T15:21:56.663+0000] {dagbag.py:588} INFO - Filling up the DagBag from /home/airflow/.local/lib/python3.12/site-packages/airflow/example_dags/example_nested_branch_dag.py
[2024-10-07T15:21:56.674+0000] {processor.py:925} INFO - DAG(s) 'example_nested_branch_dag' retrieved from /home/airflow/.local/lib/python3.12/site-packages/airflow/example_dags/example_nested_branch_dag.py
[2024-10-07T15:21:56.760+0000] {logging_mixin.py:190} INFO - [2024-10-07T15:21:56.759+0000] {override.py:1900} INFO - Created Permission View: can edit on DAG:example_nested_branch_dag
[2024-10-07T15:21:56.767+0000] {logging_mixin.py:190} INFO - [2024-10-07T15:21:56.767+0000] {override.py:1900} INFO - Created Permission View: can delete on DAG:example_nested_branch_dag
[2024-10-07T15:21:56.772+0000] {logging_mixin.py:190} INFO - [2024-10-07T15:21:56.772+0000] {override.py:1900} INFO - Created Permission View: can read on DAG:example_nested_branch_dag
[2024-10-07T15:21:56.778+0000] {logging_mixin.py:190} INFO - [2024-10-07T15:21:56.778+0000] {override.py:1900} INFO - Created Permission View: can create on DAG Run:example_nested_branch_dag
[2024-10-07T15:21:56.783+0000] {logging_mixin.py:190} INFO - [2024-10-07T15:21:56.782+0000] {override.py:1900} INFO - Created Permission View: menu access on DAG Run:example_nested_branch_dag
[2024-10-07T15:21:56.788+0000] {logging_mixin.py:190} INFO - [2024-10-07T15:21:56.787+0000] {override.py:1900} INFO - Created Permission View: can delete on DAG Run:example_nested_branch_dag
[2024-10-07T15:21:56.793+0000] {logging_mixin.py:190} INFO - [2024-10-07T15:21:56.792+0000] {override.py:1900} INFO - Created Permission View: can read on DAG Run:example_nested_branch_dag
[2024-10-07T15:21:56.793+0000] {logging_mixin.py:190} INFO - [2024-10-07T15:21:56.793+0000] {dag.py:3239} INFO - Sync 1 DAGs
[2024-10-07T15:21:56.804+0000] {logging_mixin.py:190} INFO - [2024-10-07T15:21:56.804+0000] {dag.py:3262} INFO - Creating ORM DAG for example_nested_branch_dag
[2024-10-07T15:21:56.812+0000] {logging_mixin.py:190} INFO - [2024-10-07T15:21:56.812+0000] {dag.py:4180} INFO - Setting next_dagrun for example_nested_branch_dag to 2024-10-06 00:00:00+00:00, run_after=2024-10-07 00:00:00+00:00
[2024-10-07T15:21:56.825+0000] {processor.py:208} INFO - Processing /home/airflow/.local/lib/python3.12/site-packages/airflow/example_dags/example_nested_branch_dag.py took 0.170 seconds
[2024-10-07T15:22:27.294+0000] {processor.py:186} INFO - Started process (PID=170) to work on /home/airflow/.local/lib/python3.12/site-packages/airflow/example_dags/example_nested_branch_dag.py
[2024-10-07T15:22:27.294+0000] {processor.py:914} INFO - Processing file /home/airflow/.local/lib/python3.12/site-packages/airflow/example_dags/example_nested_branch_dag.py for tasks to queue
[2024-10-07T15:22:27.296+0000] {logging_mixin.py:190} INFO - [2024-10-07T15:22:27.296+0000] {dagbag.py:588} INFO - Filling up the DagBag from /home/airflow/.local/lib/python3.12/site-packages/airflow/example_dags/example_nested_branch_dag.py
[2024-10-07T15:22:27.308+0000] {processor.py:925} INFO - DAG(s) 'example_nested_branch_dag' retrieved from /home/airflow/.local/lib/python3.12/site-packages/airflow/example_dags/example_nested_branch_dag.py
[2024-10-07T15:22:27.327+0000] {logging_mixin.py:190} INFO - [2024-10-07T15:22:27.327+0000] {dag.py:3239} INFO - Sync 1 DAGs
[2024-10-07T15:22:27.351+0000] {logging_mixin.py:190} INFO - [2024-10-07T15:22:27.351+0000] {dag.py:4180} INFO - Setting next_dagrun for example_nested_branch_dag to 2024-10-06 00:00:00+00:00, run_after=2024-10-07 00:00:00+00:00
[2024-10-07T15:22:27.369+0000] {processor.py:208} INFO - Processing /home/airflow/.local/lib/python3.12/site-packages/airflow/example_dags/example_nested_branch_dag.py took 0.081 seconds
[2024-10-07T15:24:54.222+0000] {processor.py:186} INFO - Started process (PID=107) to work on /home/airflow/.local/lib/python3.12/site-packages/airflow/example_dags/example_nested_branch_dag.py
[2024-10-07T15:24:54.223+0000] {processor.py:914} INFO - Processing file /home/airflow/.local/lib/python3.12/site-packages/airflow/example_dags/example_nested_branch_dag.py for tasks to queue
[2024-10-07T15:24:54.224+0000] {logging_mixin.py:190} INFO - [2024-10-07T15:24:54.224+0000] {dagbag.py:588} INFO - Filling up the DagBag from /home/airflow/.local/lib/python3.12/site-packages/airflow/example_dags/example_nested_branch_dag.py
[2024-10-07T15:24:54.234+0000] {processor.py:925} INFO - DAG(s) 'example_nested_branch_dag' retrieved from /home/airflow/.local/lib/python3.12/site-packages/airflow/example_dags/example_nested_branch_dag.py
[2024-10-07T15:24:54.255+0000] {logging_mixin.py:190} INFO - [2024-10-07T15:24:54.254+0000] {dag.py:3239} INFO - Sync 1 DAGs
[2024-10-07T15:24:54.275+0000] {logging_mixin.py:190} INFO - [2024-10-07T15:24:54.275+0000] {dag.py:4180} INFO - Setting next_dagrun for example_nested_branch_dag to 2024-10-06 00:00:00+00:00, run_after=2024-10-07 00:00:00+00:00
[2024-10-07T15:24:54.290+0000] {processor.py:208} INFO - Processing /home/airflow/.local/lib/python3.12/site-packages/airflow/example_dags/example_nested_branch_dag.py took 0.072 seconds
[2024-10-07T15:25:24.541+0000] {processor.py:186} INFO - Started process (PID=169) to work on /home/airflow/.local/lib/python3.12/site-packages/airflow/example_dags/example_nested_branch_dag.py
[2024-10-07T15:25:24.542+0000] {processor.py:914} INFO - Processing file /home/airflow/.local/lib/python3.12/site-packages/airflow/example_dags/example_nested_branch_dag.py for tasks to queue
[2024-10-07T15:25:24.544+0000] {logging_mixin.py:190} INFO - [2024-10-07T15:25:24.543+0000] {dagbag.py:588} INFO - Filling up the DagBag from /home/airflow/.local/lib/python3.12/site-packages/airflow/example_dags/example_nested_branch_dag.py
[2024-10-07T15:25:24.552+0000] {processor.py:925} INFO - DAG(s) 'example_nested_branch_dag' retrieved from /home/airflow/.local/lib/python3.12/site-packages/airflow/example_dags/example_nested_branch_dag.py
[2024-10-07T15:25:24.571+0000] {logging_mixin.py:190} INFO - [2024-10-07T15:25:24.571+0000] {dag.py:3239} INFO - Sync 1 DAGs
[2024-10-07T15:25:24.590+0000] {logging_mixin.py:190} INFO - [2024-10-07T15:25:24.590+0000] {dag.py:4180} INFO - Setting next_dagrun for example_nested_branch_dag to 2024-10-06 00:00:00+00:00, run_after=2024-10-07 00:00:00+00:00
[2024-10-07T15:25:24.604+0000] {processor.py:208} INFO - Processing /home/airflow/.local/lib/python3.12/site-packages/airflow/example_dags/example_nested_branch_dag.py took 0.068 seconds
[2024-10-07T15:25:54.864+0000] {processor.py:186} INFO - Started process (PID=231) to work on /home/airflow/.local/lib/python3.12/site-packages/airflow/example_dags/example_nested_branch_dag.py
[2024-10-07T15:25:54.864+0000] {processor.py:914} INFO - Processing file /home/airflow/.local/lib/python3.12/site-packages/airflow/example_dags/example_nested_branch_dag.py for tasks to queue
[2024-10-07T15:25:54.866+0000] {logging_mixin.py:190} INFO - [2024-10-07T15:25:54.866+0000] {dagbag.py:588} INFO - Filling up the DagBag from /home/airflow/.local/lib/python3.12/site-packages/airflow/example_dags/example_nested_branch_dag.py
[2024-10-07T15:25:54.876+0000] {processor.py:925} INFO - DAG(s) 'example_nested_branch_dag' retrieved from /home/airflow/.local/lib/python3.12/site-packages/airflow/example_dags/example_nested_branch_dag.py
[2024-10-07T15:25:54.894+0000] {logging_mixin.py:190} INFO - [2024-10-07T15:25:54.894+0000] {dag.py:3239} INFO - Sync 1 DAGs
[2024-10-07T15:25:54.913+0000] {logging_mixin.py:190} INFO - [2024-10-07T15:25:54.913+0000] {dag.py:4180} INFO - Setting next_dagrun for example_nested_branch_dag to 2024-10-06 00:00:00+00:00, run_after=2024-10-07 00:00:00+00:00
[2024-10-07T15:25:54.928+0000] {processor.py:208} INFO - Processing /home/airflow/.local/lib/python3.12/site-packages/airflow/example_dags/example_nested_branch_dag.py took 0.070 seconds
