[2024-10-07T15:21:54.312+0000] {processor.py:186} INFO - Started process (PID=90) to work on /home/airflow/.local/lib/python3.12/site-packages/airflow/example_dags/example_bash_decorator.py
[2024-10-07T15:21:54.313+0000] {processor.py:914} INFO - Processing file /home/airflow/.local/lib/python3.12/site-packages/airflow/example_dags/example_bash_decorator.py for tasks to queue
[2024-10-07T15:21:54.314+0000] {logging_mixin.py:190} INFO - [2024-10-07T15:21:54.314+0000] {dagbag.py:588} INFO - Filling up the DagBag from /home/airflow/.local/lib/python3.12/site-packages/airflow/example_dags/example_bash_decorator.py
[2024-10-07T15:21:54.326+0000] {processor.py:925} INFO - DAG(s) 'example_bash_decorator' retrieved from /home/airflow/.local/lib/python3.12/site-packages/airflow/example_dags/example_bash_decorator.py
[2024-10-07T15:21:54.410+0000] {logging_mixin.py:190} INFO - [2024-10-07T15:21:54.410+0000] {override.py:1900} INFO - Created Permission View: can edit on DAG:example_bash_decorator
[2024-10-07T15:21:54.418+0000] {logging_mixin.py:190} INFO - [2024-10-07T15:21:54.418+0000] {override.py:1900} INFO - Created Permission View: can delete on DAG:example_bash_decorator
[2024-10-07T15:21:54.423+0000] {logging_mixin.py:190} INFO - [2024-10-07T15:21:54.423+0000] {override.py:1900} INFO - Created Permission View: can read on DAG:example_bash_decorator
[2024-10-07T15:21:54.429+0000] {logging_mixin.py:190} INFO - [2024-10-07T15:21:54.428+0000] {override.py:1900} INFO - Created Permission View: can create on DAG Run:example_bash_decorator
[2024-10-07T15:21:54.433+0000] {logging_mixin.py:190} INFO - [2024-10-07T15:21:54.433+0000] {override.py:1900} INFO - Created Permission View: menu access on DAG Run:example_bash_decorator
[2024-10-07T15:21:54.439+0000] {logging_mixin.py:190} INFO - [2024-10-07T15:21:54.438+0000] {override.py:1900} INFO - Created Permission View: can delete on DAG Run:example_bash_decorator
[2024-10-07T15:21:54.444+0000] {logging_mixin.py:190} INFO - [2024-10-07T15:21:54.443+0000] {override.py:1900} INFO - Created Permission View: can read on DAG Run:example_bash_decorator
[2024-10-07T15:21:54.444+0000] {logging_mixin.py:190} INFO - [2024-10-07T15:21:54.444+0000] {dag.py:3239} INFO - Sync 1 DAGs
[2024-10-07T15:21:54.456+0000] {logging_mixin.py:190} INFO - [2024-10-07T15:21:54.455+0000] {dag.py:3262} INFO - Creating ORM DAG for example_bash_decorator
[2024-10-07T15:21:54.456+0000] {logging_mixin.py:190} INFO - [2024-10-07T15:21:54.456+0000] {dag.py:4180} INFO - Setting next_dagrun for example_bash_decorator to None, run_after=None
[2024-10-07T15:21:54.467+0000] {processor.py:208} INFO - Processing /home/airflow/.local/lib/python3.12/site-packages/airflow/example_dags/example_bash_decorator.py took 0.160 seconds
[2024-10-07T15:22:25.253+0000] {processor.py:186} INFO - Started process (PID=152) to work on /home/airflow/.local/lib/python3.12/site-packages/airflow/example_dags/example_bash_decorator.py
[2024-10-07T15:22:25.254+0000] {processor.py:914} INFO - Processing file /home/airflow/.local/lib/python3.12/site-packages/airflow/example_dags/example_bash_decorator.py for tasks to queue
[2024-10-07T15:22:25.255+0000] {logging_mixin.py:190} INFO - [2024-10-07T15:22:25.255+0000] {dagbag.py:588} INFO - Filling up the DagBag from /home/airflow/.local/lib/python3.12/site-packages/airflow/example_dags/example_bash_decorator.py
[2024-10-07T15:22:25.268+0000] {processor.py:925} INFO - DAG(s) 'example_bash_decorator' retrieved from /home/airflow/.local/lib/python3.12/site-packages/airflow/example_dags/example_bash_decorator.py
[2024-10-07T15:22:25.288+0000] {logging_mixin.py:190} INFO - [2024-10-07T15:22:25.288+0000] {dag.py:3239} INFO - Sync 1 DAGs
[2024-10-07T15:22:25.301+0000] {logging_mixin.py:190} INFO - [2024-10-07T15:22:25.301+0000] {dag.py:4180} INFO - Setting next_dagrun for example_bash_decorator to None, run_after=None
[2024-10-07T15:22:25.318+0000] {processor.py:208} INFO - Processing /home/airflow/.local/lib/python3.12/site-packages/airflow/example_dags/example_bash_decorator.py took 0.070 seconds
[2024-10-07T15:24:53.111+0000] {processor.py:186} INFO - Started process (PID=89) to work on /home/airflow/.local/lib/python3.12/site-packages/airflow/example_dags/example_bash_decorator.py
[2024-10-07T15:24:53.112+0000] {processor.py:914} INFO - Processing file /home/airflow/.local/lib/python3.12/site-packages/airflow/example_dags/example_bash_decorator.py for tasks to queue
[2024-10-07T15:24:53.114+0000] {logging_mixin.py:190} INFO - [2024-10-07T15:24:53.114+0000] {dagbag.py:588} INFO - Filling up the DagBag from /home/airflow/.local/lib/python3.12/site-packages/airflow/example_dags/example_bash_decorator.py
[2024-10-07T15:24:53.126+0000] {processor.py:925} INFO - DAG(s) 'example_bash_decorator' retrieved from /home/airflow/.local/lib/python3.12/site-packages/airflow/example_dags/example_bash_decorator.py
[2024-10-07T15:24:53.227+0000] {logging_mixin.py:190} INFO - [2024-10-07T15:24:53.226+0000] {dag.py:3239} INFO - Sync 1 DAGs
[2024-10-07T15:24:53.237+0000] {logging_mixin.py:190} INFO - [2024-10-07T15:24:53.237+0000] {dag.py:4180} INFO - Setting next_dagrun for example_bash_decorator to None, run_after=None
[2024-10-07T15:24:53.254+0000] {processor.py:208} INFO - Processing /home/airflow/.local/lib/python3.12/site-packages/airflow/example_dags/example_bash_decorator.py took 0.148 seconds
[2024-10-07T15:25:23.690+0000] {processor.py:186} INFO - Started process (PID=151) to work on /home/airflow/.local/lib/python3.12/site-packages/airflow/example_dags/example_bash_decorator.py
[2024-10-07T15:25:23.690+0000] {processor.py:914} INFO - Processing file /home/airflow/.local/lib/python3.12/site-packages/airflow/example_dags/example_bash_decorator.py for tasks to queue
[2024-10-07T15:25:23.692+0000] {logging_mixin.py:190} INFO - [2024-10-07T15:25:23.692+0000] {dagbag.py:588} INFO - Filling up the DagBag from /home/airflow/.local/lib/python3.12/site-packages/airflow/example_dags/example_bash_decorator.py
[2024-10-07T15:25:23.703+0000] {processor.py:925} INFO - DAG(s) 'example_bash_decorator' retrieved from /home/airflow/.local/lib/python3.12/site-packages/airflow/example_dags/example_bash_decorator.py
[2024-10-07T15:25:23.722+0000] {logging_mixin.py:190} INFO - [2024-10-07T15:25:23.722+0000] {dag.py:3239} INFO - Sync 1 DAGs
[2024-10-07T15:25:23.733+0000] {logging_mixin.py:190} INFO - [2024-10-07T15:25:23.733+0000] {dag.py:4180} INFO - Setting next_dagrun for example_bash_decorator to None, run_after=None
[2024-10-07T15:25:23.747+0000] {processor.py:208} INFO - Processing /home/airflow/.local/lib/python3.12/site-packages/airflow/example_dags/example_bash_decorator.py took 0.062 seconds
[2024-10-07T15:25:53.988+0000] {processor.py:186} INFO - Started process (PID=213) to work on /home/airflow/.local/lib/python3.12/site-packages/airflow/example_dags/example_bash_decorator.py
[2024-10-07T15:25:53.989+0000] {processor.py:914} INFO - Processing file /home/airflow/.local/lib/python3.12/site-packages/airflow/example_dags/example_bash_decorator.py for tasks to queue
[2024-10-07T15:25:53.991+0000] {logging_mixin.py:190} INFO - [2024-10-07T15:25:53.991+0000] {dagbag.py:588} INFO - Filling up the DagBag from /home/airflow/.local/lib/python3.12/site-packages/airflow/example_dags/example_bash_decorator.py
[2024-10-07T15:25:54.003+0000] {processor.py:925} INFO - DAG(s) 'example_bash_decorator' retrieved from /home/airflow/.local/lib/python3.12/site-packages/airflow/example_dags/example_bash_decorator.py
[2024-10-07T15:25:54.022+0000] {logging_mixin.py:190} INFO - [2024-10-07T15:25:54.022+0000] {dag.py:3239} INFO - Sync 1 DAGs
[2024-10-07T15:25:54.034+0000] {logging_mixin.py:190} INFO - [2024-10-07T15:25:54.034+0000] {dag.py:4180} INFO - Setting next_dagrun for example_bash_decorator to None, run_after=None
[2024-10-07T15:25:54.050+0000] {processor.py:208} INFO - Processing /home/airflow/.local/lib/python3.12/site-packages/airflow/example_dags/example_bash_decorator.py took 0.066 seconds
