[2024-10-07T15:21:56.457+0000] {processor.py:186} INFO - Started process (PID=106) to work on /home/airflow/.local/lib/python3.12/site-packages/airflow/example_dags/example_bash_operator.py
[2024-10-07T15:21:56.458+0000] {processor.py:914} INFO - Processing file /home/airflow/.local/lib/python3.12/site-packages/airflow/example_dags/example_bash_operator.py for tasks to queue
[2024-10-07T15:21:56.460+0000] {logging_mixin.py:190} INFO - [2024-10-07T15:21:56.459+0000] {dagbag.py:588} INFO - Filling up the DagBag from /home/airflow/.local/lib/python3.12/site-packages/airflow/example_dags/example_bash_operator.py
[2024-10-07T15:21:56.470+0000] {processor.py:925} INFO - DAG(s) 'example_bash_operator' retrieved from /home/airflow/.local/lib/python3.12/site-packages/airflow/example_dags/example_bash_operator.py
[2024-10-07T15:21:56.559+0000] {logging_mixin.py:190} INFO - [2024-10-07T15:21:56.559+0000] {override.py:1900} INFO - Created Permission View: can edit on DAG:example_bash_operator
[2024-10-07T15:21:56.567+0000] {logging_mixin.py:190} INFO - [2024-10-07T15:21:56.567+0000] {override.py:1900} INFO - Created Permission View: can delete on DAG:example_bash_operator
[2024-10-07T15:21:56.573+0000] {logging_mixin.py:190} INFO - [2024-10-07T15:21:56.573+0000] {override.py:1900} INFO - Created Permission View: can read on DAG:example_bash_operator
[2024-10-07T15:21:56.579+0000] {logging_mixin.py:190} INFO - [2024-10-07T15:21:56.579+0000] {override.py:1900} INFO - Created Permission View: can create on DAG Run:example_bash_operator
[2024-10-07T15:21:56.584+0000] {logging_mixin.py:190} INFO - [2024-10-07T15:21:56.584+0000] {override.py:1900} INFO - Created Permission View: menu access on DAG Run:example_bash_operator
[2024-10-07T15:21:56.591+0000] {logging_mixin.py:190} INFO - [2024-10-07T15:21:56.590+0000] {override.py:1900} INFO - Created Permission View: can delete on DAG Run:example_bash_operator
[2024-10-07T15:21:56.597+0000] {logging_mixin.py:190} INFO - [2024-10-07T15:21:56.596+0000] {override.py:1900} INFO - Created Permission View: can read on DAG Run:example_bash_operator
[2024-10-07T15:21:56.597+0000] {logging_mixin.py:190} INFO - [2024-10-07T15:21:56.597+0000] {dag.py:3239} INFO - Sync 1 DAGs
[2024-10-07T15:21:56.608+0000] {logging_mixin.py:190} INFO - [2024-10-07T15:21:56.607+0000] {dag.py:3262} INFO - Creating ORM DAG for example_bash_operator
[2024-10-07T15:21:56.616+0000] {logging_mixin.py:190} INFO - [2024-10-07T15:21:56.615+0000] {dag.py:4180} INFO - Setting next_dagrun for example_bash_operator to 2024-10-06 00:00:00+00:00, run_after=2024-10-07 00:00:00+00:00
[2024-10-07T15:21:56.630+0000] {processor.py:208} INFO - Processing /home/airflow/.local/lib/python3.12/site-packages/airflow/example_dags/example_bash_operator.py took 0.177 seconds
[2024-10-07T15:22:27.175+0000] {processor.py:186} INFO - Started process (PID=168) to work on /home/airflow/.local/lib/python3.12/site-packages/airflow/example_dags/example_bash_operator.py
[2024-10-07T15:22:27.176+0000] {processor.py:914} INFO - Processing file /home/airflow/.local/lib/python3.12/site-packages/airflow/example_dags/example_bash_operator.py for tasks to queue
[2024-10-07T15:22:27.178+0000] {logging_mixin.py:190} INFO - [2024-10-07T15:22:27.177+0000] {dagbag.py:588} INFO - Filling up the DagBag from /home/airflow/.local/lib/python3.12/site-packages/airflow/example_dags/example_bash_operator.py
[2024-10-07T15:22:27.190+0000] {processor.py:925} INFO - DAG(s) 'example_bash_operator' retrieved from /home/airflow/.local/lib/python3.12/site-packages/airflow/example_dags/example_bash_operator.py
[2024-10-07T15:22:27.214+0000] {logging_mixin.py:190} INFO - [2024-10-07T15:22:27.214+0000] {dag.py:3239} INFO - Sync 1 DAGs
[2024-10-07T15:22:27.237+0000] {logging_mixin.py:190} INFO - [2024-10-07T15:22:27.237+0000] {dag.py:4180} INFO - Setting next_dagrun for example_bash_operator to 2024-10-06 00:00:00+00:00, run_after=2024-10-07 00:00:00+00:00
[2024-10-07T15:22:27.258+0000] {processor.py:208} INFO - Processing /home/airflow/.local/lib/python3.12/site-packages/airflow/example_dags/example_bash_operator.py took 0.089 seconds
[2024-10-07T15:24:54.121+0000] {processor.py:186} INFO - Started process (PID=105) to work on /home/airflow/.local/lib/python3.12/site-packages/airflow/example_dags/example_bash_operator.py
[2024-10-07T15:24:54.122+0000] {processor.py:914} INFO - Processing file /home/airflow/.local/lib/python3.12/site-packages/airflow/example_dags/example_bash_operator.py for tasks to queue
[2024-10-07T15:24:54.124+0000] {logging_mixin.py:190} INFO - [2024-10-07T15:24:54.123+0000] {dagbag.py:588} INFO - Filling up the DagBag from /home/airflow/.local/lib/python3.12/site-packages/airflow/example_dags/example_bash_operator.py
[2024-10-07T15:24:54.134+0000] {processor.py:925} INFO - DAG(s) 'example_bash_operator' retrieved from /home/airflow/.local/lib/python3.12/site-packages/airflow/example_dags/example_bash_operator.py
[2024-10-07T15:24:54.157+0000] {logging_mixin.py:190} INFO - [2024-10-07T15:24:54.157+0000] {dag.py:3239} INFO - Sync 1 DAGs
[2024-10-07T15:24:54.178+0000] {logging_mixin.py:190} INFO - [2024-10-07T15:24:54.178+0000] {dag.py:4180} INFO - Setting next_dagrun for example_bash_operator to 2024-10-06 00:00:00+00:00, run_after=2024-10-07 00:00:00+00:00
[2024-10-07T15:24:54.193+0000] {processor.py:208} INFO - Processing /home/airflow/.local/lib/python3.12/site-packages/airflow/example_dags/example_bash_operator.py took 0.076 seconds
[2024-10-07T15:25:24.421+0000] {processor.py:186} INFO - Started process (PID=167) to work on /home/airflow/.local/lib/python3.12/site-packages/airflow/example_dags/example_bash_operator.py
[2024-10-07T15:25:24.421+0000] {processor.py:914} INFO - Processing file /home/airflow/.local/lib/python3.12/site-packages/airflow/example_dags/example_bash_operator.py for tasks to queue
[2024-10-07T15:25:24.423+0000] {logging_mixin.py:190} INFO - [2024-10-07T15:25:24.423+0000] {dagbag.py:588} INFO - Filling up the DagBag from /home/airflow/.local/lib/python3.12/site-packages/airflow/example_dags/example_bash_operator.py
[2024-10-07T15:25:24.434+0000] {processor.py:925} INFO - DAG(s) 'example_bash_operator' retrieved from /home/airflow/.local/lib/python3.12/site-packages/airflow/example_dags/example_bash_operator.py
[2024-10-07T15:25:24.457+0000] {logging_mixin.py:190} INFO - [2024-10-07T15:25:24.457+0000] {dag.py:3239} INFO - Sync 1 DAGs
[2024-10-07T15:25:24.477+0000] {logging_mixin.py:190} INFO - [2024-10-07T15:25:24.477+0000] {dag.py:4180} INFO - Setting next_dagrun for example_bash_operator to 2024-10-06 00:00:00+00:00, run_after=2024-10-07 00:00:00+00:00
[2024-10-07T15:25:24.492+0000] {processor.py:208} INFO - Processing /home/airflow/.local/lib/python3.12/site-packages/airflow/example_dags/example_bash_operator.py took 0.077 seconds
[2024-10-07T15:25:54.748+0000] {processor.py:186} INFO - Started process (PID=229) to work on /home/airflow/.local/lib/python3.12/site-packages/airflow/example_dags/example_bash_operator.py
[2024-10-07T15:25:54.749+0000] {processor.py:914} INFO - Processing file /home/airflow/.local/lib/python3.12/site-packages/airflow/example_dags/example_bash_operator.py for tasks to queue
[2024-10-07T15:25:54.750+0000] {logging_mixin.py:190} INFO - [2024-10-07T15:25:54.750+0000] {dagbag.py:588} INFO - Filling up the DagBag from /home/airflow/.local/lib/python3.12/site-packages/airflow/example_dags/example_bash_operator.py
[2024-10-07T15:25:54.760+0000] {processor.py:925} INFO - DAG(s) 'example_bash_operator' retrieved from /home/airflow/.local/lib/python3.12/site-packages/airflow/example_dags/example_bash_operator.py
[2024-10-07T15:25:54.783+0000] {logging_mixin.py:190} INFO - [2024-10-07T15:25:54.783+0000] {dag.py:3239} INFO - Sync 1 DAGs
[2024-10-07T15:25:54.802+0000] {logging_mixin.py:190} INFO - [2024-10-07T15:25:54.802+0000] {dag.py:4180} INFO - Setting next_dagrun for example_bash_operator to 2024-10-06 00:00:00+00:00, run_after=2024-10-07 00:00:00+00:00
[2024-10-07T15:25:54.817+0000] {processor.py:208} INFO - Processing /home/airflow/.local/lib/python3.12/site-packages/airflow/example_dags/example_bash_operator.py took 0.074 seconds
