[2024-10-07T15:21:52.872+0000] {processor.py:186} INFO - Started process (PID=70) to work on /home/airflow/.local/lib/python3.12/site-packages/airflow/example_dags/example_trigger_controller_dag.py
[2024-10-07T15:21:52.872+0000] {processor.py:914} INFO - Processing file /home/airflow/.local/lib/python3.12/site-packages/airflow/example_dags/example_trigger_controller_dag.py for tasks to queue
[2024-10-07T15:21:52.874+0000] {logging_mixin.py:190} INFO - [2024-10-07T15:21:52.873+0000] {dagbag.py:588} INFO - Filling up the DagBag from /home/airflow/.local/lib/python3.12/site-packages/airflow/example_dags/example_trigger_controller_dag.py
[2024-10-07T15:21:52.879+0000] {processor.py:925} INFO - DAG(s) 'example_trigger_controller_dag' retrieved from /home/airflow/.local/lib/python3.12/site-packages/airflow/example_dags/example_trigger_controller_dag.py
[2024-10-07T15:21:52.962+0000] {logging_mixin.py:190} INFO - [2024-10-07T15:21:52.962+0000] {override.py:1900} INFO - Created Permission View: can edit on DAG:example_trigger_controller_dag
[2024-10-07T15:21:52.972+0000] {logging_mixin.py:190} INFO - [2024-10-07T15:21:52.971+0000] {override.py:1900} INFO - Created Permission View: can delete on DAG:example_trigger_controller_dag
[2024-10-07T15:21:52.978+0000] {logging_mixin.py:190} INFO - [2024-10-07T15:21:52.978+0000] {override.py:1900} INFO - Created Permission View: can read on DAG:example_trigger_controller_dag
[2024-10-07T15:21:52.985+0000] {logging_mixin.py:190} INFO - [2024-10-07T15:21:52.984+0000] {override.py:1900} INFO - Created Permission View: can create on DAG Run:example_trigger_controller_dag
[2024-10-07T15:21:52.991+0000] {logging_mixin.py:190} INFO - [2024-10-07T15:21:52.991+0000] {override.py:1900} INFO - Created Permission View: menu access on DAG Run:example_trigger_controller_dag
[2024-10-07T15:21:52.998+0000] {logging_mixin.py:190} INFO - [2024-10-07T15:21:52.998+0000] {override.py:1900} INFO - Created Permission View: can delete on DAG Run:example_trigger_controller_dag
[2024-10-07T15:21:53.004+0000] {logging_mixin.py:190} INFO - [2024-10-07T15:21:53.004+0000] {override.py:1900} INFO - Created Permission View: can read on DAG Run:example_trigger_controller_dag
[2024-10-07T15:21:53.005+0000] {logging_mixin.py:190} INFO - [2024-10-07T15:21:53.005+0000] {dag.py:3239} INFO - Sync 1 DAGs
[2024-10-07T15:21:53.015+0000] {logging_mixin.py:190} INFO - [2024-10-07T15:21:53.015+0000] {dag.py:3262} INFO - Creating ORM DAG for example_trigger_controller_dag
[2024-10-07T15:21:53.023+0000] {logging_mixin.py:190} INFO - [2024-10-07T15:21:53.023+0000] {dag.py:4180} INFO - Setting next_dagrun for example_trigger_controller_dag to 2021-01-01 00:00:00+00:00, run_after=2021-01-01 00:00:00+00:00
[2024-10-07T15:21:53.036+0000] {processor.py:208} INFO - Processing /home/airflow/.local/lib/python3.12/site-packages/airflow/example_dags/example_trigger_controller_dag.py took 0.171 seconds
[2024-10-07T15:22:23.188+0000] {processor.py:186} INFO - Started process (PID=132) to work on /home/airflow/.local/lib/python3.12/site-packages/airflow/example_dags/example_trigger_controller_dag.py
[2024-10-07T15:22:23.189+0000] {processor.py:914} INFO - Processing file /home/airflow/.local/lib/python3.12/site-packages/airflow/example_dags/example_trigger_controller_dag.py for tasks to queue
[2024-10-07T15:22:23.191+0000] {logging_mixin.py:190} INFO - [2024-10-07T15:22:23.191+0000] {dagbag.py:588} INFO - Filling up the DagBag from /home/airflow/.local/lib/python3.12/site-packages/airflow/example_dags/example_trigger_controller_dag.py
[2024-10-07T15:22:23.197+0000] {processor.py:925} INFO - DAG(s) 'example_trigger_controller_dag' retrieved from /home/airflow/.local/lib/python3.12/site-packages/airflow/example_dags/example_trigger_controller_dag.py
[2024-10-07T15:22:23.211+0000] {logging_mixin.py:190} INFO - [2024-10-07T15:22:23.211+0000] {dag.py:3239} INFO - Sync 1 DAGs
[2024-10-07T15:22:23.228+0000] {logging_mixin.py:190} INFO - [2024-10-07T15:22:23.227+0000] {dag.py:4180} INFO - Setting next_dagrun for example_trigger_controller_dag to 2021-01-01 00:00:00+00:00, run_after=2021-01-01 00:00:00+00:00
[2024-10-07T15:22:23.297+0000] {processor.py:208} INFO - Processing /home/airflow/.local/lib/python3.12/site-packages/airflow/example_dags/example_trigger_controller_dag.py took 0.115 seconds
[2024-10-07T15:24:52.427+0000] {processor.py:186} INFO - Started process (PID=75) to work on /home/airflow/.local/lib/python3.12/site-packages/airflow/example_dags/example_trigger_controller_dag.py
[2024-10-07T15:24:52.428+0000] {processor.py:914} INFO - Processing file /home/airflow/.local/lib/python3.12/site-packages/airflow/example_dags/example_trigger_controller_dag.py for tasks to queue
[2024-10-07T15:24:52.430+0000] {logging_mixin.py:190} INFO - [2024-10-07T15:24:52.429+0000] {dagbag.py:588} INFO - Filling up the DagBag from /home/airflow/.local/lib/python3.12/site-packages/airflow/example_dags/example_trigger_controller_dag.py
[2024-10-07T15:24:52.436+0000] {processor.py:925} INFO - DAG(s) 'example_trigger_controller_dag' retrieved from /home/airflow/.local/lib/python3.12/site-packages/airflow/example_dags/example_trigger_controller_dag.py
[2024-10-07T15:24:52.454+0000] {logging_mixin.py:190} INFO - [2024-10-07T15:24:52.453+0000] {dag.py:3239} INFO - Sync 1 DAGs
[2024-10-07T15:24:52.473+0000] {logging_mixin.py:190} INFO - [2024-10-07T15:24:52.473+0000] {dag.py:4180} INFO - Setting next_dagrun for example_trigger_controller_dag to 2021-01-01 00:00:00+00:00, run_after=2021-01-01 00:00:00+00:00
[2024-10-07T15:24:52.487+0000] {processor.py:208} INFO - Processing /home/airflow/.local/lib/python3.12/site-packages/airflow/example_dags/example_trigger_controller_dag.py took 0.067 seconds
[2024-10-07T15:25:22.962+0000] {processor.py:186} INFO - Started process (PID=137) to work on /home/airflow/.local/lib/python3.12/site-packages/airflow/example_dags/example_trigger_controller_dag.py
[2024-10-07T15:25:22.963+0000] {processor.py:914} INFO - Processing file /home/airflow/.local/lib/python3.12/site-packages/airflow/example_dags/example_trigger_controller_dag.py for tasks to queue
[2024-10-07T15:25:22.964+0000] {logging_mixin.py:190} INFO - [2024-10-07T15:25:22.964+0000] {dagbag.py:588} INFO - Filling up the DagBag from /home/airflow/.local/lib/python3.12/site-packages/airflow/example_dags/example_trigger_controller_dag.py
[2024-10-07T15:25:22.969+0000] {processor.py:925} INFO - DAG(s) 'example_trigger_controller_dag' retrieved from /home/airflow/.local/lib/python3.12/site-packages/airflow/example_dags/example_trigger_controller_dag.py
[2024-10-07T15:25:22.984+0000] {logging_mixin.py:190} INFO - [2024-10-07T15:25:22.984+0000] {dag.py:3239} INFO - Sync 1 DAGs
[2024-10-07T15:25:23.002+0000] {logging_mixin.py:190} INFO - [2024-10-07T15:25:23.002+0000] {dag.py:4180} INFO - Setting next_dagrun for example_trigger_controller_dag to 2021-01-01 00:00:00+00:00, run_after=2021-01-01 00:00:00+00:00
[2024-10-07T15:25:23.015+0000] {processor.py:208} INFO - Processing /home/airflow/.local/lib/python3.12/site-packages/airflow/example_dags/example_trigger_controller_dag.py took 0.058 seconds
[2024-10-07T15:25:53.254+0000] {processor.py:186} INFO - Started process (PID=199) to work on /home/airflow/.local/lib/python3.12/site-packages/airflow/example_dags/example_trigger_controller_dag.py
[2024-10-07T15:25:53.255+0000] {processor.py:914} INFO - Processing file /home/airflow/.local/lib/python3.12/site-packages/airflow/example_dags/example_trigger_controller_dag.py for tasks to queue
[2024-10-07T15:25:53.257+0000] {logging_mixin.py:190} INFO - [2024-10-07T15:25:53.256+0000] {dagbag.py:588} INFO - Filling up the DagBag from /home/airflow/.local/lib/python3.12/site-packages/airflow/example_dags/example_trigger_controller_dag.py
[2024-10-07T15:25:53.263+0000] {processor.py:925} INFO - DAG(s) 'example_trigger_controller_dag' retrieved from /home/airflow/.local/lib/python3.12/site-packages/airflow/example_dags/example_trigger_controller_dag.py
[2024-10-07T15:25:53.279+0000] {logging_mixin.py:190} INFO - [2024-10-07T15:25:53.279+0000] {dag.py:3239} INFO - Sync 1 DAGs
[2024-10-07T15:25:53.304+0000] {logging_mixin.py:190} INFO - [2024-10-07T15:25:53.304+0000] {dag.py:4180} INFO - Setting next_dagrun for example_trigger_controller_dag to 2021-01-01 00:00:00+00:00, run_after=2021-01-01 00:00:00+00:00
[2024-10-07T15:25:53.323+0000] {processor.py:208} INFO - Processing /home/airflow/.local/lib/python3.12/site-packages/airflow/example_dags/example_trigger_controller_dag.py took 0.074 seconds
