[2024-10-07T15:21:54.889+0000] {processor.py:186} INFO - Started process (PID=95) to work on /home/airflow/.local/lib/python3.12/site-packages/airflow/example_dags/example_sla_dag.py
[2024-10-07T15:21:54.890+0000] {processor.py:914} INFO - Processing file /home/airflow/.local/lib/python3.12/site-packages/airflow/example_dags/example_sla_dag.py for tasks to queue
[2024-10-07T15:21:54.892+0000] {logging_mixin.py:190} INFO - [2024-10-07T15:21:54.892+0000] {dagbag.py:588} INFO - Filling up the DagBag from /home/airflow/.local/lib/python3.12/site-packages/airflow/example_dags/example_sla_dag.py
[2024-10-07T15:21:54.900+0000] {processor.py:925} INFO - DAG(s) 'example_sla_dag' retrieved from /home/airflow/.local/lib/python3.12/site-packages/airflow/example_dags/example_sla_dag.py
[2024-10-07T15:21:54.986+0000] {logging_mixin.py:190} INFO - [2024-10-07T15:21:54.985+0000] {override.py:1900} INFO - Created Permission View: can edit on DAG:example_sla_dag
[2024-10-07T15:21:54.994+0000] {logging_mixin.py:190} INFO - [2024-10-07T15:21:54.994+0000] {override.py:1900} INFO - Created Permission View: can delete on DAG:example_sla_dag
[2024-10-07T15:21:55.001+0000] {logging_mixin.py:190} INFO - [2024-10-07T15:21:55.001+0000] {override.py:1900} INFO - Created Permission View: can read on DAG:example_sla_dag
[2024-10-07T15:21:55.008+0000] {logging_mixin.py:190} INFO - [2024-10-07T15:21:55.008+0000] {override.py:1900} INFO - Created Permission View: can create on DAG Run:example_sla_dag
[2024-10-07T15:21:55.013+0000] {logging_mixin.py:190} INFO - [2024-10-07T15:21:55.013+0000] {override.py:1900} INFO - Created Permission View: menu access on DAG Run:example_sla_dag
[2024-10-07T15:21:55.019+0000] {logging_mixin.py:190} INFO - [2024-10-07T15:21:55.019+0000] {override.py:1900} INFO - Created Permission View: can delete on DAG Run:example_sla_dag
[2024-10-07T15:21:55.025+0000] {logging_mixin.py:190} INFO - [2024-10-07T15:21:55.024+0000] {override.py:1900} INFO - Created Permission View: can read on DAG Run:example_sla_dag
[2024-10-07T15:21:55.025+0000] {logging_mixin.py:190} INFO - [2024-10-07T15:21:55.025+0000] {dag.py:3239} INFO - Sync 1 DAGs
[2024-10-07T15:21:55.037+0000] {logging_mixin.py:190} INFO - [2024-10-07T15:21:55.037+0000] {dag.py:3262} INFO - Creating ORM DAG for example_sla_dag
[2024-10-07T15:21:55.048+0000] {logging_mixin.py:190} INFO - [2024-10-07T15:21:55.047+0000] {dag.py:4180} INFO - Setting next_dagrun for example_sla_dag to 2024-10-07 15:18:00+00:00, run_after=2024-10-07 15:20:00+00:00
[2024-10-07T15:21:55.062+0000] {processor.py:208} INFO - Processing /home/airflow/.local/lib/python3.12/site-packages/airflow/example_dags/example_sla_dag.py took 0.177 seconds
[2024-10-07T15:22:25.526+0000] {processor.py:186} INFO - Started process (PID=157) to work on /home/airflow/.local/lib/python3.12/site-packages/airflow/example_dags/example_sla_dag.py
[2024-10-07T15:22:25.527+0000] {processor.py:914} INFO - Processing file /home/airflow/.local/lib/python3.12/site-packages/airflow/example_dags/example_sla_dag.py for tasks to queue
[2024-10-07T15:22:25.529+0000] {logging_mixin.py:190} INFO - [2024-10-07T15:22:25.529+0000] {dagbag.py:588} INFO - Filling up the DagBag from /home/airflow/.local/lib/python3.12/site-packages/airflow/example_dags/example_sla_dag.py
[2024-10-07T15:22:25.539+0000] {processor.py:925} INFO - DAG(s) 'example_sla_dag' retrieved from /home/airflow/.local/lib/python3.12/site-packages/airflow/example_dags/example_sla_dag.py
[2024-10-07T15:22:25.557+0000] {logging_mixin.py:190} INFO - [2024-10-07T15:22:25.557+0000] {dag.py:3239} INFO - Sync 1 DAGs
[2024-10-07T15:22:25.580+0000] {logging_mixin.py:190} INFO - [2024-10-07T15:22:25.580+0000] {dag.py:4180} INFO - Setting next_dagrun for example_sla_dag to 2024-10-07 15:20:00+00:00, run_after=2024-10-07 15:22:00+00:00
[2024-10-07T15:22:25.597+0000] {processor.py:208} INFO - Processing /home/airflow/.local/lib/python3.12/site-packages/airflow/example_dags/example_sla_dag.py took 0.077 seconds
[2024-10-07T15:24:53.468+0000] {processor.py:186} INFO - Started process (PID=94) to work on /home/airflow/.local/lib/python3.12/site-packages/airflow/example_dags/example_sla_dag.py
[2024-10-07T15:24:53.469+0000] {processor.py:914} INFO - Processing file /home/airflow/.local/lib/python3.12/site-packages/airflow/example_dags/example_sla_dag.py for tasks to queue
[2024-10-07T15:24:53.471+0000] {logging_mixin.py:190} INFO - [2024-10-07T15:24:53.470+0000] {dagbag.py:588} INFO - Filling up the DagBag from /home/airflow/.local/lib/python3.12/site-packages/airflow/example_dags/example_sla_dag.py
[2024-10-07T15:24:53.480+0000] {processor.py:925} INFO - DAG(s) 'example_sla_dag' retrieved from /home/airflow/.local/lib/python3.12/site-packages/airflow/example_dags/example_sla_dag.py
[2024-10-07T15:24:53.499+0000] {logging_mixin.py:190} INFO - [2024-10-07T15:24:53.499+0000] {dag.py:3239} INFO - Sync 1 DAGs
[2024-10-07T15:24:53.523+0000] {logging_mixin.py:190} INFO - [2024-10-07T15:24:53.523+0000] {dag.py:4180} INFO - Setting next_dagrun for example_sla_dag to 2024-10-07 15:22:00+00:00, run_after=2024-10-07 15:24:00+00:00
[2024-10-07T15:24:53.540+0000] {processor.py:208} INFO - Processing /home/airflow/.local/lib/python3.12/site-packages/airflow/example_dags/example_sla_dag.py took 0.077 seconds
[2024-10-07T15:25:23.869+0000] {processor.py:186} INFO - Started process (PID=156) to work on /home/airflow/.local/lib/python3.12/site-packages/airflow/example_dags/example_sla_dag.py
[2024-10-07T15:25:23.870+0000] {processor.py:914} INFO - Processing file /home/airflow/.local/lib/python3.12/site-packages/airflow/example_dags/example_sla_dag.py for tasks to queue
[2024-10-07T15:25:23.871+0000] {logging_mixin.py:190} INFO - [2024-10-07T15:25:23.871+0000] {dagbag.py:588} INFO - Filling up the DagBag from /home/airflow/.local/lib/python3.12/site-packages/airflow/example_dags/example_sla_dag.py
[2024-10-07T15:25:23.879+0000] {processor.py:925} INFO - DAG(s) 'example_sla_dag' retrieved from /home/airflow/.local/lib/python3.12/site-packages/airflow/example_dags/example_sla_dag.py
[2024-10-07T15:25:23.895+0000] {logging_mixin.py:190} INFO - [2024-10-07T15:25:23.895+0000] {dag.py:3239} INFO - Sync 1 DAGs
[2024-10-07T15:25:23.916+0000] {logging_mixin.py:190} INFO - [2024-10-07T15:25:23.916+0000] {dag.py:4180} INFO - Setting next_dagrun for example_sla_dag to 2024-10-07 15:22:00+00:00, run_after=2024-10-07 15:24:00+00:00
[2024-10-07T15:25:23.929+0000] {processor.py:208} INFO - Processing /home/airflow/.local/lib/python3.12/site-packages/airflow/example_dags/example_sla_dag.py took 0.065 seconds
[2024-10-07T15:25:54.195+0000] {processor.py:186} INFO - Started process (PID=218) to work on /home/airflow/.local/lib/python3.12/site-packages/airflow/example_dags/example_sla_dag.py
[2024-10-07T15:25:54.195+0000] {processor.py:914} INFO - Processing file /home/airflow/.local/lib/python3.12/site-packages/airflow/example_dags/example_sla_dag.py for tasks to queue
[2024-10-07T15:25:54.197+0000] {logging_mixin.py:190} INFO - [2024-10-07T15:25:54.196+0000] {dagbag.py:588} INFO - Filling up the DagBag from /home/airflow/.local/lib/python3.12/site-packages/airflow/example_dags/example_sla_dag.py
[2024-10-07T15:25:54.204+0000] {processor.py:925} INFO - DAG(s) 'example_sla_dag' retrieved from /home/airflow/.local/lib/python3.12/site-packages/airflow/example_dags/example_sla_dag.py
[2024-10-07T15:25:54.219+0000] {logging_mixin.py:190} INFO - [2024-10-07T15:25:54.219+0000] {dag.py:3239} INFO - Sync 1 DAGs
[2024-10-07T15:25:54.240+0000] {logging_mixin.py:190} INFO - [2024-10-07T15:25:54.239+0000] {dag.py:4180} INFO - Setting next_dagrun for example_sla_dag to 2024-10-07 15:22:00+00:00, run_after=2024-10-07 15:24:00+00:00
[2024-10-07T15:25:54.253+0000] {processor.py:208} INFO - Processing /home/airflow/.local/lib/python3.12/site-packages/airflow/example_dags/example_sla_dag.py took 0.063 seconds
