[2024-10-07T15:21:53.481+0000] {processor.py:186} INFO - Started process (PID=82) to work on /home/airflow/.local/lib/python3.12/site-packages/airflow/example_dags/example_xcom.py
[2024-10-07T15:21:53.481+0000] {processor.py:914} INFO - Processing file /home/airflow/.local/lib/python3.12/site-packages/airflow/example_dags/example_xcom.py for tasks to queue
[2024-10-07T15:21:53.483+0000] {logging_mixin.py:190} INFO - [2024-10-07T15:21:53.483+0000] {dagbag.py:588} INFO - Filling up the DagBag from /home/airflow/.local/lib/python3.12/site-packages/airflow/example_dags/example_xcom.py
[2024-10-07T15:21:53.491+0000] {processor.py:925} INFO - DAG(s) 'example_xcom' retrieved from /home/airflow/.local/lib/python3.12/site-packages/airflow/example_dags/example_xcom.py
[2024-10-07T15:21:53.588+0000] {logging_mixin.py:190} INFO - [2024-10-07T15:21:53.587+0000] {override.py:1900} INFO - Created Permission View: can edit on DAG:example_xcom
[2024-10-07T15:21:53.596+0000] {logging_mixin.py:190} INFO - [2024-10-07T15:21:53.596+0000] {override.py:1900} INFO - Created Permission View: can delete on DAG:example_xcom
[2024-10-07T15:21:53.602+0000] {logging_mixin.py:190} INFO - [2024-10-07T15:21:53.601+0000] {override.py:1900} INFO - Created Permission View: can read on DAG:example_xcom
[2024-10-07T15:21:53.608+0000] {logging_mixin.py:190} INFO - [2024-10-07T15:21:53.608+0000] {override.py:1900} INFO - Created Permission View: can create on DAG Run:example_xcom
[2024-10-07T15:21:53.613+0000] {logging_mixin.py:190} INFO - [2024-10-07T15:21:53.613+0000] {override.py:1900} INFO - Created Permission View: menu access on DAG Run:example_xcom
[2024-10-07T15:21:53.619+0000] {logging_mixin.py:190} INFO - [2024-10-07T15:21:53.619+0000] {override.py:1900} INFO - Created Permission View: can delete on DAG Run:example_xcom
[2024-10-07T15:21:53.626+0000] {logging_mixin.py:190} INFO - [2024-10-07T15:21:53.625+0000] {override.py:1900} INFO - Created Permission View: can read on DAG Run:example_xcom
[2024-10-07T15:21:53.626+0000] {logging_mixin.py:190} INFO - [2024-10-07T15:21:53.626+0000] {dag.py:3239} INFO - Sync 1 DAGs
[2024-10-07T15:21:53.637+0000] {logging_mixin.py:190} INFO - [2024-10-07T15:21:53.637+0000] {dag.py:3262} INFO - Creating ORM DAG for example_xcom
[2024-10-07T15:21:53.644+0000] {logging_mixin.py:190} INFO - [2024-10-07T15:21:53.644+0000] {dag.py:4180} INFO - Setting next_dagrun for example_xcom to 2021-01-01 00:00:00+00:00, run_after=2021-01-01 00:00:00+00:00
[2024-10-07T15:21:53.659+0000] {processor.py:208} INFO - Processing /home/airflow/.local/lib/python3.12/site-packages/airflow/example_dags/example_xcom.py took 0.183 seconds
[2024-10-07T15:22:23.734+0000] {processor.py:186} INFO - Started process (PID=144) to work on /home/airflow/.local/lib/python3.12/site-packages/airflow/example_dags/example_xcom.py
[2024-10-07T15:22:23.735+0000] {processor.py:914} INFO - Processing file /home/airflow/.local/lib/python3.12/site-packages/airflow/example_dags/example_xcom.py for tasks to queue
[2024-10-07T15:22:23.736+0000] {logging_mixin.py:190} INFO - [2024-10-07T15:22:23.736+0000] {dagbag.py:588} INFO - Filling up the DagBag from /home/airflow/.local/lib/python3.12/site-packages/airflow/example_dags/example_xcom.py
[2024-10-07T15:22:23.744+0000] {processor.py:925} INFO - DAG(s) 'example_xcom' retrieved from /home/airflow/.local/lib/python3.12/site-packages/airflow/example_dags/example_xcom.py
[2024-10-07T15:22:23.762+0000] {logging_mixin.py:190} INFO - [2024-10-07T15:22:23.762+0000] {dag.py:3239} INFO - Sync 1 DAGs
[2024-10-07T15:22:23.783+0000] {logging_mixin.py:190} INFO - [2024-10-07T15:22:23.782+0000] {dag.py:4180} INFO - Setting next_dagrun for example_xcom to 2021-01-01 00:00:00+00:00, run_after=2021-01-01 00:00:00+00:00
[2024-10-07T15:22:23.801+0000] {processor.py:208} INFO - Processing /home/airflow/.local/lib/python3.12/site-packages/airflow/example_dags/example_xcom.py took 0.072 seconds
[2024-10-07T15:24:52.711+0000] {processor.py:186} INFO - Started process (PID=81) to work on /home/airflow/.local/lib/python3.12/site-packages/airflow/example_dags/example_xcom.py
[2024-10-07T15:24:52.712+0000] {processor.py:914} INFO - Processing file /home/airflow/.local/lib/python3.12/site-packages/airflow/example_dags/example_xcom.py for tasks to queue
[2024-10-07T15:24:52.714+0000] {logging_mixin.py:190} INFO - [2024-10-07T15:24:52.714+0000] {dagbag.py:588} INFO - Filling up the DagBag from /home/airflow/.local/lib/python3.12/site-packages/airflow/example_dags/example_xcom.py
[2024-10-07T15:24:52.724+0000] {processor.py:925} INFO - DAG(s) 'example_xcom' retrieved from /home/airflow/.local/lib/python3.12/site-packages/airflow/example_dags/example_xcom.py
[2024-10-07T15:24:52.745+0000] {logging_mixin.py:190} INFO - [2024-10-07T15:24:52.745+0000] {dag.py:3239} INFO - Sync 1 DAGs
[2024-10-07T15:24:52.767+0000] {logging_mixin.py:190} INFO - [2024-10-07T15:24:52.767+0000] {dag.py:4180} INFO - Setting next_dagrun for example_xcom to 2021-01-01 00:00:00+00:00, run_after=2021-01-01 00:00:00+00:00
[2024-10-07T15:24:52.786+0000] {processor.py:208} INFO - Processing /home/airflow/.local/lib/python3.12/site-packages/airflow/example_dags/example_xcom.py took 0.080 seconds
[2024-10-07T15:25:23.284+0000] {processor.py:186} INFO - Started process (PID=143) to work on /home/airflow/.local/lib/python3.12/site-packages/airflow/example_dags/example_xcom.py
[2024-10-07T15:25:23.285+0000] {processor.py:914} INFO - Processing file /home/airflow/.local/lib/python3.12/site-packages/airflow/example_dags/example_xcom.py for tasks to queue
[2024-10-07T15:25:23.286+0000] {logging_mixin.py:190} INFO - [2024-10-07T15:25:23.286+0000] {dagbag.py:588} INFO - Filling up the DagBag from /home/airflow/.local/lib/python3.12/site-packages/airflow/example_dags/example_xcom.py
[2024-10-07T15:25:23.293+0000] {processor.py:925} INFO - DAG(s) 'example_xcom' retrieved from /home/airflow/.local/lib/python3.12/site-packages/airflow/example_dags/example_xcom.py
[2024-10-07T15:25:23.310+0000] {logging_mixin.py:190} INFO - [2024-10-07T15:25:23.310+0000] {dag.py:3239} INFO - Sync 1 DAGs
[2024-10-07T15:25:23.330+0000] {logging_mixin.py:190} INFO - [2024-10-07T15:25:23.329+0000] {dag.py:4180} INFO - Setting next_dagrun for example_xcom to 2021-01-01 00:00:00+00:00, run_after=2021-01-01 00:00:00+00:00
[2024-10-07T15:25:23.344+0000] {processor.py:208} INFO - Processing /home/airflow/.local/lib/python3.12/site-packages/airflow/example_dags/example_xcom.py took 0.064 seconds
[2024-10-07T15:25:53.551+0000] {processor.py:186} INFO - Started process (PID=205) to work on /home/airflow/.local/lib/python3.12/site-packages/airflow/example_dags/example_xcom.py
[2024-10-07T15:25:53.551+0000] {processor.py:914} INFO - Processing file /home/airflow/.local/lib/python3.12/site-packages/airflow/example_dags/example_xcom.py for tasks to queue
[2024-10-07T15:25:53.553+0000] {logging_mixin.py:190} INFO - [2024-10-07T15:25:53.553+0000] {dagbag.py:588} INFO - Filling up the DagBag from /home/airflow/.local/lib/python3.12/site-packages/airflow/example_dags/example_xcom.py
[2024-10-07T15:25:53.561+0000] {processor.py:925} INFO - DAG(s) 'example_xcom' retrieved from /home/airflow/.local/lib/python3.12/site-packages/airflow/example_dags/example_xcom.py
[2024-10-07T15:25:53.580+0000] {logging_mixin.py:190} INFO - [2024-10-07T15:25:53.580+0000] {dag.py:3239} INFO - Sync 1 DAGs
[2024-10-07T15:25:53.600+0000] {logging_mixin.py:190} INFO - [2024-10-07T15:25:53.599+0000] {dag.py:4180} INFO - Setting next_dagrun for example_xcom to 2021-01-01 00:00:00+00:00, run_after=2021-01-01 00:00:00+00:00
[2024-10-07T15:25:53.616+0000] {processor.py:208} INFO - Processing /home/airflow/.local/lib/python3.12/site-packages/airflow/example_dags/example_xcom.py took 0.071 seconds
