[2024-10-07T15:21:53.901+0000] {processor.py:186} INFO - Started process (PID=86) to work on /home/airflow/.local/lib/python3.12/site-packages/airflow/example_dags/example_setup_teardown.py
[2024-10-07T15:21:53.901+0000] {processor.py:914} INFO - Processing file /home/airflow/.local/lib/python3.12/site-packages/airflow/example_dags/example_setup_teardown.py for tasks to queue
[2024-10-07T15:21:53.903+0000] {logging_mixin.py:190} INFO - [2024-10-07T15:21:53.903+0000] {dagbag.py:588} INFO - Filling up the DagBag from /home/airflow/.local/lib/python3.12/site-packages/airflow/example_dags/example_setup_teardown.py
[2024-10-07T15:21:53.910+0000] {processor.py:925} INFO - DAG(s) 'example_setup_teardown' retrieved from /home/airflow/.local/lib/python3.12/site-packages/airflow/example_dags/example_setup_teardown.py
[2024-10-07T15:21:53.997+0000] {logging_mixin.py:190} INFO - [2024-10-07T15:21:53.996+0000] {override.py:1900} INFO - Created Permission View: can edit on DAG:example_setup_teardown
[2024-10-07T15:21:54.005+0000] {logging_mixin.py:190} INFO - [2024-10-07T15:21:54.004+0000] {override.py:1900} INFO - Created Permission View: can delete on DAG:example_setup_teardown
[2024-10-07T15:21:54.010+0000] {logging_mixin.py:190} INFO - [2024-10-07T15:21:54.009+0000] {override.py:1900} INFO - Created Permission View: can read on DAG:example_setup_teardown
[2024-10-07T15:21:54.016+0000] {logging_mixin.py:190} INFO - [2024-10-07T15:21:54.016+0000] {override.py:1900} INFO - Created Permission View: can create on DAG Run:example_setup_teardown
[2024-10-07T15:21:54.022+0000] {logging_mixin.py:190} INFO - [2024-10-07T15:21:54.022+0000] {override.py:1900} INFO - Created Permission View: menu access on DAG Run:example_setup_teardown
[2024-10-07T15:21:54.028+0000] {logging_mixin.py:190} INFO - [2024-10-07T15:21:54.028+0000] {override.py:1900} INFO - Created Permission View: can delete on DAG Run:example_setup_teardown
[2024-10-07T15:21:54.033+0000] {logging_mixin.py:190} INFO - [2024-10-07T15:21:54.033+0000] {override.py:1900} INFO - Created Permission View: can read on DAG Run:example_setup_teardown
[2024-10-07T15:21:54.033+0000] {logging_mixin.py:190} INFO - [2024-10-07T15:21:54.033+0000] {dag.py:3239} INFO - Sync 1 DAGs
[2024-10-07T15:21:54.042+0000] {logging_mixin.py:190} INFO - [2024-10-07T15:21:54.042+0000] {dag.py:3262} INFO - Creating ORM DAG for example_setup_teardown
[2024-10-07T15:21:54.043+0000] {logging_mixin.py:190} INFO - [2024-10-07T15:21:54.043+0000] {dag.py:4180} INFO - Setting next_dagrun for example_setup_teardown to None, run_after=None
[2024-10-07T15:21:54.059+0000] {processor.py:208} INFO - Processing /home/airflow/.local/lib/python3.12/site-packages/airflow/example_dags/example_setup_teardown.py took 0.163 seconds
[2024-10-07T15:22:24.923+0000] {processor.py:186} INFO - Started process (PID=148) to work on /home/airflow/.local/lib/python3.12/site-packages/airflow/example_dags/example_setup_teardown.py
[2024-10-07T15:22:24.925+0000] {processor.py:914} INFO - Processing file /home/airflow/.local/lib/python3.12/site-packages/airflow/example_dags/example_setup_teardown.py for tasks to queue
[2024-10-07T15:22:24.927+0000] {logging_mixin.py:190} INFO - [2024-10-07T15:22:24.927+0000] {dagbag.py:588} INFO - Filling up the DagBag from /home/airflow/.local/lib/python3.12/site-packages/airflow/example_dags/example_setup_teardown.py
[2024-10-07T15:22:24.936+0000] {processor.py:925} INFO - DAG(s) 'example_setup_teardown' retrieved from /home/airflow/.local/lib/python3.12/site-packages/airflow/example_dags/example_setup_teardown.py
[2024-10-07T15:22:24.958+0000] {logging_mixin.py:190} INFO - [2024-10-07T15:22:24.957+0000] {dag.py:3239} INFO - Sync 1 DAGs
[2024-10-07T15:22:24.972+0000] {logging_mixin.py:190} INFO - [2024-10-07T15:22:24.971+0000] {dag.py:4180} INFO - Setting next_dagrun for example_setup_teardown to None, run_after=None
[2024-10-07T15:22:24.993+0000] {processor.py:208} INFO - Processing /home/airflow/.local/lib/python3.12/site-packages/airflow/example_dags/example_setup_teardown.py took 0.076 seconds
[2024-10-07T15:24:52.905+0000] {processor.py:186} INFO - Started process (PID=85) to work on /home/airflow/.local/lib/python3.12/site-packages/airflow/example_dags/example_setup_teardown.py
[2024-10-07T15:24:52.906+0000] {processor.py:914} INFO - Processing file /home/airflow/.local/lib/python3.12/site-packages/airflow/example_dags/example_setup_teardown.py for tasks to queue
[2024-10-07T15:24:52.908+0000] {logging_mixin.py:190} INFO - [2024-10-07T15:24:52.908+0000] {dagbag.py:588} INFO - Filling up the DagBag from /home/airflow/.local/lib/python3.12/site-packages/airflow/example_dags/example_setup_teardown.py
[2024-10-07T15:24:52.917+0000] {processor.py:925} INFO - DAG(s) 'example_setup_teardown' retrieved from /home/airflow/.local/lib/python3.12/site-packages/airflow/example_dags/example_setup_teardown.py
[2024-10-07T15:24:52.940+0000] {logging_mixin.py:190} INFO - [2024-10-07T15:24:52.940+0000] {dag.py:3239} INFO - Sync 1 DAGs
[2024-10-07T15:24:52.954+0000] {logging_mixin.py:190} INFO - [2024-10-07T15:24:52.954+0000] {dag.py:4180} INFO - Setting next_dagrun for example_setup_teardown to None, run_after=None
[2024-10-07T15:24:52.973+0000] {processor.py:208} INFO - Processing /home/airflow/.local/lib/python3.12/site-packages/airflow/example_dags/example_setup_teardown.py took 0.073 seconds
[2024-10-07T15:25:23.449+0000] {processor.py:186} INFO - Started process (PID=147) to work on /home/airflow/.local/lib/python3.12/site-packages/airflow/example_dags/example_setup_teardown.py
[2024-10-07T15:25:23.449+0000] {processor.py:914} INFO - Processing file /home/airflow/.local/lib/python3.12/site-packages/airflow/example_dags/example_setup_teardown.py for tasks to queue
[2024-10-07T15:25:23.451+0000] {logging_mixin.py:190} INFO - [2024-10-07T15:25:23.451+0000] {dagbag.py:588} INFO - Filling up the DagBag from /home/airflow/.local/lib/python3.12/site-packages/airflow/example_dags/example_setup_teardown.py
[2024-10-07T15:25:23.457+0000] {processor.py:925} INFO - DAG(s) 'example_setup_teardown' retrieved from /home/airflow/.local/lib/python3.12/site-packages/airflow/example_dags/example_setup_teardown.py
[2024-10-07T15:25:23.474+0000] {logging_mixin.py:190} INFO - [2024-10-07T15:25:23.474+0000] {dag.py:3239} INFO - Sync 1 DAGs
[2024-10-07T15:25:23.487+0000] {logging_mixin.py:190} INFO - [2024-10-07T15:25:23.486+0000] {dag.py:4180} INFO - Setting next_dagrun for example_setup_teardown to None, run_after=None
[2024-10-07T15:25:23.502+0000] {processor.py:208} INFO - Processing /home/airflow/.local/lib/python3.12/site-packages/airflow/example_dags/example_setup_teardown.py took 0.058 seconds
[2024-10-07T15:25:53.731+0000] {processor.py:186} INFO - Started process (PID=209) to work on /home/airflow/.local/lib/python3.12/site-packages/airflow/example_dags/example_setup_teardown.py
[2024-10-07T15:25:53.732+0000] {processor.py:914} INFO - Processing file /home/airflow/.local/lib/python3.12/site-packages/airflow/example_dags/example_setup_teardown.py for tasks to queue
[2024-10-07T15:25:53.733+0000] {logging_mixin.py:190} INFO - [2024-10-07T15:25:53.733+0000] {dagbag.py:588} INFO - Filling up the DagBag from /home/airflow/.local/lib/python3.12/site-packages/airflow/example_dags/example_setup_teardown.py
[2024-10-07T15:25:53.740+0000] {processor.py:925} INFO - DAG(s) 'example_setup_teardown' retrieved from /home/airflow/.local/lib/python3.12/site-packages/airflow/example_dags/example_setup_teardown.py
[2024-10-07T15:25:53.756+0000] {logging_mixin.py:190} INFO - [2024-10-07T15:25:53.755+0000] {dag.py:3239} INFO - Sync 1 DAGs
[2024-10-07T15:25:53.767+0000] {logging_mixin.py:190} INFO - [2024-10-07T15:25:53.767+0000] {dag.py:4180} INFO - Setting next_dagrun for example_setup_teardown to None, run_after=None
[2024-10-07T15:25:53.780+0000] {processor.py:208} INFO - Processing /home/airflow/.local/lib/python3.12/site-packages/airflow/example_dags/example_setup_teardown.py took 0.054 seconds
