[2024-10-07T15:21:54.696+0000] {processor.py:186} INFO - Started process (PID=93) to work on /home/airflow/.local/lib/python3.12/site-packages/airflow/example_dags/example_short_circuit_decorator.py
[2024-10-07T15:21:54.696+0000] {processor.py:914} INFO - Processing file /home/airflow/.local/lib/python3.12/site-packages/airflow/example_dags/example_short_circuit_decorator.py for tasks to queue
[2024-10-07T15:21:54.698+0000] {logging_mixin.py:190} INFO - [2024-10-07T15:21:54.698+0000] {dagbag.py:588} INFO - Filling up the DagBag from /home/airflow/.local/lib/python3.12/site-packages/airflow/example_dags/example_short_circuit_decorator.py
[2024-10-07T15:21:54.706+0000] {processor.py:925} INFO - DAG(s) 'example_short_circuit_decorator' retrieved from /home/airflow/.local/lib/python3.12/site-packages/airflow/example_dags/example_short_circuit_decorator.py
[2024-10-07T15:21:54.794+0000] {logging_mixin.py:190} INFO - [2024-10-07T15:21:54.793+0000] {override.py:1900} INFO - Created Permission View: can edit on DAG:example_short_circuit_decorator
[2024-10-07T15:21:54.802+0000] {logging_mixin.py:190} INFO - [2024-10-07T15:21:54.802+0000] {override.py:1900} INFO - Created Permission View: can delete on DAG:example_short_circuit_decorator
[2024-10-07T15:21:54.808+0000] {logging_mixin.py:190} INFO - [2024-10-07T15:21:54.808+0000] {override.py:1900} INFO - Created Permission View: can read on DAG:example_short_circuit_decorator
[2024-10-07T15:21:54.814+0000] {logging_mixin.py:190} INFO - [2024-10-07T15:21:54.814+0000] {override.py:1900} INFO - Created Permission View: can create on DAG Run:example_short_circuit_decorator
[2024-10-07T15:21:54.821+0000] {logging_mixin.py:190} INFO - [2024-10-07T15:21:54.820+0000] {override.py:1900} INFO - Created Permission View: menu access on DAG Run:example_short_circuit_decorator
[2024-10-07T15:21:54.827+0000] {logging_mixin.py:190} INFO - [2024-10-07T15:21:54.827+0000] {override.py:1900} INFO - Created Permission View: can delete on DAG Run:example_short_circuit_decorator
[2024-10-07T15:21:54.833+0000] {logging_mixin.py:190} INFO - [2024-10-07T15:21:54.833+0000] {override.py:1900} INFO - Created Permission View: can read on DAG Run:example_short_circuit_decorator
[2024-10-07T15:21:54.833+0000] {logging_mixin.py:190} INFO - [2024-10-07T15:21:54.833+0000] {dag.py:3239} INFO - Sync 1 DAGs
[2024-10-07T15:21:54.844+0000] {logging_mixin.py:190} INFO - [2024-10-07T15:21:54.844+0000] {dag.py:3262} INFO - Creating ORM DAG for example_short_circuit_decorator
[2024-10-07T15:21:54.845+0000] {logging_mixin.py:190} INFO - [2024-10-07T15:21:54.844+0000] {dag.py:4180} INFO - Setting next_dagrun for example_short_circuit_decorator to None, run_after=None
[2024-10-07T15:21:54.860+0000] {processor.py:208} INFO - Processing /home/airflow/.local/lib/python3.12/site-packages/airflow/example_dags/example_short_circuit_decorator.py took 0.169 seconds
[2024-10-07T15:22:25.412+0000] {processor.py:186} INFO - Started process (PID=155) to work on /home/airflow/.local/lib/python3.12/site-packages/airflow/example_dags/example_short_circuit_decorator.py
[2024-10-07T15:22:25.413+0000] {processor.py:914} INFO - Processing file /home/airflow/.local/lib/python3.12/site-packages/airflow/example_dags/example_short_circuit_decorator.py for tasks to queue
[2024-10-07T15:22:25.415+0000] {logging_mixin.py:190} INFO - [2024-10-07T15:22:25.415+0000] {dagbag.py:588} INFO - Filling up the DagBag from /home/airflow/.local/lib/python3.12/site-packages/airflow/example_dags/example_short_circuit_decorator.py
[2024-10-07T15:22:25.424+0000] {processor.py:925} INFO - DAG(s) 'example_short_circuit_decorator' retrieved from /home/airflow/.local/lib/python3.12/site-packages/airflow/example_dags/example_short_circuit_decorator.py
[2024-10-07T15:22:25.449+0000] {logging_mixin.py:190} INFO - [2024-10-07T15:22:25.448+0000] {dag.py:3239} INFO - Sync 1 DAGs
[2024-10-07T15:22:25.467+0000] {logging_mixin.py:190} INFO - [2024-10-07T15:22:25.466+0000] {dag.py:4180} INFO - Setting next_dagrun for example_short_circuit_decorator to None, run_after=None
[2024-10-07T15:22:25.491+0000] {processor.py:208} INFO - Processing /home/airflow/.local/lib/python3.12/site-packages/airflow/example_dags/example_short_circuit_decorator.py took 0.084 seconds
[2024-10-07T15:24:53.372+0000] {processor.py:186} INFO - Started process (PID=92) to work on /home/airflow/.local/lib/python3.12/site-packages/airflow/example_dags/example_short_circuit_decorator.py
[2024-10-07T15:24:53.372+0000] {processor.py:914} INFO - Processing file /home/airflow/.local/lib/python3.12/site-packages/airflow/example_dags/example_short_circuit_decorator.py for tasks to queue
[2024-10-07T15:24:53.374+0000] {logging_mixin.py:190} INFO - [2024-10-07T15:24:53.374+0000] {dagbag.py:588} INFO - Filling up the DagBag from /home/airflow/.local/lib/python3.12/site-packages/airflow/example_dags/example_short_circuit_decorator.py
[2024-10-07T15:24:53.384+0000] {processor.py:925} INFO - DAG(s) 'example_short_circuit_decorator' retrieved from /home/airflow/.local/lib/python3.12/site-packages/airflow/example_dags/example_short_circuit_decorator.py
[2024-10-07T15:24:53.407+0000] {logging_mixin.py:190} INFO - [2024-10-07T15:24:53.406+0000] {dag.py:3239} INFO - Sync 1 DAGs
[2024-10-07T15:24:53.419+0000] {logging_mixin.py:190} INFO - [2024-10-07T15:24:53.418+0000] {dag.py:4180} INFO - Setting next_dagrun for example_short_circuit_decorator to None, run_after=None
[2024-10-07T15:24:53.437+0000] {processor.py:208} INFO - Processing /home/airflow/.local/lib/python3.12/site-packages/airflow/example_dags/example_short_circuit_decorator.py took 0.070 seconds
[2024-10-07T15:25:23.788+0000] {processor.py:186} INFO - Started process (PID=154) to work on /home/airflow/.local/lib/python3.12/site-packages/airflow/example_dags/example_short_circuit_decorator.py
[2024-10-07T15:25:23.789+0000] {processor.py:914} INFO - Processing file /home/airflow/.local/lib/python3.12/site-packages/airflow/example_dags/example_short_circuit_decorator.py for tasks to queue
[2024-10-07T15:25:23.790+0000] {logging_mixin.py:190} INFO - [2024-10-07T15:25:23.790+0000] {dagbag.py:588} INFO - Filling up the DagBag from /home/airflow/.local/lib/python3.12/site-packages/airflow/example_dags/example_short_circuit_decorator.py
[2024-10-07T15:25:23.797+0000] {processor.py:925} INFO - DAG(s) 'example_short_circuit_decorator' retrieved from /home/airflow/.local/lib/python3.12/site-packages/airflow/example_dags/example_short_circuit_decorator.py
[2024-10-07T15:25:23.815+0000] {logging_mixin.py:190} INFO - [2024-10-07T15:25:23.815+0000] {dag.py:3239} INFO - Sync 1 DAGs
[2024-10-07T15:25:23.827+0000] {logging_mixin.py:190} INFO - [2024-10-07T15:25:23.827+0000] {dag.py:4180} INFO - Setting next_dagrun for example_short_circuit_decorator to None, run_after=None
[2024-10-07T15:25:23.840+0000] {processor.py:208} INFO - Processing /home/airflow/.local/lib/python3.12/site-packages/airflow/example_dags/example_short_circuit_decorator.py took 0.057 seconds
[2024-10-07T15:25:54.104+0000] {processor.py:186} INFO - Started process (PID=216) to work on /home/airflow/.local/lib/python3.12/site-packages/airflow/example_dags/example_short_circuit_decorator.py
[2024-10-07T15:25:54.104+0000] {processor.py:914} INFO - Processing file /home/airflow/.local/lib/python3.12/site-packages/airflow/example_dags/example_short_circuit_decorator.py for tasks to queue
[2024-10-07T15:25:54.106+0000] {logging_mixin.py:190} INFO - [2024-10-07T15:25:54.106+0000] {dagbag.py:588} INFO - Filling up the DagBag from /home/airflow/.local/lib/python3.12/site-packages/airflow/example_dags/example_short_circuit_decorator.py
[2024-10-07T15:25:54.114+0000] {processor.py:925} INFO - DAG(s) 'example_short_circuit_decorator' retrieved from /home/airflow/.local/lib/python3.12/site-packages/airflow/example_dags/example_short_circuit_decorator.py
[2024-10-07T15:25:54.136+0000] {logging_mixin.py:190} INFO - [2024-10-07T15:25:54.136+0000] {dag.py:3239} INFO - Sync 1 DAGs
[2024-10-07T15:25:54.151+0000] {logging_mixin.py:190} INFO - [2024-10-07T15:25:54.151+0000] {dag.py:4180} INFO - Setting next_dagrun for example_short_circuit_decorator to None, run_after=None
[2024-10-07T15:25:54.165+0000] {processor.py:208} INFO - Processing /home/airflow/.local/lib/python3.12/site-packages/airflow/example_dags/example_short_circuit_decorator.py took 0.067 seconds
