[2024-10-07T15:21:54.680+0000] {processor.py:186} INFO - Started process (PID=92) to work on /home/airflow/.local/lib/python3.12/site-packages/airflow/example_dags/example_sensor_decorator.py
[2024-10-07T15:21:54.681+0000] {processor.py:914} INFO - Processing file /home/airflow/.local/lib/python3.12/site-packages/airflow/example_dags/example_sensor_decorator.py for tasks to queue
[2024-10-07T15:21:54.683+0000] {logging_mixin.py:190} INFO - [2024-10-07T15:21:54.683+0000] {dagbag.py:588} INFO - Filling up the DagBag from /home/airflow/.local/lib/python3.12/site-packages/airflow/example_dags/example_sensor_decorator.py
[2024-10-07T15:21:54.689+0000] {processor.py:925} INFO - DAG(s) 'example_sensor_decorator' retrieved from /home/airflow/.local/lib/python3.12/site-packages/airflow/example_dags/example_sensor_decorator.py
[2024-10-07T15:21:54.774+0000] {logging_mixin.py:190} INFO - [2024-10-07T15:21:54.773+0000] {override.py:1900} INFO - Created Permission View: can edit on DAG:example_sensor_decorator
[2024-10-07T15:21:54.780+0000] {logging_mixin.py:190} INFO - [2024-10-07T15:21:54.780+0000] {override.py:1900} INFO - Created Permission View: can delete on DAG:example_sensor_decorator
[2024-10-07T15:21:54.785+0000] {logging_mixin.py:190} INFO - [2024-10-07T15:21:54.785+0000] {override.py:1900} INFO - Created Permission View: can read on DAG:example_sensor_decorator
[2024-10-07T15:21:54.790+0000] {logging_mixin.py:190} INFO - [2024-10-07T15:21:54.790+0000] {override.py:1900} INFO - Created Permission View: can create on DAG Run:example_sensor_decorator
[2024-10-07T15:21:54.794+0000] {logging_mixin.py:190} INFO - [2024-10-07T15:21:54.794+0000] {override.py:1900} INFO - Created Permission View: menu access on DAG Run:example_sensor_decorator
[2024-10-07T15:21:54.798+0000] {logging_mixin.py:190} INFO - [2024-10-07T15:21:54.798+0000] {override.py:1900} INFO - Created Permission View: can delete on DAG Run:example_sensor_decorator
[2024-10-07T15:21:54.803+0000] {logging_mixin.py:190} INFO - [2024-10-07T15:21:54.803+0000] {override.py:1900} INFO - Created Permission View: can read on DAG Run:example_sensor_decorator
[2024-10-07T15:21:54.803+0000] {logging_mixin.py:190} INFO - [2024-10-07T15:21:54.803+0000] {dag.py:3239} INFO - Sync 1 DAGs
[2024-10-07T15:21:54.813+0000] {logging_mixin.py:190} INFO - [2024-10-07T15:21:54.812+0000] {dag.py:3262} INFO - Creating ORM DAG for example_sensor_decorator
[2024-10-07T15:21:54.813+0000] {logging_mixin.py:190} INFO - [2024-10-07T15:21:54.813+0000] {dag.py:4180} INFO - Setting next_dagrun for example_sensor_decorator to None, run_after=None
[2024-10-07T15:21:54.825+0000] {processor.py:208} INFO - Processing /home/airflow/.local/lib/python3.12/site-packages/airflow/example_dags/example_sensor_decorator.py took 0.149 seconds
[2024-10-07T15:22:25.350+0000] {processor.py:186} INFO - Started process (PID=154) to work on /home/airflow/.local/lib/python3.12/site-packages/airflow/example_dags/example_sensor_decorator.py
[2024-10-07T15:22:25.351+0000] {processor.py:914} INFO - Processing file /home/airflow/.local/lib/python3.12/site-packages/airflow/example_dags/example_sensor_decorator.py for tasks to queue
[2024-10-07T15:22:25.353+0000] {logging_mixin.py:190} INFO - [2024-10-07T15:22:25.353+0000] {dagbag.py:588} INFO - Filling up the DagBag from /home/airflow/.local/lib/python3.12/site-packages/airflow/example_dags/example_sensor_decorator.py
[2024-10-07T15:22:25.361+0000] {processor.py:925} INFO - DAG(s) 'example_sensor_decorator' retrieved from /home/airflow/.local/lib/python3.12/site-packages/airflow/example_dags/example_sensor_decorator.py
[2024-10-07T15:22:25.383+0000] {logging_mixin.py:190} INFO - [2024-10-07T15:22:25.382+0000] {dag.py:3239} INFO - Sync 1 DAGs
[2024-10-07T15:22:25.398+0000] {logging_mixin.py:190} INFO - [2024-10-07T15:22:25.398+0000] {dag.py:4180} INFO - Setting next_dagrun for example_sensor_decorator to None, run_after=None
[2024-10-07T15:22:25.418+0000] {processor.py:208} INFO - Processing /home/airflow/.local/lib/python3.12/site-packages/airflow/example_dags/example_sensor_decorator.py took 0.073 seconds
[2024-10-07T15:24:53.286+0000] {processor.py:186} INFO - Started process (PID=91) to work on /home/airflow/.local/lib/python3.12/site-packages/airflow/example_dags/example_sensor_decorator.py
[2024-10-07T15:24:53.286+0000] {processor.py:914} INFO - Processing file /home/airflow/.local/lib/python3.12/site-packages/airflow/example_dags/example_sensor_decorator.py for tasks to queue
[2024-10-07T15:24:53.288+0000] {logging_mixin.py:190} INFO - [2024-10-07T15:24:53.288+0000] {dagbag.py:588} INFO - Filling up the DagBag from /home/airflow/.local/lib/python3.12/site-packages/airflow/example_dags/example_sensor_decorator.py
[2024-10-07T15:24:53.296+0000] {processor.py:925} INFO - DAG(s) 'example_sensor_decorator' retrieved from /home/airflow/.local/lib/python3.12/site-packages/airflow/example_dags/example_sensor_decorator.py
[2024-10-07T15:24:53.314+0000] {logging_mixin.py:190} INFO - [2024-10-07T15:24:53.314+0000] {dag.py:3239} INFO - Sync 1 DAGs
[2024-10-07T15:24:53.326+0000] {logging_mixin.py:190} INFO - [2024-10-07T15:24:53.326+0000] {dag.py:4180} INFO - Setting next_dagrun for example_sensor_decorator to None, run_after=None
[2024-10-07T15:24:53.342+0000] {processor.py:208} INFO - Processing /home/airflow/.local/lib/python3.12/site-packages/airflow/example_dags/example_sensor_decorator.py took 0.061 seconds
[2024-10-07T15:25:23.773+0000] {processor.py:186} INFO - Started process (PID=153) to work on /home/airflow/.local/lib/python3.12/site-packages/airflow/example_dags/example_sensor_decorator.py
[2024-10-07T15:25:23.774+0000] {processor.py:914} INFO - Processing file /home/airflow/.local/lib/python3.12/site-packages/airflow/example_dags/example_sensor_decorator.py for tasks to queue
[2024-10-07T15:25:23.776+0000] {logging_mixin.py:190} INFO - [2024-10-07T15:25:23.775+0000] {dagbag.py:588} INFO - Filling up the DagBag from /home/airflow/.local/lib/python3.12/site-packages/airflow/example_dags/example_sensor_decorator.py
[2024-10-07T15:25:23.782+0000] {processor.py:925} INFO - DAG(s) 'example_sensor_decorator' retrieved from /home/airflow/.local/lib/python3.12/site-packages/airflow/example_dags/example_sensor_decorator.py
[2024-10-07T15:25:23.796+0000] {logging_mixin.py:190} INFO - [2024-10-07T15:25:23.796+0000] {dag.py:3239} INFO - Sync 1 DAGs
[2024-10-07T15:25:23.808+0000] {logging_mixin.py:190} INFO - [2024-10-07T15:25:23.808+0000] {dag.py:4180} INFO - Setting next_dagrun for example_sensor_decorator to None, run_after=None
[2024-10-07T15:25:23.821+0000] {processor.py:208} INFO - Processing /home/airflow/.local/lib/python3.12/site-packages/airflow/example_dags/example_sensor_decorator.py took 0.052 seconds
[2024-10-07T15:25:54.080+0000] {processor.py:186} INFO - Started process (PID=215) to work on /home/airflow/.local/lib/python3.12/site-packages/airflow/example_dags/example_sensor_decorator.py
[2024-10-07T15:25:54.081+0000] {processor.py:914} INFO - Processing file /home/airflow/.local/lib/python3.12/site-packages/airflow/example_dags/example_sensor_decorator.py for tasks to queue
[2024-10-07T15:25:54.083+0000] {logging_mixin.py:190} INFO - [2024-10-07T15:25:54.083+0000] {dagbag.py:588} INFO - Filling up the DagBag from /home/airflow/.local/lib/python3.12/site-packages/airflow/example_dags/example_sensor_decorator.py
[2024-10-07T15:25:54.090+0000] {processor.py:925} INFO - DAG(s) 'example_sensor_decorator' retrieved from /home/airflow/.local/lib/python3.12/site-packages/airflow/example_dags/example_sensor_decorator.py
[2024-10-07T15:25:54.106+0000] {logging_mixin.py:190} INFO - [2024-10-07T15:25:54.106+0000] {dag.py:3239} INFO - Sync 1 DAGs
[2024-10-07T15:25:54.117+0000] {logging_mixin.py:190} INFO - [2024-10-07T15:25:54.117+0000] {dag.py:4180} INFO - Setting next_dagrun for example_sensor_decorator to None, run_after=None
[2024-10-07T15:25:54.133+0000] {processor.py:208} INFO - Processing /home/airflow/.local/lib/python3.12/site-packages/airflow/example_dags/example_sensor_decorator.py took 0.058 seconds
