[2024-10-07T15:21:55.427+0000] {processor.py:186} INFO - Started process (PID=100) to work on /home/airflow/.local/lib/python3.12/site-packages/airflow/example_dags/example_setup_teardown_taskflow.py
[2024-10-07T15:21:55.428+0000] {processor.py:914} INFO - Processing file /home/airflow/.local/lib/python3.12/site-packages/airflow/example_dags/example_setup_teardown_taskflow.py for tasks to queue
[2024-10-07T15:21:55.430+0000] {logging_mixin.py:190} INFO - [2024-10-07T15:21:55.430+0000] {dagbag.py:588} INFO - Filling up the DagBag from /home/airflow/.local/lib/python3.12/site-packages/airflow/example_dags/example_setup_teardown_taskflow.py
[2024-10-07T15:21:55.439+0000] {processor.py:925} INFO - DAG(s) 'example_setup_teardown_taskflow' retrieved from /home/airflow/.local/lib/python3.12/site-packages/airflow/example_dags/example_setup_teardown_taskflow.py
[2024-10-07T15:21:55.524+0000] {logging_mixin.py:190} INFO - [2024-10-07T15:21:55.524+0000] {override.py:1900} INFO - Created Permission View: can edit on DAG:example_setup_teardown_taskflow
[2024-10-07T15:21:55.532+0000] {logging_mixin.py:190} INFO - [2024-10-07T15:21:55.532+0000] {override.py:1900} INFO - Created Permission View: can delete on DAG:example_setup_teardown_taskflow
[2024-10-07T15:21:55.537+0000] {logging_mixin.py:190} INFO - [2024-10-07T15:21:55.537+0000] {override.py:1900} INFO - Created Permission View: can read on DAG:example_setup_teardown_taskflow
[2024-10-07T15:21:55.544+0000] {logging_mixin.py:190} INFO - [2024-10-07T15:21:55.544+0000] {override.py:1900} INFO - Created Permission View: can create on DAG Run:example_setup_teardown_taskflow
[2024-10-07T15:21:55.549+0000] {logging_mixin.py:190} INFO - [2024-10-07T15:21:55.549+0000] {override.py:1900} INFO - Created Permission View: menu access on DAG Run:example_setup_teardown_taskflow
[2024-10-07T15:21:55.555+0000] {logging_mixin.py:190} INFO - [2024-10-07T15:21:55.555+0000] {override.py:1900} INFO - Created Permission View: can delete on DAG Run:example_setup_teardown_taskflow
[2024-10-07T15:21:55.561+0000] {logging_mixin.py:190} INFO - [2024-10-07T15:21:55.561+0000] {override.py:1900} INFO - Created Permission View: can read on DAG Run:example_setup_teardown_taskflow
[2024-10-07T15:21:55.562+0000] {logging_mixin.py:190} INFO - [2024-10-07T15:21:55.562+0000] {dag.py:3239} INFO - Sync 1 DAGs
[2024-10-07T15:21:55.573+0000] {logging_mixin.py:190} INFO - [2024-10-07T15:21:55.573+0000] {dag.py:3262} INFO - Creating ORM DAG for example_setup_teardown_taskflow
[2024-10-07T15:21:55.573+0000] {logging_mixin.py:190} INFO - [2024-10-07T15:21:55.573+0000] {dag.py:4180} INFO - Setting next_dagrun for example_setup_teardown_taskflow to None, run_after=None
[2024-10-07T15:21:55.586+0000] {processor.py:208} INFO - Processing /home/airflow/.local/lib/python3.12/site-packages/airflow/example_dags/example_setup_teardown_taskflow.py took 0.163 seconds
[2024-10-07T15:22:25.774+0000] {processor.py:186} INFO - Started process (PID=162) to work on /home/airflow/.local/lib/python3.12/site-packages/airflow/example_dags/example_setup_teardown_taskflow.py
[2024-10-07T15:22:25.775+0000] {processor.py:914} INFO - Processing file /home/airflow/.local/lib/python3.12/site-packages/airflow/example_dags/example_setup_teardown_taskflow.py for tasks to queue
[2024-10-07T15:22:25.777+0000] {logging_mixin.py:190} INFO - [2024-10-07T15:22:25.777+0000] {dagbag.py:588} INFO - Filling up the DagBag from /home/airflow/.local/lib/python3.12/site-packages/airflow/example_dags/example_setup_teardown_taskflow.py
[2024-10-07T15:22:25.785+0000] {processor.py:925} INFO - DAG(s) 'example_setup_teardown_taskflow' retrieved from /home/airflow/.local/lib/python3.12/site-packages/airflow/example_dags/example_setup_teardown_taskflow.py
[2024-10-07T15:22:25.807+0000] {logging_mixin.py:190} INFO - [2024-10-07T15:22:25.807+0000] {dag.py:3239} INFO - Sync 1 DAGs
[2024-10-07T15:22:25.821+0000] {logging_mixin.py:190} INFO - [2024-10-07T15:22:25.820+0000] {dag.py:4180} INFO - Setting next_dagrun for example_setup_teardown_taskflow to None, run_after=None
[2024-10-07T15:22:25.837+0000] {processor.py:208} INFO - Processing /home/airflow/.local/lib/python3.12/site-packages/airflow/example_dags/example_setup_teardown_taskflow.py took 0.068 seconds
[2024-10-07T15:24:53.761+0000] {processor.py:186} INFO - Started process (PID=99) to work on /home/airflow/.local/lib/python3.12/site-packages/airflow/example_dags/example_setup_teardown_taskflow.py
[2024-10-07T15:24:53.762+0000] {processor.py:914} INFO - Processing file /home/airflow/.local/lib/python3.12/site-packages/airflow/example_dags/example_setup_teardown_taskflow.py for tasks to queue
[2024-10-07T15:24:53.764+0000] {logging_mixin.py:190} INFO - [2024-10-07T15:24:53.763+0000] {dagbag.py:588} INFO - Filling up the DagBag from /home/airflow/.local/lib/python3.12/site-packages/airflow/example_dags/example_setup_teardown_taskflow.py
[2024-10-07T15:24:53.774+0000] {processor.py:925} INFO - DAG(s) 'example_setup_teardown_taskflow' retrieved from /home/airflow/.local/lib/python3.12/site-packages/airflow/example_dags/example_setup_teardown_taskflow.py
[2024-10-07T15:24:53.795+0000] {logging_mixin.py:190} INFO - [2024-10-07T15:24:53.794+0000] {dag.py:3239} INFO - Sync 1 DAGs
[2024-10-07T15:24:53.808+0000] {logging_mixin.py:190} INFO - [2024-10-07T15:24:53.807+0000] {dag.py:4180} INFO - Setting next_dagrun for example_setup_teardown_taskflow to None, run_after=None
[2024-10-07T15:24:53.825+0000] {processor.py:208} INFO - Processing /home/airflow/.local/lib/python3.12/site-packages/airflow/example_dags/example_setup_teardown_taskflow.py took 0.069 seconds
[2024-10-07T15:25:24.112+0000] {processor.py:186} INFO - Started process (PID=161) to work on /home/airflow/.local/lib/python3.12/site-packages/airflow/example_dags/example_setup_teardown_taskflow.py
[2024-10-07T15:25:24.112+0000] {processor.py:914} INFO - Processing file /home/airflow/.local/lib/python3.12/site-packages/airflow/example_dags/example_setup_teardown_taskflow.py for tasks to queue
[2024-10-07T15:25:24.114+0000] {logging_mixin.py:190} INFO - [2024-10-07T15:25:24.114+0000] {dagbag.py:588} INFO - Filling up the DagBag from /home/airflow/.local/lib/python3.12/site-packages/airflow/example_dags/example_setup_teardown_taskflow.py
[2024-10-07T15:25:24.123+0000] {processor.py:925} INFO - DAG(s) 'example_setup_teardown_taskflow' retrieved from /home/airflow/.local/lib/python3.12/site-packages/airflow/example_dags/example_setup_teardown_taskflow.py
[2024-10-07T15:25:24.141+0000] {logging_mixin.py:190} INFO - [2024-10-07T15:25:24.140+0000] {dag.py:3239} INFO - Sync 1 DAGs
[2024-10-07T15:25:24.151+0000] {logging_mixin.py:190} INFO - [2024-10-07T15:25:24.151+0000] {dag.py:4180} INFO - Setting next_dagrun for example_setup_teardown_taskflow to None, run_after=None
[2024-10-07T15:25:24.165+0000] {processor.py:208} INFO - Processing /home/airflow/.local/lib/python3.12/site-packages/airflow/example_dags/example_setup_teardown_taskflow.py took 0.058 seconds
[2024-10-07T15:25:54.419+0000] {processor.py:186} INFO - Started process (PID=223) to work on /home/airflow/.local/lib/python3.12/site-packages/airflow/example_dags/example_setup_teardown_taskflow.py
[2024-10-07T15:25:54.420+0000] {processor.py:914} INFO - Processing file /home/airflow/.local/lib/python3.12/site-packages/airflow/example_dags/example_setup_teardown_taskflow.py for tasks to queue
[2024-10-07T15:25:54.422+0000] {logging_mixin.py:190} INFO - [2024-10-07T15:25:54.421+0000] {dagbag.py:588} INFO - Filling up the DagBag from /home/airflow/.local/lib/python3.12/site-packages/airflow/example_dags/example_setup_teardown_taskflow.py
[2024-10-07T15:25:54.430+0000] {processor.py:925} INFO - DAG(s) 'example_setup_teardown_taskflow' retrieved from /home/airflow/.local/lib/python3.12/site-packages/airflow/example_dags/example_setup_teardown_taskflow.py
[2024-10-07T15:25:54.446+0000] {logging_mixin.py:190} INFO - [2024-10-07T15:25:54.446+0000] {dag.py:3239} INFO - Sync 1 DAGs
[2024-10-07T15:25:54.458+0000] {logging_mixin.py:190} INFO - [2024-10-07T15:25:54.457+0000] {dag.py:4180} INFO - Setting next_dagrun for example_setup_teardown_taskflow to None, run_after=None
[2024-10-07T15:25:54.473+0000] {processor.py:208} INFO - Processing /home/airflow/.local/lib/python3.12/site-packages/airflow/example_dags/example_setup_teardown_taskflow.py took 0.059 seconds
