[2024-10-07T15:21:57.069+0000] {processor.py:186} INFO - Started process (PID=112) to work on /home/airflow/.local/lib/python3.12/site-packages/airflow/example_dags/example_inlet_event_extra.py
[2024-10-07T15:21:57.070+0000] {processor.py:914} INFO - Processing file /home/airflow/.local/lib/python3.12/site-packages/airflow/example_dags/example_inlet_event_extra.py for tasks to queue
[2024-10-07T15:21:57.071+0000] {logging_mixin.py:190} INFO - [2024-10-07T15:21:57.071+0000] {dagbag.py:588} INFO - Filling up the DagBag from /home/airflow/.local/lib/python3.12/site-packages/airflow/example_dags/example_inlet_event_extra.py
[2024-10-07T15:21:57.188+0000] {processor.py:925} INFO - DAG(s) 'read_dataset_event_from_classic', 'read_dataset_event' retrieved from /home/airflow/.local/lib/python3.12/site-packages/airflow/example_dags/example_inlet_event_extra.py
[2024-10-07T15:21:57.268+0000] {logging_mixin.py:190} INFO - [2024-10-07T15:21:57.268+0000] {override.py:1900} INFO - Created Permission View: can edit on DAG:read_dataset_event_from_classic
[2024-10-07T15:21:57.276+0000] {logging_mixin.py:190} INFO - [2024-10-07T15:21:57.276+0000] {override.py:1900} INFO - Created Permission View: can delete on DAG:read_dataset_event_from_classic
[2024-10-07T15:21:57.281+0000] {logging_mixin.py:190} INFO - [2024-10-07T15:21:57.281+0000] {override.py:1900} INFO - Created Permission View: can read on DAG:read_dataset_event_from_classic
[2024-10-07T15:21:57.287+0000] {logging_mixin.py:190} INFO - [2024-10-07T15:21:57.286+0000] {override.py:1900} INFO - Created Permission View: can create on DAG Run:read_dataset_event_from_classic
[2024-10-07T15:21:57.292+0000] {logging_mixin.py:190} INFO - [2024-10-07T15:21:57.292+0000] {override.py:1900} INFO - Created Permission View: menu access on DAG Run:read_dataset_event_from_classic
[2024-10-07T15:21:57.297+0000] {logging_mixin.py:190} INFO - [2024-10-07T15:21:57.296+0000] {override.py:1900} INFO - Created Permission View: can delete on DAG Run:read_dataset_event_from_classic
[2024-10-07T15:21:57.302+0000] {logging_mixin.py:190} INFO - [2024-10-07T15:21:57.302+0000] {override.py:1900} INFO - Created Permission View: can read on DAG Run:read_dataset_event_from_classic
[2024-10-07T15:21:57.312+0000] {logging_mixin.py:190} INFO - [2024-10-07T15:21:57.311+0000] {override.py:1900} INFO - Created Permission View: can edit on DAG:read_dataset_event
[2024-10-07T15:21:57.316+0000] {logging_mixin.py:190} INFO - [2024-10-07T15:21:57.316+0000] {override.py:1900} INFO - Created Permission View: can delete on DAG:read_dataset_event
[2024-10-07T15:21:57.322+0000] {logging_mixin.py:190} INFO - [2024-10-07T15:21:57.321+0000] {override.py:1900} INFO - Created Permission View: can read on DAG:read_dataset_event
[2024-10-07T15:21:57.328+0000] {logging_mixin.py:190} INFO - [2024-10-07T15:21:57.327+0000] {override.py:1900} INFO - Created Permission View: can create on DAG Run:read_dataset_event
[2024-10-07T15:21:57.334+0000] {logging_mixin.py:190} INFO - [2024-10-07T15:21:57.333+0000] {override.py:1900} INFO - Created Permission View: menu access on DAG Run:read_dataset_event
[2024-10-07T15:21:57.338+0000] {logging_mixin.py:190} INFO - [2024-10-07T15:21:57.338+0000] {override.py:1900} INFO - Created Permission View: can delete on DAG Run:read_dataset_event
[2024-10-07T15:21:57.343+0000] {logging_mixin.py:190} INFO - [2024-10-07T15:21:57.343+0000] {override.py:1900} INFO - Created Permission View: can read on DAG Run:read_dataset_event
[2024-10-07T15:21:57.343+0000] {logging_mixin.py:190} INFO - [2024-10-07T15:21:57.343+0000] {dag.py:3239} INFO - Sync 2 DAGs
[2024-10-07T15:21:57.354+0000] {logging_mixin.py:190} INFO - [2024-10-07T15:21:57.354+0000] {dag.py:3262} INFO - Creating ORM DAG for read_dataset_event_from_classic
[2024-10-07T15:21:57.354+0000] {logging_mixin.py:190} INFO - [2024-10-07T15:21:57.354+0000] {dag.py:3262} INFO - Creating ORM DAG for read_dataset_event
[2024-10-07T15:21:57.365+0000] {logging_mixin.py:190} INFO - [2024-10-07T15:21:57.364+0000] {dag.py:4180} INFO - Setting next_dagrun for read_dataset_event to 2024-10-06 00:00:00+00:00, run_after=2024-10-07 00:00:00+00:00
[2024-10-07T15:21:57.366+0000] {logging_mixin.py:190} INFO - [2024-10-07T15:21:57.366+0000] {dag.py:4180} INFO - Setting next_dagrun for read_dataset_event_from_classic to 2024-10-06 00:00:00+00:00, run_after=2024-10-07 00:00:00+00:00
[2024-10-07T15:21:57.380+0000] {processor.py:208} INFO - Processing /home/airflow/.local/lib/python3.12/site-packages/airflow/example_dags/example_inlet_event_extra.py took 0.316 seconds
[2024-10-07T15:22:27.482+0000] {processor.py:186} INFO - Started process (PID=174) to work on /home/airflow/.local/lib/python3.12/site-packages/airflow/example_dags/example_inlet_event_extra.py
[2024-10-07T15:22:27.483+0000] {processor.py:914} INFO - Processing file /home/airflow/.local/lib/python3.12/site-packages/airflow/example_dags/example_inlet_event_extra.py for tasks to queue
[2024-10-07T15:22:27.485+0000] {logging_mixin.py:190} INFO - [2024-10-07T15:22:27.485+0000] {dagbag.py:588} INFO - Filling up the DagBag from /home/airflow/.local/lib/python3.12/site-packages/airflow/example_dags/example_inlet_event_extra.py
[2024-10-07T15:22:27.616+0000] {processor.py:925} INFO - DAG(s) 'read_dataset_event', 'read_dataset_event_from_classic' retrieved from /home/airflow/.local/lib/python3.12/site-packages/airflow/example_dags/example_inlet_event_extra.py
[2024-10-07T15:22:27.635+0000] {logging_mixin.py:190} INFO - [2024-10-07T15:22:27.634+0000] {dag.py:3239} INFO - Sync 2 DAGs
[2024-10-07T15:22:27.655+0000] {logging_mixin.py:190} INFO - [2024-10-07T15:22:27.655+0000] {dag.py:4180} INFO - Setting next_dagrun for read_dataset_event to 2024-10-06 00:00:00+00:00, run_after=2024-10-07 00:00:00+00:00
[2024-10-07T15:22:27.659+0000] {logging_mixin.py:190} INFO - [2024-10-07T15:22:27.659+0000] {dag.py:4180} INFO - Setting next_dagrun for read_dataset_event_from_classic to 2024-10-06 00:00:00+00:00, run_after=2024-10-07 00:00:00+00:00
[2024-10-07T15:22:27.674+0000] {processor.py:208} INFO - Processing /home/airflow/.local/lib/python3.12/site-packages/airflow/example_dags/example_inlet_event_extra.py took 0.197 seconds
[2024-10-07T15:24:54.502+0000] {processor.py:186} INFO - Started process (PID=111) to work on /home/airflow/.local/lib/python3.12/site-packages/airflow/example_dags/example_inlet_event_extra.py
[2024-10-07T15:24:54.503+0000] {processor.py:914} INFO - Processing file /home/airflow/.local/lib/python3.12/site-packages/airflow/example_dags/example_inlet_event_extra.py for tasks to queue
[2024-10-07T15:24:54.505+0000] {logging_mixin.py:190} INFO - [2024-10-07T15:24:54.505+0000] {dagbag.py:588} INFO - Filling up the DagBag from /home/airflow/.local/lib/python3.12/site-packages/airflow/example_dags/example_inlet_event_extra.py
[2024-10-07T15:24:54.618+0000] {processor.py:925} INFO - DAG(s) 'read_dataset_event', 'read_dataset_event_from_classic' retrieved from /home/airflow/.local/lib/python3.12/site-packages/airflow/example_dags/example_inlet_event_extra.py
[2024-10-07T15:24:54.636+0000] {logging_mixin.py:190} INFO - [2024-10-07T15:24:54.636+0000] {dag.py:3239} INFO - Sync 2 DAGs
[2024-10-07T15:24:54.657+0000] {logging_mixin.py:190} INFO - [2024-10-07T15:24:54.657+0000] {dag.py:4180} INFO - Setting next_dagrun for read_dataset_event to 2024-10-06 00:00:00+00:00, run_after=2024-10-07 00:00:00+00:00
[2024-10-07T15:24:54.663+0000] {logging_mixin.py:190} INFO - [2024-10-07T15:24:54.663+0000] {dag.py:4180} INFO - Setting next_dagrun for read_dataset_event_from_classic to 2024-10-06 00:00:00+00:00, run_after=2024-10-07 00:00:00+00:00
[2024-10-07T15:24:54.676+0000] {processor.py:208} INFO - Processing /home/airflow/.local/lib/python3.12/site-packages/airflow/example_dags/example_inlet_event_extra.py took 0.179 seconds
[2024-10-07T15:25:24.722+0000] {processor.py:186} INFO - Started process (PID=173) to work on /home/airflow/.local/lib/python3.12/site-packages/airflow/example_dags/example_inlet_event_extra.py
[2024-10-07T15:25:24.723+0000] {processor.py:914} INFO - Processing file /home/airflow/.local/lib/python3.12/site-packages/airflow/example_dags/example_inlet_event_extra.py for tasks to queue
[2024-10-07T15:25:24.724+0000] {logging_mixin.py:190} INFO - [2024-10-07T15:25:24.724+0000] {dagbag.py:588} INFO - Filling up the DagBag from /home/airflow/.local/lib/python3.12/site-packages/airflow/example_dags/example_inlet_event_extra.py
[2024-10-07T15:25:24.841+0000] {processor.py:925} INFO - DAG(s) 'read_dataset_event_from_classic', 'read_dataset_event' retrieved from /home/airflow/.local/lib/python3.12/site-packages/airflow/example_dags/example_inlet_event_extra.py
[2024-10-07T15:25:24.859+0000] {logging_mixin.py:190} INFO - [2024-10-07T15:25:24.858+0000] {dag.py:3239} INFO - Sync 2 DAGs
[2024-10-07T15:25:24.878+0000] {logging_mixin.py:190} INFO - [2024-10-07T15:25:24.877+0000] {dag.py:4180} INFO - Setting next_dagrun for read_dataset_event to 2024-10-06 00:00:00+00:00, run_after=2024-10-07 00:00:00+00:00
[2024-10-07T15:25:24.882+0000] {logging_mixin.py:190} INFO - [2024-10-07T15:25:24.881+0000] {dag.py:4180} INFO - Setting next_dagrun for read_dataset_event_from_classic to 2024-10-06 00:00:00+00:00, run_after=2024-10-07 00:00:00+00:00
[2024-10-07T15:25:24.896+0000] {processor.py:208} INFO - Processing /home/airflow/.local/lib/python3.12/site-packages/airflow/example_dags/example_inlet_event_extra.py took 0.179 seconds
[2024-10-07T15:25:55.040+0000] {processor.py:186} INFO - Started process (PID=235) to work on /home/airflow/.local/lib/python3.12/site-packages/airflow/example_dags/example_inlet_event_extra.py
[2024-10-07T15:25:55.041+0000] {processor.py:914} INFO - Processing file /home/airflow/.local/lib/python3.12/site-packages/airflow/example_dags/example_inlet_event_extra.py for tasks to queue
[2024-10-07T15:25:55.042+0000] {logging_mixin.py:190} INFO - [2024-10-07T15:25:55.042+0000] {dagbag.py:588} INFO - Filling up the DagBag from /home/airflow/.local/lib/python3.12/site-packages/airflow/example_dags/example_inlet_event_extra.py
[2024-10-07T15:25:55.151+0000] {processor.py:925} INFO - DAG(s) 'read_dataset_event', 'read_dataset_event_from_classic' retrieved from /home/airflow/.local/lib/python3.12/site-packages/airflow/example_dags/example_inlet_event_extra.py
[2024-10-07T15:25:55.168+0000] {logging_mixin.py:190} INFO - [2024-10-07T15:25:55.167+0000] {dag.py:3239} INFO - Sync 2 DAGs
[2024-10-07T15:25:55.187+0000] {logging_mixin.py:190} INFO - [2024-10-07T15:25:55.187+0000] {dag.py:4180} INFO - Setting next_dagrun for read_dataset_event to 2024-10-06 00:00:00+00:00, run_after=2024-10-07 00:00:00+00:00
[2024-10-07T15:25:55.191+0000] {logging_mixin.py:190} INFO - [2024-10-07T15:25:55.191+0000] {dag.py:4180} INFO - Setting next_dagrun for read_dataset_event_from_classic to 2024-10-06 00:00:00+00:00, run_after=2024-10-07 00:00:00+00:00
[2024-10-07T15:25:55.202+0000] {processor.py:208} INFO - Processing /home/airflow/.local/lib/python3.12/site-packages/airflow/example_dags/example_inlet_event_extra.py took 0.167 seconds
