[2024-10-07T15:21:53.189+0000] {processor.py:186} INFO - Started process (PID=79) to work on /home/airflow/.local/lib/python3.12/site-packages/airflow/example_dags/example_kubernetes_executor.py
[2024-10-07T15:21:53.189+0000] {processor.py:914} INFO - Processing file /home/airflow/.local/lib/python3.12/site-packages/airflow/example_dags/example_kubernetes_executor.py for tasks to queue
[2024-10-07T15:21:53.191+0000] {logging_mixin.py:190} INFO - [2024-10-07T15:21:53.191+0000] {dagbag.py:588} INFO - Filling up the DagBag from /home/airflow/.local/lib/python3.12/site-packages/airflow/example_dags/example_kubernetes_executor.py
[2024-10-07T15:21:53.205+0000] {processor.py:925} INFO - DAG(s) 'example_kubernetes_executor' retrieved from /home/airflow/.local/lib/python3.12/site-packages/airflow/example_dags/example_kubernetes_executor.py
[2024-10-07T15:21:53.305+0000] {logging_mixin.py:190} INFO - [2024-10-07T15:21:53.304+0000] {override.py:1900} INFO - Created Permission View: can edit on DAG:example_kubernetes_executor
[2024-10-07T15:21:53.313+0000] {logging_mixin.py:190} INFO - [2024-10-07T15:21:53.312+0000] {override.py:1900} INFO - Created Permission View: can delete on DAG:example_kubernetes_executor
[2024-10-07T15:21:53.318+0000] {logging_mixin.py:190} INFO - [2024-10-07T15:21:53.318+0000] {override.py:1900} INFO - Created Permission View: can read on DAG:example_kubernetes_executor
[2024-10-07T15:21:53.324+0000] {logging_mixin.py:190} INFO - [2024-10-07T15:21:53.324+0000] {override.py:1900} INFO - Created Permission View: can create on DAG Run:example_kubernetes_executor
[2024-10-07T15:21:53.329+0000] {logging_mixin.py:190} INFO - [2024-10-07T15:21:53.329+0000] {override.py:1900} INFO - Created Permission View: menu access on DAG Run:example_kubernetes_executor
[2024-10-07T15:21:53.335+0000] {logging_mixin.py:190} INFO - [2024-10-07T15:21:53.334+0000] {override.py:1900} INFO - Created Permission View: can delete on DAG Run:example_kubernetes_executor
[2024-10-07T15:21:53.341+0000] {logging_mixin.py:190} INFO - [2024-10-07T15:21:53.340+0000] {override.py:1900} INFO - Created Permission View: can read on DAG Run:example_kubernetes_executor
[2024-10-07T15:21:53.341+0000] {logging_mixin.py:190} INFO - [2024-10-07T15:21:53.341+0000] {dag.py:3239} INFO - Sync 1 DAGs
[2024-10-07T15:21:53.352+0000] {logging_mixin.py:190} INFO - [2024-10-07T15:21:53.352+0000] {dag.py:3262} INFO - Creating ORM DAG for example_kubernetes_executor
[2024-10-07T15:21:53.352+0000] {logging_mixin.py:190} INFO - [2024-10-07T15:21:53.352+0000] {dag.py:4180} INFO - Setting next_dagrun for example_kubernetes_executor to None, run_after=None
[2024-10-07T15:21:53.368+0000] {processor.py:208} INFO - Processing /home/airflow/.local/lib/python3.12/site-packages/airflow/example_dags/example_kubernetes_executor.py took 0.184 seconds
[2024-10-07T15:22:23.401+0000] {processor.py:186} INFO - Started process (PID=141) to work on /home/airflow/.local/lib/python3.12/site-packages/airflow/example_dags/example_kubernetes_executor.py
[2024-10-07T15:22:23.402+0000] {processor.py:914} INFO - Processing file /home/airflow/.local/lib/python3.12/site-packages/airflow/example_dags/example_kubernetes_executor.py for tasks to queue
[2024-10-07T15:22:23.403+0000] {logging_mixin.py:190} INFO - [2024-10-07T15:22:23.403+0000] {dagbag.py:588} INFO - Filling up the DagBag from /home/airflow/.local/lib/python3.12/site-packages/airflow/example_dags/example_kubernetes_executor.py
[2024-10-07T15:22:23.413+0000] {processor.py:925} INFO - DAG(s) 'example_kubernetes_executor' retrieved from /home/airflow/.local/lib/python3.12/site-packages/airflow/example_dags/example_kubernetes_executor.py
[2024-10-07T15:22:23.446+0000] {logging_mixin.py:190} INFO - [2024-10-07T15:22:23.446+0000] {dag.py:3239} INFO - Sync 1 DAGs
[2024-10-07T15:22:23.459+0000] {logging_mixin.py:190} INFO - [2024-10-07T15:22:23.459+0000] {dag.py:4180} INFO - Setting next_dagrun for example_kubernetes_executor to None, run_after=None
[2024-10-07T15:22:23.502+0000] {processor.py:208} INFO - Processing /home/airflow/.local/lib/python3.12/site-packages/airflow/example_dags/example_kubernetes_executor.py took 0.105 seconds
[2024-10-07T15:24:52.541+0000] {processor.py:186} INFO - Started process (PID=78) to work on /home/airflow/.local/lib/python3.12/site-packages/airflow/example_dags/example_kubernetes_executor.py
[2024-10-07T15:24:52.542+0000] {processor.py:914} INFO - Processing file /home/airflow/.local/lib/python3.12/site-packages/airflow/example_dags/example_kubernetes_executor.py for tasks to queue
[2024-10-07T15:24:52.544+0000] {logging_mixin.py:190} INFO - [2024-10-07T15:24:52.544+0000] {dagbag.py:588} INFO - Filling up the DagBag from /home/airflow/.local/lib/python3.12/site-packages/airflow/example_dags/example_kubernetes_executor.py
[2024-10-07T15:24:52.557+0000] {processor.py:925} INFO - DAG(s) 'example_kubernetes_executor' retrieved from /home/airflow/.local/lib/python3.12/site-packages/airflow/example_dags/example_kubernetes_executor.py
[2024-10-07T15:24:52.592+0000] {logging_mixin.py:190} INFO - [2024-10-07T15:24:52.591+0000] {dag.py:3239} INFO - Sync 1 DAGs
[2024-10-07T15:24:52.603+0000] {logging_mixin.py:190} INFO - [2024-10-07T15:24:52.603+0000] {dag.py:4180} INFO - Setting next_dagrun for example_kubernetes_executor to None, run_after=None
[2024-10-07T15:24:52.620+0000] {processor.py:208} INFO - Processing /home/airflow/.local/lib/python3.12/site-packages/airflow/example_dags/example_kubernetes_executor.py took 0.084 seconds
[2024-10-07T15:25:23.116+0000] {processor.py:186} INFO - Started process (PID=140) to work on /home/airflow/.local/lib/python3.12/site-packages/airflow/example_dags/example_kubernetes_executor.py
[2024-10-07T15:25:23.117+0000] {processor.py:914} INFO - Processing file /home/airflow/.local/lib/python3.12/site-packages/airflow/example_dags/example_kubernetes_executor.py for tasks to queue
[2024-10-07T15:25:23.118+0000] {logging_mixin.py:190} INFO - [2024-10-07T15:25:23.118+0000] {dagbag.py:588} INFO - Filling up the DagBag from /home/airflow/.local/lib/python3.12/site-packages/airflow/example_dags/example_kubernetes_executor.py
[2024-10-07T15:25:23.128+0000] {processor.py:925} INFO - DAG(s) 'example_kubernetes_executor' retrieved from /home/airflow/.local/lib/python3.12/site-packages/airflow/example_dags/example_kubernetes_executor.py
[2024-10-07T15:25:23.157+0000] {logging_mixin.py:190} INFO - [2024-10-07T15:25:23.156+0000] {dag.py:3239} INFO - Sync 1 DAGs
[2024-10-07T15:25:23.168+0000] {logging_mixin.py:190} INFO - [2024-10-07T15:25:23.168+0000] {dag.py:4180} INFO - Setting next_dagrun for example_kubernetes_executor to None, run_after=None
[2024-10-07T15:25:23.182+0000] {processor.py:208} INFO - Processing /home/airflow/.local/lib/python3.12/site-packages/airflow/example_dags/example_kubernetes_executor.py took 0.071 seconds
[2024-10-07T15:25:53.384+0000] {processor.py:186} INFO - Started process (PID=202) to work on /home/airflow/.local/lib/python3.12/site-packages/airflow/example_dags/example_kubernetes_executor.py
[2024-10-07T15:25:53.385+0000] {processor.py:914} INFO - Processing file /home/airflow/.local/lib/python3.12/site-packages/airflow/example_dags/example_kubernetes_executor.py for tasks to queue
[2024-10-07T15:25:53.387+0000] {logging_mixin.py:190} INFO - [2024-10-07T15:25:53.387+0000] {dagbag.py:588} INFO - Filling up the DagBag from /home/airflow/.local/lib/python3.12/site-packages/airflow/example_dags/example_kubernetes_executor.py
[2024-10-07T15:25:53.400+0000] {processor.py:925} INFO - DAG(s) 'example_kubernetes_executor' retrieved from /home/airflow/.local/lib/python3.12/site-packages/airflow/example_dags/example_kubernetes_executor.py
[2024-10-07T15:25:53.439+0000] {logging_mixin.py:190} INFO - [2024-10-07T15:25:53.439+0000] {dag.py:3239} INFO - Sync 1 DAGs
[2024-10-07T15:25:53.453+0000] {logging_mixin.py:190} INFO - [2024-10-07T15:25:53.453+0000] {dag.py:4180} INFO - Setting next_dagrun for example_kubernetes_executor to None, run_after=None
[2024-10-07T15:25:53.472+0000] {processor.py:208} INFO - Processing /home/airflow/.local/lib/python3.12/site-packages/airflow/example_dags/example_kubernetes_executor.py took 0.093 seconds
