[2024-10-07T15:21:55.471+0000] {processor.py:186} INFO - Started process (PID=101) to work on /home/airflow/.local/lib/python3.12/site-packages/airflow/example_dags/example_subdag_operator.py
[2024-10-07T15:21:55.472+0000] {processor.py:914} INFO - Processing file /home/airflow/.local/lib/python3.12/site-packages/airflow/example_dags/example_subdag_operator.py for tasks to queue
[2024-10-07T15:21:55.474+0000] {logging_mixin.py:190} INFO - [2024-10-07T15:21:55.473+0000] {dagbag.py:588} INFO - Filling up the DagBag from /home/airflow/.local/lib/python3.12/site-packages/airflow/example_dags/example_subdag_operator.py
[2024-10-07T15:21:55.494+0000] {processor.py:925} INFO - DAG(s) 'example_subdag_operator.section-1', 'example_subdag_operator.section-2', 'example_subdag_operator' retrieved from /home/airflow/.local/lib/python3.12/site-packages/airflow/example_dags/example_subdag_operator.py
[2024-10-07T15:21:55.571+0000] {logging_mixin.py:190} INFO - [2024-10-07T15:21:55.570+0000] {override.py:1900} INFO - Created Permission View: can edit on DAG:example_subdag_operator
[2024-10-07T15:21:55.578+0000] {logging_mixin.py:190} INFO - [2024-10-07T15:21:55.578+0000] {override.py:1900} INFO - Created Permission View: can delete on DAG:example_subdag_operator
[2024-10-07T15:21:55.582+0000] {logging_mixin.py:190} INFO - [2024-10-07T15:21:55.582+0000] {override.py:1900} INFO - Created Permission View: can read on DAG:example_subdag_operator
[2024-10-07T15:21:55.587+0000] {logging_mixin.py:190} INFO - [2024-10-07T15:21:55.587+0000] {override.py:1900} INFO - Created Permission View: can create on DAG Run:example_subdag_operator
[2024-10-07T15:21:55.591+0000] {logging_mixin.py:190} INFO - [2024-10-07T15:21:55.591+0000] {override.py:1900} INFO - Created Permission View: menu access on DAG Run:example_subdag_operator
[2024-10-07T15:21:55.596+0000] {logging_mixin.py:190} INFO - [2024-10-07T15:21:55.596+0000] {override.py:1900} INFO - Created Permission View: can delete on DAG Run:example_subdag_operator
[2024-10-07T15:21:55.602+0000] {logging_mixin.py:190} INFO - [2024-10-07T15:21:55.602+0000] {override.py:1900} INFO - Created Permission View: can read on DAG Run:example_subdag_operator
[2024-10-07T15:21:55.603+0000] {logging_mixin.py:190} INFO - [2024-10-07T15:21:55.603+0000] {dag.py:3239} INFO - Sync 3 DAGs
[2024-10-07T15:21:55.616+0000] {logging_mixin.py:190} INFO - [2024-10-07T15:21:55.616+0000] {dag.py:3262} INFO - Creating ORM DAG for example_subdag_operator
[2024-10-07T15:21:55.616+0000] {logging_mixin.py:190} INFO - [2024-10-07T15:21:55.616+0000] {dag.py:3262} INFO - Creating ORM DAG for example_subdag_operator.section-2
[2024-10-07T15:21:55.617+0000] {logging_mixin.py:190} INFO - [2024-10-07T15:21:55.617+0000] {dag.py:3262} INFO - Creating ORM DAG for example_subdag_operator.section-1
[2024-10-07T15:21:55.624+0000] {logging_mixin.py:190} INFO - [2024-10-07T15:21:55.624+0000] {dag.py:4180} INFO - Setting next_dagrun for example_subdag_operator to 2022-01-01 00:00:00+00:00, run_after=2022-01-01 00:00:00+00:00
[2024-10-07T15:21:55.625+0000] {logging_mixin.py:190} INFO - [2024-10-07T15:21:55.625+0000] {dag.py:4180} INFO - Setting next_dagrun for example_subdag_operator.section-1 to None, run_after=None
[2024-10-07T15:21:55.625+0000] {logging_mixin.py:190} INFO - [2024-10-07T15:21:55.625+0000] {dag.py:4180} INFO - Setting next_dagrun for example_subdag_operator.section-2 to None, run_after=None
[2024-10-07T15:21:55.632+0000] {logging_mixin.py:190} INFO - [2024-10-07T15:21:55.632+0000] {dag.py:3239} INFO - Sync 2 DAGs
[2024-10-07T15:21:55.637+0000] {logging_mixin.py:190} INFO - [2024-10-07T15:21:55.637+0000] {dag.py:4180} INFO - Setting next_dagrun for example_subdag_operator.section-1 to None, run_after=None
[2024-10-07T15:21:55.639+0000] {logging_mixin.py:190} INFO - [2024-10-07T15:21:55.639+0000] {dag.py:4180} INFO - Setting next_dagrun for example_subdag_operator.section-2 to None, run_after=None
[2024-10-07T15:21:55.649+0000] {processor.py:208} INFO - Processing /home/airflow/.local/lib/python3.12/site-packages/airflow/example_dags/example_subdag_operator.py took 0.182 seconds
[2024-10-07T15:22:25.838+0000] {processor.py:186} INFO - Started process (PID=163) to work on /home/airflow/.local/lib/python3.12/site-packages/airflow/example_dags/example_subdag_operator.py
[2024-10-07T15:22:25.839+0000] {processor.py:914} INFO - Processing file /home/airflow/.local/lib/python3.12/site-packages/airflow/example_dags/example_subdag_operator.py for tasks to queue
[2024-10-07T15:22:25.841+0000] {logging_mixin.py:190} INFO - [2024-10-07T15:22:25.840+0000] {dagbag.py:588} INFO - Filling up the DagBag from /home/airflow/.local/lib/python3.12/site-packages/airflow/example_dags/example_subdag_operator.py
[2024-10-07T15:22:25.868+0000] {processor.py:925} INFO - DAG(s) 'example_subdag_operator.section-1', 'example_subdag_operator.section-2', 'example_subdag_operator' retrieved from /home/airflow/.local/lib/python3.12/site-packages/airflow/example_dags/example_subdag_operator.py
[2024-10-07T15:22:25.883+0000] {logging_mixin.py:190} INFO - [2024-10-07T15:22:25.883+0000] {dag.py:3239} INFO - Sync 3 DAGs
[2024-10-07T15:22:25.905+0000] {logging_mixin.py:190} INFO - [2024-10-07T15:22:25.905+0000] {dag.py:4180} INFO - Setting next_dagrun for example_subdag_operator to 2022-01-01 00:00:00+00:00, run_after=2022-01-01 00:00:00+00:00
[2024-10-07T15:22:25.909+0000] {logging_mixin.py:190} INFO - [2024-10-07T15:22:25.908+0000] {dag.py:4180} INFO - Setting next_dagrun for example_subdag_operator.section-1 to None, run_after=None
[2024-10-07T15:22:25.910+0000] {logging_mixin.py:190} INFO - [2024-10-07T15:22:25.910+0000] {dag.py:4180} INFO - Setting next_dagrun for example_subdag_operator.section-2 to None, run_after=None
[2024-10-07T15:22:25.917+0000] {logging_mixin.py:190} INFO - [2024-10-07T15:22:25.916+0000] {dag.py:3239} INFO - Sync 2 DAGs
[2024-10-07T15:22:25.922+0000] {logging_mixin.py:190} INFO - [2024-10-07T15:22:25.921+0000] {dag.py:4180} INFO - Setting next_dagrun for example_subdag_operator.section-1 to None, run_after=None
[2024-10-07T15:22:25.922+0000] {logging_mixin.py:190} INFO - [2024-10-07T15:22:25.922+0000] {dag.py:4180} INFO - Setting next_dagrun for example_subdag_operator.section-2 to None, run_after=None
[2024-10-07T15:22:25.932+0000] {processor.py:208} INFO - Processing /home/airflow/.local/lib/python3.12/site-packages/airflow/example_dags/example_subdag_operator.py took 0.100 seconds
[2024-10-07T15:24:53.791+0000] {processor.py:186} INFO - Started process (PID=100) to work on /home/airflow/.local/lib/python3.12/site-packages/airflow/example_dags/example_subdag_operator.py
[2024-10-07T15:24:53.792+0000] {processor.py:914} INFO - Processing file /home/airflow/.local/lib/python3.12/site-packages/airflow/example_dags/example_subdag_operator.py for tasks to queue
[2024-10-07T15:24:53.794+0000] {logging_mixin.py:190} INFO - [2024-10-07T15:24:53.793+0000] {dagbag.py:588} INFO - Filling up the DagBag from /home/airflow/.local/lib/python3.12/site-packages/airflow/example_dags/example_subdag_operator.py
[2024-10-07T15:24:53.819+0000] {processor.py:925} INFO - DAG(s) 'example_subdag_operator.section-1', 'example_subdag_operator.section-2', 'example_subdag_operator' retrieved from /home/airflow/.local/lib/python3.12/site-packages/airflow/example_dags/example_subdag_operator.py
[2024-10-07T15:24:53.834+0000] {logging_mixin.py:190} INFO - [2024-10-07T15:24:53.833+0000] {dag.py:3239} INFO - Sync 3 DAGs
[2024-10-07T15:24:53.856+0000] {logging_mixin.py:190} INFO - [2024-10-07T15:24:53.855+0000] {dag.py:4180} INFO - Setting next_dagrun for example_subdag_operator to 2022-01-01 00:00:00+00:00, run_after=2022-01-01 00:00:00+00:00
[2024-10-07T15:24:53.859+0000] {logging_mixin.py:190} INFO - [2024-10-07T15:24:53.859+0000] {dag.py:4180} INFO - Setting next_dagrun for example_subdag_operator.section-1 to None, run_after=None
[2024-10-07T15:24:53.861+0000] {logging_mixin.py:190} INFO - [2024-10-07T15:24:53.861+0000] {dag.py:4180} INFO - Setting next_dagrun for example_subdag_operator.section-2 to None, run_after=None
[2024-10-07T15:24:53.868+0000] {logging_mixin.py:190} INFO - [2024-10-07T15:24:53.867+0000] {dag.py:3239} INFO - Sync 2 DAGs
[2024-10-07T15:24:53.873+0000] {logging_mixin.py:190} INFO - [2024-10-07T15:24:53.873+0000] {dag.py:4180} INFO - Setting next_dagrun for example_subdag_operator.section-1 to None, run_after=None
[2024-10-07T15:24:53.873+0000] {logging_mixin.py:190} INFO - [2024-10-07T15:24:53.873+0000] {dag.py:4180} INFO - Setting next_dagrun for example_subdag_operator.section-2 to None, run_after=None
[2024-10-07T15:24:53.882+0000] {processor.py:208} INFO - Processing /home/airflow/.local/lib/python3.12/site-packages/airflow/example_dags/example_subdag_operator.py took 0.096 seconds
[2024-10-07T15:25:24.139+0000] {processor.py:186} INFO - Started process (PID=162) to work on /home/airflow/.local/lib/python3.12/site-packages/airflow/example_dags/example_subdag_operator.py
[2024-10-07T15:25:24.140+0000] {processor.py:914} INFO - Processing file /home/airflow/.local/lib/python3.12/site-packages/airflow/example_dags/example_subdag_operator.py for tasks to queue
[2024-10-07T15:25:24.142+0000] {logging_mixin.py:190} INFO - [2024-10-07T15:25:24.141+0000] {dagbag.py:588} INFO - Filling up the DagBag from /home/airflow/.local/lib/python3.12/site-packages/airflow/example_dags/example_subdag_operator.py
[2024-10-07T15:25:24.162+0000] {processor.py:925} INFO - DAG(s) 'example_subdag_operator.section-1', 'example_subdag_operator.section-2', 'example_subdag_operator' retrieved from /home/airflow/.local/lib/python3.12/site-packages/airflow/example_dags/example_subdag_operator.py
[2024-10-07T15:25:24.175+0000] {logging_mixin.py:190} INFO - [2024-10-07T15:25:24.174+0000] {dag.py:3239} INFO - Sync 3 DAGs
[2024-10-07T15:25:24.195+0000] {logging_mixin.py:190} INFO - [2024-10-07T15:25:24.195+0000] {dag.py:4180} INFO - Setting next_dagrun for example_subdag_operator to 2022-01-01 00:00:00+00:00, run_after=2022-01-01 00:00:00+00:00
[2024-10-07T15:25:24.198+0000] {logging_mixin.py:190} INFO - [2024-10-07T15:25:24.198+0000] {dag.py:4180} INFO - Setting next_dagrun for example_subdag_operator.section-1 to None, run_after=None
[2024-10-07T15:25:24.199+0000] {logging_mixin.py:190} INFO - [2024-10-07T15:25:24.199+0000] {dag.py:4180} INFO - Setting next_dagrun for example_subdag_operator.section-2 to None, run_after=None
[2024-10-07T15:25:24.206+0000] {logging_mixin.py:190} INFO - [2024-10-07T15:25:24.206+0000] {dag.py:3239} INFO - Sync 2 DAGs
[2024-10-07T15:25:24.211+0000] {logging_mixin.py:190} INFO - [2024-10-07T15:25:24.211+0000] {dag.py:4180} INFO - Setting next_dagrun for example_subdag_operator.section-1 to None, run_after=None
[2024-10-07T15:25:24.212+0000] {logging_mixin.py:190} INFO - [2024-10-07T15:25:24.212+0000] {dag.py:4180} INFO - Setting next_dagrun for example_subdag_operator.section-2 to None, run_after=None
[2024-10-07T15:25:24.220+0000] {processor.py:208} INFO - Processing /home/airflow/.local/lib/python3.12/site-packages/airflow/example_dags/example_subdag_operator.py took 0.086 seconds
[2024-10-07T15:25:54.456+0000] {processor.py:186} INFO - Started process (PID=224) to work on /home/airflow/.local/lib/python3.12/site-packages/airflow/example_dags/example_subdag_operator.py
[2024-10-07T15:25:54.457+0000] {processor.py:914} INFO - Processing file /home/airflow/.local/lib/python3.12/site-packages/airflow/example_dags/example_subdag_operator.py for tasks to queue
[2024-10-07T15:25:54.458+0000] {logging_mixin.py:190} INFO - [2024-10-07T15:25:54.458+0000] {dagbag.py:588} INFO - Filling up the DagBag from /home/airflow/.local/lib/python3.12/site-packages/airflow/example_dags/example_subdag_operator.py
[2024-10-07T15:25:54.480+0000] {processor.py:925} INFO - DAG(s) 'example_subdag_operator.section-1', 'example_subdag_operator.section-2', 'example_subdag_operator' retrieved from /home/airflow/.local/lib/python3.12/site-packages/airflow/example_dags/example_subdag_operator.py
[2024-10-07T15:25:54.493+0000] {logging_mixin.py:190} INFO - [2024-10-07T15:25:54.493+0000] {dag.py:3239} INFO - Sync 3 DAGs
[2024-10-07T15:25:54.512+0000] {logging_mixin.py:190} INFO - [2024-10-07T15:25:54.512+0000] {dag.py:4180} INFO - Setting next_dagrun for example_subdag_operator to 2022-01-01 00:00:00+00:00, run_after=2022-01-01 00:00:00+00:00
[2024-10-07T15:25:54.515+0000] {logging_mixin.py:190} INFO - [2024-10-07T15:25:54.515+0000] {dag.py:4180} INFO - Setting next_dagrun for example_subdag_operator.section-1 to None, run_after=None
[2024-10-07T15:25:54.516+0000] {logging_mixin.py:190} INFO - [2024-10-07T15:25:54.516+0000] {dag.py:4180} INFO - Setting next_dagrun for example_subdag_operator.section-2 to None, run_after=None
[2024-10-07T15:25:54.522+0000] {logging_mixin.py:190} INFO - [2024-10-07T15:25:54.522+0000] {dag.py:3239} INFO - Sync 2 DAGs
[2024-10-07T15:25:54.527+0000] {logging_mixin.py:190} INFO - [2024-10-07T15:25:54.527+0000] {dag.py:4180} INFO - Setting next_dagrun for example_subdag_operator.section-1 to None, run_after=None
[2024-10-07T15:25:54.527+0000] {logging_mixin.py:190} INFO - [2024-10-07T15:25:54.527+0000] {dag.py:4180} INFO - Setting next_dagrun for example_subdag_operator.section-2 to None, run_after=None
[2024-10-07T15:25:54.537+0000] {processor.py:208} INFO - Processing /home/airflow/.local/lib/python3.12/site-packages/airflow/example_dags/example_subdag_operator.py took 0.085 seconds
