[2024-10-07T15:21:53.069+0000] {processor.py:186} INFO - Started process (PID=72) to work on /home/airflow/.local/lib/python3.12/site-packages/airflow/example_dags/example_display_name.py
[2024-10-07T15:21:53.070+0000] {processor.py:914} INFO - Processing file /home/airflow/.local/lib/python3.12/site-packages/airflow/example_dags/example_display_name.py for tasks to queue
[2024-10-07T15:21:53.071+0000] {logging_mixin.py:190} INFO - [2024-10-07T15:21:53.071+0000] {dagbag.py:588} INFO - Filling up the DagBag from /home/airflow/.local/lib/python3.12/site-packages/airflow/example_dags/example_display_name.py
[2024-10-07T15:21:53.078+0000] {processor.py:925} INFO - DAG(s) 'example_display_name' retrieved from /home/airflow/.local/lib/python3.12/site-packages/airflow/example_dags/example_display_name.py
[2024-10-07T15:21:53.176+0000] {logging_mixin.py:190} INFO - [2024-10-07T15:21:53.175+0000] {override.py:1900} INFO - Created Permission View: can edit on DAG:example_display_name
[2024-10-07T15:21:53.185+0000] {logging_mixin.py:190} INFO - [2024-10-07T15:21:53.184+0000] {override.py:1900} INFO - Created Permission View: can delete on DAG:example_display_name
[2024-10-07T15:21:53.189+0000] {logging_mixin.py:190} INFO - [2024-10-07T15:21:53.189+0000] {override.py:1900} INFO - Created Permission View: can read on DAG:example_display_name
[2024-10-07T15:21:53.196+0000] {logging_mixin.py:190} INFO - [2024-10-07T15:21:53.196+0000] {override.py:1900} INFO - Created Permission View: can create on DAG Run:example_display_name
[2024-10-07T15:21:53.203+0000] {logging_mixin.py:190} INFO - [2024-10-07T15:21:53.202+0000] {override.py:1900} INFO - Created Permission View: menu access on DAG Run:example_display_name
[2024-10-07T15:21:53.208+0000] {logging_mixin.py:190} INFO - [2024-10-07T15:21:53.207+0000] {override.py:1900} INFO - Created Permission View: can delete on DAG Run:example_display_name
[2024-10-07T15:21:53.213+0000] {logging_mixin.py:190} INFO - [2024-10-07T15:21:53.213+0000] {override.py:1900} INFO - Created Permission View: can read on DAG Run:example_display_name
[2024-10-07T15:21:53.214+0000] {logging_mixin.py:190} INFO - [2024-10-07T15:21:53.213+0000] {dag.py:3239} INFO - Sync 1 DAGs
[2024-10-07T15:21:53.223+0000] {logging_mixin.py:190} INFO - [2024-10-07T15:21:53.223+0000] {dag.py:3262} INFO - Creating ORM DAG for example_display_name
[2024-10-07T15:21:53.224+0000] {logging_mixin.py:190} INFO - [2024-10-07T15:21:53.224+0000] {dag.py:4180} INFO - Setting next_dagrun for example_display_name to None, run_after=None
[2024-10-07T15:21:53.237+0000] {processor.py:208} INFO - Processing /home/airflow/.local/lib/python3.12/site-packages/airflow/example_dags/example_display_name.py took 0.173 seconds
[2024-10-07T15:22:23.325+0000] {processor.py:186} INFO - Started process (PID=140) to work on /home/airflow/.local/lib/python3.12/site-packages/airflow/example_dags/example_display_name.py
[2024-10-07T15:22:23.326+0000] {processor.py:914} INFO - Processing file /home/airflow/.local/lib/python3.12/site-packages/airflow/example_dags/example_display_name.py for tasks to queue
[2024-10-07T15:22:23.328+0000] {logging_mixin.py:190} INFO - [2024-10-07T15:22:23.328+0000] {dagbag.py:588} INFO - Filling up the DagBag from /home/airflow/.local/lib/python3.12/site-packages/airflow/example_dags/example_display_name.py
[2024-10-07T15:22:23.334+0000] {processor.py:925} INFO - DAG(s) 'example_display_name' retrieved from /home/airflow/.local/lib/python3.12/site-packages/airflow/example_dags/example_display_name.py
[2024-10-07T15:22:23.349+0000] {logging_mixin.py:190} INFO - [2024-10-07T15:22:23.349+0000] {dag.py:3239} INFO - Sync 1 DAGs
[2024-10-07T15:22:23.360+0000] {logging_mixin.py:190} INFO - [2024-10-07T15:22:23.360+0000] {dag.py:4180} INFO - Setting next_dagrun for example_display_name to None, run_after=None
[2024-10-07T15:22:23.374+0000] {processor.py:208} INFO - Processing /home/airflow/.local/lib/python3.12/site-packages/airflow/example_dags/example_display_name.py took 0.052 seconds
[2024-10-07T15:24:52.518+0000] {processor.py:186} INFO - Started process (PID=77) to work on /home/airflow/.local/lib/python3.12/site-packages/airflow/example_dags/example_display_name.py
[2024-10-07T15:24:52.519+0000] {processor.py:914} INFO - Processing file /home/airflow/.local/lib/python3.12/site-packages/airflow/example_dags/example_display_name.py for tasks to queue
[2024-10-07T15:24:52.521+0000] {logging_mixin.py:190} INFO - [2024-10-07T15:24:52.521+0000] {dagbag.py:588} INFO - Filling up the DagBag from /home/airflow/.local/lib/python3.12/site-packages/airflow/example_dags/example_display_name.py
[2024-10-07T15:24:52.527+0000] {processor.py:925} INFO - DAG(s) 'example_display_name' retrieved from /home/airflow/.local/lib/python3.12/site-packages/airflow/example_dags/example_display_name.py
[2024-10-07T15:24:52.545+0000] {logging_mixin.py:190} INFO - [2024-10-07T15:24:52.544+0000] {dag.py:3239} INFO - Sync 1 DAGs
[2024-10-07T15:24:52.558+0000] {logging_mixin.py:190} INFO - [2024-10-07T15:24:52.558+0000] {dag.py:4180} INFO - Setting next_dagrun for example_display_name to None, run_after=None
[2024-10-07T15:24:52.572+0000] {processor.py:208} INFO - Processing /home/airflow/.local/lib/python3.12/site-packages/airflow/example_dags/example_display_name.py took 0.059 seconds
[2024-10-07T15:25:23.042+0000] {processor.py:186} INFO - Started process (PID=139) to work on /home/airflow/.local/lib/python3.12/site-packages/airflow/example_dags/example_display_name.py
[2024-10-07T15:25:23.043+0000] {processor.py:914} INFO - Processing file /home/airflow/.local/lib/python3.12/site-packages/airflow/example_dags/example_display_name.py for tasks to queue
[2024-10-07T15:25:23.045+0000] {logging_mixin.py:190} INFO - [2024-10-07T15:25:23.045+0000] {dagbag.py:588} INFO - Filling up the DagBag from /home/airflow/.local/lib/python3.12/site-packages/airflow/example_dags/example_display_name.py
[2024-10-07T15:25:23.050+0000] {processor.py:925} INFO - DAG(s) 'example_display_name' retrieved from /home/airflow/.local/lib/python3.12/site-packages/airflow/example_dags/example_display_name.py
[2024-10-07T15:25:23.066+0000] {logging_mixin.py:190} INFO - [2024-10-07T15:25:23.066+0000] {dag.py:3239} INFO - Sync 1 DAGs
[2024-10-07T15:25:23.077+0000] {logging_mixin.py:190} INFO - [2024-10-07T15:25:23.077+0000] {dag.py:4180} INFO - Setting next_dagrun for example_display_name to None, run_after=None
[2024-10-07T15:25:23.090+0000] {processor.py:208} INFO - Processing /home/airflow/.local/lib/python3.12/site-packages/airflow/example_dags/example_display_name.py took 0.052 seconds
[2024-10-07T15:25:53.353+0000] {processor.py:186} INFO - Started process (PID=201) to work on /home/airflow/.local/lib/python3.12/site-packages/airflow/example_dags/example_display_name.py
[2024-10-07T15:25:53.354+0000] {processor.py:914} INFO - Processing file /home/airflow/.local/lib/python3.12/site-packages/airflow/example_dags/example_display_name.py for tasks to queue
[2024-10-07T15:25:53.356+0000] {logging_mixin.py:190} INFO - [2024-10-07T15:25:53.355+0000] {dagbag.py:588} INFO - Filling up the DagBag from /home/airflow/.local/lib/python3.12/site-packages/airflow/example_dags/example_display_name.py
[2024-10-07T15:25:53.362+0000] {processor.py:925} INFO - DAG(s) 'example_display_name' retrieved from /home/airflow/.local/lib/python3.12/site-packages/airflow/example_dags/example_display_name.py
[2024-10-07T15:25:53.378+0000] {logging_mixin.py:190} INFO - [2024-10-07T15:25:53.378+0000] {dag.py:3239} INFO - Sync 1 DAGs
[2024-10-07T15:25:53.390+0000] {logging_mixin.py:190} INFO - [2024-10-07T15:25:53.390+0000] {dag.py:4180} INFO - Setting next_dagrun for example_display_name to None, run_after=None
[2024-10-07T15:25:53.409+0000] {processor.py:208} INFO - Processing /home/airflow/.local/lib/python3.12/site-packages/airflow/example_dags/example_display_name.py took 0.060 seconds
