[2024-10-07T15:21:52.753+0000] {processor.py:186} INFO - Started process (PID=69) to work on /home/airflow/.local/lib/python3.12/site-packages/airflow/example_dags/example_complex.py
[2024-10-07T15:21:52.753+0000] {processor.py:914} INFO - Processing file /home/airflow/.local/lib/python3.12/site-packages/airflow/example_dags/example_complex.py for tasks to queue
[2024-10-07T15:21:52.755+0000] {logging_mixin.py:190} INFO - [2024-10-07T15:21:52.755+0000] {dagbag.py:588} INFO - Filling up the DagBag from /home/airflow/.local/lib/python3.12/site-packages/airflow/example_dags/example_complex.py
[2024-10-07T15:21:52.770+0000] {processor.py:925} INFO - DAG(s) 'example_complex' retrieved from /home/airflow/.local/lib/python3.12/site-packages/airflow/example_dags/example_complex.py
[2024-10-07T15:21:52.875+0000] {logging_mixin.py:190} INFO - [2024-10-07T15:21:52.875+0000] {override.py:1900} INFO - Created Permission View: can edit on DAG:example_complex
[2024-10-07T15:21:52.884+0000] {logging_mixin.py:190} INFO - [2024-10-07T15:21:52.884+0000] {override.py:1900} INFO - Created Permission View: can delete on DAG:example_complex
[2024-10-07T15:21:52.890+0000] {logging_mixin.py:190} INFO - [2024-10-07T15:21:52.890+0000] {override.py:1900} INFO - Created Permission View: can read on DAG:example_complex
[2024-10-07T15:21:52.897+0000] {logging_mixin.py:190} INFO - [2024-10-07T15:21:52.896+0000] {override.py:1900} INFO - Created Permission View: can create on DAG Run:example_complex
[2024-10-07T15:21:52.904+0000] {logging_mixin.py:190} INFO - [2024-10-07T15:21:52.903+0000] {override.py:1900} INFO - Created Permission View: menu access on DAG Run:example_complex
[2024-10-07T15:21:52.910+0000] {logging_mixin.py:190} INFO - [2024-10-07T15:21:52.910+0000] {override.py:1900} INFO - Created Permission View: can delete on DAG Run:example_complex
[2024-10-07T15:21:52.916+0000] {logging_mixin.py:190} INFO - [2024-10-07T15:21:52.916+0000] {override.py:1900} INFO - Created Permission View: can read on DAG Run:example_complex
[2024-10-07T15:21:52.916+0000] {logging_mixin.py:190} INFO - [2024-10-07T15:21:52.916+0000] {dag.py:3239} INFO - Sync 1 DAGs
[2024-10-07T15:21:52.926+0000] {logging_mixin.py:190} INFO - [2024-10-07T15:21:52.926+0000] {dag.py:3262} INFO - Creating ORM DAG for example_complex
[2024-10-07T15:21:52.926+0000] {logging_mixin.py:190} INFO - [2024-10-07T15:21:52.926+0000] {dag.py:4180} INFO - Setting next_dagrun for example_complex to None, run_after=None
[2024-10-07T15:21:52.941+0000] {processor.py:208} INFO - Processing /home/airflow/.local/lib/python3.12/site-packages/airflow/example_dags/example_complex.py took 0.193 seconds
[2024-10-07T15:22:23.174+0000] {processor.py:186} INFO - Started process (PID=131) to work on /home/airflow/.local/lib/python3.12/site-packages/airflow/example_dags/example_complex.py
[2024-10-07T15:22:23.175+0000] {processor.py:914} INFO - Processing file /home/airflow/.local/lib/python3.12/site-packages/airflow/example_dags/example_complex.py for tasks to queue
[2024-10-07T15:22:23.176+0000] {logging_mixin.py:190} INFO - [2024-10-07T15:22:23.176+0000] {dagbag.py:588} INFO - Filling up the DagBag from /home/airflow/.local/lib/python3.12/site-packages/airflow/example_dags/example_complex.py
[2024-10-07T15:22:23.187+0000] {processor.py:925} INFO - DAG(s) 'example_complex' retrieved from /home/airflow/.local/lib/python3.12/site-packages/airflow/example_dags/example_complex.py
[2024-10-07T15:22:23.212+0000] {logging_mixin.py:190} INFO - [2024-10-07T15:22:23.212+0000] {dag.py:3239} INFO - Sync 1 DAGs
[2024-10-07T15:22:23.224+0000] {logging_mixin.py:190} INFO - [2024-10-07T15:22:23.223+0000] {dag.py:4180} INFO - Setting next_dagrun for example_complex to None, run_after=None
[2024-10-07T15:22:23.239+0000] {processor.py:208} INFO - Processing /home/airflow/.local/lib/python3.12/site-packages/airflow/example_dags/example_complex.py took 0.070 seconds
[2024-10-07T15:24:52.315+0000] {processor.py:186} INFO - Started process (PID=68) to work on /home/airflow/.local/lib/python3.12/site-packages/airflow/example_dags/example_complex.py
[2024-10-07T15:24:52.316+0000] {processor.py:914} INFO - Processing file /home/airflow/.local/lib/python3.12/site-packages/airflow/example_dags/example_complex.py for tasks to queue
[2024-10-07T15:24:52.318+0000] {logging_mixin.py:190} INFO - [2024-10-07T15:24:52.318+0000] {dagbag.py:588} INFO - Filling up the DagBag from /home/airflow/.local/lib/python3.12/site-packages/airflow/example_dags/example_complex.py
[2024-10-07T15:24:52.329+0000] {processor.py:925} INFO - DAG(s) 'example_complex' retrieved from /home/airflow/.local/lib/python3.12/site-packages/airflow/example_dags/example_complex.py
[2024-10-07T15:24:52.362+0000] {logging_mixin.py:190} INFO - [2024-10-07T15:24:52.362+0000] {dag.py:3239} INFO - Sync 1 DAGs
[2024-10-07T15:24:52.376+0000] {logging_mixin.py:190} INFO - [2024-10-07T15:24:52.376+0000] {dag.py:4180} INFO - Setting next_dagrun for example_complex to None, run_after=None
[2024-10-07T15:24:52.391+0000] {processor.py:208} INFO - Processing /home/airflow/.local/lib/python3.12/site-packages/airflow/example_dags/example_complex.py took 0.080 seconds
[2024-10-07T15:25:22.886+0000] {processor.py:186} INFO - Started process (PID=136) to work on /home/airflow/.local/lib/python3.12/site-packages/airflow/example_dags/example_complex.py
[2024-10-07T15:25:22.886+0000] {processor.py:914} INFO - Processing file /home/airflow/.local/lib/python3.12/site-packages/airflow/example_dags/example_complex.py for tasks to queue
[2024-10-07T15:25:22.888+0000] {logging_mixin.py:190} INFO - [2024-10-07T15:25:22.888+0000] {dagbag.py:588} INFO - Filling up the DagBag from /home/airflow/.local/lib/python3.12/site-packages/airflow/example_dags/example_complex.py
[2024-10-07T15:25:22.897+0000] {processor.py:925} INFO - DAG(s) 'example_complex' retrieved from /home/airflow/.local/lib/python3.12/site-packages/airflow/example_dags/example_complex.py
[2024-10-07T15:25:22.922+0000] {logging_mixin.py:190} INFO - [2024-10-07T15:25:22.921+0000] {dag.py:3239} INFO - Sync 1 DAGs
[2024-10-07T15:25:22.933+0000] {logging_mixin.py:190} INFO - [2024-10-07T15:25:22.933+0000] {dag.py:4180} INFO - Setting next_dagrun for example_complex to None, run_after=None
[2024-10-07T15:25:22.947+0000] {processor.py:208} INFO - Processing /home/airflow/.local/lib/python3.12/site-packages/airflow/example_dags/example_complex.py took 0.066 seconds
[2024-10-07T15:25:53.160+0000] {processor.py:186} INFO - Started process (PID=198) to work on /home/airflow/.local/lib/python3.12/site-packages/airflow/example_dags/example_complex.py
[2024-10-07T15:25:53.160+0000] {processor.py:914} INFO - Processing file /home/airflow/.local/lib/python3.12/site-packages/airflow/example_dags/example_complex.py for tasks to queue
[2024-10-07T15:25:53.162+0000] {logging_mixin.py:190} INFO - [2024-10-07T15:25:53.161+0000] {dagbag.py:588} INFO - Filling up the DagBag from /home/airflow/.local/lib/python3.12/site-packages/airflow/example_dags/example_complex.py
[2024-10-07T15:25:53.171+0000] {processor.py:925} INFO - DAG(s) 'example_complex' retrieved from /home/airflow/.local/lib/python3.12/site-packages/airflow/example_dags/example_complex.py
[2024-10-07T15:25:53.196+0000] {logging_mixin.py:190} INFO - [2024-10-07T15:25:53.196+0000] {dag.py:3239} INFO - Sync 1 DAGs
[2024-10-07T15:25:53.208+0000] {logging_mixin.py:190} INFO - [2024-10-07T15:25:53.208+0000] {dag.py:4180} INFO - Setting next_dagrun for example_complex to None, run_after=None
[2024-10-07T15:25:53.224+0000] {processor.py:208} INFO - Processing /home/airflow/.local/lib/python3.12/site-packages/airflow/example_dags/example_complex.py took 0.069 seconds
