[2024-10-07T15:21:56.276+0000] {processor.py:186} INFO - Started process (PID=105) to work on /home/airflow/.local/lib/python3.12/site-packages/airflow/example_dags/example_dynamic_task_mapping.py
[2024-10-07T15:21:56.277+0000] {processor.py:914} INFO - Processing file /home/airflow/.local/lib/python3.12/site-packages/airflow/example_dags/example_dynamic_task_mapping.py for tasks to queue
[2024-10-07T15:21:56.279+0000] {logging_mixin.py:190} INFO - [2024-10-07T15:21:56.279+0000] {dagbag.py:588} INFO - Filling up the DagBag from /home/airflow/.local/lib/python3.12/site-packages/airflow/example_dags/example_dynamic_task_mapping.py
[2024-10-07T15:21:56.286+0000] {processor.py:925} INFO - DAG(s) 'example_dynamic_task_mapping' retrieved from /home/airflow/.local/lib/python3.12/site-packages/airflow/example_dags/example_dynamic_task_mapping.py
[2024-10-07T15:21:56.374+0000] {logging_mixin.py:190} INFO - [2024-10-07T15:21:56.373+0000] {override.py:1900} INFO - Created Permission View: can edit on DAG:example_dynamic_task_mapping
[2024-10-07T15:21:56.381+0000] {logging_mixin.py:190} INFO - [2024-10-07T15:21:56.381+0000] {override.py:1900} INFO - Created Permission View: can delete on DAG:example_dynamic_task_mapping
[2024-10-07T15:21:56.387+0000] {logging_mixin.py:190} INFO - [2024-10-07T15:21:56.386+0000] {override.py:1900} INFO - Created Permission View: can read on DAG:example_dynamic_task_mapping
[2024-10-07T15:21:56.392+0000] {logging_mixin.py:190} INFO - [2024-10-07T15:21:56.392+0000] {override.py:1900} INFO - Created Permission View: can create on DAG Run:example_dynamic_task_mapping
[2024-10-07T15:21:56.396+0000] {logging_mixin.py:190} INFO - [2024-10-07T15:21:56.396+0000] {override.py:1900} INFO - Created Permission View: menu access on DAG Run:example_dynamic_task_mapping
[2024-10-07T15:21:56.401+0000] {logging_mixin.py:190} INFO - [2024-10-07T15:21:56.401+0000] {override.py:1900} INFO - Created Permission View: can delete on DAG Run:example_dynamic_task_mapping
[2024-10-07T15:21:56.406+0000] {logging_mixin.py:190} INFO - [2024-10-07T15:21:56.406+0000] {override.py:1900} INFO - Created Permission View: can read on DAG Run:example_dynamic_task_mapping
[2024-10-07T15:21:56.406+0000] {logging_mixin.py:190} INFO - [2024-10-07T15:21:56.406+0000] {dag.py:3239} INFO - Sync 1 DAGs
[2024-10-07T15:21:56.417+0000] {logging_mixin.py:190} INFO - [2024-10-07T15:21:56.417+0000] {dag.py:3262} INFO - Creating ORM DAG for example_dynamic_task_mapping
[2024-10-07T15:21:56.418+0000] {logging_mixin.py:190} INFO - [2024-10-07T15:21:56.418+0000] {dag.py:4180} INFO - Setting next_dagrun for example_dynamic_task_mapping to None, run_after=None
[2024-10-07T15:21:56.429+0000] {processor.py:208} INFO - Processing /home/airflow/.local/lib/python3.12/site-packages/airflow/example_dags/example_dynamic_task_mapping.py took 0.157 seconds
[2024-10-07T15:22:27.082+0000] {processor.py:186} INFO - Started process (PID=167) to work on /home/airflow/.local/lib/python3.12/site-packages/airflow/example_dags/example_dynamic_task_mapping.py
[2024-10-07T15:22:27.083+0000] {processor.py:914} INFO - Processing file /home/airflow/.local/lib/python3.12/site-packages/airflow/example_dags/example_dynamic_task_mapping.py for tasks to queue
[2024-10-07T15:22:27.085+0000] {logging_mixin.py:190} INFO - [2024-10-07T15:22:27.084+0000] {dagbag.py:588} INFO - Filling up the DagBag from /home/airflow/.local/lib/python3.12/site-packages/airflow/example_dags/example_dynamic_task_mapping.py
[2024-10-07T15:22:27.094+0000] {processor.py:925} INFO - DAG(s) 'example_dynamic_task_mapping' retrieved from /home/airflow/.local/lib/python3.12/site-packages/airflow/example_dags/example_dynamic_task_mapping.py
[2024-10-07T15:22:27.112+0000] {logging_mixin.py:190} INFO - [2024-10-07T15:22:27.111+0000] {dag.py:3239} INFO - Sync 1 DAGs
[2024-10-07T15:22:27.125+0000] {logging_mixin.py:190} INFO - [2024-10-07T15:22:27.124+0000] {dag.py:4180} INFO - Setting next_dagrun for example_dynamic_task_mapping to None, run_after=None
[2024-10-07T15:22:27.141+0000] {processor.py:208} INFO - Processing /home/airflow/.local/lib/python3.12/site-packages/airflow/example_dags/example_dynamic_task_mapping.py took 0.065 seconds
[2024-10-07T15:24:54.084+0000] {processor.py:186} INFO - Started process (PID=104) to work on /home/airflow/.local/lib/python3.12/site-packages/airflow/example_dags/example_dynamic_task_mapping.py
[2024-10-07T15:24:54.084+0000] {processor.py:914} INFO - Processing file /home/airflow/.local/lib/python3.12/site-packages/airflow/example_dags/example_dynamic_task_mapping.py for tasks to queue
[2024-10-07T15:24:54.086+0000] {logging_mixin.py:190} INFO - [2024-10-07T15:24:54.086+0000] {dagbag.py:588} INFO - Filling up the DagBag from /home/airflow/.local/lib/python3.12/site-packages/airflow/example_dags/example_dynamic_task_mapping.py
[2024-10-07T15:24:54.094+0000] {processor.py:925} INFO - DAG(s) 'example_dynamic_task_mapping' retrieved from /home/airflow/.local/lib/python3.12/site-packages/airflow/example_dags/example_dynamic_task_mapping.py
[2024-10-07T15:24:54.112+0000] {logging_mixin.py:190} INFO - [2024-10-07T15:24:54.112+0000] {dag.py:3239} INFO - Sync 1 DAGs
[2024-10-07T15:24:54.124+0000] {logging_mixin.py:190} INFO - [2024-10-07T15:24:54.124+0000] {dag.py:4180} INFO - Setting next_dagrun for example_dynamic_task_mapping to None, run_after=None
[2024-10-07T15:24:54.139+0000] {processor.py:208} INFO - Processing /home/airflow/.local/lib/python3.12/site-packages/airflow/example_dags/example_dynamic_task_mapping.py took 0.060 seconds
[2024-10-07T15:25:24.333+0000] {processor.py:186} INFO - Started process (PID=166) to work on /home/airflow/.local/lib/python3.12/site-packages/airflow/example_dags/example_dynamic_task_mapping.py
[2024-10-07T15:25:24.334+0000] {processor.py:914} INFO - Processing file /home/airflow/.local/lib/python3.12/site-packages/airflow/example_dags/example_dynamic_task_mapping.py for tasks to queue
[2024-10-07T15:25:24.336+0000] {logging_mixin.py:190} INFO - [2024-10-07T15:25:24.336+0000] {dagbag.py:588} INFO - Filling up the DagBag from /home/airflow/.local/lib/python3.12/site-packages/airflow/example_dags/example_dynamic_task_mapping.py
[2024-10-07T15:25:24.344+0000] {processor.py:925} INFO - DAG(s) 'example_dynamic_task_mapping' retrieved from /home/airflow/.local/lib/python3.12/site-packages/airflow/example_dags/example_dynamic_task_mapping.py
[2024-10-07T15:25:24.360+0000] {logging_mixin.py:190} INFO - [2024-10-07T15:25:24.360+0000] {dag.py:3239} INFO - Sync 1 DAGs
[2024-10-07T15:25:24.372+0000] {logging_mixin.py:190} INFO - [2024-10-07T15:25:24.372+0000] {dag.py:4180} INFO - Setting next_dagrun for example_dynamic_task_mapping to None, run_after=None
[2024-10-07T15:25:24.389+0000] {processor.py:208} INFO - Processing /home/airflow/.local/lib/python3.12/site-packages/airflow/example_dags/example_dynamic_task_mapping.py took 0.061 seconds
[2024-10-07T15:25:54.657+0000] {processor.py:186} INFO - Started process (PID=228) to work on /home/airflow/.local/lib/python3.12/site-packages/airflow/example_dags/example_dynamic_task_mapping.py
[2024-10-07T15:25:54.658+0000] {processor.py:914} INFO - Processing file /home/airflow/.local/lib/python3.12/site-packages/airflow/example_dags/example_dynamic_task_mapping.py for tasks to queue
[2024-10-07T15:25:54.660+0000] {logging_mixin.py:190} INFO - [2024-10-07T15:25:54.659+0000] {dagbag.py:588} INFO - Filling up the DagBag from /home/airflow/.local/lib/python3.12/site-packages/airflow/example_dags/example_dynamic_task_mapping.py
[2024-10-07T15:25:54.667+0000] {processor.py:925} INFO - DAG(s) 'example_dynamic_task_mapping' retrieved from /home/airflow/.local/lib/python3.12/site-packages/airflow/example_dags/example_dynamic_task_mapping.py
[2024-10-07T15:25:54.684+0000] {logging_mixin.py:190} INFO - [2024-10-07T15:25:54.684+0000] {dag.py:3239} INFO - Sync 1 DAGs
[2024-10-07T15:25:54.696+0000] {logging_mixin.py:190} INFO - [2024-10-07T15:25:54.696+0000] {dag.py:4180} INFO - Setting next_dagrun for example_dynamic_task_mapping to None, run_after=None
[2024-10-07T15:25:54.712+0000] {processor.py:208} INFO - Processing /home/airflow/.local/lib/python3.12/site-packages/airflow/example_dags/example_dynamic_task_mapping.py took 0.060 seconds
