[2024-10-07T15:21:51.341+0000] {processor.py:186} INFO - Started process (PID=61) to work on /home/airflow/.local/lib/python3.12/site-packages/airflow/example_dags/tutorial_objectstorage.py
[2024-10-07T15:21:51.342+0000] {processor.py:914} INFO - Processing file /home/airflow/.local/lib/python3.12/site-packages/airflow/example_dags/tutorial_objectstorage.py for tasks to queue
[2024-10-07T15:21:51.344+0000] {logging_mixin.py:190} INFO - [2024-10-07T15:21:51.344+0000] {dagbag.py:588} INFO - Filling up the DagBag from /home/airflow/.local/lib/python3.12/site-packages/airflow/example_dags/tutorial_objectstorage.py
[2024-10-07T15:21:51.353+0000] {processor.py:925} INFO - DAG(s) 'tutorial_objectstorage' retrieved from /home/airflow/.local/lib/python3.12/site-packages/airflow/example_dags/tutorial_objectstorage.py
[2024-10-07T15:21:51.454+0000] {logging_mixin.py:190} INFO - [2024-10-07T15:21:51.454+0000] {override.py:1900} INFO - Created Permission View: can edit on DAG:tutorial_objectstorage
[2024-10-07T15:21:51.465+0000] {logging_mixin.py:190} INFO - [2024-10-07T15:21:51.464+0000] {override.py:1900} INFO - Created Permission View: can delete on DAG:tutorial_objectstorage
[2024-10-07T15:21:51.472+0000] {logging_mixin.py:190} INFO - [2024-10-07T15:21:51.472+0000] {override.py:1900} INFO - Created Permission View: can read on DAG:tutorial_objectstorage
[2024-10-07T15:21:51.479+0000] {logging_mixin.py:190} INFO - [2024-10-07T15:21:51.479+0000] {override.py:1900} INFO - Created Permission View: can create on DAG Run:tutorial_objectstorage
[2024-10-07T15:21:51.488+0000] {logging_mixin.py:190} INFO - [2024-10-07T15:21:51.488+0000] {override.py:1900} INFO - Created Permission View: menu access on DAG Run:tutorial_objectstorage
[2024-10-07T15:21:51.495+0000] {logging_mixin.py:190} INFO - [2024-10-07T15:21:51.495+0000] {override.py:1900} INFO - Created Permission View: can delete on DAG Run:tutorial_objectstorage
[2024-10-07T15:21:51.502+0000] {logging_mixin.py:190} INFO - [2024-10-07T15:21:51.502+0000] {override.py:1900} INFO - Created Permission View: can read on DAG Run:tutorial_objectstorage
[2024-10-07T15:21:51.503+0000] {logging_mixin.py:190} INFO - [2024-10-07T15:21:51.503+0000] {dag.py:3239} INFO - Sync 1 DAGs
[2024-10-07T15:21:51.513+0000] {logging_mixin.py:190} INFO - [2024-10-07T15:21:51.513+0000] {dag.py:3262} INFO - Creating ORM DAG for tutorial_objectstorage
[2024-10-07T15:21:51.514+0000] {logging_mixin.py:190} INFO - [2024-10-07T15:21:51.513+0000] {dag.py:4180} INFO - Setting next_dagrun for tutorial_objectstorage to None, run_after=None
[2024-10-07T15:21:51.529+0000] {processor.py:208} INFO - Processing /home/airflow/.local/lib/python3.12/site-packages/airflow/example_dags/tutorial_objectstorage.py took 0.192 seconds
[2024-10-07T15:22:21.954+0000] {processor.py:186} INFO - Started process (PID=123) to work on /home/airflow/.local/lib/python3.12/site-packages/airflow/example_dags/tutorial_objectstorage.py
[2024-10-07T15:22:21.954+0000] {processor.py:914} INFO - Processing file /home/airflow/.local/lib/python3.12/site-packages/airflow/example_dags/tutorial_objectstorage.py for tasks to queue
[2024-10-07T15:22:21.956+0000] {logging_mixin.py:190} INFO - [2024-10-07T15:22:21.956+0000] {dagbag.py:588} INFO - Filling up the DagBag from /home/airflow/.local/lib/python3.12/site-packages/airflow/example_dags/tutorial_objectstorage.py
[2024-10-07T15:22:21.963+0000] {processor.py:925} INFO - DAG(s) 'tutorial_objectstorage' retrieved from /home/airflow/.local/lib/python3.12/site-packages/airflow/example_dags/tutorial_objectstorage.py
[2024-10-07T15:22:21.981+0000] {logging_mixin.py:190} INFO - [2024-10-07T15:22:21.981+0000] {dag.py:3239} INFO - Sync 1 DAGs
[2024-10-07T15:22:21.994+0000] {logging_mixin.py:190} INFO - [2024-10-07T15:22:21.994+0000] {dag.py:4180} INFO - Setting next_dagrun for tutorial_objectstorage to None, run_after=None
[2024-10-07T15:22:22.028+0000] {processor.py:208} INFO - Processing /home/airflow/.local/lib/python3.12/site-packages/airflow/example_dags/tutorial_objectstorage.py took 0.080 seconds
[2024-10-07T15:24:51.375+0000] {processor.py:186} INFO - Started process (PID=60) to work on /home/airflow/.local/lib/python3.12/site-packages/airflow/example_dags/tutorial_objectstorage.py
[2024-10-07T15:24:51.375+0000] {processor.py:914} INFO - Processing file /home/airflow/.local/lib/python3.12/site-packages/airflow/example_dags/tutorial_objectstorage.py for tasks to queue
[2024-10-07T15:24:51.377+0000] {logging_mixin.py:190} INFO - [2024-10-07T15:24:51.377+0000] {dagbag.py:588} INFO - Filling up the DagBag from /home/airflow/.local/lib/python3.12/site-packages/airflow/example_dags/tutorial_objectstorage.py
[2024-10-07T15:24:51.389+0000] {processor.py:925} INFO - DAG(s) 'tutorial_objectstorage' retrieved from /home/airflow/.local/lib/python3.12/site-packages/airflow/example_dags/tutorial_objectstorage.py
[2024-10-07T15:24:51.415+0000] {logging_mixin.py:190} INFO - [2024-10-07T15:24:51.414+0000] {dag.py:3239} INFO - Sync 1 DAGs
[2024-10-07T15:24:51.427+0000] {logging_mixin.py:190} INFO - [2024-10-07T15:24:51.427+0000] {dag.py:4180} INFO - Setting next_dagrun for tutorial_objectstorage to None, run_after=None
[2024-10-07T15:24:51.443+0000] {processor.py:208} INFO - Processing /home/airflow/.local/lib/python3.12/site-packages/airflow/example_dags/tutorial_objectstorage.py took 0.073 seconds
[2024-10-07T15:25:22.212+0000] {processor.py:186} INFO - Started process (PID=122) to work on /home/airflow/.local/lib/python3.12/site-packages/airflow/example_dags/tutorial_objectstorage.py
[2024-10-07T15:25:22.213+0000] {processor.py:914} INFO - Processing file /home/airflow/.local/lib/python3.12/site-packages/airflow/example_dags/tutorial_objectstorage.py for tasks to queue
[2024-10-07T15:25:22.215+0000] {logging_mixin.py:190} INFO - [2024-10-07T15:25:22.215+0000] {dagbag.py:588} INFO - Filling up the DagBag from /home/airflow/.local/lib/python3.12/site-packages/airflow/example_dags/tutorial_objectstorage.py
[2024-10-07T15:25:22.222+0000] {processor.py:925} INFO - DAG(s) 'tutorial_objectstorage' retrieved from /home/airflow/.local/lib/python3.12/site-packages/airflow/example_dags/tutorial_objectstorage.py
[2024-10-07T15:25:22.239+0000] {logging_mixin.py:190} INFO - [2024-10-07T15:25:22.239+0000] {dag.py:3239} INFO - Sync 1 DAGs
[2024-10-07T15:25:22.250+0000] {logging_mixin.py:190} INFO - [2024-10-07T15:25:22.250+0000] {dag.py:4180} INFO - Setting next_dagrun for tutorial_objectstorage to None, run_after=None
[2024-10-07T15:25:22.264+0000] {processor.py:208} INFO - Processing /home/airflow/.local/lib/python3.12/site-packages/airflow/example_dags/tutorial_objectstorage.py took 0.055 seconds
[2024-10-07T15:25:52.377+0000] {processor.py:186} INFO - Started process (PID=184) to work on /home/airflow/.local/lib/python3.12/site-packages/airflow/example_dags/tutorial_objectstorage.py
[2024-10-07T15:25:52.378+0000] {processor.py:914} INFO - Processing file /home/airflow/.local/lib/python3.12/site-packages/airflow/example_dags/tutorial_objectstorage.py for tasks to queue
[2024-10-07T15:25:52.379+0000] {logging_mixin.py:190} INFO - [2024-10-07T15:25:52.379+0000] {dagbag.py:588} INFO - Filling up the DagBag from /home/airflow/.local/lib/python3.12/site-packages/airflow/example_dags/tutorial_objectstorage.py
[2024-10-07T15:25:52.386+0000] {processor.py:925} INFO - DAG(s) 'tutorial_objectstorage' retrieved from /home/airflow/.local/lib/python3.12/site-packages/airflow/example_dags/tutorial_objectstorage.py
[2024-10-07T15:25:52.403+0000] {logging_mixin.py:190} INFO - [2024-10-07T15:25:52.402+0000] {dag.py:3239} INFO - Sync 1 DAGs
[2024-10-07T15:25:52.415+0000] {logging_mixin.py:190} INFO - [2024-10-07T15:25:52.414+0000] {dag.py:4180} INFO - Setting next_dagrun for tutorial_objectstorage to None, run_after=None
[2024-10-07T15:25:52.433+0000] {processor.py:208} INFO - Processing /home/airflow/.local/lib/python3.12/site-packages/airflow/example_dags/tutorial_objectstorage.py took 0.061 seconds
