[2024-10-07T15:21:56.510+0000] {processor.py:186} INFO - Started process (PID=107) to work on /home/airflow/.local/lib/python3.12/site-packages/airflow/example_dags/tutorial_taskflow_api_virtualenv.py
[2024-10-07T15:21:56.511+0000] {processor.py:914} INFO - Processing file /home/airflow/.local/lib/python3.12/site-packages/airflow/example_dags/tutorial_taskflow_api_virtualenv.py for tasks to queue
[2024-10-07T15:21:56.513+0000] {logging_mixin.py:190} INFO - [2024-10-07T15:21:56.512+0000] {dagbag.py:588} INFO - Filling up the DagBag from /home/airflow/.local/lib/python3.12/site-packages/airflow/example_dags/tutorial_taskflow_api_virtualenv.py
[2024-10-07T15:21:56.523+0000] {processor.py:925} INFO - DAG(s) 'tutorial_taskflow_api_virtualenv' retrieved from /home/airflow/.local/lib/python3.12/site-packages/airflow/example_dags/tutorial_taskflow_api_virtualenv.py
[2024-10-07T15:21:56.611+0000] {logging_mixin.py:190} INFO - [2024-10-07T15:21:56.610+0000] {override.py:1900} INFO - Created Permission View: can edit on DAG:tutorial_taskflow_api_virtualenv
[2024-10-07T15:21:56.619+0000] {logging_mixin.py:190} INFO - [2024-10-07T15:21:56.619+0000] {override.py:1900} INFO - Created Permission View: can delete on DAG:tutorial_taskflow_api_virtualenv
[2024-10-07T15:21:56.625+0000] {logging_mixin.py:190} INFO - [2024-10-07T15:21:56.625+0000] {override.py:1900} INFO - Created Permission View: can read on DAG:tutorial_taskflow_api_virtualenv
[2024-10-07T15:21:56.631+0000] {logging_mixin.py:190} INFO - [2024-10-07T15:21:56.631+0000] {override.py:1900} INFO - Created Permission View: can create on DAG Run:tutorial_taskflow_api_virtualenv
[2024-10-07T15:21:56.636+0000] {logging_mixin.py:190} INFO - [2024-10-07T15:21:56.636+0000] {override.py:1900} INFO - Created Permission View: menu access on DAG Run:tutorial_taskflow_api_virtualenv
[2024-10-07T15:21:56.641+0000] {logging_mixin.py:190} INFO - [2024-10-07T15:21:56.641+0000] {override.py:1900} INFO - Created Permission View: can delete on DAG Run:tutorial_taskflow_api_virtualenv
[2024-10-07T15:21:56.647+0000] {logging_mixin.py:190} INFO - [2024-10-07T15:21:56.646+0000] {override.py:1900} INFO - Created Permission View: can read on DAG Run:tutorial_taskflow_api_virtualenv
[2024-10-07T15:21:56.647+0000] {logging_mixin.py:190} INFO - [2024-10-07T15:21:56.647+0000] {dag.py:3239} INFO - Sync 1 DAGs
[2024-10-07T15:21:56.658+0000] {logging_mixin.py:190} INFO - [2024-10-07T15:21:56.657+0000] {dag.py:3262} INFO - Creating ORM DAG for tutorial_taskflow_api_virtualenv
[2024-10-07T15:21:56.658+0000] {logging_mixin.py:190} INFO - [2024-10-07T15:21:56.658+0000] {dag.py:4180} INFO - Setting next_dagrun for tutorial_taskflow_api_virtualenv to None, run_after=None
[2024-10-07T15:21:56.670+0000] {processor.py:208} INFO - Processing /home/airflow/.local/lib/python3.12/site-packages/airflow/example_dags/tutorial_taskflow_api_virtualenv.py took 0.164 seconds
[2024-10-07T15:22:27.209+0000] {processor.py:186} INFO - Started process (PID=169) to work on /home/airflow/.local/lib/python3.12/site-packages/airflow/example_dags/tutorial_taskflow_api_virtualenv.py
[2024-10-07T15:22:27.210+0000] {processor.py:914} INFO - Processing file /home/airflow/.local/lib/python3.12/site-packages/airflow/example_dags/tutorial_taskflow_api_virtualenv.py for tasks to queue
[2024-10-07T15:22:27.212+0000] {logging_mixin.py:190} INFO - [2024-10-07T15:22:27.212+0000] {dagbag.py:588} INFO - Filling up the DagBag from /home/airflow/.local/lib/python3.12/site-packages/airflow/example_dags/tutorial_taskflow_api_virtualenv.py
[2024-10-07T15:22:27.223+0000] {processor.py:925} INFO - DAG(s) 'tutorial_taskflow_api_virtualenv' retrieved from /home/airflow/.local/lib/python3.12/site-packages/airflow/example_dags/tutorial_taskflow_api_virtualenv.py
[2024-10-07T15:22:27.243+0000] {logging_mixin.py:190} INFO - [2024-10-07T15:22:27.243+0000] {dag.py:3239} INFO - Sync 1 DAGs
[2024-10-07T15:22:27.257+0000] {logging_mixin.py:190} INFO - [2024-10-07T15:22:27.257+0000] {dag.py:4180} INFO - Setting next_dagrun for tutorial_taskflow_api_virtualenv to None, run_after=None
[2024-10-07T15:22:27.278+0000] {processor.py:208} INFO - Processing /home/airflow/.local/lib/python3.12/site-packages/airflow/example_dags/tutorial_taskflow_api_virtualenv.py took 0.073 seconds
[2024-10-07T15:24:54.169+0000] {processor.py:186} INFO - Started process (PID=106) to work on /home/airflow/.local/lib/python3.12/site-packages/airflow/example_dags/tutorial_taskflow_api_virtualenv.py
[2024-10-07T15:24:54.169+0000] {processor.py:914} INFO - Processing file /home/airflow/.local/lib/python3.12/site-packages/airflow/example_dags/tutorial_taskflow_api_virtualenv.py for tasks to queue
[2024-10-07T15:24:54.171+0000] {logging_mixin.py:190} INFO - [2024-10-07T15:24:54.171+0000] {dagbag.py:588} INFO - Filling up the DagBag from /home/airflow/.local/lib/python3.12/site-packages/airflow/example_dags/tutorial_taskflow_api_virtualenv.py
[2024-10-07T15:24:54.181+0000] {processor.py:925} INFO - DAG(s) 'tutorial_taskflow_api_virtualenv' retrieved from /home/airflow/.local/lib/python3.12/site-packages/airflow/example_dags/tutorial_taskflow_api_virtualenv.py
[2024-10-07T15:24:54.274+0000] {logging_mixin.py:190} INFO - [2024-10-07T15:24:54.274+0000] {dag.py:3239} INFO - Sync 1 DAGs
[2024-10-07T15:24:54.285+0000] {logging_mixin.py:190} INFO - [2024-10-07T15:24:54.285+0000] {dag.py:4180} INFO - Setting next_dagrun for tutorial_taskflow_api_virtualenv to None, run_after=None
[2024-10-07T15:24:54.300+0000] {processor.py:208} INFO - Processing /home/airflow/.local/lib/python3.12/site-packages/airflow/example_dags/tutorial_taskflow_api_virtualenv.py took 0.136 seconds
[2024-10-07T15:25:24.525+0000] {processor.py:186} INFO - Started process (PID=168) to work on /home/airflow/.local/lib/python3.12/site-packages/airflow/example_dags/tutorial_taskflow_api_virtualenv.py
[2024-10-07T15:25:24.526+0000] {processor.py:914} INFO - Processing file /home/airflow/.local/lib/python3.12/site-packages/airflow/example_dags/tutorial_taskflow_api_virtualenv.py for tasks to queue
[2024-10-07T15:25:24.527+0000] {logging_mixin.py:190} INFO - [2024-10-07T15:25:24.527+0000] {dagbag.py:588} INFO - Filling up the DagBag from /home/airflow/.local/lib/python3.12/site-packages/airflow/example_dags/tutorial_taskflow_api_virtualenv.py
[2024-10-07T15:25:24.537+0000] {processor.py:925} INFO - DAG(s) 'tutorial_taskflow_api_virtualenv' retrieved from /home/airflow/.local/lib/python3.12/site-packages/airflow/example_dags/tutorial_taskflow_api_virtualenv.py
[2024-10-07T15:25:24.554+0000] {logging_mixin.py:190} INFO - [2024-10-07T15:25:24.554+0000] {dag.py:3239} INFO - Sync 1 DAGs
[2024-10-07T15:25:24.567+0000] {logging_mixin.py:190} INFO - [2024-10-07T15:25:24.566+0000] {dag.py:4180} INFO - Setting next_dagrun for tutorial_taskflow_api_virtualenv to None, run_after=None
[2024-10-07T15:25:24.582+0000] {processor.py:208} INFO - Processing /home/airflow/.local/lib/python3.12/site-packages/airflow/example_dags/tutorial_taskflow_api_virtualenv.py took 0.062 seconds
[2024-10-07T15:25:54.846+0000] {processor.py:186} INFO - Started process (PID=230) to work on /home/airflow/.local/lib/python3.12/site-packages/airflow/example_dags/tutorial_taskflow_api_virtualenv.py
[2024-10-07T15:25:54.847+0000] {processor.py:914} INFO - Processing file /home/airflow/.local/lib/python3.12/site-packages/airflow/example_dags/tutorial_taskflow_api_virtualenv.py for tasks to queue
[2024-10-07T15:25:54.848+0000] {logging_mixin.py:190} INFO - [2024-10-07T15:25:54.848+0000] {dagbag.py:588} INFO - Filling up the DagBag from /home/airflow/.local/lib/python3.12/site-packages/airflow/example_dags/tutorial_taskflow_api_virtualenv.py
[2024-10-07T15:25:54.859+0000] {processor.py:925} INFO - DAG(s) 'tutorial_taskflow_api_virtualenv' retrieved from /home/airflow/.local/lib/python3.12/site-packages/airflow/example_dags/tutorial_taskflow_api_virtualenv.py
[2024-10-07T15:25:54.875+0000] {logging_mixin.py:190} INFO - [2024-10-07T15:25:54.875+0000] {dag.py:3239} INFO - Sync 1 DAGs
[2024-10-07T15:25:54.888+0000] {logging_mixin.py:190} INFO - [2024-10-07T15:25:54.888+0000] {dag.py:4180} INFO - Setting next_dagrun for tutorial_taskflow_api_virtualenv to None, run_after=None
[2024-10-07T15:25:54.901+0000] {processor.py:208} INFO - Processing /home/airflow/.local/lib/python3.12/site-packages/airflow/example_dags/tutorial_taskflow_api_virtualenv.py took 0.061 seconds
