[2024-10-07T15:21:52.332+0000] {processor.py:186} INFO - Started process (PID=66) to work on /home/airflow/.local/lib/python3.12/site-packages/airflow/example_dags/tutorial.py
[2024-10-07T15:21:52.333+0000] {processor.py:914} INFO - Processing file /home/airflow/.local/lib/python3.12/site-packages/airflow/example_dags/tutorial.py for tasks to queue
[2024-10-07T15:21:52.334+0000] {logging_mixin.py:190} INFO - [2024-10-07T15:21:52.334+0000] {dagbag.py:588} INFO - Filling up the DagBag from /home/airflow/.local/lib/python3.12/site-packages/airflow/example_dags/tutorial.py
[2024-10-07T15:21:52.341+0000] {processor.py:925} INFO - DAG(s) 'tutorial' retrieved from /home/airflow/.local/lib/python3.12/site-packages/airflow/example_dags/tutorial.py
[2024-10-07T15:21:52.434+0000] {logging_mixin.py:190} INFO - [2024-10-07T15:21:52.433+0000] {override.py:1900} INFO - Created Permission View: can edit on DAG:tutorial
[2024-10-07T15:21:52.443+0000] {logging_mixin.py:190} INFO - [2024-10-07T15:21:52.443+0000] {override.py:1900} INFO - Created Permission View: can delete on DAG:tutorial
[2024-10-07T15:21:52.450+0000] {logging_mixin.py:190} INFO - [2024-10-07T15:21:52.449+0000] {override.py:1900} INFO - Created Permission View: can read on DAG:tutorial
[2024-10-07T15:21:52.456+0000] {logging_mixin.py:190} INFO - [2024-10-07T15:21:52.456+0000] {override.py:1900} INFO - Created Permission View: can create on DAG Run:tutorial
[2024-10-07T15:21:52.462+0000] {logging_mixin.py:190} INFO - [2024-10-07T15:21:52.462+0000] {override.py:1900} INFO - Created Permission View: menu access on DAG Run:tutorial
[2024-10-07T15:21:52.467+0000] {logging_mixin.py:190} INFO - [2024-10-07T15:21:52.467+0000] {override.py:1900} INFO - Created Permission View: can delete on DAG Run:tutorial
[2024-10-07T15:21:52.474+0000] {logging_mixin.py:190} INFO - [2024-10-07T15:21:52.473+0000] {override.py:1900} INFO - Created Permission View: can read on DAG Run:tutorial
[2024-10-07T15:21:52.474+0000] {logging_mixin.py:190} INFO - [2024-10-07T15:21:52.474+0000] {dag.py:3239} INFO - Sync 1 DAGs
[2024-10-07T15:21:52.484+0000] {logging_mixin.py:190} INFO - [2024-10-07T15:21:52.484+0000] {dag.py:3262} INFO - Creating ORM DAG for tutorial
[2024-10-07T15:21:52.492+0000] {logging_mixin.py:190} INFO - [2024-10-07T15:21:52.492+0000] {dag.py:4180} INFO - Setting next_dagrun for tutorial to 2024-10-06 00:00:00+00:00, run_after=2024-10-07 00:00:00+00:00
[2024-10-07T15:21:52.506+0000] {processor.py:208} INFO - Processing /home/airflow/.local/lib/python3.12/site-packages/airflow/example_dags/tutorial.py took 0.179 seconds
[2024-10-07T15:22:22.665+0000] {processor.py:186} INFO - Started process (PID=128) to work on /home/airflow/.local/lib/python3.12/site-packages/airflow/example_dags/tutorial.py
[2024-10-07T15:22:22.666+0000] {processor.py:914} INFO - Processing file /home/airflow/.local/lib/python3.12/site-packages/airflow/example_dags/tutorial.py for tasks to queue
[2024-10-07T15:22:22.668+0000] {logging_mixin.py:190} INFO - [2024-10-07T15:22:22.667+0000] {dagbag.py:588} INFO - Filling up the DagBag from /home/airflow/.local/lib/python3.12/site-packages/airflow/example_dags/tutorial.py
[2024-10-07T15:22:22.675+0000] {processor.py:925} INFO - DAG(s) 'tutorial' retrieved from /home/airflow/.local/lib/python3.12/site-packages/airflow/example_dags/tutorial.py
[2024-10-07T15:22:22.693+0000] {logging_mixin.py:190} INFO - [2024-10-07T15:22:22.693+0000] {dag.py:3239} INFO - Sync 1 DAGs
[2024-10-07T15:22:22.713+0000] {logging_mixin.py:190} INFO - [2024-10-07T15:22:22.713+0000] {dag.py:4180} INFO - Setting next_dagrun for tutorial to 2024-10-06 00:00:00+00:00, run_after=2024-10-07 00:00:00+00:00
[2024-10-07T15:22:22.745+0000] {processor.py:208} INFO - Processing /home/airflow/.local/lib/python3.12/site-packages/airflow/example_dags/tutorial.py took 0.086 seconds
[2024-10-07T15:24:52.087+0000] {processor.py:186} INFO - Started process (PID=65) to work on /home/airflow/.local/lib/python3.12/site-packages/airflow/example_dags/tutorial.py
[2024-10-07T15:24:52.088+0000] {processor.py:914} INFO - Processing file /home/airflow/.local/lib/python3.12/site-packages/airflow/example_dags/tutorial.py for tasks to queue
[2024-10-07T15:24:52.089+0000] {logging_mixin.py:190} INFO - [2024-10-07T15:24:52.089+0000] {dagbag.py:588} INFO - Filling up the DagBag from /home/airflow/.local/lib/python3.12/site-packages/airflow/example_dags/tutorial.py
[2024-10-07T15:24:52.100+0000] {processor.py:925} INFO - DAG(s) 'tutorial' retrieved from /home/airflow/.local/lib/python3.12/site-packages/airflow/example_dags/tutorial.py
[2024-10-07T15:24:52.122+0000] {logging_mixin.py:190} INFO - [2024-10-07T15:24:52.122+0000] {dag.py:3239} INFO - Sync 1 DAGs
[2024-10-07T15:24:52.142+0000] {logging_mixin.py:190} INFO - [2024-10-07T15:24:52.142+0000] {dag.py:4180} INFO - Setting next_dagrun for tutorial to 2024-10-06 00:00:00+00:00, run_after=2024-10-07 00:00:00+00:00
[2024-10-07T15:24:52.158+0000] {processor.py:208} INFO - Processing /home/airflow/.local/lib/python3.12/site-packages/airflow/example_dags/tutorial.py took 0.076 seconds
[2024-10-07T15:25:22.577+0000] {processor.py:186} INFO - Started process (PID=133) to work on /home/airflow/.local/lib/python3.12/site-packages/airflow/example_dags/tutorial.py
[2024-10-07T15:25:22.578+0000] {processor.py:914} INFO - Processing file /home/airflow/.local/lib/python3.12/site-packages/airflow/example_dags/tutorial.py for tasks to queue
[2024-10-07T15:25:22.580+0000] {logging_mixin.py:190} INFO - [2024-10-07T15:25:22.579+0000] {dagbag.py:588} INFO - Filling up the DagBag from /home/airflow/.local/lib/python3.12/site-packages/airflow/example_dags/tutorial.py
[2024-10-07T15:25:22.586+0000] {processor.py:925} INFO - DAG(s) 'tutorial' retrieved from /home/airflow/.local/lib/python3.12/site-packages/airflow/example_dags/tutorial.py
[2024-10-07T15:25:22.603+0000] {logging_mixin.py:190} INFO - [2024-10-07T15:25:22.603+0000] {dag.py:3239} INFO - Sync 1 DAGs
[2024-10-07T15:25:22.622+0000] {logging_mixin.py:190} INFO - [2024-10-07T15:25:22.621+0000] {dag.py:4180} INFO - Setting next_dagrun for tutorial to 2024-10-06 00:00:00+00:00, run_after=2024-10-07 00:00:00+00:00
[2024-10-07T15:25:22.635+0000] {processor.py:208} INFO - Processing /home/airflow/.local/lib/python3.12/site-packages/airflow/example_dags/tutorial.py took 0.063 seconds
[2024-10-07T15:25:52.963+0000] {processor.py:186} INFO - Started process (PID=195) to work on /home/airflow/.local/lib/python3.12/site-packages/airflow/example_dags/tutorial.py
[2024-10-07T15:25:52.964+0000] {processor.py:914} INFO - Processing file /home/airflow/.local/lib/python3.12/site-packages/airflow/example_dags/tutorial.py for tasks to queue
[2024-10-07T15:25:52.966+0000] {logging_mixin.py:190} INFO - [2024-10-07T15:25:52.965+0000] {dagbag.py:588} INFO - Filling up the DagBag from /home/airflow/.local/lib/python3.12/site-packages/airflow/example_dags/tutorial.py
[2024-10-07T15:25:52.972+0000] {processor.py:925} INFO - DAG(s) 'tutorial' retrieved from /home/airflow/.local/lib/python3.12/site-packages/airflow/example_dags/tutorial.py
[2024-10-07T15:25:52.987+0000] {logging_mixin.py:190} INFO - [2024-10-07T15:25:52.987+0000] {dag.py:3239} INFO - Sync 1 DAGs
[2024-10-07T15:25:53.006+0000] {logging_mixin.py:190} INFO - [2024-10-07T15:25:53.006+0000] {dag.py:4180} INFO - Setting next_dagrun for tutorial to 2024-10-06 00:00:00+00:00, run_after=2024-10-07 00:00:00+00:00
[2024-10-07T15:25:53.020+0000] {processor.py:208} INFO - Processing /home/airflow/.local/lib/python3.12/site-packages/airflow/example_dags/tutorial.py took 0.061 seconds
