[2024-10-08T22:13:23.725+0000] {local_task_job_runner.py:123} INFO - ::group::Pre task execution logs
[2024-10-08T22:13:23.746+0000] {taskinstance.py:2612} INFO - Dependencies all met for dep_context=non-requeueable deps ti=<TaskInstance: dag_etl_004.run_extract_container_E8 manual__2024-10-08T21:51:57.135226+00:00 [queued]>
[2024-10-08T22:13:23.757+0000] {taskinstance.py:2612} INFO - Dependencies all met for dep_context=requeueable deps ti=<TaskInstance: dag_etl_004.run_extract_container_E8 manual__2024-10-08T21:51:57.135226+00:00 [queued]>
[2024-10-08T22:13:23.758+0000] {taskinstance.py:2865} INFO - Starting attempt 2 of 7
[2024-10-08T22:13:23.775+0000] {taskinstance.py:2888} INFO - Executing <Task(DockerOperator): run_extract_container_E8> on 2024-10-08 21:51:57.135226+00:00
[2024-10-08T22:13:23.784+0000] {warnings.py:112} WARNING - /home/***/.local/lib/python3.12/site-packages/***/task/task_runner/standard_task_runner.py:70: DeprecationWarning: This process (pid=1447) is multi-threaded, use of fork() may lead to deadlocks in the child.
  pid = os.fork()

[2024-10-08T22:13:23.786+0000] {standard_task_runner.py:72} INFO - Started process 1460 to run task
[2024-10-08T22:13:23.786+0000] {standard_task_runner.py:104} INFO - Running: ['***', 'tasks', 'run', 'dag_etl_004', 'run_extract_container_E8', 'manual__2024-10-08T21:51:57.135226+00:00', '--job-id', '117', '--raw', '--subdir', 'DAGS_FOLDER/ETL.py', '--cfg-path', '/tmp/tmp060ne323']
[2024-10-08T22:13:23.787+0000] {standard_task_runner.py:105} INFO - Job 117: Subtask run_extract_container_E8
[2024-10-08T22:13:23.836+0000] {task_command.py:467} INFO - Running <TaskInstance: dag_etl_004.run_extract_container_E8 manual__2024-10-08T21:51:57.135226+00:00 [running]> on host a4706156eccf
[2024-10-08T22:13:23.918+0000] {taskinstance.py:3131} INFO - Exporting env vars: AIRFLOW_CTX_DAG_OWNER='BB' AIRFLOW_CTX_DAG_ID='dag_etl_004' AIRFLOW_CTX_TASK_ID='run_extract_container_E8' AIRFLOW_CTX_EXECUTION_DATE='2024-10-08T21:51:57.135226+00:00' AIRFLOW_CTX_TRY_NUMBER='2' AIRFLOW_CTX_DAG_RUN_ID='manual__2024-10-08T21:51:57.135226+00:00'
[2024-10-08T22:13:23.919+0000] {taskinstance.py:731} INFO - ::endgroup::
[2024-10-08T22:13:23.944+0000] {docker.py:367} INFO - Starting docker container from image etl
[2024-10-08T22:13:23.948+0000] {docker.py:375} WARNING - Using remote engine or docker-in-docker and mounting temporary volume from host is not supported. Falling back to `mount_tmp_dir=False` mode. You can set `mount_tmp_dir` parameter to False to disable mounting and remove the warning
[2024-10-08T22:19:57.981+0000] {docker.py:438} INFO - End of process...
[2024-10-08T22:19:57.982+0000] {docker.py:438} INFO -         Category                  Name  ...    Date_First  Like_First
[2024-10-08T22:19:57.982+0000] {docker.py:438} INFO - 0          Drama     Seven Years Later  ...  Apr 26, 2022  like28,175
[2024-10-08T22:19:57.982+0000] {docker.py:438} INFO - 1         Sci-fi           Solid State  ...   Jul 9, 2023   like5,533
[2024-10-08T22:19:57.983+0000] {docker.py:438} INFO - 2        Fantasy        Neolithic Girl  ...  Jun 29, 2021  like45,152
[2024-10-08T22:19:57.983+0000] {docker.py:438} INFO - 3        Fantasy       Hooves of Death  ...  Feb 22, 2019  like47,250
[2024-10-08T22:19:57.983+0000] {docker.py:438} INFO - 4          Drama               Fluidum  ...  Oct 21, 2020  like60,376
[2024-10-08T22:19:57.984+0000] {docker.py:438} INFO - ..           ...                   ...  ...           ...         ...
[2024-10-08T22:19:57.984+0000] {docker.py:438} INFO - 68  Supernatural            Simon Sues  ...  May 23, 2019  like25,465
[2024-10-08T22:19:57.984+0000] {docker.py:438} INFO - 69       Mystery       Do You Remember  ...   Jun 9, 2022  like10,230
[2024-10-08T22:19:57.984+0000] {docker.py:438} INFO - 70      Thriller         Gates of Hell  ...   Oct 6, 2022  like11,734
[2024-10-08T22:19:57.984+0000] {docker.py:438} INFO - 71        Comedy  Trailer Park Warlock  ...  Jan 25, 2019  like18,217
[2024-10-08T22:19:57.985+0000] {docker.py:438} INFO - 72       Fantasy              Katarina  ...  Mar 28, 2023   like9,573
[2024-10-08T22:19:57.985+0000] {docker.py:438} INFO - 
[2024-10-08T22:19:57.985+0000] {docker.py:438} INFO - [73 rows x 9 columns]
[2024-10-08T22:19:58.729+0000] {taskinstance.py:340} INFO - ::group::Post task execution logs
[2024-10-08T22:19:58.729+0000] {taskinstance.py:352} INFO - Marking task as SUCCESS. dag_id=dag_etl_004, task_id=run_extract_container_E8, run_id=manual__2024-10-08T21:51:57.135226+00:00, execution_date=20241008T215157, start_date=20241008T221323, end_date=20241008T221958
[2024-10-08T22:19:58.773+0000] {local_task_job_runner.py:266} INFO - Task exited with return code 0
[2024-10-08T22:19:58.795+0000] {taskinstance.py:3900} INFO - 0 downstream tasks scheduled from follow-on schedule check
[2024-10-08T22:19:58.799+0000] {local_task_job_runner.py:245} INFO - ::endgroup::
