[2024-10-08T22:25:12.921+0000] {local_task_job_runner.py:123} INFO - ::group::Pre task execution logs
[2024-10-08T22:25:12.941+0000] {taskinstance.py:2612} INFO - Dependencies all met for dep_context=non-requeueable deps ti=<TaskInstance: dag_etl_004.run_extract_container_E5 manual__2024-10-08T21:51:57.135226+00:00 [queued]>
[2024-10-08T22:25:12.950+0000] {taskinstance.py:2612} INFO - Dependencies all met for dep_context=requeueable deps ti=<TaskInstance: dag_etl_004.run_extract_container_E5 manual__2024-10-08T21:51:57.135226+00:00 [queued]>
[2024-10-08T22:25:12.950+0000] {taskinstance.py:2865} INFO - Starting attempt 3 of 8
[2024-10-08T22:25:12.962+0000] {taskinstance.py:2888} INFO - Executing <Task(DockerOperator): run_extract_container_E5> on 2024-10-08 21:51:57.135226+00:00
[2024-10-08T22:25:12.970+0000] {warnings.py:112} WARNING - /home/***/.local/lib/python3.12/site-packages/***/task/task_runner/standard_task_runner.py:70: DeprecationWarning: This process (pid=1618) is multi-threaded, use of fork() may lead to deadlocks in the child.
  pid = os.fork()

[2024-10-08T22:25:12.972+0000] {standard_task_runner.py:72} INFO - Started process 1625 to run task
[2024-10-08T22:25:12.973+0000] {standard_task_runner.py:104} INFO - Running: ['***', 'tasks', 'run', 'dag_etl_004', 'run_extract_container_E5', 'manual__2024-10-08T21:51:57.135226+00:00', '--job-id', '124', '--raw', '--subdir', 'DAGS_FOLDER/ETL.py', '--cfg-path', '/tmp/tmpb2mq4ijz']
[2024-10-08T22:25:12.974+0000] {standard_task_runner.py:105} INFO - Job 124: Subtask run_extract_container_E5
[2024-10-08T22:25:13.020+0000] {task_command.py:467} INFO - Running <TaskInstance: dag_etl_004.run_extract_container_E5 manual__2024-10-08T21:51:57.135226+00:00 [running]> on host a4706156eccf
[2024-10-08T22:25:13.110+0000] {taskinstance.py:3131} INFO - Exporting env vars: AIRFLOW_CTX_DAG_OWNER='BB' AIRFLOW_CTX_DAG_ID='dag_etl_004' AIRFLOW_CTX_TASK_ID='run_extract_container_E5' AIRFLOW_CTX_EXECUTION_DATE='2024-10-08T21:51:57.135226+00:00' AIRFLOW_CTX_TRY_NUMBER='3' AIRFLOW_CTX_DAG_RUN_ID='manual__2024-10-08T21:51:57.135226+00:00'
[2024-10-08T22:25:13.112+0000] {taskinstance.py:731} INFO - ::endgroup::
[2024-10-08T22:25:13.140+0000] {docker.py:367} INFO - Starting docker container from image etl
[2024-10-08T22:25:13.145+0000] {docker.py:375} WARNING - Using remote engine or docker-in-docker and mounting temporary volume from host is not supported. Falling back to `mount_tmp_dir=False` mode. You can set `mount_tmp_dir` parameter to False to disable mounting and remove the warning
[2024-10-08T22:29:29.671+0000] {docker.py:438} INFO - End of process...
[2024-10-08T22:29:29.673+0000] {docker.py:438} INFO -         Category                         Name  ...    Date_First  Like_First
[2024-10-08T22:29:29.673+0000] {docker.py:438} INFO - 0        Mystery  Garden Club Detective Squad  ...  Jan 20, 2021  like39,587
[2024-10-08T22:29:29.673+0000] {docker.py:438} INFO - 1   Supernatural              Flawed Almighty  ...   Nov 7, 2021  like52,831
[2024-10-08T22:29:29.673+0000] {docker.py:438} INFO - 2        Fantasy           Heavenly Roommates  ...  Aug 11, 2021  like44,467
[2024-10-08T22:29:29.674+0000] {docker.py:438} INFO - 3         Sci-fi               It Was All You  ...  May 11, 2021  like42,605
[2024-10-08T22:29:29.674+0000] {docker.py:438} INFO - 4      Superhero                  The Badguys  ...   Jul 5, 2016   like9,866
[2024-10-08T22:29:29.674+0000] {docker.py:438} INFO - ..           ...                          ...  ...           ...         ...
[2024-10-08T22:29:29.674+0000] {docker.py:438} INFO - 68      Thriller                    Hellbound  ...  Nov 16, 2021  like27,614
[2024-10-08T22:29:29.674+0000] {docker.py:438} INFO - 69         Drama                Ghost Theater  ...  Feb 23, 2020  like67,714
[2024-10-08T22:29:29.675+0000] {docker.py:438} INFO - 70        Sci-fi                     Moon You  ...  Mar 21, 2018  like27,652
[2024-10-08T22:29:29.675+0000] {docker.py:438} INFO - 71       Mystery              Locker & Opener  ...   Mar 6, 2021  like42,152
[2024-10-08T22:29:29.675+0000] {docker.py:438} INFO - 72        Action     Land of the Crimson Moon  ...   Jul 5, 2022  like13,101
[2024-10-08T22:29:29.675+0000] {docker.py:438} INFO - 
[2024-10-08T22:29:29.675+0000] {docker.py:438} INFO - [73 rows x 9 columns]
[2024-10-08T22:29:30.531+0000] {taskinstance.py:340} INFO - ::group::Post task execution logs
[2024-10-08T22:29:30.531+0000] {taskinstance.py:352} INFO - Marking task as SUCCESS. dag_id=dag_etl_004, task_id=run_extract_container_E5, run_id=manual__2024-10-08T21:51:57.135226+00:00, execution_date=20241008T215157, start_date=20241008T222512, end_date=20241008T222930
[2024-10-08T22:29:30.588+0000] {local_task_job_runner.py:266} INFO - Task exited with return code 0
[2024-10-08T22:29:30.637+0000] {taskinstance.py:3900} INFO - 0 downstream tasks scheduled from follow-on schedule check
[2024-10-08T22:29:30.642+0000] {local_task_job_runner.py:245} INFO - ::endgroup::
