[2024-10-08T18:13:49.071+0000] {local_task_job_runner.py:123} INFO - ::group::Pre task execution logs
[2024-10-08T18:13:49.087+0000] {taskinstance.py:2612} INFO - Dependencies all met for dep_context=non-requeueable deps ti=<TaskInstance: dag_etl_001.run_extract_container_2 manual__2024-10-08T13:47:41.063357+00:00 [queued]>
[2024-10-08T18:13:49.096+0000] {taskinstance.py:2612} INFO - Dependencies all met for dep_context=requeueable deps ti=<TaskInstance: dag_etl_001.run_extract_container_2 manual__2024-10-08T13:47:41.063357+00:00 [queued]>
[2024-10-08T18:13:49.097+0000] {taskinstance.py:2865} INFO - Starting attempt 2 of 7
[2024-10-08T18:13:49.109+0000] {taskinstance.py:2888} INFO - Executing <Task(DockerOperator): run_extract_container_2> on 2024-10-08 13:47:41.063357+00:00
[2024-10-08T18:13:49.116+0000] {warnings.py:112} WARNING - /home/***/.local/lib/python3.12/site-packages/***/task/task_runner/standard_task_runner.py:70: DeprecationWarning: This process (pid=2532) is multi-threaded, use of fork() may lead to deadlocks in the child.
  pid = os.fork()

[2024-10-08T18:13:49.117+0000] {standard_task_runner.py:72} INFO - Started process 2533 to run task
[2024-10-08T18:13:49.118+0000] {standard_task_runner.py:104} INFO - Running: ['***', 'tasks', 'run', 'dag_etl_001', 'run_extract_container_2', 'manual__2024-10-08T13:47:41.063357+00:00', '--job-id', '70', '--raw', '--subdir', 'DAGS_FOLDER/ETL.py', '--cfg-path', '/tmp/tmpzp5ujbfv']
[2024-10-08T18:13:49.119+0000] {standard_task_runner.py:105} INFO - Job 70: Subtask run_extract_container_2
[2024-10-08T18:13:49.160+0000] {task_command.py:467} INFO - Running <TaskInstance: dag_etl_001.run_extract_container_2 manual__2024-10-08T13:47:41.063357+00:00 [running]> on host a4706156eccf
[2024-10-08T18:13:49.234+0000] {taskinstance.py:3131} INFO - Exporting env vars: AIRFLOW_CTX_DAG_OWNER='BB' AIRFLOW_CTX_DAG_ID='dag_etl_001' AIRFLOW_CTX_TASK_ID='run_extract_container_2' AIRFLOW_CTX_EXECUTION_DATE='2024-10-08T13:47:41.063357+00:00' AIRFLOW_CTX_TRY_NUMBER='2' AIRFLOW_CTX_DAG_RUN_ID='manual__2024-10-08T13:47:41.063357+00:00'
[2024-10-08T18:13:49.235+0000] {taskinstance.py:731} INFO - ::endgroup::
[2024-10-08T18:13:49.253+0000] {docker.py:367} INFO - Starting docker container from image etl
[2024-10-08T18:13:49.256+0000] {docker.py:375} WARNING - Using remote engine or docker-in-docker and mounting temporary volume from host is not supported. Falling back to `mount_tmp_dir=False` mode. You can set `mount_tmp_dir` parameter to False to disable mounting and remove the warning
[2024-10-08T18:13:49.875+0000] {docker.py:438} INFO - Category                                         Name  ... Date_First Like_First
[2024-10-08T18:13:49.876+0000] {docker.py:438} INFO - 0    Romance                                 Lore Olympus  ... 2018-03-04     405350
[2024-10-08T18:13:49.876+0000] {docker.py:438} INFO - 1    Romance                  The Male Lead's Girl Friend  ... 2021-09-13      70782
[2024-10-08T18:13:49.876+0000] {docker.py:438} INFO - 2      Drama                              I Don't Hate Us  ... 2023-09-23      20088
[2024-10-08T18:13:49.877+0000] {docker.py:438} INFO - 3    Romance                             Marry My Husband  ... 2022-08-29     219948
[2024-10-08T18:13:49.877+0000] {docker.py:438} INFO - 4    Romance                      See You in My 19th Life  ... 2020-12-17     188136
[2024-10-08T18:13:49.877+0000] {docker.py:438} INFO - ..       ...                                          ...  ...        ...        ...
[2024-10-08T18:13:49.877+0000] {docker.py:438} INFO - 145    Drama                               She's Hopeless  ... 2021-05-14     154081
[2024-10-08T18:13:49.877+0000] {docker.py:438} INFO - 146  Romance                     The Guy with Pretty Lips  ... 2023-07-26      13154
[2024-10-08T18:13:49.878+0000] {docker.py:438} INFO - 147  Romance  The Newlywed Diary\nof a Witch and a Dragon  ... 2021-01-31     140859
[2024-10-08T18:13:49.878+0000] {docker.py:438} INFO - 148  Romance                       The Most Ordinary Girl  ... 2022-05-04      30213
[2024-10-08T18:13:49.878+0000] {docker.py:438} INFO - 149  Fantasy                          Surviving as a Fish  ... 2022-09-13      27534
[2024-10-08T18:13:49.878+0000] {docker.py:438} INFO - 
[2024-10-08T18:13:49.878+0000] {docker.py:438} INFO - [150 rows x 9 columns]
[2024-10-08T18:13:50.183+0000] {taskinstance.py:340} INFO - ::group::Post task execution logs
[2024-10-08T18:13:50.184+0000] {taskinstance.py:352} INFO - Marking task as SUCCESS. dag_id=dag_etl_001, task_id=run_extract_container_2, run_id=manual__2024-10-08T13:47:41.063357+00:00, execution_date=20241008T134741, start_date=20241008T181349, end_date=20241008T181350
[2024-10-08T18:13:50.214+0000] {local_task_job_runner.py:266} INFO - Task exited with return code 0
[2024-10-08T18:13:50.234+0000] {taskinstance.py:3900} INFO - 1 downstream tasks scheduled from follow-on schedule check
[2024-10-08T18:13:50.236+0000] {local_task_job_runner.py:245} INFO - ::endgroup::
