[2024-10-26T22:17:55.679+0000] {local_task_job_runner.py:123} INFO - ::group::Pre task execution logs
[2024-10-26T22:17:55.696+0000] {taskinstance.py:2612} INFO - Dependencies all met for dep_context=non-requeueable deps ti=<TaskInstance: dag_etl_01.run_extract_container_E6 manual__2024-10-26T22:12:23.442491+00:00 [queued]>
[2024-10-26T22:17:55.705+0000] {taskinstance.py:2612} INFO - Dependencies all met for dep_context=requeueable deps ti=<TaskInstance: dag_etl_01.run_extract_container_E6 manual__2024-10-26T22:12:23.442491+00:00 [queued]>
[2024-10-26T22:17:55.705+0000] {taskinstance.py:2865} INFO - Starting attempt 1 of 6
[2024-10-26T22:17:55.722+0000] {taskinstance.py:2888} INFO - Executing <Task(DockerOperator): run_extract_container_E6> on 2024-10-26 22:12:23.442491+00:00
[2024-10-26T22:17:55.731+0000] {warnings.py:112} WARNING - /home/***/.local/lib/python3.12/site-packages/***/task/task_runner/standard_task_runner.py:70: DeprecationWarning: This process (pid=1053) is multi-threaded, use of fork() may lead to deadlocks in the child.
  pid = os.fork()

[2024-10-26T22:17:55.733+0000] {standard_task_runner.py:72} INFO - Started process 1055 to run task
[2024-10-26T22:17:55.733+0000] {standard_task_runner.py:104} INFO - Running: ['***', 'tasks', 'run', 'dag_etl_01', 'run_extract_container_E6', 'manual__2024-10-26T22:12:23.442491+00:00', '--job-id', '57', '--raw', '--subdir', 'DAGS_FOLDER/ETL.py', '--cfg-path', '/tmp/tmpgpdqmvqh']
[2024-10-26T22:17:55.734+0000] {standard_task_runner.py:105} INFO - Job 57: Subtask run_extract_container_E6
[2024-10-26T22:17:55.781+0000] {task_command.py:467} INFO - Running <TaskInstance: dag_etl_01.run_extract_container_E6 manual__2024-10-26T22:12:23.442491+00:00 [running]> on host bacd1900a50a
[2024-10-26T22:17:55.876+0000] {taskinstance.py:3131} INFO - Exporting env vars: AIRFLOW_CTX_DAG_OWNER='BB' AIRFLOW_CTX_DAG_ID='dag_etl_01' AIRFLOW_CTX_TASK_ID='run_extract_container_E6' AIRFLOW_CTX_EXECUTION_DATE='2024-10-26T22:12:23.442491+00:00' AIRFLOW_CTX_TRY_NUMBER='1' AIRFLOW_CTX_DAG_RUN_ID='manual__2024-10-26T22:12:23.442491+00:00'
[2024-10-26T22:17:55.877+0000] {taskinstance.py:731} INFO - ::endgroup::
[2024-10-26T22:17:55.908+0000] {docker.py:367} INFO - Starting docker container from image etl
[2024-10-26T22:17:55.912+0000] {docker.py:375} WARNING - Using remote engine or docker-in-docker and mounting temporary volume from host is not supported. Falling back to `mount_tmp_dir=False` mode. You can set `mount_tmp_dir` parameter to False to disable mounting and remove the warning
[2024-10-26T22:23:06.413+0000] {docker.py:438} INFO - End of process...
[2024-10-26T22:23:06.417+0000] {docker.py:438} INFO -          Category                  Name  ...    Date_First  Like_First
[2024-10-26T22:23:06.418+0000] {docker.py:438} INFO - 0         Romance    Behind the Curtain  ...  Jul 19, 2021  like20,669
[2024-10-26T22:23:06.418+0000] {docker.py:438} INFO - 1         Fantasy      Good Luck, Hero!  ...  Sep 16, 2021  like18,107
[2024-10-26T22:23:06.418+0000] {docker.py:438} INFO - 2       Superhero                  Arma  ...   Jun 5, 2019  like32,210
[2024-10-26T22:23:06.419+0000] {docker.py:438} INFO - 3           Drama  No Longer A Heroine!  ...  Nov 30, 2020  like74,317
[2024-10-26T22:23:06.419+0000] {docker.py:438} INFO - 4          Action             Happiness  ...  Apr 10, 2022  like21,249
[2024-10-26T22:23:06.419+0000] {docker.py:438} INFO - ..            ...                   ...  ...           ...         ...
[2024-10-26T22:23:06.420+0000] {docker.py:438} INFO - 74          Drama      The Golden Spoon  ...  Jul 19, 2021  like10,806
[2024-10-26T22:23:06.420+0000] {docker.py:438} INFO - 75         Comedy      Ode to Our Youth  ...  Mar 13, 2022   like7,563
[2024-10-26T22:23:06.420+0000] {docker.py:438} INFO - 76        Romance         Maid for Hire  ...  Oct 13, 2021  like69,326
[2024-10-26T22:23:06.421+0000] {docker.py:438} INFO - 77  Slice of life             Our House  ...  Jan 11, 2022  like15,185
[2024-10-26T22:23:06.421+0000] {docker.py:438} INFO - 78         Sci-fi              The Tide  ...  Oct 31, 2023   like2,784
[2024-10-26T22:23:06.422+0000] {docker.py:438} INFO - 
[2024-10-26T22:23:06.422+0000] {docker.py:438} INFO - [79 rows x 9 columns]
[2024-10-26T22:23:07.672+0000] {taskinstance.py:340} INFO - ::group::Post task execution logs
[2024-10-26T22:23:07.673+0000] {taskinstance.py:352} INFO - Marking task as SUCCESS. dag_id=dag_etl_01, task_id=run_extract_container_E6, run_id=manual__2024-10-26T22:12:23.442491+00:00, execution_date=20241026T221223, start_date=20241026T221755, end_date=20241026T222307
[2024-10-26T22:23:07.753+0000] {local_task_job_runner.py:266} INFO - Task exited with return code 0
[2024-10-26T22:23:07.793+0000] {taskinstance.py:3900} INFO - 0 downstream tasks scheduled from follow-on schedule check
[2024-10-26T22:23:07.798+0000] {local_task_job_runner.py:245} INFO - ::endgroup::
