[2024-10-08T22:05:09.300+0000] {local_task_job_runner.py:123} INFO - ::group::Pre task execution logs
[2024-10-08T22:05:09.318+0000] {taskinstance.py:2612} INFO - Dependencies all met for dep_context=non-requeueable deps ti=<TaskInstance: dag_etl_004.run_extract_container_T manual__2024-10-08T21:51:57.135226+00:00 [queued]>
[2024-10-08T22:05:09.326+0000] {taskinstance.py:2612} INFO - Dependencies all met for dep_context=requeueable deps ti=<TaskInstance: dag_etl_004.run_extract_container_T manual__2024-10-08T21:51:57.135226+00:00 [queued]>
[2024-10-08T22:05:09.326+0000] {taskinstance.py:2865} INFO - Starting attempt 1 of 6
[2024-10-08T22:05:09.338+0000] {taskinstance.py:2888} INFO - Executing <Task(DockerOperator): run_extract_container_T> on 2024-10-08 21:51:57.135226+00:00
[2024-10-08T22:05:09.344+0000] {warnings.py:112} WARNING - /home/***/.local/lib/python3.12/site-packages/***/task/task_runner/standard_task_runner.py:70: DeprecationWarning: This process (pid=1322) is multi-threaded, use of fork() may lead to deadlocks in the child.
  pid = os.fork()

[2024-10-08T22:05:09.345+0000] {standard_task_runner.py:72} INFO - Started process 1323 to run task
[2024-10-08T22:05:09.346+0000] {standard_task_runner.py:104} INFO - Running: ['***', 'tasks', 'run', 'dag_etl_004', 'run_extract_container_T', 'manual__2024-10-08T21:51:57.135226+00:00', '--job-id', '107', '--raw', '--subdir', 'DAGS_FOLDER/ETL.py', '--cfg-path', '/tmp/tmppqxa3qrv']
[2024-10-08T22:05:09.347+0000] {standard_task_runner.py:105} INFO - Job 107: Subtask run_extract_container_T
[2024-10-08T22:05:09.390+0000] {task_command.py:467} INFO - Running <TaskInstance: dag_etl_004.run_extract_container_T manual__2024-10-08T21:51:57.135226+00:00 [running]> on host a4706156eccf
[2024-10-08T22:05:09.466+0000] {taskinstance.py:3131} INFO - Exporting env vars: AIRFLOW_CTX_DAG_OWNER='BB' AIRFLOW_CTX_DAG_ID='dag_etl_004' AIRFLOW_CTX_TASK_ID='run_extract_container_T' AIRFLOW_CTX_EXECUTION_DATE='2024-10-08T21:51:57.135226+00:00' AIRFLOW_CTX_TRY_NUMBER='1' AIRFLOW_CTX_DAG_RUN_ID='manual__2024-10-08T21:51:57.135226+00:00'
[2024-10-08T22:05:09.467+0000] {taskinstance.py:731} INFO - ::endgroup::
[2024-10-08T22:05:09.486+0000] {docker.py:367} INFO - Starting docker container from image etl
[2024-10-08T22:05:09.489+0000] {docker.py:375} WARNING - Using remote engine or docker-in-docker and mounting temporary volume from host is not supported. Falling back to `mount_tmp_dir=False` mode. You can set `mount_tmp_dir` parameter to False to disable mounting and remove the warning
[2024-10-08T22:05:10.104+0000] {docker.py:438} INFO - Category                           Name  ... Date_First Like_First
[2024-10-08T22:05:10.104+0000] {docker.py:438} INFO - 0         Fantasy             Cydonia Shattering  ... 2022-02-08      15072
[2024-10-08T22:05:10.105+0000] {docker.py:438} INFO - 1          Action          GANDA: Night Defender  ... 2022-04-26       5793
[2024-10-08T22:05:10.105+0000] {docker.py:438} INFO - 2          Comedy              Super Awkward Man  ... 2021-12-12      24678
[2024-10-08T22:05:10.105+0000] {docker.py:438} INFO - 3       Superhero                  Lavender Jack  ... 2018-06-26      18439
[2024-10-08T22:05:10.105+0000] {docker.py:438} INFO - 4         Fantasy  Atelier on the Sunflower Hill  ... 2021-11-12      25272
[2024-10-08T22:05:10.105+0000] {docker.py:438} INFO - ..            ...                            ...  ...        ...        ...
[2024-10-08T22:05:10.106+0000] {docker.py:438} INFO - 68      Superhero                         XINK3R  ... 2015-09-16       9270
[2024-10-08T22:05:10.106+0000] {docker.py:438} INFO - 69          Drama          Version Day and Night  ... 2019-11-15      76108
[2024-10-08T22:05:10.106+0000] {docker.py:438} INFO - 70  Slice of life                Doodle for Food  ... 2015-06-11      19885
[2024-10-08T22:05:10.106+0000] {docker.py:438} INFO - 71         Comedy                      HAPI BUNI  ... 2014-12-07      23003
[2024-10-08T22:05:10.106+0000] {docker.py:438} INFO - 72        Fantasy                      Messenger  ... 2018-05-14      14810
[2024-10-08T22:05:10.107+0000] {docker.py:438} INFO - 
[2024-10-08T22:05:10.107+0000] {docker.py:438} INFO - [73 rows x 9 columns]
[2024-10-08T22:05:10.381+0000] {taskinstance.py:340} INFO - ::group::Post task execution logs
[2024-10-08T22:05:10.382+0000] {taskinstance.py:352} INFO - Marking task as SUCCESS. dag_id=dag_etl_004, task_id=run_extract_container_T, run_id=manual__2024-10-08T21:51:57.135226+00:00, execution_date=20241008T215157, start_date=20241008T220509, end_date=20241008T220510
[2024-10-08T22:05:10.442+0000] {local_task_job_runner.py:266} INFO - Task exited with return code 0
[2024-10-08T22:05:10.463+0000] {taskinstance.py:3900} INFO - 1 downstream tasks scheduled from follow-on schedule check
[2024-10-08T22:05:10.465+0000] {local_task_job_runner.py:245} INFO - ::endgroup::
