[2024-10-09T10:15:28.760+0000] {local_task_job_runner.py:123} INFO - ::group::Pre task execution logs
[2024-10-09T10:15:28.775+0000] {taskinstance.py:2612} INFO - Dependencies all met for dep_context=non-requeueable deps ti=<TaskInstance: dag_etl_01.run_extract_container_E5 manual__2024-10-09T10:15:27.346552+00:00 [queued]>
[2024-10-09T10:15:28.783+0000] {taskinstance.py:2612} INFO - Dependencies all met for dep_context=requeueable deps ti=<TaskInstance: dag_etl_01.run_extract_container_E5 manual__2024-10-09T10:15:27.346552+00:00 [queued]>
[2024-10-09T10:15:28.783+0000] {taskinstance.py:2865} INFO - Starting attempt 1 of 6
[2024-10-09T10:15:28.795+0000] {taskinstance.py:2888} INFO - Executing <Task(DockerOperator): run_extract_container_E5> on 2024-10-09 10:15:27.346552+00:00
[2024-10-09T10:15:28.803+0000] {warnings.py:112} WARNING - /home/***/.local/lib/python3.12/site-packages/***/task/task_runner/standard_task_runner.py:70: DeprecationWarning: This process (pid=343) is multi-threaded, use of fork() may lead to deadlocks in the child.
  pid = os.fork()

[2024-10-09T10:15:28.805+0000] {standard_task_runner.py:72} INFO - Started process 354 to run task
[2024-10-09T10:15:28.806+0000] {standard_task_runner.py:104} INFO - Running: ['***', 'tasks', 'run', 'dag_etl_01', 'run_extract_container_E5', 'manual__2024-10-09T10:15:27.346552+00:00', '--job-id', '141', '--raw', '--subdir', 'DAGS_FOLDER/ETL.py', '--cfg-path', '/tmp/tmpoy21ggn5']
[2024-10-09T10:15:28.807+0000] {standard_task_runner.py:105} INFO - Job 141: Subtask run_extract_container_E5
[2024-10-09T10:15:28.844+0000] {task_command.py:467} INFO - Running <TaskInstance: dag_etl_01.run_extract_container_E5 manual__2024-10-09T10:15:27.346552+00:00 [running]> on host a4706156eccf
[2024-10-09T10:15:28.921+0000] {taskinstance.py:3131} INFO - Exporting env vars: AIRFLOW_CTX_DAG_OWNER='BB' AIRFLOW_CTX_DAG_ID='dag_etl_01' AIRFLOW_CTX_TASK_ID='run_extract_container_E5' AIRFLOW_CTX_EXECUTION_DATE='2024-10-09T10:15:27.346552+00:00' AIRFLOW_CTX_TRY_NUMBER='1' AIRFLOW_CTX_DAG_RUN_ID='manual__2024-10-09T10:15:27.346552+00:00'
[2024-10-09T10:15:28.922+0000] {taskinstance.py:731} INFO - ::endgroup::
[2024-10-09T10:15:28.941+0000] {docker.py:367} INFO - Starting docker container from image etl
[2024-10-09T10:15:28.944+0000] {docker.py:375} WARNING - Using remote engine or docker-in-docker and mounting temporary volume from host is not supported. Falling back to `mount_tmp_dir=False` mode. You can set `mount_tmp_dir` parameter to False to disable mounting and remove the warning
[2024-10-09T10:19:53.350+0000] {docker.py:438} INFO - End of process...
[2024-10-09T10:19:53.351+0000] {docker.py:438} INFO -      Category                                Name  ...    Date_First  Like_First
[2024-10-09T10:19:53.352+0000] {docker.py:438} INFO - 0       Drama  The Sound of Magic: Annarasumanara  ...   Jul 1, 2014  like47,132
[2024-10-09T10:19:53.352+0000] {docker.py:438} INFO - 1      Action                           Bug Eater  ...  Apr 27, 2023   like5,093
[2024-10-09T10:19:53.353+0000] {docker.py:438} INFO - 2     Fantasy                  Heavenly Roommates  ...  Aug 11, 2021  like44,468
[2024-10-09T10:19:53.353+0000] {docker.py:438} INFO - 3      Action                            Deadlife  ...  Feb 27, 2022  like16,100
[2024-10-09T10:19:53.353+0000] {docker.py:438} INFO - 4   Superhero                         The Badguys  ...   Jul 5, 2016   like9,866
[2024-10-09T10:19:53.353+0000] {docker.py:438} INFO - ..        ...                                 ...  ...           ...         ...
[2024-10-09T10:19:53.354+0000] {docker.py:438} INFO - 68   Thriller                           Hellbound  ...  Nov 16, 2021  like27,614
[2024-10-09T10:19:53.354+0000] {docker.py:438} INFO - 69     Sci-fi                            Moon You  ...  Mar 21, 2018  like27,652
[2024-10-09T10:19:53.354+0000] {docker.py:438} INFO - 70    Mystery                     Locker & Opener  ...   Mar 6, 2021  like42,152
[2024-10-09T10:19:53.354+0000] {docker.py:438} INFO - 71      Drama                      Coffin Jackson  ...   Jul 7, 2022  like11,377
[2024-10-09T10:19:53.355+0000] {docker.py:438} INFO - 72   Thriller                       Night Fishing  ...  Oct 30, 2022   like4,390
[2024-10-09T10:19:53.355+0000] {docker.py:438} INFO - 
[2024-10-09T10:19:53.355+0000] {docker.py:438} INFO - [73 rows x 9 columns]
[2024-10-09T10:19:53.928+0000] {taskinstance.py:340} INFO - ::group::Post task execution logs
[2024-10-09T10:19:53.928+0000] {taskinstance.py:352} INFO - Marking task as SUCCESS. dag_id=dag_etl_01, task_id=run_extract_container_E5, run_id=manual__2024-10-09T10:15:27.346552+00:00, execution_date=20241009T101527, start_date=20241009T101528, end_date=20241009T101953
[2024-10-09T10:19:53.960+0000] {local_task_job_runner.py:266} INFO - Task exited with return code 0
[2024-10-09T10:19:54.005+0000] {taskinstance.py:3900} INFO - 0 downstream tasks scheduled from follow-on schedule check
[2024-10-09T10:19:54.007+0000] {local_task_job_runner.py:245} INFO - ::endgroup::
