[2024-10-08T22:08:47.499+0000] {local_task_job_runner.py:123} INFO - ::group::Pre task execution logs
[2024-10-08T22:08:47.520+0000] {taskinstance.py:2612} INFO - Dependencies all met for dep_context=non-requeueable deps ti=<TaskInstance: dag_etl_004.run_extract_container_E4 manual__2024-10-08T21:51:57.135226+00:00 [queued]>
[2024-10-08T22:08:47.530+0000] {taskinstance.py:2612} INFO - Dependencies all met for dep_context=requeueable deps ti=<TaskInstance: dag_etl_004.run_extract_container_E4 manual__2024-10-08T21:51:57.135226+00:00 [queued]>
[2024-10-08T22:08:47.531+0000] {taskinstance.py:2865} INFO - Starting attempt 2 of 7
[2024-10-08T22:08:47.548+0000] {taskinstance.py:2888} INFO - Executing <Task(DockerOperator): run_extract_container_E4> on 2024-10-08 21:51:57.135226+00:00
[2024-10-08T22:08:47.558+0000] {warnings.py:112} WARNING - /home/***/.local/lib/python3.12/site-packages/***/task/task_runner/standard_task_runner.py:70: DeprecationWarning: This process (pid=1371) is multi-threaded, use of fork() may lead to deadlocks in the child.
  pid = os.fork()

[2024-10-08T22:08:47.559+0000] {standard_task_runner.py:72} INFO - Started process 1381 to run task
[2024-10-08T22:08:47.560+0000] {standard_task_runner.py:104} INFO - Running: ['***', 'tasks', 'run', 'dag_etl_004', 'run_extract_container_E4', 'manual__2024-10-08T21:51:57.135226+00:00', '--job-id', '113', '--raw', '--subdir', 'DAGS_FOLDER/ETL.py', '--cfg-path', '/tmp/tmpv_g1ywsi']
[2024-10-08T22:08:47.561+0000] {standard_task_runner.py:105} INFO - Job 113: Subtask run_extract_container_E4
[2024-10-08T22:08:47.611+0000] {task_command.py:467} INFO - Running <TaskInstance: dag_etl_004.run_extract_container_E4 manual__2024-10-08T21:51:57.135226+00:00 [running]> on host a4706156eccf
[2024-10-08T22:08:47.705+0000] {taskinstance.py:3131} INFO - Exporting env vars: AIRFLOW_CTX_DAG_OWNER='BB' AIRFLOW_CTX_DAG_ID='dag_etl_004' AIRFLOW_CTX_TASK_ID='run_extract_container_E4' AIRFLOW_CTX_EXECUTION_DATE='2024-10-08T21:51:57.135226+00:00' AIRFLOW_CTX_TRY_NUMBER='2' AIRFLOW_CTX_DAG_RUN_ID='manual__2024-10-08T21:51:57.135226+00:00'
[2024-10-08T22:08:47.706+0000] {taskinstance.py:731} INFO - ::endgroup::
[2024-10-08T22:08:47.733+0000] {docker.py:367} INFO - Starting docker container from image etl
[2024-10-08T22:08:47.738+0000] {docker.py:375} WARNING - Using remote engine or docker-in-docker and mounting temporary volume from host is not supported. Falling back to `mount_tmp_dir=False` mode. You can set `mount_tmp_dir` parameter to False to disable mounting and remove the warning
[2024-10-08T22:13:19.166+0000] {docker.py:438} INFO - End of process...
[2024-10-08T22:13:19.167+0000] {docker.py:438} INFO -         Category                                Name  ...    Date_First  Like_First
[2024-10-08T22:13:19.167+0000] {docker.py:438} INFO - 0        Fantasy                                Flow  ...   Jul 1, 2014  like67,995
[2024-10-08T22:13:19.168+0000] {docker.py:438} INFO - 1          Drama                        Death's Game  ...  Dec 30, 2020  like56,611
[2024-10-08T22:13:19.168+0000] {docker.py:438} INFO - 2       Thriller              No Rose Without Thorns  ...   Jul 4, 2023   like9,632
[2024-10-08T22:13:19.169+0000] {docker.py:438} INFO - 3         Action           Ultra-Alternate Character  ...  Nov 11, 2021  like32,668
[2024-10-08T22:13:19.169+0000] {docker.py:438} INFO - 4          Drama            My ID is Gangnam Beauty!  ...  Sep 20, 2021  like40,972
[2024-10-08T22:13:19.170+0000] {docker.py:438} INFO - ..           ...                                 ...  ...           ...         ...
[2024-10-08T22:13:19.170+0000] {docker.py:438} INFO - 68       Fantasy                  The Fabled Warrior  ...   Aug 9, 2021  like35,183
[2024-10-08T22:13:19.171+0000] {docker.py:438} INFO - 69       Romance                  Opposite of Always  ...   Apr 4, 2022  like26,847
[2024-10-08T22:13:19.171+0000] {docker.py:438} INFO - 70  Supernatural                 Floating in My Mind  ...  Oct 13, 2021  like28,272
[2024-10-08T22:13:19.171+0000] {docker.py:438} INFO - 71         Drama  The Sound of Magic: Annarasumanara  ...   Jul 1, 2014  like47,131
[2024-10-08T22:13:19.172+0000] {docker.py:438} INFO - 72        Action                           Bug Eater  ...  Apr 27, 2023   like5,093
[2024-10-08T22:13:19.172+0000] {docker.py:438} INFO - 
[2024-10-08T22:13:19.173+0000] {docker.py:438} INFO - [73 rows x 9 columns]
[2024-10-08T22:13:19.984+0000] {taskinstance.py:340} INFO - ::group::Post task execution logs
[2024-10-08T22:13:19.984+0000] {taskinstance.py:352} INFO - Marking task as SUCCESS. dag_id=dag_etl_004, task_id=run_extract_container_E4, run_id=manual__2024-10-08T21:51:57.135226+00:00, execution_date=20241008T215157, start_date=20241008T220847, end_date=20241008T221319
[2024-10-08T22:13:20.012+0000] {local_task_job_runner.py:266} INFO - Task exited with return code 0
[2024-10-08T22:13:20.057+0000] {taskinstance.py:3900} INFO - 0 downstream tasks scheduled from follow-on schedule check
[2024-10-08T22:13:20.059+0000] {local_task_job_runner.py:245} INFO - ::endgroup::
