[2024-10-20T19:26:25.045+0000] {local_task_job_runner.py:123} INFO - ::group::Pre task execution logs
[2024-10-20T19:26:25.072+0000] {taskinstance.py:2612} INFO - Dependencies all met for dep_context=non-requeueable deps ti=<TaskInstance: dag_etl_01.run_extract_container_E6 manual__2024-10-20T19:20:43.981426+00:00 [queued]>
[2024-10-20T19:26:25.083+0000] {taskinstance.py:2612} INFO - Dependencies all met for dep_context=requeueable deps ti=<TaskInstance: dag_etl_01.run_extract_container_E6 manual__2024-10-20T19:20:43.981426+00:00 [queued]>
[2024-10-20T19:26:25.084+0000] {taskinstance.py:2865} INFO - Starting attempt 1 of 6
[2024-10-20T19:26:25.100+0000] {taskinstance.py:2888} INFO - Executing <Task(DockerOperator): run_extract_container_E6> on 2024-10-20 19:20:43.981426+00:00
[2024-10-20T19:26:25.111+0000] {warnings.py:112} WARNING - /home/***/.local/lib/python3.12/site-packages/***/task/task_runner/standard_task_runner.py:70: DeprecationWarning: This process (pid=1206) is multi-threaded, use of fork() may lead to deadlocks in the child.
  pid = os.fork()

[2024-10-20T19:26:25.113+0000] {standard_task_runner.py:72} INFO - Started process 1208 to run task
[2024-10-20T19:26:25.114+0000] {standard_task_runner.py:104} INFO - Running: ['***', 'tasks', 'run', 'dag_etl_01', 'run_extract_container_E6', 'manual__2024-10-20T19:20:43.981426+00:00', '--job-id', '8', '--raw', '--subdir', 'DAGS_FOLDER/ETL.py', '--cfg-path', '/tmp/tmp4esh2usb']
[2024-10-20T19:26:25.115+0000] {standard_task_runner.py:105} INFO - Job 8: Subtask run_extract_container_E6
[2024-10-20T19:26:25.177+0000] {task_command.py:467} INFO - Running <TaskInstance: dag_etl_01.run_extract_container_E6 manual__2024-10-20T19:20:43.981426+00:00 [running]> on host b3fe089e5ee6
[2024-10-20T19:26:25.285+0000] {taskinstance.py:3131} INFO - Exporting env vars: AIRFLOW_CTX_DAG_OWNER='BB' AIRFLOW_CTX_DAG_ID='dag_etl_01' AIRFLOW_CTX_TASK_ID='run_extract_container_E6' AIRFLOW_CTX_EXECUTION_DATE='2024-10-20T19:20:43.981426+00:00' AIRFLOW_CTX_TRY_NUMBER='1' AIRFLOW_CTX_DAG_RUN_ID='manual__2024-10-20T19:20:43.981426+00:00'
[2024-10-20T19:26:25.286+0000] {taskinstance.py:731} INFO - ::endgroup::
[2024-10-20T19:26:25.327+0000] {docker.py:367} INFO - Starting docker container from image etl
[2024-10-20T19:26:25.332+0000] {docker.py:375} WARNING - Using remote engine or docker-in-docker and mounting temporary volume from host is not supported. Falling back to `mount_tmp_dir=False` mode. You can set `mount_tmp_dir` parameter to False to disable mounting and remove the warning
[2024-10-20T19:32:02.405+0000] {docker.py:438} INFO - End of process...
[2024-10-20T19:32:02.407+0000] {docker.py:438} INFO -          Category                   Name  ...    Date_First  Like_First
[2024-10-20T19:32:02.408+0000] {docker.py:438} INFO - 0           Drama         Coffin Jackson  ...   Jul 7, 2022  like11,399
[2024-10-20T19:32:02.408+0000] {docker.py:438} INFO - 1          Comedy            God of Bath  ...   Jul 1, 2014  like21,151
[2024-10-20T19:32:02.408+0000] {docker.py:438} INFO - 2         Romance           CinnamonRoll  ...  Sep 12, 2020  like55,210
[2024-10-20T19:32:02.409+0000] {docker.py:438} INFO - 3        Thriller                  Grasp  ...  Jul 25, 2021  like13,195
[2024-10-20T19:32:02.409+0000] {docker.py:438} INFO - 4           Drama            About Death  ...   Jul 1, 2014  like18,356
[2024-10-20T19:32:02.409+0000] {docker.py:438} INFO - ..            ...                    ...  ...           ...         ...
[2024-10-20T19:32:02.409+0000] {docker.py:438} INFO - 72          Drama           Maya's World  ...  Jul 28, 2021  like19,626
[2024-10-20T19:32:02.410+0000] {docker.py:438} INFO - 73          Drama       The Golden Spoon  ...  Jul 19, 2021  like10,802
[2024-10-20T19:32:02.410+0000] {docker.py:438} INFO - 74       Thriller                 Ctrl+Z  ...  Jul 24, 2020  like42,684
[2024-10-20T19:32:02.410+0000] {docker.py:438} INFO - 75  Slice of life              With Tony  ...   Nov 8, 2023   like3,547
[2024-10-20T19:32:02.410+0000] {docker.py:438} INFO - 76        Fantasy  Corpse Knight Gunther  ...  Jan 21, 2023  like19,396
[2024-10-20T19:32:02.411+0000] {docker.py:438} INFO - 
[2024-10-20T19:32:02.411+0000] {docker.py:438} INFO - [77 rows x 9 columns]
[2024-10-20T19:32:03.337+0000] {taskinstance.py:340} INFO - ::group::Post task execution logs
[2024-10-20T19:32:03.338+0000] {taskinstance.py:352} INFO - Marking task as SUCCESS. dag_id=dag_etl_01, task_id=run_extract_container_E6, run_id=manual__2024-10-20T19:20:43.981426+00:00, execution_date=20241020T192043, start_date=20241020T192625, end_date=20241020T193203
[2024-10-20T19:32:03.383+0000] {local_task_job_runner.py:266} INFO - Task exited with return code 0
[2024-10-20T19:32:03.425+0000] {taskinstance.py:3900} INFO - 0 downstream tasks scheduled from follow-on schedule check
[2024-10-20T19:32:03.427+0000] {local_task_job_runner.py:245} INFO - ::endgroup::
