[2024-10-26T22:12:25.900+0000] {local_task_job_runner.py:123} INFO - ::group::Pre task execution logs
[2024-10-26T22:12:25.922+0000] {taskinstance.py:2612} INFO - Dependencies all met for dep_context=non-requeueable deps ti=<TaskInstance: dag_etl_01.run_extract_container_E4 manual__2024-10-26T22:12:23.442491+00:00 [queued]>
[2024-10-26T22:12:25.932+0000] {taskinstance.py:2612} INFO - Dependencies all met for dep_context=requeueable deps ti=<TaskInstance: dag_etl_01.run_extract_container_E4 manual__2024-10-26T22:12:23.442491+00:00 [queued]>
[2024-10-26T22:12:25.932+0000] {taskinstance.py:2865} INFO - Starting attempt 1 of 6
[2024-10-26T22:12:25.948+0000] {taskinstance.py:2888} INFO - Executing <Task(DockerOperator): run_extract_container_E4> on 2024-10-26 22:12:23.442491+00:00
[2024-10-26T22:12:25.959+0000] {warnings.py:112} WARNING - /home/***/.local/lib/python3.12/site-packages/***/task/task_runner/standard_task_runner.py:70: DeprecationWarning: This process (pid=969) is multi-threaded, use of fork() may lead to deadlocks in the child.
  pid = os.fork()

[2024-10-26T22:12:25.963+0000] {standard_task_runner.py:72} INFO - Started process 977 to run task
[2024-10-26T22:12:25.963+0000] {standard_task_runner.py:104} INFO - Running: ['***', 'tasks', 'run', 'dag_etl_01', 'run_extract_container_E4', 'manual__2024-10-26T22:12:23.442491+00:00', '--job-id', '53', '--raw', '--subdir', 'DAGS_FOLDER/ETL.py', '--cfg-path', '/tmp/tmpcv9zcwaw']
[2024-10-26T22:12:25.964+0000] {standard_task_runner.py:105} INFO - Job 53: Subtask run_extract_container_E4
[2024-10-26T22:12:26.025+0000] {task_command.py:467} INFO - Running <TaskInstance: dag_etl_01.run_extract_container_E4 manual__2024-10-26T22:12:23.442491+00:00 [running]> on host bacd1900a50a
[2024-10-26T22:12:26.139+0000] {taskinstance.py:3131} INFO - Exporting env vars: AIRFLOW_CTX_DAG_OWNER='BB' AIRFLOW_CTX_DAG_ID='dag_etl_01' AIRFLOW_CTX_TASK_ID='run_extract_container_E4' AIRFLOW_CTX_EXECUTION_DATE='2024-10-26T22:12:23.442491+00:00' AIRFLOW_CTX_TRY_NUMBER='1' AIRFLOW_CTX_DAG_RUN_ID='manual__2024-10-26T22:12:23.442491+00:00'
[2024-10-26T22:12:26.141+0000] {taskinstance.py:731} INFO - ::endgroup::
[2024-10-26T22:12:26.171+0000] {docker.py:367} INFO - Starting docker container from image etl
[2024-10-26T22:12:26.175+0000] {docker.py:375} WARNING - Using remote engine or docker-in-docker and mounting temporary volume from host is not supported. Falling back to `mount_tmp_dir=False` mode. You can set `mount_tmp_dir` parameter to False to disable mounting and remove the warning
[2024-10-26T22:17:52.261+0000] {docker.py:438} INFO - End of process...
[2024-10-26T22:17:52.266+0000] {docker.py:438} INFO -      Category                  Name  ...    Date_First   Like_First
[2024-10-26T22:17:52.267+0000] {docker.py:438} INFO - 0    Thriller        Tales of Greed  ...  May 15, 2021   like44,580
[2024-10-26T22:17:52.268+0000] {docker.py:438} INFO - 1     Fantasy        7FATES: CHAKHO  ...  Jan 14, 2022  like331,515
[2024-10-26T22:17:52.268+0000] {docker.py:438} INFO - 2     Fantasy    Protect the Knight  ...  Sep 17, 2021   like28,795
[2024-10-26T22:17:52.269+0000] {docker.py:438} INFO - 3     Romance      Love and Leashes  ...  Feb 11, 2022   like44,911
[2024-10-26T22:17:52.269+0000] {docker.py:438} INFO - 4     Mystery         Parallel City  ...  Jun 25, 2020   like84,335
[2024-10-26T22:17:52.270+0000] {docker.py:438} INFO - ..        ...                   ...  ...           ...          ...
[2024-10-26T22:17:52.270+0000] {docker.py:438} INFO - 74  Superhero               SAMADHI  ...  Jul 11, 2021   like35,460
[2024-10-26T22:17:52.271+0000] {docker.py:438} INFO - 75  Superhero        The Fever King  ...  Jun 30, 2019   like70,028
[2024-10-26T22:17:52.271+0000] {docker.py:438} INFO - 76   Thriller     Survive to Revive  ...  Mar 31, 2023    like4,666
[2024-10-26T22:17:52.271+0000] {docker.py:438} INFO - 77      Drama              Our Time  ...  Nov 12, 2021   like22,218
[2024-10-26T22:17:52.272+0000] {docker.py:438} INFO - 78      Drama  The Legendary Fossil  ...  Mar 20, 2022   like19,796
[2024-10-26T22:17:52.272+0000] {docker.py:438} INFO - 
[2024-10-26T22:17:52.273+0000] {docker.py:438} INFO - [79 rows x 9 columns]
[2024-10-26T22:17:53.273+0000] {taskinstance.py:340} INFO - ::group::Post task execution logs
[2024-10-26T22:17:53.275+0000] {taskinstance.py:352} INFO - Marking task as SUCCESS. dag_id=dag_etl_01, task_id=run_extract_container_E4, run_id=manual__2024-10-26T22:12:23.442491+00:00, execution_date=20241026T221223, start_date=20241026T221225, end_date=20241026T221753
[2024-10-26T22:17:53.349+0000] {local_task_job_runner.py:266} INFO - Task exited with return code 0
[2024-10-26T22:17:53.395+0000] {taskinstance.py:3900} INFO - 0 downstream tasks scheduled from follow-on schedule check
[2024-10-26T22:17:53.401+0000] {local_task_job_runner.py:245} INFO - ::endgroup::
