[2024-10-20T19:20:47.253+0000] {local_task_job_runner.py:123} INFO - ::group::Pre task execution logs
[2024-10-20T19:20:47.276+0000] {taskinstance.py:2612} INFO - Dependencies all met for dep_context=non-requeueable deps ti=<TaskInstance: dag_etl_01.run_extract_container_E2 manual__2024-10-20T19:20:43.981426+00:00 [queued]>
[2024-10-20T19:20:47.290+0000] {taskinstance.py:2612} INFO - Dependencies all met for dep_context=requeueable deps ti=<TaskInstance: dag_etl_01.run_extract_container_E2 manual__2024-10-20T19:20:43.981426+00:00 [queued]>
[2024-10-20T19:20:47.291+0000] {taskinstance.py:2865} INFO - Starting attempt 1 of 6
[2024-10-20T19:20:47.320+0000] {taskinstance.py:2888} INFO - Executing <Task(DockerOperator): run_extract_container_E2> on 2024-10-20 19:20:43.981426+00:00
[2024-10-20T19:20:47.333+0000] {warnings.py:112} WARNING - /home/***/.local/lib/python3.12/site-packages/***/task/task_runner/standard_task_runner.py:70: DeprecationWarning: This process (pid=1127) is multi-threaded, use of fork() may lead to deadlocks in the child.
  pid = os.fork()

[2024-10-20T19:20:47.335+0000] {standard_task_runner.py:72} INFO - Started process 1131 to run task
[2024-10-20T19:20:47.335+0000] {standard_task_runner.py:104} INFO - Running: ['***', 'tasks', 'run', 'dag_etl_01', 'run_extract_container_E2', 'manual__2024-10-20T19:20:43.981426+00:00', '--job-id', '6', '--raw', '--subdir', 'DAGS_FOLDER/ETL.py', '--cfg-path', '/tmp/tmp4jr3yal2']
[2024-10-20T19:20:47.337+0000] {standard_task_runner.py:105} INFO - Job 6: Subtask run_extract_container_E2
[2024-10-20T19:20:47.435+0000] {task_command.py:467} INFO - Running <TaskInstance: dag_etl_01.run_extract_container_E2 manual__2024-10-20T19:20:43.981426+00:00 [running]> on host b3fe089e5ee6
[2024-10-20T19:20:47.604+0000] {taskinstance.py:3131} INFO - Exporting env vars: AIRFLOW_CTX_DAG_OWNER='BB' AIRFLOW_CTX_DAG_ID='dag_etl_01' AIRFLOW_CTX_TASK_ID='run_extract_container_E2' AIRFLOW_CTX_EXECUTION_DATE='2024-10-20T19:20:43.981426+00:00' AIRFLOW_CTX_TRY_NUMBER='1' AIRFLOW_CTX_DAG_RUN_ID='manual__2024-10-20T19:20:43.981426+00:00'
[2024-10-20T19:20:47.605+0000] {taskinstance.py:731} INFO - ::endgroup::
[2024-10-20T19:20:47.645+0000] {docker.py:367} INFO - Starting docker container from image etl
[2024-10-20T19:20:47.649+0000] {docker.py:375} WARNING - Using remote engine or docker-in-docker and mounting temporary volume from host is not supported. Falling back to `mount_tmp_dir=False` mode. You can set `mount_tmp_dir` parameter to False to disable mounting and remove the warning
[2024-10-20T19:26:13.952+0000] {docker.py:438} INFO - End of process...
[2024-10-20T19:26:13.958+0000] {docker.py:438} INFO -    Category                              Name  ...    Date_First   Like_First
[2024-10-20T19:26:13.959+0000] {docker.py:438} INFO - 0   Fantasy                     Twilight Poem  ...   Jun 8, 2022   like56,637
[2024-10-20T19:26:13.959+0000] {docker.py:438} INFO - 1   Romance                       Age Matters  ...  Apr 21, 2018  like283,901
[2024-10-20T19:26:13.959+0000] {docker.py:438} INFO - 2   Romance                      Brass & Sass  ...  Jun 27, 2019   like91,598
[2024-10-20T19:26:13.960+0000] {docker.py:438} INFO - 3   Romance                  Nice To Meet You  ...   Jun 1, 2020  like190,647
[2024-10-20T19:26:13.960+0000] {docker.py:438} INFO - 4   Romance       My Younger Brother's Friend  ...  Aug 10, 2021   like60,513
[2024-10-20T19:26:13.960+0000] {docker.py:438} INFO - ..      ...                               ...  ...           ...          ...
[2024-10-20T19:26:13.961+0000] {docker.py:438} INFO - 72  Romance              Answer Me, My Prince  ...   Dec 1, 2022   like19,616
[2024-10-20T19:26:13.961+0000] {docker.py:438} INFO - 73   Action                Master of Villains  ...   Aug 7, 2022   like26,919
[2024-10-20T19:26:13.961+0000] {docker.py:438} INFO - 74  Fantasy                           Glacias  ...   Aug 4, 2024    like5,455
[2024-10-20T19:26:13.961+0000] {docker.py:438} INFO - 75  Romance            The Most Ordinary Girl  ...   May 4, 2022   like30,239
[2024-10-20T19:26:13.962+0000] {docker.py:438} INFO - 76    Drama  Archie Comics:\nBig Ethel Energy  ...  Sep 22, 2021   like69,240
[2024-10-20T19:26:13.962+0000] {docker.py:438} INFO - 
[2024-10-20T19:26:13.962+0000] {docker.py:438} INFO - [77 rows x 9 columns]
[2024-10-20T19:26:14.603+0000] {taskinstance.py:340} INFO - ::group::Post task execution logs
[2024-10-20T19:26:14.604+0000] {taskinstance.py:352} INFO - Marking task as SUCCESS. dag_id=dag_etl_01, task_id=run_extract_container_E2, run_id=manual__2024-10-20T19:20:43.981426+00:00, execution_date=20241020T192043, start_date=20241020T192047, end_date=20241020T192614
[2024-10-20T19:26:14.681+0000] {local_task_job_runner.py:266} INFO - Task exited with return code 0
[2024-10-20T19:26:14.726+0000] {taskinstance.py:3900} INFO - 0 downstream tasks scheduled from follow-on schedule check
[2024-10-20T19:26:14.732+0000] {local_task_job_runner.py:245} INFO - ::endgroup::
