[2024-10-26T22:12:25.901+0000] {local_task_job_runner.py:123} INFO - ::group::Pre task execution logs
[2024-10-26T22:12:25.924+0000] {taskinstance.py:2612} INFO - Dependencies all met for dep_context=non-requeueable deps ti=<TaskInstance: dag_etl_01.run_extract_container_E1 manual__2024-10-26T22:12:23.442491+00:00 [queued]>
[2024-10-26T22:12:25.935+0000] {taskinstance.py:2612} INFO - Dependencies all met for dep_context=requeueable deps ti=<TaskInstance: dag_etl_01.run_extract_container_E1 manual__2024-10-26T22:12:23.442491+00:00 [queued]>
[2024-10-26T22:12:25.936+0000] {taskinstance.py:2865} INFO - Starting attempt 1 of 6
[2024-10-26T22:12:25.951+0000] {taskinstance.py:2888} INFO - Executing <Task(DockerOperator): run_extract_container_E1> on 2024-10-26 22:12:23.442491+00:00
[2024-10-26T22:12:25.961+0000] {warnings.py:112} WARNING - /home/***/.local/lib/python3.12/site-packages/***/task/task_runner/standard_task_runner.py:70: DeprecationWarning: This process (pid=967) is multi-threaded, use of fork() may lead to deadlocks in the child.
  pid = os.fork()

[2024-10-26T22:12:25.964+0000] {standard_task_runner.py:72} INFO - Started process 979 to run task
[2024-10-26T22:12:25.965+0000] {standard_task_runner.py:104} INFO - Running: ['***', 'tasks', 'run', 'dag_etl_01', 'run_extract_container_E1', 'manual__2024-10-26T22:12:23.442491+00:00', '--job-id', '52', '--raw', '--subdir', 'DAGS_FOLDER/ETL.py', '--cfg-path', '/tmp/tmpcqp8_mlu']
[2024-10-26T22:12:25.966+0000] {standard_task_runner.py:105} INFO - Job 52: Subtask run_extract_container_E1
[2024-10-26T22:12:26.023+0000] {task_command.py:467} INFO - Running <TaskInstance: dag_etl_01.run_extract_container_E1 manual__2024-10-26T22:12:23.442491+00:00 [running]> on host bacd1900a50a
[2024-10-26T22:12:26.133+0000] {taskinstance.py:3131} INFO - Exporting env vars: AIRFLOW_CTX_DAG_OWNER='BB' AIRFLOW_CTX_DAG_ID='dag_etl_01' AIRFLOW_CTX_TASK_ID='run_extract_container_E1' AIRFLOW_CTX_EXECUTION_DATE='2024-10-26T22:12:23.442491+00:00' AIRFLOW_CTX_TRY_NUMBER='1' AIRFLOW_CTX_DAG_RUN_ID='manual__2024-10-26T22:12:23.442491+00:00'
[2024-10-26T22:12:26.135+0000] {taskinstance.py:731} INFO - ::endgroup::
[2024-10-26T22:12:26.165+0000] {docker.py:367} INFO - Starting docker container from image etl
[2024-10-26T22:12:26.170+0000] {docker.py:375} WARNING - Using remote engine or docker-in-docker and mounting temporary volume from host is not supported. Falling back to `mount_tmp_dir=False` mode. You can set `mount_tmp_dir` parameter to False to disable mounting and remove the warning
[2024-10-26T22:17:35.594+0000] {docker.py:438} INFO - End of process...
[2024-10-26T22:17:35.601+0000] {docker.py:438} INFO -     Category                      Name  ...    Date_First   Like_First
[2024-10-26T22:17:35.602+0000] {docker.py:438} INFO - 0    Romance       Say the Right Thing  ...  Oct 11, 2024    like6,339
[2024-10-26T22:17:35.603+0000] {docker.py:438} INFO - 1    Romance               stare down.  ...  Oct 14, 2024    like4,755
[2024-10-26T22:17:35.603+0000] {docker.py:438} INFO - 2    Romance                  Oh! Holy  ...  Oct 17, 2016  like135,250
[2024-10-26T22:17:35.604+0000] {docker.py:438} INFO - 3    Romance              Lore Olympus  ...   Mar 4, 2018  like405,655
[2024-10-26T22:17:35.604+0000] {docker.py:438} INFO - 4    Romance        Seasons of Blossom  ...  Mar 23, 2021  like149,546
[2024-10-26T22:17:35.604+0000] {docker.py:438} INFO - ..       ...                       ...  ...           ...          ...
[2024-10-26T22:17:35.605+0000] {docker.py:438} INFO - 74     Drama               The Horizon  ...  Aug 29, 2021   like43,235
[2024-10-26T22:17:35.605+0000] {docker.py:438} INFO - 75  Thriller                 It's Mine  ...  Apr 20, 2020  like151,891
[2024-10-26T22:17:35.605+0000] {docker.py:438} INFO - 76   Romance              Shadow Bride  ...  Apr 15, 2021   like60,304
[2024-10-26T22:17:35.606+0000] {docker.py:438} INFO - 77   Romance          To My First Love  ...  Dec 31, 2022   like31,372
[2024-10-26T22:17:35.606+0000] {docker.py:438} INFO - 78   Fantasy  Rewriting the Villainess  ...   Apr 7, 2022   like79,261
[2024-10-26T22:17:35.606+0000] {docker.py:438} INFO - 
[2024-10-26T22:17:35.607+0000] {docker.py:438} INFO - [79 rows x 9 columns]
[2024-10-26T22:17:37.096+0000] {taskinstance.py:340} INFO - ::group::Post task execution logs
[2024-10-26T22:17:37.097+0000] {taskinstance.py:352} INFO - Marking task as SUCCESS. dag_id=dag_etl_01, task_id=run_extract_container_E1, run_id=manual__2024-10-26T22:12:23.442491+00:00, execution_date=20241026T221223, start_date=20241026T221225, end_date=20241026T221737
[2024-10-26T22:17:37.185+0000] {local_task_job_runner.py:266} INFO - Task exited with return code 0
[2024-10-26T22:17:37.202+0000] {local_task_job_runner.py:245} INFO - ::endgroup::
