[2024-10-09T10:20:11.494+0000] {local_task_job_runner.py:123} INFO - ::group::Pre task execution logs
[2024-10-09T10:20:11.515+0000] {taskinstance.py:2612} INFO - Dependencies all met for dep_context=non-requeueable deps ti=<TaskInstance: dag_etl_01.run_extract_container_E9 manual__2024-10-09T10:15:27.346552+00:00 [queued]>
[2024-10-09T10:20:11.531+0000] {taskinstance.py:2612} INFO - Dependencies all met for dep_context=requeueable deps ti=<TaskInstance: dag_etl_01.run_extract_container_E9 manual__2024-10-09T10:15:27.346552+00:00 [queued]>
[2024-10-09T10:20:11.531+0000] {taskinstance.py:2865} INFO - Starting attempt 1 of 6
[2024-10-09T10:20:11.548+0000] {taskinstance.py:2888} INFO - Executing <Task(DockerOperator): run_extract_container_E9> on 2024-10-09 10:15:27.346552+00:00
[2024-10-09T10:20:11.556+0000] {warnings.py:112} WARNING - /home/***/.local/lib/python3.12/site-packages/***/task/task_runner/standard_task_runner.py:70: DeprecationWarning: This process (pid=424) is multi-threaded, use of fork() may lead to deadlocks in the child.
  pid = os.fork()

[2024-10-09T10:20:11.557+0000] {standard_task_runner.py:72} INFO - Started process 434 to run task
[2024-10-09T10:20:11.557+0000] {standard_task_runner.py:104} INFO - Running: ['***', 'tasks', 'run', 'dag_etl_01', 'run_extract_container_E9', 'manual__2024-10-09T10:15:27.346552+00:00', '--job-id', '146', '--raw', '--subdir', 'DAGS_FOLDER/ETL.py', '--cfg-path', '/tmp/tmp5efvsd3h']
[2024-10-09T10:20:11.558+0000] {standard_task_runner.py:105} INFO - Job 146: Subtask run_extract_container_E9
[2024-10-09T10:20:11.608+0000] {task_command.py:467} INFO - Running <TaskInstance: dag_etl_01.run_extract_container_E9 manual__2024-10-09T10:15:27.346552+00:00 [running]> on host a4706156eccf
[2024-10-09T10:20:11.720+0000] {taskinstance.py:3131} INFO - Exporting env vars: AIRFLOW_CTX_DAG_OWNER='BB' AIRFLOW_CTX_DAG_ID='dag_etl_01' AIRFLOW_CTX_TASK_ID='run_extract_container_E9' AIRFLOW_CTX_EXECUTION_DATE='2024-10-09T10:15:27.346552+00:00' AIRFLOW_CTX_TRY_NUMBER='1' AIRFLOW_CTX_DAG_RUN_ID='manual__2024-10-09T10:15:27.346552+00:00'
[2024-10-09T10:20:11.721+0000] {taskinstance.py:731} INFO - ::endgroup::
[2024-10-09T10:20:11.763+0000] {docker.py:367} INFO - Starting docker container from image etl
[2024-10-09T10:20:11.772+0000] {docker.py:375} WARNING - Using remote engine or docker-in-docker and mounting temporary volume from host is not supported. Falling back to `mount_tmp_dir=False` mode. You can set `mount_tmp_dir` parameter to False to disable mounting and remove the warning
[2024-10-09T10:29:06.290+0000] {docker.py:438} INFO - End of process...
[2024-10-09T10:29:06.291+0000] {docker.py:438} INFO -          Category                     Name  ...    Date_First  Like_First
[2024-10-09T10:29:06.291+0000] {docker.py:438} INFO - 0         Mystery          Do You Remember  ...   Jun 9, 2022  like10,230
[2024-10-09T10:29:06.291+0000] {docker.py:438} INFO - 1        Thriller            Gates of Hell  ...   Oct 6, 2022  like11,736
[2024-10-09T10:29:06.292+0000] {docker.py:438} INFO - 2          Comedy     Trailer Park Warlock  ...  Jan 25, 2019  like18,218
[2024-10-09T10:29:06.292+0000] {docker.py:438} INFO - 3         Fantasy                 Katarina  ...  Mar 28, 2023   like9,574
[2024-10-09T10:29:06.293+0000] {docker.py:438} INFO - 4          Action    GANDA: Night Defender  ...  Apr 26, 2022   like5,793
[2024-10-09T10:29:06.293+0000] {docker.py:438} INFO - ..            ...                      ...  ...           ...         ...
[2024-10-09T10:29:06.293+0000] {docker.py:438} INFO - 68      Superhero  The Red Hook: STARCROSS  ...  Apr 10, 2019   like2,346
[2024-10-09T10:29:06.294+0000] {docker.py:438} INFO - 69      Superhero    The Red Hook: War Cry  ...   Dec 6, 2017   like4,004
[2024-10-09T10:29:06.294+0000] {docker.py:438} INFO - 70      Superhero             The Red Hook  ...   Apr 6, 2016   like3,501
[2024-10-09T10:29:06.295+0000] {docker.py:438} INFO - 71  Slice of life              Lunarbaboon  ...  Aug 14, 2015  like16,230
[2024-10-09T10:29:06.295+0000] {docker.py:438} INFO - 72      Superhero                   XINK3R  ...  Sep 16, 2015   like9,270
[2024-10-09T10:29:06.296+0000] {docker.py:438} INFO - 
[2024-10-09T10:29:06.296+0000] {docker.py:438} INFO - [73 rows x 9 columns]
[2024-10-09T10:29:06.693+0000] {taskinstance.py:340} INFO - ::group::Post task execution logs
[2024-10-09T10:29:06.693+0000] {taskinstance.py:352} INFO - Marking task as SUCCESS. dag_id=dag_etl_01, task_id=run_extract_container_E9, run_id=manual__2024-10-09T10:15:27.346552+00:00, execution_date=20241009T101527, start_date=20241009T102011, end_date=20241009T102906
[2024-10-09T10:29:06.747+0000] {local_task_job_runner.py:266} INFO - Task exited with return code 0
[2024-10-09T10:29:06.759+0000] {local_task_job_runner.py:245} INFO - ::endgroup::
