[2024-10-26T22:27:14.079+0000] {local_task_job_runner.py:123} INFO - ::group::Pre task execution logs
[2024-10-26T22:27:14.098+0000] {taskinstance.py:2612} INFO - Dependencies all met for dep_context=non-requeueable deps ti=<TaskInstance: dag_etl_01.run_transform_container_T manual__2024-10-26T22:12:23.442491+00:00 [queued]>
[2024-10-26T22:27:14.108+0000] {taskinstance.py:2612} INFO - Dependencies all met for dep_context=requeueable deps ti=<TaskInstance: dag_etl_01.run_transform_container_T manual__2024-10-26T22:12:23.442491+00:00 [queued]>
[2024-10-26T22:27:14.108+0000] {taskinstance.py:2865} INFO - Starting attempt 1 of 6
[2024-10-26T22:27:14.122+0000] {taskinstance.py:2888} INFO - Executing <Task(DockerOperator): run_transform_container_T> on 2024-10-26 22:12:23.442491+00:00
[2024-10-26T22:27:14.131+0000] {warnings.py:112} WARNING - /home/***/.local/lib/python3.12/site-packages/***/task/task_runner/standard_task_runner.py:70: DeprecationWarning: This process (pid=1180) is multi-threaded, use of fork() may lead to deadlocks in the child.
  pid = os.fork()

[2024-10-26T22:27:14.133+0000] {standard_task_runner.py:72} INFO - Started process 1181 to run task
[2024-10-26T22:27:14.133+0000] {standard_task_runner.py:104} INFO - Running: ['***', 'tasks', 'run', 'dag_etl_01', 'run_transform_container_T', 'manual__2024-10-26T22:12:23.442491+00:00', '--job-id', '61', '--raw', '--subdir', 'DAGS_FOLDER/ETL.py', '--cfg-path', '/tmp/tmp1e5lf9fm']
[2024-10-26T22:27:14.134+0000] {standard_task_runner.py:105} INFO - Job 61: Subtask run_transform_container_T
[2024-10-26T22:27:14.178+0000] {task_command.py:467} INFO - Running <TaskInstance: dag_etl_01.run_transform_container_T manual__2024-10-26T22:12:23.442491+00:00 [running]> on host bacd1900a50a
[2024-10-26T22:27:14.269+0000] {taskinstance.py:3131} INFO - Exporting env vars: AIRFLOW_CTX_DAG_OWNER='BB' AIRFLOW_CTX_DAG_ID='dag_etl_01' AIRFLOW_CTX_TASK_ID='run_transform_container_T' AIRFLOW_CTX_EXECUTION_DATE='2024-10-26T22:12:23.442491+00:00' AIRFLOW_CTX_TRY_NUMBER='1' AIRFLOW_CTX_DAG_RUN_ID='manual__2024-10-26T22:12:23.442491+00:00'
[2024-10-26T22:27:14.269+0000] {taskinstance.py:731} INFO - ::endgroup::
[2024-10-26T22:27:14.294+0000] {docker.py:367} INFO - Starting docker container from image etl
[2024-10-26T22:27:14.297+0000] {docker.py:375} WARNING - Using remote engine or docker-in-docker and mounting temporary volume from host is not supported. Falling back to `mount_tmp_dir=False` mode. You can set `mount_tmp_dir` parameter to False to disable mounting and remove the warning
[2024-10-26T22:27:15.070+0000] {docker.py:438} INFO - Category                         Name  ... Date_First Like_First
[2024-10-26T22:27:15.071+0000] {docker.py:438} INFO - 0          Romance          Say the Right Thing  ... 2024-10-11       6339
[2024-10-26T22:27:15.071+0000] {docker.py:438} INFO - 1          Romance                  stare down.  ... 2024-10-14       4755
[2024-10-26T22:27:15.071+0000] {docker.py:438} INFO - 2          Romance                     Oh! Holy  ... 2016-10-17     135250
[2024-10-26T22:27:15.072+0000] {docker.py:438} INFO - 3          Romance                 Lore Olympus  ... 2018-03-04     405655
[2024-10-26T22:27:15.072+0000] {docker.py:438} INFO - 4          Romance           Seasons of Blossom  ... 2021-03-23     149546
[2024-10-26T22:27:15.073+0000] {docker.py:438} INFO - ..             ...                          ...  ...        ...        ...
[2024-10-26T22:27:15.073+0000] {docker.py:438} INFO - 785  Slice of life  The Life of the Three Bears  ... 2015-02-23       3826
[2024-10-26T22:27:15.073+0000] {docker.py:438} INFO - 786  Slice of life                Jingle Jungle  ... 2014-08-27       2084
[2024-10-26T22:27:15.074+0000] {docker.py:438} INFO - 787         Sci-fi           2015: Space Series  ... 2015-02-25       8461
[2024-10-26T22:27:15.074+0000] {docker.py:438} INFO - 788         Comedy                Library Ghost  ... 2014-07-18      11031
[2024-10-26T22:27:15.074+0000] {docker.py:438} INFO - 789         Comedy                       Epic V  ... 2014-12-02       1273
[2024-10-26T22:27:15.075+0000] {docker.py:438} INFO - 
[2024-10-26T22:27:15.075+0000] {docker.py:438} INFO - [790 rows x 9 columns]
[2024-10-26T22:27:15.324+0000] {taskinstance.py:340} INFO - ::group::Post task execution logs
[2024-10-26T22:27:15.325+0000] {taskinstance.py:352} INFO - Marking task as SUCCESS. dag_id=dag_etl_01, task_id=run_transform_container_T, run_id=manual__2024-10-26T22:12:23.442491+00:00, execution_date=20241026T221223, start_date=20241026T222714, end_date=20241026T222715
[2024-10-26T22:27:15.353+0000] {local_task_job_runner.py:266} INFO - Task exited with return code 0
[2024-10-26T22:27:15.376+0000] {taskinstance.py:3900} INFO - 1 downstream tasks scheduled from follow-on schedule check
[2024-10-26T22:27:15.377+0000] {local_task_job_runner.py:245} INFO - ::endgroup::
