[2024-10-08T22:13:23.724+0000] {local_task_job_runner.py:123} INFO - ::group::Pre task execution logs
[2024-10-08T22:13:23.742+0000] {taskinstance.py:2612} INFO - Dependencies all met for dep_context=non-requeueable deps ti=<TaskInstance: dag_etl_004.run_extract_container_E6 manual__2024-10-08T21:51:57.135226+00:00 [queued]>
[2024-10-08T22:13:23.751+0000] {taskinstance.py:2612} INFO - Dependencies all met for dep_context=requeueable deps ti=<TaskInstance: dag_etl_004.run_extract_container_E6 manual__2024-10-08T21:51:57.135226+00:00 [queued]>
[2024-10-08T22:13:23.751+0000] {taskinstance.py:2865} INFO - Starting attempt 2 of 7
[2024-10-08T22:13:23.765+0000] {taskinstance.py:2888} INFO - Executing <Task(DockerOperator): run_extract_container_E6> on 2024-10-08 21:51:57.135226+00:00
[2024-10-08T22:13:23.774+0000] {warnings.py:112} WARNING - /home/***/.local/lib/python3.12/site-packages/***/task/task_runner/standard_task_runner.py:70: DeprecationWarning: This process (pid=1448) is multi-threaded, use of fork() may lead to deadlocks in the child.
  pid = os.fork()

[2024-10-08T22:13:23.776+0000] {standard_task_runner.py:72} INFO - Started process 1456 to run task
[2024-10-08T22:13:23.777+0000] {standard_task_runner.py:104} INFO - Running: ['***', 'tasks', 'run', 'dag_etl_004', 'run_extract_container_E6', 'manual__2024-10-08T21:51:57.135226+00:00', '--job-id', '118', '--raw', '--subdir', 'DAGS_FOLDER/ETL.py', '--cfg-path', '/tmp/tmp2fv8g5wa']
[2024-10-08T22:13:23.779+0000] {standard_task_runner.py:105} INFO - Job 118: Subtask run_extract_container_E6
[2024-10-08T22:13:23.826+0000] {task_command.py:467} INFO - Running <TaskInstance: dag_etl_004.run_extract_container_E6 manual__2024-10-08T21:51:57.135226+00:00 [running]> on host a4706156eccf
[2024-10-08T22:13:23.912+0000] {taskinstance.py:3131} INFO - Exporting env vars: AIRFLOW_CTX_DAG_OWNER='BB' AIRFLOW_CTX_DAG_ID='dag_etl_004' AIRFLOW_CTX_TASK_ID='run_extract_container_E6' AIRFLOW_CTX_EXECUTION_DATE='2024-10-08T21:51:57.135226+00:00' AIRFLOW_CTX_TRY_NUMBER='2' AIRFLOW_CTX_DAG_RUN_ID='manual__2024-10-08T21:51:57.135226+00:00'
[2024-10-08T22:13:23.913+0000] {taskinstance.py:731} INFO - ::endgroup::
[2024-10-08T22:13:23.938+0000] {docker.py:367} INFO - Starting docker container from image etl
[2024-10-08T22:13:23.941+0000] {docker.py:375} WARNING - Using remote engine or docker-in-docker and mounting temporary volume from host is not supported. Falling back to `mount_tmp_dir=False` mode. You can set `mount_tmp_dir` parameter to False to disable mounting and remove the warning
[2024-10-08T22:17:54.365+0000] {docker.py:438} INFO - End of process...
[2024-10-08T22:17:54.366+0000] {docker.py:438} INFO -       Category                   Name  ...    Date_First  Like_First
[2024-10-08T22:17:54.367+0000] {docker.py:438} INFO - 0     Thriller          Night Fishing  ...  Oct 30, 2022   like4,390
[2024-10-08T22:17:54.367+0000] {docker.py:438} INFO - 1     Thriller  Pie Game (The 8 Show)  ...  Aug 29, 2023   like2,529
[2024-10-08T22:17:54.368+0000] {docker.py:438} INFO - 2        Drama   No Longer A Heroine!  ...  Nov 30, 2020  like74,299
[2024-10-08T22:17:54.368+0000] {docker.py:438} INFO - 3     Thriller                  Grasp  ...  Jul 25, 2021  like13,187
[2024-10-08T22:17:54.368+0000] {docker.py:438} INFO - 4      Fantasy          The Wendybird  ...  Mar 20, 2021  like47,430
[2024-10-08T22:17:54.369+0000] {docker.py:438} INFO - ..         ...                    ...  ...           ...         ...
[2024-10-08T22:17:54.369+0000] {docker.py:438} INFO - 68     Romance          A Fake Affair  ...   Jan 3, 2022   like8,524
[2024-10-08T22:17:54.369+0000] {docker.py:438} INFO - 69       Drama       The Golden Spoon  ...  Jul 19, 2021  like10,800
[2024-10-08T22:17:54.369+0000] {docker.py:438} INFO - 70  Historical  The Weight of Our Sky  ...   Oct 9, 2019  like46,405
[2024-10-08T22:17:54.370+0000] {docker.py:438} INFO - 71     Fantasy  Corpse Knight Gunther  ...  Jan 21, 2023  like19,339
[2024-10-08T22:17:54.370+0000] {docker.py:438} INFO - 72      Action           The Retreats  ...  Jan 30, 2022   like5,777
[2024-10-08T22:17:54.370+0000] {docker.py:438} INFO - 
[2024-10-08T22:17:54.370+0000] {docker.py:438} INFO - [73 rows x 9 columns]
[2024-10-08T22:17:54.964+0000] {taskinstance.py:340} INFO - ::group::Post task execution logs
[2024-10-08T22:17:54.965+0000] {taskinstance.py:352} INFO - Marking task as SUCCESS. dag_id=dag_etl_004, task_id=run_extract_container_E6, run_id=manual__2024-10-08T21:51:57.135226+00:00, execution_date=20241008T215157, start_date=20241008T221323, end_date=20241008T221754
[2024-10-08T22:17:55.025+0000] {local_task_job_runner.py:266} INFO - Task exited with return code 0
[2024-10-08T22:17:55.050+0000] {taskinstance.py:3900} INFO - 0 downstream tasks scheduled from follow-on schedule check
[2024-10-08T22:17:55.057+0000] {local_task_job_runner.py:245} INFO - ::endgroup::
