[2024-10-20T19:26:25.045+0000] {local_task_job_runner.py:123} INFO - ::group::Pre task execution logs
[2024-10-20T19:26:25.069+0000] {taskinstance.py:2612} INFO - Dependencies all met for dep_context=non-requeueable deps ti=<TaskInstance: dag_etl_01.run_extract_container_E9 manual__2024-10-20T19:20:43.981426+00:00 [queued]>
[2024-10-20T19:26:25.081+0000] {taskinstance.py:2612} INFO - Dependencies all met for dep_context=requeueable deps ti=<TaskInstance: dag_etl_01.run_extract_container_E9 manual__2024-10-20T19:20:43.981426+00:00 [queued]>
[2024-10-20T19:26:25.082+0000] {taskinstance.py:2865} INFO - Starting attempt 1 of 6
[2024-10-20T19:26:25.099+0000] {taskinstance.py:2888} INFO - Executing <Task(DockerOperator): run_extract_container_E9> on 2024-10-20 19:20:43.981426+00:00
[2024-10-20T19:26:25.110+0000] {warnings.py:112} WARNING - /home/***/.local/lib/python3.12/site-packages/***/task/task_runner/standard_task_runner.py:70: DeprecationWarning: This process (pid=1205) is multi-threaded, use of fork() may lead to deadlocks in the child.
  pid = os.fork()

[2024-10-20T19:26:25.112+0000] {standard_task_runner.py:72} INFO - Started process 1207 to run task
[2024-10-20T19:26:25.112+0000] {standard_task_runner.py:104} INFO - Running: ['***', 'tasks', 'run', 'dag_etl_01', 'run_extract_container_E9', 'manual__2024-10-20T19:20:43.981426+00:00', '--job-id', '9', '--raw', '--subdir', 'DAGS_FOLDER/ETL.py', '--cfg-path', '/tmp/tmp_o85la01']
[2024-10-20T19:26:25.113+0000] {standard_task_runner.py:105} INFO - Job 9: Subtask run_extract_container_E9
[2024-10-20T19:26:25.177+0000] {task_command.py:467} INFO - Running <TaskInstance: dag_etl_01.run_extract_container_E9 manual__2024-10-20T19:20:43.981426+00:00 [running]> on host b3fe089e5ee6
[2024-10-20T19:26:25.290+0000] {taskinstance.py:3131} INFO - Exporting env vars: AIRFLOW_CTX_DAG_OWNER='BB' AIRFLOW_CTX_DAG_ID='dag_etl_01' AIRFLOW_CTX_TASK_ID='run_extract_container_E9' AIRFLOW_CTX_EXECUTION_DATE='2024-10-20T19:20:43.981426+00:00' AIRFLOW_CTX_TRY_NUMBER='1' AIRFLOW_CTX_DAG_RUN_ID='manual__2024-10-20T19:20:43.981426+00:00'
[2024-10-20T19:26:25.291+0000] {taskinstance.py:731} INFO - ::endgroup::
[2024-10-20T19:26:25.327+0000] {docker.py:367} INFO - Starting docker container from image etl
[2024-10-20T19:26:25.333+0000] {docker.py:375} WARNING - Using remote engine or docker-in-docker and mounting temporary volume from host is not supported. Falling back to `mount_tmp_dir=False` mode. You can set `mount_tmp_dir` parameter to False to disable mounting and remove the warning
[2024-10-20T19:35:44.709+0000] {docker.py:438} INFO - End of process...
[2024-10-20T19:35:44.710+0000] {docker.py:438} INFO -          Category                  Name  ...    Date_First  Like_First
[2024-10-20T19:35:44.710+0000] {docker.py:438} INFO - 0           Drama    Da Yomanville Gang  ...  Apr 16, 2019  like35,347
[2024-10-20T19:35:44.710+0000] {docker.py:438} INFO - 1        Thriller         Gates of Hell  ...   Oct 6, 2022  like11,744
[2024-10-20T19:35:44.711+0000] {docker.py:438} INFO - 2          Comedy  Trailer Park Warlock  ...  Jan 25, 2019  like18,236
[2024-10-20T19:35:44.711+0000] {docker.py:438} INFO - 3         Fantasy              Katarina  ...  Mar 28, 2023   like9,578
[2024-10-20T19:35:44.711+0000] {docker.py:438} INFO - 4         Fantasy    Cydonia Shattering  ...   Feb 8, 2022  like15,081
[2024-10-20T19:35:44.711+0000] {docker.py:438} INFO - ..            ...                   ...  ...           ...         ...
[2024-10-20T19:35:44.712+0000] {docker.py:438} INFO - 72  Slice of life          As Per Usual  ...  Jan 18, 2016  like50,014
[2024-10-20T19:35:44.712+0000] {docker.py:438} INFO - 73         Comedy       dustinteractive  ...  Dec 23, 2016  like31,951
[2024-10-20T19:35:44.712+0000] {docker.py:438} INFO - 74          Drama   New Normal: Class 8  ...   Jul 1, 2014  like19,204
[2024-10-20T19:35:44.712+0000] {docker.py:438} INFO - 75   Supernatural          Soul on Hold  ...  Aug 28, 2019  like33,760
[2024-10-20T19:35:44.713+0000] {docker.py:438} INFO - 76         Sports     Skate!!! Fire 100  ...  Jul 20, 2019  like13,872
[2024-10-20T19:35:44.713+0000] {docker.py:438} INFO - 
[2024-10-20T19:35:44.713+0000] {docker.py:438} INFO - [77 rows x 9 columns]
[2024-10-20T19:35:45.413+0000] {taskinstance.py:340} INFO - ::group::Post task execution logs
[2024-10-20T19:35:45.413+0000] {taskinstance.py:352} INFO - Marking task as SUCCESS. dag_id=dag_etl_01, task_id=run_extract_container_E9, run_id=manual__2024-10-20T19:20:43.981426+00:00, execution_date=20241020T192043, start_date=20241020T192625, end_date=20241020T193545
[2024-10-20T19:35:45.467+0000] {local_task_job_runner.py:266} INFO - Task exited with return code 0
[2024-10-20T19:35:45.496+0000] {taskinstance.py:3900} INFO - 0 downstream tasks scheduled from follow-on schedule check
[2024-10-20T19:35:45.497+0000] {local_task_job_runner.py:245} INFO - ::endgroup::
