[2024-10-08T15:06:01.273+0000] {local_task_job_runner.py:123} INFO - ::group::Pre task execution logs
[2024-10-08T15:06:01.290+0000] {taskinstance.py:2612} INFO - Dependencies all met for dep_context=non-requeueable deps ti=<TaskInstance: dag_etl_001.run_extract_container_1 manual__2024-10-08T13:47:41.063357+00:00 [queued]>
[2024-10-08T15:06:01.297+0000] {taskinstance.py:2612} INFO - Dependencies all met for dep_context=requeueable deps ti=<TaskInstance: dag_etl_001.run_extract_container_1 manual__2024-10-08T13:47:41.063357+00:00 [queued]>
[2024-10-08T15:06:01.297+0000] {taskinstance.py:2865} INFO - Starting attempt 5 of 10
[2024-10-08T15:06:01.308+0000] {taskinstance.py:2888} INFO - Executing <Task(DockerOperator): run_extract_container_1> on 2024-10-08 13:47:41.063357+00:00
[2024-10-08T15:06:01.315+0000] {warnings.py:112} WARNING - /home/***/.local/lib/python3.12/site-packages/***/task/task_runner/standard_task_runner.py:70: DeprecationWarning: This process (pid=93) is multi-threaded, use of fork() may lead to deadlocks in the child.
  pid = os.fork()

[2024-10-08T15:06:01.316+0000] {standard_task_runner.py:72} INFO - Started process 94 to run task
[2024-10-08T15:06:01.317+0000] {standard_task_runner.py:104} INFO - Running: ['***', 'tasks', 'run', 'dag_etl_001', 'run_extract_container_1', 'manual__2024-10-08T13:47:41.063357+00:00', '--job-id', '65', '--raw', '--subdir', 'DAGS_FOLDER/ETL.py', '--cfg-path', '/tmp/tmpcf_amn6p']
[2024-10-08T15:06:01.318+0000] {standard_task_runner.py:105} INFO - Job 65: Subtask run_extract_container_1
[2024-10-08T15:06:01.363+0000] {task_command.py:467} INFO - Running <TaskInstance: dag_etl_001.run_extract_container_1 manual__2024-10-08T13:47:41.063357+00:00 [running]> on host a4706156eccf
[2024-10-08T15:06:01.444+0000] {taskinstance.py:3131} INFO - Exporting env vars: AIRFLOW_CTX_DAG_OWNER='BB' AIRFLOW_CTX_DAG_ID='dag_etl_001' AIRFLOW_CTX_TASK_ID='run_extract_container_1' AIRFLOW_CTX_EXECUTION_DATE='2024-10-08T13:47:41.063357+00:00' AIRFLOW_CTX_TRY_NUMBER='5' AIRFLOW_CTX_DAG_RUN_ID='manual__2024-10-08T13:47:41.063357+00:00'
[2024-10-08T15:06:01.445+0000] {taskinstance.py:731} INFO - ::endgroup::
[2024-10-08T15:06:01.474+0000] {docker.py:367} INFO - Starting docker container from image etl
[2024-10-08T15:06:01.479+0000] {docker.py:375} WARNING - Using remote engine or docker-in-docker and mounting temporary volume from host is not supported. Falling back to `mount_tmp_dir=False` mode. You can set `mount_tmp_dir` parameter to False to disable mounting and remove the warning
[2024-10-08T15:08:48.539+0000] {docker.py:438} INFO - End of process...
[2024-10-08T15:08:48.539+0000] {docker.py:438} INFO -         Category  ...   Like_First
[2024-10-08T15:08:48.540+0000] {docker.py:438} INFO - 0        Romance  ...  like405,350
[2024-10-08T15:08:48.540+0000] {docker.py:438} INFO - 1        Romance  ...   like70,782
[2024-10-08T15:08:48.541+0000] {docker.py:438} INFO - 2          Drama  ...   like20,088
[2024-10-08T15:08:48.541+0000] {docker.py:438} INFO - 3        Romance  ...  like219,944
[2024-10-08T15:08:48.541+0000] {docker.py:438} INFO - 4        Romance  ...  like188,135
[2024-10-08T15:08:48.541+0000] {docker.py:438} INFO - 5        Romance  ...  like127,243
[2024-10-08T15:08:48.542+0000] {docker.py:438} INFO - 6        Romance  ...   like46,338
[2024-10-08T15:08:48.542+0000] {docker.py:438} INFO - 7        Romance  ...   like57,171
[2024-10-08T15:08:48.542+0000] {docker.py:438} INFO - 8        Romance  ...  like499,629
[2024-10-08T15:08:48.542+0000] {docker.py:438} INFO - 9          Drama  ...  like127,786
[2024-10-08T15:08:48.543+0000] {docker.py:438} INFO - 10       Fantasy  ...  like260,420
[2024-10-08T15:08:48.543+0000] {docker.py:438} INFO - 11         Drama  ...   like73,383
[2024-10-08T15:08:48.543+0000] {docker.py:438} INFO - 12       Romance  ...  like176,035
[2024-10-08T15:08:48.543+0000] {docker.py:438} INFO - 13       Fantasy  ...  like161,112
[2024-10-08T15:08:48.544+0000] {docker.py:438} INFO - 14       Romance  ...  like186,939
[2024-10-08T15:08:48.544+0000] {docker.py:438} INFO - 15       Romance  ...   like30,741
[2024-10-08T15:08:48.544+0000] {docker.py:438} INFO - 16         Drama  ...   like43,134
[2024-10-08T15:08:48.544+0000] {docker.py:438} INFO - 17       Romance  ...  like247,670
[2024-10-08T15:08:48.545+0000] {docker.py:438} INFO - 18      Thriller  ...  like177,960
[2024-10-08T15:08:48.545+0000] {docker.py:438} INFO - 19       Romance  ...  like183,763
[2024-10-08T15:08:48.545+0000] {docker.py:438} INFO - 20        Sports  ...  like172,060
[2024-10-08T15:08:48.545+0000] {docker.py:438} INFO - 21        Comedy  ...  like229,514
[2024-10-08T15:08:48.546+0000] {docker.py:438} INFO - 22       Romance  ...   like27,522
[2024-10-08T15:08:48.546+0000] {docker.py:438} INFO - 23        Comedy  ...  like180,183
[2024-10-08T15:08:48.546+0000] {docker.py:438} INFO - 24       Fantasy  ...  like121,795
[2024-10-08T15:08:48.546+0000] {docker.py:438} INFO - 25       Romance  ...   like73,870
[2024-10-08T15:08:48.547+0000] {docker.py:438} INFO - 26       Romance  ...  like178,164
[2024-10-08T15:08:48.547+0000] {docker.py:438} INFO - 27        Action  ...  like154,223
[2024-10-08T15:08:48.547+0000] {docker.py:438} INFO - 28       Romance  ...   like87,018
[2024-10-08T15:08:48.547+0000] {docker.py:438} INFO - 29       Romance  ...   like92,132
[2024-10-08T15:08:48.547+0000] {docker.py:438} INFO - 30       Romance  ...  like148,114
[2024-10-08T15:08:48.548+0000] {docker.py:438} INFO - 31       Fantasy  ...  like115,379
[2024-10-08T15:08:48.548+0000] {docker.py:438} INFO - 32       Romance  ...   like87,747
[2024-10-08T15:08:48.548+0000] {docker.py:438} INFO - 33       Romance  ...  like316,022
[2024-10-08T15:08:48.548+0000] {docker.py:438} INFO - 34       Romance  ...   like29,819
[2024-10-08T15:08:48.549+0000] {docker.py:438} INFO - 35      Thriller  ...  like283,660
[2024-10-08T15:08:48.549+0000] {docker.py:438} INFO - 36       Romance  ...   like96,396
[2024-10-08T15:08:48.549+0000] {docker.py:438} INFO - 37       Romance  ...   like27,674
[2024-10-08T15:08:48.549+0000] {docker.py:438} INFO - 38       Fantasy  ...   like22,432
[2024-10-08T15:08:48.549+0000] {docker.py:438} INFO - 39       Romance  ...   like56,571
[2024-10-08T15:08:48.550+0000] {docker.py:438} INFO - 40       Romance  ...  like115,086
[2024-10-08T15:08:48.550+0000] {docker.py:438} INFO - 41        Comedy  ...  like211,180
[2024-10-08T15:08:48.550+0000] {docker.py:438} INFO - 42       Fantasy  ...  like191,563
[2024-10-08T15:08:48.550+0000] {docker.py:438} INFO - 43       Romance  ...  like127,434
[2024-10-08T15:08:48.551+0000] {docker.py:438} INFO - 44       Romance  ...   like87,318
[2024-10-08T15:08:48.551+0000] {docker.py:438} INFO - 45       Fantasy  ...  like105,239
[2024-10-08T15:08:48.551+0000] {docker.py:438} INFO - 46       Romance  ...   like32,080
[2024-10-08T15:08:48.551+0000] {docker.py:438} INFO - 47       Romance  ...  like190,596
[2024-10-08T15:08:48.552+0000] {docker.py:438} INFO - 48        Action  ...   like56,162
[2024-10-08T15:08:48.552+0000] {docker.py:438} INFO - 49  Supernatural  ...  like112,509
[2024-10-08T15:08:48.552+0000] {docker.py:438} INFO - 
[2024-10-08T15:08:48.552+0000] {docker.py:438} INFO - [50 rows x 9 columns]
[2024-10-08T15:08:48.863+0000] {taskinstance.py:340} INFO - ::group::Post task execution logs
[2024-10-08T15:08:48.863+0000] {taskinstance.py:352} INFO - Marking task as SUCCESS. dag_id=dag_etl_001, task_id=run_extract_container_1, run_id=manual__2024-10-08T13:47:41.063357+00:00, execution_date=20241008T134741, start_date=20241008T150601, end_date=20241008T150848
[2024-10-08T15:08:48.902+0000] {local_task_job_runner.py:266} INFO - Task exited with return code 0
[2024-10-08T15:08:48.924+0000] {taskinstance.py:3900} INFO - 1 downstream tasks scheduled from follow-on schedule check
[2024-10-08T15:08:48.926+0000] {local_task_job_runner.py:245} INFO - ::endgroup::
