[2024-10-20T19:20:47.253+0000] {local_task_job_runner.py:123} INFO - ::group::Pre task execution logs
[2024-10-20T19:20:47.277+0000] {taskinstance.py:2612} INFO - Dependencies all met for dep_context=non-requeueable deps ti=<TaskInstance: dag_etl_01.run_extract_container_E4 manual__2024-10-20T19:20:43.981426+00:00 [queued]>
[2024-10-20T19:20:47.291+0000] {taskinstance.py:2612} INFO - Dependencies all met for dep_context=requeueable deps ti=<TaskInstance: dag_etl_01.run_extract_container_E4 manual__2024-10-20T19:20:43.981426+00:00 [queued]>
[2024-10-20T19:20:47.291+0000] {taskinstance.py:2865} INFO - Starting attempt 1 of 6
[2024-10-20T19:20:47.348+0000] {taskinstance.py:2888} INFO - Executing <Task(DockerOperator): run_extract_container_E4> on 2024-10-20 19:20:43.981426+00:00
[2024-10-20T19:20:47.362+0000] {warnings.py:112} WARNING - /home/***/.local/lib/python3.12/site-packages/***/task/task_runner/standard_task_runner.py:70: DeprecationWarning: This process (pid=1126) is multi-threaded, use of fork() may lead to deadlocks in the child.
  pid = os.fork()

[2024-10-20T19:20:47.364+0000] {standard_task_runner.py:72} INFO - Started process 1137 to run task
[2024-10-20T19:20:47.365+0000] {standard_task_runner.py:104} INFO - Running: ['***', 'tasks', 'run', 'dag_etl_01', 'run_extract_container_E4', 'manual__2024-10-20T19:20:43.981426+00:00', '--job-id', '7', '--raw', '--subdir', 'DAGS_FOLDER/ETL.py', '--cfg-path', '/tmp/tmphuk6hfsv']
[2024-10-20T19:20:47.366+0000] {standard_task_runner.py:105} INFO - Job 7: Subtask run_extract_container_E4
[2024-10-20T19:20:47.456+0000] {task_command.py:467} INFO - Running <TaskInstance: dag_etl_01.run_extract_container_E4 manual__2024-10-20T19:20:43.981426+00:00 [running]> on host b3fe089e5ee6
[2024-10-20T19:20:47.601+0000] {taskinstance.py:3131} INFO - Exporting env vars: AIRFLOW_CTX_DAG_OWNER='BB' AIRFLOW_CTX_DAG_ID='dag_etl_01' AIRFLOW_CTX_TASK_ID='run_extract_container_E4' AIRFLOW_CTX_EXECUTION_DATE='2024-10-20T19:20:43.981426+00:00' AIRFLOW_CTX_TRY_NUMBER='1' AIRFLOW_CTX_DAG_RUN_ID='manual__2024-10-20T19:20:43.981426+00:00'
[2024-10-20T19:20:47.602+0000] {taskinstance.py:731} INFO - ::endgroup::
[2024-10-20T19:20:47.643+0000] {docker.py:367} INFO - Starting docker container from image etl
[2024-10-20T19:20:47.647+0000] {docker.py:375} WARNING - Using remote engine or docker-in-docker and mounting temporary volume from host is not supported. Falling back to `mount_tmp_dir=False` mode. You can set `mount_tmp_dir` parameter to False to disable mounting and remove the warning
[2024-10-20T19:26:21.941+0000] {docker.py:438} INFO - End of process...
[2024-10-20T19:26:21.948+0000] {docker.py:438} INFO -         Category              Name  ...    Date_First   Like_First
[2024-10-20T19:26:21.949+0000] {docker.py:438} INFO - 0         Sports    Ecstasy Hearts  ...  Jan 28, 2016   like79,913
[2024-10-20T19:26:21.950+0000] {docker.py:438} INFO - 1        Romance  ORANGE MARMALADE  ...   Jul 1, 2014   like67,417
[2024-10-20T19:26:21.950+0000] {docker.py:438} INFO - 2       Thriller         Class 1-9  ...  May 14, 2023   like18,269
[2024-10-20T19:26:21.951+0000] {docker.py:438} INFO - 3        Mystery     Parallel City  ...  Jun 25, 2020   like84,327
[2024-10-20T19:26:21.951+0000] {docker.py:438} INFO - 4          Drama           Seagull  ...  Oct 24, 2023    like5,200
[2024-10-20T19:26:21.952+0000] {docker.py:438} INFO - ..           ...               ...  ...           ...          ...
[2024-10-20T19:26:21.952+0000] {docker.py:438} INFO - 72       Romance       My Universe  ...  Nov 15, 2021   like37,568
[2024-10-20T19:26:21.953+0000] {docker.py:438} INFO - 73       Romance         Marry Me!  ...  Mar 16, 2020   like38,646
[2024-10-20T19:26:21.953+0000] {docker.py:438} INFO - 74       Fantasy  THE STAR SEEKERS  ...  Jan 17, 2022  like132,437
[2024-10-20T19:26:21.953+0000] {docker.py:438} INFO - 75     Superhero    The Fever King  ...  Jun 30, 2019   like70,022
[2024-10-20T19:26:21.953+0000] {docker.py:438} INFO - 76  Supernatural   Rise from Ashes  ...   Mar 8, 2017   like65,967
[2024-10-20T19:26:21.954+0000] {docker.py:438} INFO - 
[2024-10-20T19:26:21.954+0000] {docker.py:438} INFO - [77 rows x 9 columns]
[2024-10-20T19:26:22.696+0000] {taskinstance.py:340} INFO - ::group::Post task execution logs
[2024-10-20T19:26:22.697+0000] {taskinstance.py:352} INFO - Marking task as SUCCESS. dag_id=dag_etl_01, task_id=run_extract_container_E4, run_id=manual__2024-10-20T19:20:43.981426+00:00, execution_date=20241020T192043, start_date=20241020T192047, end_date=20241020T192622
[2024-10-20T19:26:22.757+0000] {local_task_job_runner.py:266} INFO - Task exited with return code 0
[2024-10-20T19:26:22.805+0000] {taskinstance.py:3900} INFO - 0 downstream tasks scheduled from follow-on schedule check
[2024-10-20T19:26:22.807+0000] {local_task_job_runner.py:245} INFO - ::endgroup::
