[2024-10-07T17:12:14.640+0000] {local_task_job_runner.py:123} INFO - ::group::Pre task execution logs
[2024-10-07T17:12:14.657+0000] {taskinstance.py:2612} INFO - Dependencies all met for dep_context=non-requeueable deps ti=<TaskInstance: dag_etl_01.run_extract_container_1 manual__2024-10-07T17:07:25.728941+00:00 [queued]>
[2024-10-07T17:12:14.664+0000] {taskinstance.py:2612} INFO - Dependencies all met for dep_context=requeueable deps ti=<TaskInstance: dag_etl_01.run_extract_container_1 manual__2024-10-07T17:07:25.728941+00:00 [queued]>
[2024-10-07T17:12:14.664+0000] {taskinstance.py:2865} INFO - Starting attempt 2 of 7
[2024-10-07T17:12:14.676+0000] {taskinstance.py:2888} INFO - Executing <Task(DockerOperator): run_extract_container_1> on 2024-10-07 17:07:25.728941+00:00
[2024-10-07T17:12:14.685+0000] {warnings.py:112} WARNING - /home/***/.local/lib/python3.12/site-packages/***/task/task_runner/standard_task_runner.py:70: DeprecationWarning: This process (pid=535) is multi-threaded, use of fork() may lead to deadlocks in the child.
  pid = os.fork()

[2024-10-07T17:12:14.686+0000] {standard_task_runner.py:72} INFO - Started process 536 to run task
[2024-10-07T17:12:14.687+0000] {standard_task_runner.py:104} INFO - Running: ['***', 'tasks', 'run', 'dag_etl_01', 'run_extract_container_1', 'manual__2024-10-07T17:07:25.728941+00:00', '--job-id', '11', '--raw', '--subdir', 'DAGS_FOLDER/ETL.py', '--cfg-path', '/tmp/tmpyvirlxlk']
[2024-10-07T17:12:14.687+0000] {standard_task_runner.py:105} INFO - Job 11: Subtask run_extract_container_1
[2024-10-07T17:12:14.729+0000] {task_command.py:467} INFO - Running <TaskInstance: dag_etl_01.run_extract_container_1 manual__2024-10-07T17:07:25.728941+00:00 [running]> on host 0e4020a450e4
[2024-10-07T17:12:14.805+0000] {taskinstance.py:3131} INFO - Exporting env vars: AIRFLOW_CTX_DAG_OWNER='BB' AIRFLOW_CTX_DAG_ID='dag_etl_01' AIRFLOW_CTX_TASK_ID='run_extract_container_1' AIRFLOW_CTX_EXECUTION_DATE='2024-10-07T17:07:25.728941+00:00' AIRFLOW_CTX_TRY_NUMBER='2' AIRFLOW_CTX_DAG_RUN_ID='manual__2024-10-07T17:07:25.728941+00:00'
[2024-10-07T17:12:14.805+0000] {taskinstance.py:731} INFO - ::endgroup::
[2024-10-07T17:12:14.826+0000] {docker.py:367} INFO - Starting docker container from image etl
[2024-10-07T17:12:14.830+0000] {docker.py:375} WARNING - Using remote engine or docker-in-docker and mounting temporary volume from host is not supported. Falling back to `mount_tmp_dir=False` mode. You can set `mount_tmp_dir` parameter to False to disable mounting and remove the warning
[2024-10-07T17:12:41.672+0000] {docker.py:438} INFO - End of process...
[2024-10-07T17:12:41.673+0000] {docker.py:438} INFO -   Category                         Name  ...    Date_First   Like_First
[2024-10-07T17:12:41.674+0000] {docker.py:438} INFO - 0  Romance                  Chasing Red  ...  Aug 22, 2023   like50,967
[2024-10-07T17:12:41.675+0000] {docker.py:438} INFO - 1  Romance                 Lore Olympus  ...   Mar 4, 2018  like405,334
[2024-10-07T17:12:41.675+0000] {docker.py:438} INFO - 2  Romance  The Male Lead's Girl Friend  ...  Sep 13, 2021   like70,774
[2024-10-07T17:12:41.676+0000] {docker.py:438} INFO - 3    Drama              I Don't Hate Us  ...  Sep 23, 2023   like20,081
[2024-10-07T17:12:41.676+0000] {docker.py:438} INFO - 4  Romance             Marry My Husband  ...  Aug 29, 2022  like219,930
[2024-10-07T17:12:41.676+0000] {docker.py:438} INFO - 
[2024-10-07T17:12:41.676+0000] {docker.py:438} INFO - [5 rows x 9 columns]
[2024-10-07T17:12:42.099+0000] {taskinstance.py:340} INFO - ::group::Post task execution logs
[2024-10-07T17:12:42.100+0000] {taskinstance.py:352} INFO - Marking task as SUCCESS. dag_id=dag_etl_01, task_id=run_extract_container_1, run_id=manual__2024-10-07T17:07:25.728941+00:00, execution_date=20241007T170725, start_date=20241007T171214, end_date=20241007T171242
[2024-10-07T17:12:42.138+0000] {local_task_job_runner.py:266} INFO - Task exited with return code 0
[2024-10-07T17:12:42.160+0000] {taskinstance.py:3900} INFO - 1 downstream tasks scheduled from follow-on schedule check
[2024-10-07T17:12:42.162+0000] {local_task_job_runner.py:245} INFO - ::endgroup::
