[2024-10-26T22:12:25.904+0000] {local_task_job_runner.py:123} INFO - ::group::Pre task execution logs
[2024-10-26T22:12:25.929+0000] {taskinstance.py:2612} INFO - Dependencies all met for dep_context=non-requeueable deps ti=<TaskInstance: dag_etl_01.run_extract_container_E2 manual__2024-10-26T22:12:23.442491+00:00 [queued]>
[2024-10-26T22:12:25.942+0000] {taskinstance.py:2612} INFO - Dependencies all met for dep_context=requeueable deps ti=<TaskInstance: dag_etl_01.run_extract_container_E2 manual__2024-10-26T22:12:23.442491+00:00 [queued]>
[2024-10-26T22:12:25.942+0000] {taskinstance.py:2865} INFO - Starting attempt 1 of 6
[2024-10-26T22:12:25.964+0000] {taskinstance.py:2888} INFO - Executing <Task(DockerOperator): run_extract_container_E2> on 2024-10-26 22:12:23.442491+00:00
[2024-10-26T22:12:25.976+0000] {warnings.py:112} WARNING - /home/***/.local/lib/python3.12/site-packages/***/task/task_runner/standard_task_runner.py:70: DeprecationWarning: This process (pid=968) is multi-threaded, use of fork() may lead to deadlocks in the child.
  pid = os.fork()

[2024-10-26T22:12:25.978+0000] {standard_task_runner.py:72} INFO - Started process 985 to run task
[2024-10-26T22:12:25.979+0000] {standard_task_runner.py:104} INFO - Running: ['***', 'tasks', 'run', 'dag_etl_01', 'run_extract_container_E2', 'manual__2024-10-26T22:12:23.442491+00:00', '--job-id', '54', '--raw', '--subdir', 'DAGS_FOLDER/ETL.py', '--cfg-path', '/tmp/tmp8xrxualg']
[2024-10-26T22:12:25.980+0000] {standard_task_runner.py:105} INFO - Job 54: Subtask run_extract_container_E2
[2024-10-26T22:12:26.039+0000] {task_command.py:467} INFO - Running <TaskInstance: dag_etl_01.run_extract_container_E2 manual__2024-10-26T22:12:23.442491+00:00 [running]> on host bacd1900a50a
[2024-10-26T22:12:26.145+0000] {taskinstance.py:3131} INFO - Exporting env vars: AIRFLOW_CTX_DAG_OWNER='BB' AIRFLOW_CTX_DAG_ID='dag_etl_01' AIRFLOW_CTX_TASK_ID='run_extract_container_E2' AIRFLOW_CTX_EXECUTION_DATE='2024-10-26T22:12:23.442491+00:00' AIRFLOW_CTX_TRY_NUMBER='1' AIRFLOW_CTX_DAG_RUN_ID='manual__2024-10-26T22:12:23.442491+00:00'
[2024-10-26T22:12:26.147+0000] {taskinstance.py:731} INFO - ::endgroup::
[2024-10-26T22:12:26.175+0000] {docker.py:367} INFO - Starting docker container from image etl
[2024-10-26T22:12:26.179+0000] {docker.py:375} WARNING - Using remote engine or docker-in-docker and mounting temporary volume from host is not supported. Falling back to `mount_tmp_dir=False` mode. You can set `mount_tmp_dir` parameter to False to disable mounting and remove the warning
[2024-10-26T22:17:40.330+0000] {docker.py:438} INFO - End of process...
[2024-10-26T22:17:40.336+0000] {docker.py:438} INFO -         Category  ...   Like_First
[2024-10-26T22:17:40.337+0000] {docker.py:438} INFO - 0        Fantasy  ...   like19,428
[2024-10-26T22:17:40.338+0000] {docker.py:438} INFO - 1          Drama  ...   like43,235
[2024-10-26T22:17:40.338+0000] {docker.py:438} INFO - 2       Thriller  ...  like151,891
[2024-10-26T22:17:40.339+0000] {docker.py:438} INFO - 3        Romance  ...   like60,304
[2024-10-26T22:17:40.339+0000] {docker.py:438} INFO - 4        Romance  ...   like31,372
[2024-10-26T22:17:40.340+0000] {docker.py:438} INFO - ..           ...  ...          ...
[2024-10-26T22:17:40.340+0000] {docker.py:438} INFO - 74      Thriller  ...   like49,679
[2024-10-26T22:17:40.340+0000] {docker.py:438} INFO - 75       Romance  ...   like13,207
[2024-10-26T22:17:40.341+0000] {docker.py:438} INFO - 76       Fantasy  ...   like15,954
[2024-10-26T22:17:40.341+0000] {docker.py:438} INFO - 77       Fantasy  ...   like27,912
[2024-10-26T22:17:40.342+0000] {docker.py:438} INFO - 78  Supernatural  ...  like112,553
[2024-10-26T22:17:40.342+0000] {docker.py:438} INFO - 
[2024-10-26T22:17:40.342+0000] {docker.py:438} INFO - [79 rows x 9 columns]
[2024-10-26T22:17:41.310+0000] {taskinstance.py:340} INFO - ::group::Post task execution logs
[2024-10-26T22:17:41.311+0000] {taskinstance.py:352} INFO - Marking task as SUCCESS. dag_id=dag_etl_01, task_id=run_extract_container_E2, run_id=manual__2024-10-26T22:12:23.442491+00:00, execution_date=20241026T221223, start_date=20241026T221225, end_date=20241026T221741
[2024-10-26T22:17:41.357+0000] {local_task_job_runner.py:266} INFO - Task exited with return code 0
[2024-10-26T22:17:41.404+0000] {taskinstance.py:3900} INFO - 0 downstream tasks scheduled from follow-on schedule check
[2024-10-26T22:17:41.412+0000] {local_task_job_runner.py:245} INFO - ::endgroup::
