[2024-10-26T22:17:55.678+0000] {local_task_job_runner.py:123} INFO - ::group::Pre task execution logs
[2024-10-26T22:17:55.699+0000] {taskinstance.py:2612} INFO - Dependencies all met for dep_context=non-requeueable deps ti=<TaskInstance: dag_etl_01.run_extract_container_E8 manual__2024-10-26T22:12:23.442491+00:00 [queued]>
[2024-10-26T22:17:55.708+0000] {taskinstance.py:2612} INFO - Dependencies all met for dep_context=requeueable deps ti=<TaskInstance: dag_etl_01.run_extract_container_E8 manual__2024-10-26T22:12:23.442491+00:00 [queued]>
[2024-10-26T22:17:55.708+0000] {taskinstance.py:2865} INFO - Starting attempt 1 of 6
[2024-10-26T22:17:55.728+0000] {taskinstance.py:2888} INFO - Executing <Task(DockerOperator): run_extract_container_E8> on 2024-10-26 22:12:23.442491+00:00
[2024-10-26T22:17:55.737+0000] {warnings.py:112} WARNING - /home/***/.local/lib/python3.12/site-packages/***/task/task_runner/standard_task_runner.py:70: DeprecationWarning: This process (pid=1051) is multi-threaded, use of fork() may lead to deadlocks in the child.
  pid = os.fork()

[2024-10-26T22:17:55.738+0000] {standard_task_runner.py:72} INFO - Started process 1057 to run task
[2024-10-26T22:17:55.738+0000] {standard_task_runner.py:104} INFO - Running: ['***', 'tasks', 'run', 'dag_etl_01', 'run_extract_container_E8', 'manual__2024-10-26T22:12:23.442491+00:00', '--job-id', '55', '--raw', '--subdir', 'DAGS_FOLDER/ETL.py', '--cfg-path', '/tmp/tmplr5gzv8a']
[2024-10-26T22:17:55.739+0000] {standard_task_runner.py:105} INFO - Job 55: Subtask run_extract_container_E8
[2024-10-26T22:17:55.786+0000] {task_command.py:467} INFO - Running <TaskInstance: dag_etl_01.run_extract_container_E8 manual__2024-10-26T22:12:23.442491+00:00 [running]> on host bacd1900a50a
[2024-10-26T22:17:55.888+0000] {taskinstance.py:3131} INFO - Exporting env vars: AIRFLOW_CTX_DAG_OWNER='BB' AIRFLOW_CTX_DAG_ID='dag_etl_01' AIRFLOW_CTX_TASK_ID='run_extract_container_E8' AIRFLOW_CTX_EXECUTION_DATE='2024-10-26T22:12:23.442491+00:00' AIRFLOW_CTX_TRY_NUMBER='1' AIRFLOW_CTX_DAG_RUN_ID='manual__2024-10-26T22:12:23.442491+00:00'
[2024-10-26T22:17:55.890+0000] {taskinstance.py:731} INFO - ::endgroup::
[2024-10-26T22:17:55.915+0000] {docker.py:367} INFO - Starting docker container from image etl
[2024-10-26T22:17:55.918+0000] {docker.py:375} WARNING - Using remote engine or docker-in-docker and mounting temporary volume from host is not supported. Falling back to `mount_tmp_dir=False` mode. You can set `mount_tmp_dir` parameter to False to disable mounting and remove the warning
[2024-10-26T22:25:37.138+0000] {docker.py:438} INFO - End of process...
[2024-10-26T22:25:37.142+0000] {docker.py:438} INFO -         Category                        Name  ...    Date_First  Like_First
[2024-10-26T22:25:37.143+0000] {docker.py:438} INFO - 0        Fantasy             Hooves of Death  ...  Feb 22, 2019  like47,268
[2024-10-26T22:25:37.143+0000] {docker.py:438} INFO - 1         Sci-fi              Room of Swords  ...  Dec 18, 2017  like74,761
[2024-10-26T22:25:37.143+0000] {docker.py:438} INFO - 2        Mystery  The Wolfman of Wulvershire  ...  Feb 11, 2020  like62,479
[2024-10-26T22:25:37.144+0000] {docker.py:438} INFO - 3         Comedy        Rewriting Extinction  ...  Dec 24, 2021  like33,145
[2024-10-26T22:25:37.144+0000] {docker.py:438} INFO - 4   Heartwarming             HEART Anthology  ...   Sep 9, 2020  like55,682
[2024-10-26T22:25:37.144+0000] {docker.py:438} INFO - ..           ...                         ...  ...           ...         ...
[2024-10-26T22:25:37.145+0000] {docker.py:438} INFO - 74         Drama          Da Yomanville Gang  ...  Apr 16, 2019  like35,350
[2024-10-26T22:25:37.145+0000] {docker.py:438} INFO - 75        Action     The Eagle and the Snake  ...  Sep 12, 2021  like22,181
[2024-10-26T22:25:37.145+0000] {docker.py:438} INFO - 76      Thriller               Gates of Hell  ...   Oct 6, 2022  like11,749
[2024-10-26T22:25:37.146+0000] {docker.py:438} INFO - 77       Fantasy          Cydonia Shattering  ...   Feb 8, 2022  like15,084
[2024-10-26T22:25:37.146+0000] {docker.py:438} INFO - 78     Superhero               Lavender Jack  ...  Jun 26, 2018  like18,447
[2024-10-26T22:25:37.146+0000] {docker.py:438} INFO - 
[2024-10-26T22:25:37.147+0000] {docker.py:438} INFO - [79 rows x 9 columns]
[2024-10-26T22:25:37.844+0000] {taskinstance.py:340} INFO - ::group::Post task execution logs
[2024-10-26T22:25:37.845+0000] {taskinstance.py:352} INFO - Marking task as SUCCESS. dag_id=dag_etl_01, task_id=run_extract_container_E8, run_id=manual__2024-10-26T22:12:23.442491+00:00, execution_date=20241026T221223, start_date=20241026T221755, end_date=20241026T222537
[2024-10-26T22:25:37.917+0000] {local_task_job_runner.py:266} INFO - Task exited with return code 0
[2024-10-26T22:25:37.954+0000] {taskinstance.py:3900} INFO - 0 downstream tasks scheduled from follow-on schedule check
[2024-10-26T22:25:37.960+0000] {local_task_job_runner.py:245} INFO - ::endgroup::
