[2024-10-09T10:15:28.759+0000] {local_task_job_runner.py:123} INFO - ::group::Pre task execution logs
[2024-10-09T10:15:28.774+0000] {taskinstance.py:2612} INFO - Dependencies all met for dep_context=non-requeueable deps ti=<TaskInstance: dag_etl_01.run_extract_container_E4 manual__2024-10-09T10:15:27.346552+00:00 [queued]>
[2024-10-09T10:15:28.782+0000] {taskinstance.py:2612} INFO - Dependencies all met for dep_context=requeueable deps ti=<TaskInstance: dag_etl_01.run_extract_container_E4 manual__2024-10-09T10:15:27.346552+00:00 [queued]>
[2024-10-09T10:15:28.783+0000] {taskinstance.py:2865} INFO - Starting attempt 1 of 6
[2024-10-09T10:15:28.795+0000] {taskinstance.py:2888} INFO - Executing <Task(DockerOperator): run_extract_container_E4> on 2024-10-09 10:15:27.346552+00:00
[2024-10-09T10:15:28.803+0000] {warnings.py:112} WARNING - /home/***/.local/lib/python3.12/site-packages/***/task/task_runner/standard_task_runner.py:70: DeprecationWarning: This process (pid=347) is multi-threaded, use of fork() may lead to deadlocks in the child.
  pid = os.fork()

[2024-10-09T10:15:28.805+0000] {standard_task_runner.py:72} INFO - Started process 353 to run task
[2024-10-09T10:15:28.805+0000] {standard_task_runner.py:104} INFO - Running: ['***', 'tasks', 'run', 'dag_etl_01', 'run_extract_container_E4', 'manual__2024-10-09T10:15:27.346552+00:00', '--job-id', '138', '--raw', '--subdir', 'DAGS_FOLDER/ETL.py', '--cfg-path', '/tmp/tmp_svcntvy']
[2024-10-09T10:15:28.807+0000] {standard_task_runner.py:105} INFO - Job 138: Subtask run_extract_container_E4
[2024-10-09T10:15:28.846+0000] {task_command.py:467} INFO - Running <TaskInstance: dag_etl_01.run_extract_container_E4 manual__2024-10-09T10:15:27.346552+00:00 [running]> on host a4706156eccf
[2024-10-09T10:15:28.924+0000] {taskinstance.py:3131} INFO - Exporting env vars: AIRFLOW_CTX_DAG_OWNER='BB' AIRFLOW_CTX_DAG_ID='dag_etl_01' AIRFLOW_CTX_TASK_ID='run_extract_container_E4' AIRFLOW_CTX_EXECUTION_DATE='2024-10-09T10:15:27.346552+00:00' AIRFLOW_CTX_TRY_NUMBER='1' AIRFLOW_CTX_DAG_RUN_ID='manual__2024-10-09T10:15:27.346552+00:00'
[2024-10-09T10:15:28.925+0000] {taskinstance.py:731} INFO - ::endgroup::
[2024-10-09T10:15:28.994+0000] {docker.py:367} INFO - Starting docker container from image etl
[2024-10-09T10:15:28.999+0000] {docker.py:375} WARNING - Using remote engine or docker-in-docker and mounting temporary volume from host is not supported. Falling back to `mount_tmp_dir=False` mode. You can set `mount_tmp_dir` parameter to False to disable mounting and remove the warning
[2024-10-09T10:20:07.955+0000] {docker.py:438} INFO - End of process...
[2024-10-09T10:20:07.957+0000] {docker.py:438} INFO -     Category                       Name  ...    Date_First   Like_First
[2024-10-09T10:20:07.958+0000] {docker.py:438} INFO - 0    Fantasy         Refund High School  ...  Apr 19, 2018  like136,525
[2024-10-09T10:20:07.958+0000] {docker.py:438} INFO - 1     Action  Ultra-Alternate Character  ...  Nov 11, 2021   like32,669
[2024-10-09T10:20:07.958+0000] {docker.py:438} INFO - 2   Thriller          To Make You Happy  ...   Apr 8, 2023   like13,497
[2024-10-09T10:20:07.958+0000] {docker.py:438} INFO - 3   Thriller     No Rose Without Thorns  ...   Jul 4, 2023    like9,633
[2024-10-09T10:20:07.958+0000] {docker.py:438} INFO - 4      Drama   My ID is Gangnam Beauty!  ...  Sep 20, 2021   like40,977
[2024-10-09T10:20:07.959+0000] {docker.py:438} INFO - ..       ...                        ...  ...           ...          ...
[2024-10-09T10:20:07.959+0000] {docker.py:438} INFO - 68   Romance          Unraveling Rumors  ...   Mar 1, 2023   like10,039
[2024-10-09T10:20:07.960+0000] {docker.py:438} INFO - 69  Thriller         Nina's Magic Chest  ...   Apr 5, 2022   like19,534
[2024-10-09T10:20:07.960+0000] {docker.py:438} INFO - 70    Sci-fi             It Was All You  ...  May 11, 2021   like42,607
[2024-10-09T10:20:07.960+0000] {docker.py:438} INFO - 71   Romance         Opposite of Always  ...   Apr 4, 2022   like26,848
[2024-10-09T10:20:07.960+0000] {docker.py:438} INFO - 72     Drama                Dark Mortal  ...  May 17, 2021   like34,496
[2024-10-09T10:20:07.960+0000] {docker.py:438} INFO - 
[2024-10-09T10:20:07.961+0000] {docker.py:438} INFO - [73 rows x 9 columns]
[2024-10-09T10:20:08.436+0000] {taskinstance.py:340} INFO - ::group::Post task execution logs
[2024-10-09T10:20:08.436+0000] {taskinstance.py:352} INFO - Marking task as SUCCESS. dag_id=dag_etl_01, task_id=run_extract_container_E4, run_id=manual__2024-10-09T10:15:27.346552+00:00, execution_date=20241009T101527, start_date=20241009T101528, end_date=20241009T102008
[2024-10-09T10:20:08.492+0000] {local_task_job_runner.py:266} INFO - Task exited with return code 0
[2024-10-09T10:20:08.522+0000] {taskinstance.py:3900} INFO - 0 downstream tasks scheduled from follow-on schedule check
[2024-10-09T10:20:08.523+0000] {local_task_job_runner.py:245} INFO - ::endgroup::
