[2024-10-20T19:46:41.589+0000] {local_task_job_runner.py:123} INFO - ::group::Pre task execution logs
[2024-10-20T19:46:41.608+0000] {taskinstance.py:2612} INFO - Dependencies all met for dep_context=non-requeueable deps ti=<TaskInstance: dag_etl_01.run_transform_container_T manual__2024-10-20T19:20:43.981426+00:00 [queued]>
[2024-10-20T19:46:41.618+0000] {taskinstance.py:2612} INFO - Dependencies all met for dep_context=requeueable deps ti=<TaskInstance: dag_etl_01.run_transform_container_T manual__2024-10-20T19:20:43.981426+00:00 [queued]>
[2024-10-20T19:46:41.618+0000] {taskinstance.py:2865} INFO - Starting attempt 1 of 6
[2024-10-20T19:46:41.632+0000] {taskinstance.py:2888} INFO - Executing <Task(DockerOperator): run_transform_container_T> on 2024-10-20 19:20:43.981426+00:00
[2024-10-20T19:46:41.641+0000] {warnings.py:112} WARNING - /home/***/.local/lib/python3.12/site-packages/***/task/task_runner/standard_task_runner.py:70: DeprecationWarning: This process (pid=1481) is multi-threaded, use of fork() may lead to deadlocks in the child.
  pid = os.fork()

[2024-10-20T19:46:41.643+0000] {standard_task_runner.py:72} INFO - Started process 1482 to run task
[2024-10-20T19:46:41.643+0000] {standard_task_runner.py:104} INFO - Running: ['***', 'tasks', 'run', 'dag_etl_01', 'run_transform_container_T', 'manual__2024-10-20T19:20:43.981426+00:00', '--job-id', '17', '--raw', '--subdir', 'DAGS_FOLDER/ETL.py', '--cfg-path', '/tmp/tmp2mz3_tbj']
[2024-10-20T19:46:41.644+0000] {standard_task_runner.py:105} INFO - Job 17: Subtask run_transform_container_T
[2024-10-20T19:46:41.691+0000] {task_command.py:467} INFO - Running <TaskInstance: dag_etl_01.run_transform_container_T manual__2024-10-20T19:20:43.981426+00:00 [running]> on host b3fe089e5ee6
[2024-10-20T19:46:41.777+0000] {taskinstance.py:3131} INFO - Exporting env vars: AIRFLOW_CTX_DAG_OWNER='BB' AIRFLOW_CTX_DAG_ID='dag_etl_01' AIRFLOW_CTX_TASK_ID='run_transform_container_T' AIRFLOW_CTX_EXECUTION_DATE='2024-10-20T19:20:43.981426+00:00' AIRFLOW_CTX_TRY_NUMBER='1' AIRFLOW_CTX_DAG_RUN_ID='manual__2024-10-20T19:20:43.981426+00:00'
[2024-10-20T19:46:41.778+0000] {taskinstance.py:731} INFO - ::endgroup::
[2024-10-20T19:46:41.801+0000] {docker.py:367} INFO - Starting docker container from image etl
[2024-10-20T19:46:41.804+0000] {docker.py:375} WARNING - Using remote engine or docker-in-docker and mounting temporary volume from host is not supported. Falling back to `mount_tmp_dir=False` mode. You can set `mount_tmp_dir` parameter to False to disable mounting and remove the warning
[2024-10-20T19:46:42.583+0000] {docker.py:438} INFO - Category                              Name  ... Date_First Like_First
[2024-10-20T19:46:42.583+0000] {docker.py:438} INFO - 0    Romance               Say the Right Thing  ... 2024-10-11       5990
[2024-10-20T19:46:42.584+0000] {docker.py:438} INFO - 1    Romance                       stare down.  ... 2024-10-14       4475
[2024-10-20T19:46:42.585+0000] {docker.py:438} INFO - 2    Romance                      Lore Olympus  ... 2018-03-04     405549
[2024-10-20T19:46:42.585+0000] {docker.py:438} INFO - 3    Romance                          Oh! Holy  ... 2016-10-17     135014
[2024-10-20T19:46:42.586+0000] {docker.py:438} INFO - 4    Romance                  Marry My Husband  ... 2022-08-29     220163
[2024-10-20T19:46:42.587+0000] {docker.py:438} INFO - ..       ...                               ...  ...        ...        ...
[2024-10-20T19:46:42.587+0000] {docker.py:438} INFO - 149  Romance              Answer Me, My Prince  ... 2022-12-01      19616
[2024-10-20T19:46:42.588+0000] {docker.py:438} INFO - 150   Action                Master of Villains  ... 2022-08-07      26919
[2024-10-20T19:46:42.588+0000] {docker.py:438} INFO - 151  Fantasy                           Glacias  ... 2024-08-04       5455
[2024-10-20T19:46:42.589+0000] {docker.py:438} INFO - 152  Romance            The Most Ordinary Girl  ... 2022-05-04      30239
[2024-10-20T19:46:42.589+0000] {docker.py:438} INFO - 153    Drama  Archie Comics:\nBig Ethel Energy  ... 2021-09-22      69240
[2024-10-20T19:46:42.589+0000] {docker.py:438} INFO - 
[2024-10-20T19:46:42.590+0000] {docker.py:438} INFO - [154 rows x 9 columns]
[2024-10-20T19:46:42.865+0000] {taskinstance.py:340} INFO - ::group::Post task execution logs
[2024-10-20T19:46:42.866+0000] {taskinstance.py:352} INFO - Marking task as SUCCESS. dag_id=dag_etl_01, task_id=run_transform_container_T, run_id=manual__2024-10-20T19:20:43.981426+00:00, execution_date=20241020T192043, start_date=20241020T194641, end_date=20241020T194642
[2024-10-20T19:46:42.902+0000] {local_task_job_runner.py:266} INFO - Task exited with return code 0
[2024-10-20T19:46:42.929+0000] {taskinstance.py:3900} INFO - 1 downstream tasks scheduled from follow-on schedule check
[2024-10-20T19:46:42.931+0000] {local_task_job_runner.py:245} INFO - ::endgroup::
