[2024-10-20T19:20:47.259+0000] {local_task_job_runner.py:123} INFO - ::group::Pre task execution logs
[2024-10-20T19:20:47.285+0000] {taskinstance.py:2612} INFO - Dependencies all met for dep_context=non-requeueable deps ti=<TaskInstance: dag_etl_01.run_extract_container_E1 manual__2024-10-20T19:20:43.981426+00:00 [queued]>
[2024-10-20T19:20:47.297+0000] {taskinstance.py:2612} INFO - Dependencies all met for dep_context=requeueable deps ti=<TaskInstance: dag_etl_01.run_extract_container_E1 manual__2024-10-20T19:20:43.981426+00:00 [queued]>
[2024-10-20T19:20:47.297+0000] {taskinstance.py:2865} INFO - Starting attempt 1 of 6
[2024-10-20T19:20:47.339+0000] {taskinstance.py:2888} INFO - Executing <Task(DockerOperator): run_extract_container_E1> on 2024-10-20 19:20:43.981426+00:00
[2024-10-20T19:20:47.354+0000] {warnings.py:112} WARNING - /home/***/.local/lib/python3.12/site-packages/***/task/task_runner/standard_task_runner.py:70: DeprecationWarning: This process (pid=1128) is multi-threaded, use of fork() may lead to deadlocks in the child.
  pid = os.fork()

[2024-10-20T19:20:47.356+0000] {standard_task_runner.py:72} INFO - Started process 1135 to run task
[2024-10-20T19:20:47.356+0000] {standard_task_runner.py:104} INFO - Running: ['***', 'tasks', 'run', 'dag_etl_01', 'run_extract_container_E1', 'manual__2024-10-20T19:20:43.981426+00:00', '--job-id', '5', '--raw', '--subdir', 'DAGS_FOLDER/ETL.py', '--cfg-path', '/tmp/tmpwmdsgpz8']
[2024-10-20T19:20:47.358+0000] {standard_task_runner.py:105} INFO - Job 5: Subtask run_extract_container_E1
[2024-10-20T19:20:47.453+0000] {task_command.py:467} INFO - Running <TaskInstance: dag_etl_01.run_extract_container_E1 manual__2024-10-20T19:20:43.981426+00:00 [running]> on host b3fe089e5ee6
[2024-10-20T19:20:47.596+0000] {taskinstance.py:3131} INFO - Exporting env vars: AIRFLOW_CTX_DAG_OWNER='BB' AIRFLOW_CTX_DAG_ID='dag_etl_01' AIRFLOW_CTX_TASK_ID='run_extract_container_E1' AIRFLOW_CTX_EXECUTION_DATE='2024-10-20T19:20:43.981426+00:00' AIRFLOW_CTX_TRY_NUMBER='1' AIRFLOW_CTX_DAG_RUN_ID='manual__2024-10-20T19:20:43.981426+00:00'
[2024-10-20T19:20:47.597+0000] {taskinstance.py:731} INFO - ::endgroup::
[2024-10-20T19:20:47.634+0000] {docker.py:367} INFO - Starting docker container from image etl
[2024-10-20T19:20:47.639+0000] {docker.py:375} WARNING - Using remote engine or docker-in-docker and mounting temporary volume from host is not supported. Falling back to `mount_tmp_dir=False` mode. You can set `mount_tmp_dir` parameter to False to disable mounting and remove the warning
[2024-10-20T19:26:09.861+0000] {docker.py:438} INFO - End of process...
[2024-10-20T19:26:09.869+0000] {docker.py:438} INFO -     Category                 Name  ...    Date_First   Like_First
[2024-10-20T19:26:09.870+0000] {docker.py:438} INFO - 0    Romance  Say the Right Thing  ...  Oct 11, 2024    like5,990
[2024-10-20T19:26:09.871+0000] {docker.py:438} INFO - 1    Romance          stare down.  ...  Oct 14, 2024    like4,475
[2024-10-20T19:26:09.872+0000] {docker.py:438} INFO - 2    Romance         Lore Olympus  ...   Mar 4, 2018  like405,549
[2024-10-20T19:26:09.873+0000] {docker.py:438} INFO - 3    Romance             Oh! Holy  ...  Oct 17, 2016  like135,014
[2024-10-20T19:26:09.874+0000] {docker.py:438} INFO - 4    Romance     Marry My Husband  ...  Aug 29, 2022  like220,163
[2024-10-20T19:26:09.874+0000] {docker.py:438} INFO - ..       ...                  ...  ...           ...          ...
[2024-10-20T19:26:09.875+0000] {docker.py:438} INFO - 72  Thriller            It's Mine  ...  Apr 20, 2020  like151,865
[2024-10-20T19:26:09.876+0000] {docker.py:438} INFO - 73   Fantasy        Twilight Poem  ...   Jun 8, 2022   like56,637
[2024-10-20T19:26:09.876+0000] {docker.py:438} INFO - 74   Romance          Age Matters  ...  Apr 21, 2018  like283,901
[2024-10-20T19:26:09.877+0000] {docker.py:438} INFO - 75   Romance         Brass & Sass  ...  Jun 27, 2019   like91,598
[2024-10-20T19:26:09.878+0000] {docker.py:438} INFO - 76   Romance     Nice To Meet You  ...   Jun 1, 2020  like190,647
[2024-10-20T19:26:09.878+0000] {docker.py:438} INFO - 
[2024-10-20T19:26:09.879+0000] {docker.py:438} INFO - [77 rows x 9 columns]
[2024-10-20T19:26:10.912+0000] {taskinstance.py:340} INFO - ::group::Post task execution logs
[2024-10-20T19:26:10.914+0000] {taskinstance.py:352} INFO - Marking task as SUCCESS. dag_id=dag_etl_01, task_id=run_extract_container_E1, run_id=manual__2024-10-20T19:20:43.981426+00:00, execution_date=20241020T192043, start_date=20241020T192047, end_date=20241020T192610
[2024-10-20T19:26:11.009+0000] {local_task_job_runner.py:266} INFO - Task exited with return code 0
[2024-10-20T19:26:11.090+0000] {taskinstance.py:3900} INFO - 0 downstream tasks scheduled from follow-on schedule check
[2024-10-20T19:26:11.093+0000] {local_task_job_runner.py:245} INFO - ::endgroup::
