[2024-10-20T19:26:25.057+0000] {local_task_job_runner.py:123} INFO - ::group::Pre task execution logs
[2024-10-20T19:26:25.082+0000] {taskinstance.py:2612} INFO - Dependencies all met for dep_context=non-requeueable deps ti=<TaskInstance: dag_etl_01.run_extract_container_E10 manual__2024-10-20T19:20:43.981426+00:00 [queued]>
[2024-10-20T19:26:25.096+0000] {taskinstance.py:2612} INFO - Dependencies all met for dep_context=requeueable deps ti=<TaskInstance: dag_etl_01.run_extract_container_E10 manual__2024-10-20T19:20:43.981426+00:00 [queued]>
[2024-10-20T19:26:25.096+0000] {taskinstance.py:2865} INFO - Starting attempt 1 of 6
[2024-10-20T19:26:25.115+0000] {taskinstance.py:2888} INFO - Executing <Task(DockerOperator): run_extract_container_E10> on 2024-10-20 19:20:43.981426+00:00
[2024-10-20T19:26:25.128+0000] {warnings.py:112} WARNING - /home/***/.local/lib/python3.12/site-packages/***/task/task_runner/standard_task_runner.py:70: DeprecationWarning: This process (pid=1202) is multi-threaded, use of fork() may lead to deadlocks in the child.
  pid = os.fork()

[2024-10-20T19:26:25.130+0000] {standard_task_runner.py:72} INFO - Started process 1215 to run task
[2024-10-20T19:26:25.131+0000] {standard_task_runner.py:104} INFO - Running: ['***', 'tasks', 'run', 'dag_etl_01', 'run_extract_container_E10', 'manual__2024-10-20T19:20:43.981426+00:00', '--job-id', '12', '--raw', '--subdir', 'DAGS_FOLDER/ETL.py', '--cfg-path', '/tmp/tmpqc3p63nf']
[2024-10-20T19:26:25.132+0000] {standard_task_runner.py:105} INFO - Job 12: Subtask run_extract_container_E10
[2024-10-20T19:26:25.195+0000] {task_command.py:467} INFO - Running <TaskInstance: dag_etl_01.run_extract_container_E10 manual__2024-10-20T19:20:43.981426+00:00 [running]> on host b3fe089e5ee6
[2024-10-20T19:26:25.295+0000] {taskinstance.py:3131} INFO - Exporting env vars: AIRFLOW_CTX_DAG_OWNER='BB' AIRFLOW_CTX_DAG_ID='dag_etl_01' AIRFLOW_CTX_TASK_ID='run_extract_container_E10' AIRFLOW_CTX_EXECUTION_DATE='2024-10-20T19:20:43.981426+00:00' AIRFLOW_CTX_TRY_NUMBER='1' AIRFLOW_CTX_DAG_RUN_ID='manual__2024-10-20T19:20:43.981426+00:00'
[2024-10-20T19:26:25.296+0000] {taskinstance.py:731} INFO - ::endgroup::
[2024-10-20T19:26:25.327+0000] {docker.py:367} INFO - Starting docker container from image etl
[2024-10-20T19:26:25.333+0000] {docker.py:375} WARNING - Using remote engine or docker-in-docker and mounting temporary volume from host is not supported. Falling back to `mount_tmp_dir=False` mode. You can set `mount_tmp_dir` parameter to False to disable mounting and remove the warning
[2024-10-20T19:35:33.295+0000] {docker.py:438} INFO - End of process...
[2024-10-20T19:35:33.296+0000] {docker.py:438} INFO -          Category                          Name  ...    Date_First  Like_First
[2024-10-20T19:35:33.296+0000] {docker.py:438} INFO - 0          Comedy               dustinteractive  ...  Dec 23, 2016  like31,951
[2024-10-20T19:35:33.297+0000] {docker.py:438} INFO - 1           Drama           New Normal: Class 8  ...   Jul 1, 2014  like19,204
[2024-10-20T19:35:33.297+0000] {docker.py:438} INFO - 2    Supernatural                  Soul on Hold  ...  Aug 28, 2019  like33,760
[2024-10-20T19:35:33.297+0000] {docker.py:438} INFO - 3          Sports             Skate!!! Fire 100  ...  Jul 20, 2019  like13,872
[2024-10-20T19:35:33.297+0000] {docker.py:438} INFO - 4    Supernatural                        S.I.D.  ...  Jun 20, 2015  like22,828
[2024-10-20T19:35:33.298+0000] {docker.py:438} INFO - ..            ...                           ...  ...           ...         ...
[2024-10-20T19:35:33.298+0000] {docker.py:438} INFO - 72  Slice of life  Midnight Rhapsody : Season 2  ...  Dec 18, 2014   like2,704
[2024-10-20T19:35:33.298+0000] {docker.py:438} INFO - 73  Slice of life                 Just Ask Yuli  ...   Mar 9, 2015   like2,950
[2024-10-20T19:35:33.298+0000] {docker.py:438} INFO - 74  Slice of life   The Life of the Three Bears  ...  Feb 23, 2015   like3,824
[2024-10-20T19:35:33.299+0000] {docker.py:438} INFO - 75  Slice of life                 Jingle Jungle  ...  Aug 27, 2014   like2,082
[2024-10-20T19:35:33.299+0000] {docker.py:438} INFO - 76         Comedy                        Epic V  ...   Dec 2, 2014   like1,273
[2024-10-20T19:35:33.299+0000] {docker.py:438} INFO - 
[2024-10-20T19:35:33.299+0000] {docker.py:438} INFO - [77 rows x 9 columns]
[2024-10-20T19:35:34.025+0000] {taskinstance.py:340} INFO - ::group::Post task execution logs
[2024-10-20T19:35:34.026+0000] {taskinstance.py:352} INFO - Marking task as SUCCESS. dag_id=dag_etl_01, task_id=run_extract_container_E10, run_id=manual__2024-10-20T19:20:43.981426+00:00, execution_date=20241020T192043, start_date=20241020T192625, end_date=20241020T193534
[2024-10-20T19:35:34.057+0000] {local_task_job_runner.py:266} INFO - Task exited with return code 0
[2024-10-20T19:35:34.087+0000] {taskinstance.py:3900} INFO - 0 downstream tasks scheduled from follow-on schedule check
[2024-10-20T19:35:34.089+0000] {local_task_job_runner.py:245} INFO - ::endgroup::
