[2024-10-09T10:29:09.465+0000] {local_task_job_runner.py:123} INFO - ::group::Pre task execution logs
[2024-10-09T10:29:09.482+0000] {taskinstance.py:2612} INFO - Dependencies all met for dep_context=non-requeueable deps ti=<TaskInstance: dag_etl_01.run_transform_container_T manual__2024-10-09T10:15:27.346552+00:00 [queued]>
[2024-10-09T10:29:09.490+0000] {taskinstance.py:2612} INFO - Dependencies all met for dep_context=requeueable deps ti=<TaskInstance: dag_etl_01.run_transform_container_T manual__2024-10-09T10:15:27.346552+00:00 [queued]>
[2024-10-09T10:29:09.490+0000] {taskinstance.py:2865} INFO - Starting attempt 1 of 6
[2024-10-09T10:29:09.501+0000] {taskinstance.py:2888} INFO - Executing <Task(DockerOperator): run_transform_container_T> on 2024-10-09 10:15:27.346552+00:00
[2024-10-09T10:29:09.507+0000] {warnings.py:112} WARNING - /home/***/.local/lib/python3.12/site-packages/***/task/task_runner/standard_task_runner.py:70: DeprecationWarning: This process (pid=551) is multi-threaded, use of fork() may lead to deadlocks in the child.
  pid = os.fork()

[2024-10-09T10:29:09.508+0000] {standard_task_runner.py:72} INFO - Started process 552 to run task
[2024-10-09T10:29:09.509+0000] {standard_task_runner.py:104} INFO - Running: ['***', 'tasks', 'run', 'dag_etl_01', 'run_transform_container_T', 'manual__2024-10-09T10:15:27.346552+00:00', '--job-id', '148', '--raw', '--subdir', 'DAGS_FOLDER/ETL.py', '--cfg-path', '/tmp/tmpo02auzgq']
[2024-10-09T10:29:09.510+0000] {standard_task_runner.py:105} INFO - Job 148: Subtask run_transform_container_T
[2024-10-09T10:29:09.548+0000] {task_command.py:467} INFO - Running <TaskInstance: dag_etl_01.run_transform_container_T manual__2024-10-09T10:15:27.346552+00:00 [running]> on host a4706156eccf
[2024-10-09T10:29:09.625+0000] {taskinstance.py:3131} INFO - Exporting env vars: AIRFLOW_CTX_DAG_OWNER='BB' AIRFLOW_CTX_DAG_ID='dag_etl_01' AIRFLOW_CTX_TASK_ID='run_transform_container_T' AIRFLOW_CTX_EXECUTION_DATE='2024-10-09T10:15:27.346552+00:00' AIRFLOW_CTX_TRY_NUMBER='1' AIRFLOW_CTX_DAG_RUN_ID='manual__2024-10-09T10:15:27.346552+00:00'
[2024-10-09T10:29:09.626+0000] {taskinstance.py:731} INFO - ::endgroup::
[2024-10-09T10:29:09.644+0000] {docker.py:367} INFO - Starting docker container from image etl
[2024-10-09T10:29:09.647+0000] {docker.py:375} WARNING - Using remote engine or docker-in-docker and mounting temporary volume from host is not supported. Falling back to `mount_tmp_dir=False` mode. You can set `mount_tmp_dir` parameter to False to disable mounting and remove the warning
[2024-10-09T10:29:10.248+0000] {docker.py:438} INFO - Category                          Name  ... Date_First Like_First
[2024-10-09T10:29:10.249+0000] {docker.py:438} INFO - 0          Romance                  Lore Olympus  ... 2018-03-04     405360
[2024-10-09T10:29:10.250+0000] {docker.py:438} INFO - 1          Romance   The Male Lead's Girl Friend  ... 2021-09-13      70788
[2024-10-09T10:29:10.250+0000] {docker.py:438} INFO - 2            Drama               I Don't Hate Us  ... 2023-09-23      20092
[2024-10-09T10:29:10.251+0000] {docker.py:438} INFO - 3          Romance              Marry My Husband  ... 2022-08-29     219961
[2024-10-09T10:29:10.251+0000] {docker.py:438} INFO - 4          Romance       See You in My 19th Life  ... 2020-12-17     188138
[2024-10-09T10:29:10.251+0000] {docker.py:438} INFO - ..             ...                           ...  ...        ...        ...
[2024-10-09T10:29:10.251+0000] {docker.py:438} INFO - 725  Slice of life  Midnight Rhapsody : Season 2  ... 2014-12-18       2702
[2024-10-09T10:29:10.252+0000] {docker.py:438} INFO - 726  Slice of life                 Just Ask Yuli  ... 2015-03-09       2949
[2024-10-09T10:29:10.252+0000] {docker.py:438} INFO - 727  Slice of life   The Life of the Three Bears  ... 2015-02-23       3821
[2024-10-09T10:29:10.252+0000] {docker.py:438} INFO - 728  Slice of life                 Jingle Jungle  ... 2014-08-27       2080
[2024-10-09T10:29:10.252+0000] {docker.py:438} INFO - 729         Comedy                        Epic V  ... 2014-12-02       1273
[2024-10-09T10:29:10.252+0000] {docker.py:438} INFO - 
[2024-10-09T10:29:10.252+0000] {docker.py:438} INFO - [730 rows x 9 columns]
[2024-10-09T10:29:10.545+0000] {taskinstance.py:340} INFO - ::group::Post task execution logs
[2024-10-09T10:29:10.545+0000] {taskinstance.py:352} INFO - Marking task as SUCCESS. dag_id=dag_etl_01, task_id=run_transform_container_T, run_id=manual__2024-10-09T10:15:27.346552+00:00, execution_date=20241009T101527, start_date=20241009T102909, end_date=20241009T102910
[2024-10-09T10:29:10.565+0000] {local_task_job_runner.py:266} INFO - Task exited with return code 0
[2024-10-09T10:29:10.587+0000] {taskinstance.py:3900} INFO - 1 downstream tasks scheduled from follow-on schedule check
[2024-10-09T10:29:10.588+0000] {local_task_job_runner.py:245} INFO - ::endgroup::
