[2024-10-20T19:26:25.050+0000] {local_task_job_runner.py:123} INFO - ::group::Pre task execution logs
[2024-10-20T19:26:25.076+0000] {taskinstance.py:2612} INFO - Dependencies all met for dep_context=non-requeueable deps ti=<TaskInstance: dag_etl_01.run_extract_container_E8 manual__2024-10-20T19:20:43.981426+00:00 [queued]>
[2024-10-20T19:26:25.089+0000] {taskinstance.py:2612} INFO - Dependencies all met for dep_context=requeueable deps ti=<TaskInstance: dag_etl_01.run_extract_container_E8 manual__2024-10-20T19:20:43.981426+00:00 [queued]>
[2024-10-20T19:26:25.090+0000] {taskinstance.py:2865} INFO - Starting attempt 1 of 6
[2024-10-20T19:26:25.106+0000] {taskinstance.py:2888} INFO - Executing <Task(DockerOperator): run_extract_container_E8> on 2024-10-20 19:20:43.981426+00:00
[2024-10-20T19:26:25.118+0000] {warnings.py:112} WARNING - /home/***/.local/lib/python3.12/site-packages/***/task/task_runner/standard_task_runner.py:70: DeprecationWarning: This process (pid=1203) is multi-threaded, use of fork() may lead to deadlocks in the child.
  pid = os.fork()

[2024-10-20T19:26:25.120+0000] {standard_task_runner.py:72} INFO - Started process 1212 to run task
[2024-10-20T19:26:25.120+0000] {standard_task_runner.py:104} INFO - Running: ['***', 'tasks', 'run', 'dag_etl_01', 'run_extract_container_E8', 'manual__2024-10-20T19:20:43.981426+00:00', '--job-id', '11', '--raw', '--subdir', 'DAGS_FOLDER/ETL.py', '--cfg-path', '/tmp/tmp6suqmeyt']
[2024-10-20T19:26:25.121+0000] {standard_task_runner.py:105} INFO - Job 11: Subtask run_extract_container_E8
[2024-10-20T19:26:25.190+0000] {task_command.py:467} INFO - Running <TaskInstance: dag_etl_01.run_extract_container_E8 manual__2024-10-20T19:20:43.981426+00:00 [running]> on host b3fe089e5ee6
[2024-10-20T19:26:25.295+0000] {taskinstance.py:3131} INFO - Exporting env vars: AIRFLOW_CTX_DAG_OWNER='BB' AIRFLOW_CTX_DAG_ID='dag_etl_01' AIRFLOW_CTX_TASK_ID='run_extract_container_E8' AIRFLOW_CTX_EXECUTION_DATE='2024-10-20T19:20:43.981426+00:00' AIRFLOW_CTX_TRY_NUMBER='1' AIRFLOW_CTX_DAG_RUN_ID='manual__2024-10-20T19:20:43.981426+00:00'
[2024-10-20T19:26:25.296+0000] {taskinstance.py:731} INFO - ::endgroup::
[2024-10-20T19:26:25.329+0000] {docker.py:367} INFO - Starting docker container from image etl
[2024-10-20T19:26:25.333+0000] {docker.py:375} WARNING - Using remote engine or docker-in-docker and mounting temporary volume from host is not supported. Falling back to `mount_tmp_dir=False` mode. You can set `mount_tmp_dir` parameter to False to disable mounting and remove the warning
[2024-10-20T19:34:06.518+0000] {docker.py:438} INFO - End of process...
[2024-10-20T19:34:06.520+0000] {docker.py:438} INFO -          Category                  Name  ...    Date_First   Like_First
[2024-10-20T19:34:06.520+0000] {docker.py:438} INFO - 0         Fantasy                  Deor  ...   Jul 6, 2019  like116,272
[2024-10-20T19:34:06.520+0000] {docker.py:438} INFO - 1         Fantasy       Hooves of Death  ...  Feb 22, 2019   like47,265
[2024-10-20T19:34:06.520+0000] {docker.py:438} INFO - 2          Comedy           Cat vs. Dog  ...  Dec 15, 2021   like20,694
[2024-10-20T19:34:06.521+0000] {docker.py:438} INFO - 3          Comedy  Rewriting Extinction  ...  Dec 24, 2021   like33,127
[2024-10-20T19:34:06.521+0000] {docker.py:438} INFO - 4    Heartwarming       HEART Anthology  ...   Sep 9, 2020   like55,662
[2024-10-20T19:34:06.521+0000] {docker.py:438} INFO - ..            ...                   ...  ...           ...          ...
[2024-10-20T19:34:06.521+0000] {docker.py:438} INFO - 72  Slice of life     Midnight Rhapsody  ...   Jul 1, 2014    like6,280
[2024-10-20T19:34:06.522+0000] {docker.py:438} INFO - 73          Drama    Da Yomanville Gang  ...  Apr 16, 2019   like35,347
[2024-10-20T19:34:06.522+0000] {docker.py:438} INFO - 74       Thriller         Gates of Hell  ...   Oct 6, 2022   like11,744
[2024-10-20T19:34:06.522+0000] {docker.py:438} INFO - 75         Comedy  Trailer Park Warlock  ...  Jan 25, 2019   like18,236
[2024-10-20T19:34:06.523+0000] {docker.py:438} INFO - 76        Fantasy              Katarina  ...  Mar 28, 2023    like9,578
[2024-10-20T19:34:06.523+0000] {docker.py:438} INFO - 
[2024-10-20T19:34:06.523+0000] {docker.py:438} INFO - [77 rows x 9 columns]
[2024-10-20T19:34:07.223+0000] {taskinstance.py:340} INFO - ::group::Post task execution logs
[2024-10-20T19:34:07.224+0000] {taskinstance.py:352} INFO - Marking task as SUCCESS. dag_id=dag_etl_01, task_id=run_extract_container_E8, run_id=manual__2024-10-20T19:20:43.981426+00:00, execution_date=20241020T192043, start_date=20241020T192625, end_date=20241020T193407
[2024-10-20T19:34:07.262+0000] {local_task_job_runner.py:266} INFO - Task exited with return code 0
[2024-10-20T19:34:07.296+0000] {taskinstance.py:3900} INFO - 0 downstream tasks scheduled from follow-on schedule check
[2024-10-20T19:34:07.298+0000] {local_task_job_runner.py:245} INFO - ::endgroup::
