[2024-10-09T10:20:11.438+0000] {local_task_job_runner.py:123} INFO - ::group::Pre task execution logs
[2024-10-09T10:20:11.459+0000] {taskinstance.py:2612} INFO - Dependencies all met for dep_context=non-requeueable deps ti=<TaskInstance: dag_etl_01.run_extract_container_E8 manual__2024-10-09T10:15:27.346552+00:00 [queued]>
[2024-10-09T10:20:11.470+0000] {taskinstance.py:2612} INFO - Dependencies all met for dep_context=requeueable deps ti=<TaskInstance: dag_etl_01.run_extract_container_E8 manual__2024-10-09T10:15:27.346552+00:00 [queued]>
[2024-10-09T10:20:11.470+0000] {taskinstance.py:2865} INFO - Starting attempt 1 of 6
[2024-10-09T10:20:11.486+0000] {taskinstance.py:2888} INFO - Executing <Task(DockerOperator): run_extract_container_E8> on 2024-10-09 10:15:27.346552+00:00
[2024-10-09T10:20:11.494+0000] {warnings.py:112} WARNING - /home/***/.local/lib/python3.12/site-packages/***/task/task_runner/standard_task_runner.py:70: DeprecationWarning: This process (pid=423) is multi-threaded, use of fork() may lead to deadlocks in the child.
  pid = os.fork()

[2024-10-09T10:20:11.495+0000] {standard_task_runner.py:72} INFO - Started process 432 to run task
[2024-10-09T10:20:11.495+0000] {standard_task_runner.py:104} INFO - Running: ['***', 'tasks', 'run', 'dag_etl_01', 'run_extract_container_E8', 'manual__2024-10-09T10:15:27.346552+00:00', '--job-id', '145', '--raw', '--subdir', 'DAGS_FOLDER/ETL.py', '--cfg-path', '/tmp/tmpi4yt6y0c']
[2024-10-09T10:20:11.496+0000] {standard_task_runner.py:105} INFO - Job 145: Subtask run_extract_container_E8
[2024-10-09T10:20:11.540+0000] {task_command.py:467} INFO - Running <TaskInstance: dag_etl_01.run_extract_container_E8 manual__2024-10-09T10:15:27.346552+00:00 [running]> on host a4706156eccf
[2024-10-09T10:20:11.659+0000] {taskinstance.py:3131} INFO - Exporting env vars: AIRFLOW_CTX_DAG_OWNER='BB' AIRFLOW_CTX_DAG_ID='dag_etl_01' AIRFLOW_CTX_TASK_ID='run_extract_container_E8' AIRFLOW_CTX_EXECUTION_DATE='2024-10-09T10:15:27.346552+00:00' AIRFLOW_CTX_TRY_NUMBER='1' AIRFLOW_CTX_DAG_RUN_ID='manual__2024-10-09T10:15:27.346552+00:00'
[2024-10-09T10:20:11.660+0000] {taskinstance.py:731} INFO - ::endgroup::
[2024-10-09T10:20:11.698+0000] {docker.py:367} INFO - Starting docker container from image etl
[2024-10-09T10:20:11.702+0000] {docker.py:375} WARNING - Using remote engine or docker-in-docker and mounting temporary volume from host is not supported. Falling back to `mount_tmp_dir=False` mode. You can set `mount_tmp_dir` parameter to False to disable mounting and remove the warning
[2024-10-09T10:26:59.486+0000] {docker.py:438} INFO - End of process...
[2024-10-09T10:26:59.487+0000] {docker.py:438} INFO -         Category                Name  ...    Date_First  Like_First
[2024-10-09T10:26:59.488+0000] {docker.py:438} INFO - 0         Action           Soul Gear  ...  Dec 13, 2022   like6,779
[2024-10-09T10:26:59.488+0000] {docker.py:438} INFO - 1        Fantasy             Swordid  ...   Sep 5, 2023  like13,275
[2024-10-09T10:26:59.488+0000] {docker.py:438} INFO - 2          Drama   Seven Years Later  ...  Apr 26, 2022  like28,178
[2024-10-09T10:26:59.488+0000] {docker.py:438} INFO - 3         Sci-fi         Solid State  ...   Jul 9, 2023   like5,534
[2024-10-09T10:26:59.489+0000] {docker.py:438} INFO - 4        Fantasy     Hooves of Death  ...  Feb 22, 2019  like47,250
[2024-10-09T10:26:59.489+0000] {docker.py:438} INFO - ..           ...                 ...  ...           ...         ...
[2024-10-09T10:26:59.489+0000] {docker.py:438} INFO - 68        Comedy       Library Ghost  ...  Jul 18, 2014  like11,013
[2024-10-09T10:26:59.489+0000] {docker.py:438} INFO - 69         Drama          FAMILY MAN  ...   Jul 1, 2014   like6,470
[2024-10-09T10:26:59.489+0000] {docker.py:438} INFO - 70     Superhero              SHADOW  ...  Aug 26, 2014  like28,555
[2024-10-09T10:26:59.489+0000] {docker.py:438} INFO - 71         Drama  Da Yomanville Gang  ...  Apr 16, 2019  like35,342
[2024-10-09T10:26:59.490+0000] {docker.py:438} INFO - 72  Supernatural          Simon Sues  ...  May 23, 2019  like25,465
[2024-10-09T10:26:59.490+0000] {docker.py:438} INFO - 
[2024-10-09T10:26:59.490+0000] {docker.py:438} INFO - [73 rows x 9 columns]
[2024-10-09T10:27:00.049+0000] {taskinstance.py:340} INFO - ::group::Post task execution logs
[2024-10-09T10:27:00.049+0000] {taskinstance.py:352} INFO - Marking task as SUCCESS. dag_id=dag_etl_01, task_id=run_extract_container_E8, run_id=manual__2024-10-09T10:15:27.346552+00:00, execution_date=20241009T101527, start_date=20241009T102011, end_date=20241009T102700
[2024-10-09T10:27:00.071+0000] {local_task_job_runner.py:266} INFO - Task exited with return code 0
[2024-10-09T10:27:00.096+0000] {taskinstance.py:3900} INFO - 0 downstream tasks scheduled from follow-on schedule check
[2024-10-09T10:27:00.098+0000] {local_task_job_runner.py:245} INFO - ::endgroup::
