[2024-10-26T22:17:55.682+0000] {local_task_job_runner.py:123} INFO - ::group::Pre task execution logs
[2024-10-26T22:17:55.703+0000] {taskinstance.py:2612} INFO - Dependencies all met for dep_context=non-requeueable deps ti=<TaskInstance: dag_etl_01.run_extract_container_E9 manual__2024-10-26T22:12:23.442491+00:00 [queued]>
[2024-10-26T22:17:55.715+0000] {taskinstance.py:2612} INFO - Dependencies all met for dep_context=requeueable deps ti=<TaskInstance: dag_etl_01.run_extract_container_E9 manual__2024-10-26T22:12:23.442491+00:00 [queued]>
[2024-10-26T22:17:55.715+0000] {taskinstance.py:2865} INFO - Starting attempt 1 of 6
[2024-10-26T22:17:55.738+0000] {taskinstance.py:2888} INFO - Executing <Task(DockerOperator): run_extract_container_E9> on 2024-10-26 22:12:23.442491+00:00
[2024-10-26T22:17:55.748+0000] {warnings.py:112} WARNING - /home/***/.local/lib/python3.12/site-packages/***/task/task_runner/standard_task_runner.py:70: DeprecationWarning: This process (pid=1054) is multi-threaded, use of fork() may lead to deadlocks in the child.
  pid = os.fork()

[2024-10-26T22:17:55.750+0000] {standard_task_runner.py:72} INFO - Started process 1061 to run task
[2024-10-26T22:17:55.750+0000] {standard_task_runner.py:104} INFO - Running: ['***', 'tasks', 'run', 'dag_etl_01', 'run_extract_container_E9', 'manual__2024-10-26T22:12:23.442491+00:00', '--job-id', '58', '--raw', '--subdir', 'DAGS_FOLDER/ETL.py', '--cfg-path', '/tmp/tmp6oqkbw6u']
[2024-10-26T22:17:55.751+0000] {standard_task_runner.py:105} INFO - Job 58: Subtask run_extract_container_E9
[2024-10-26T22:17:55.811+0000] {task_command.py:467} INFO - Running <TaskInstance: dag_etl_01.run_extract_container_E9 manual__2024-10-26T22:12:23.442491+00:00 [running]> on host bacd1900a50a
[2024-10-26T22:17:55.908+0000] {taskinstance.py:3131} INFO - Exporting env vars: AIRFLOW_CTX_DAG_OWNER='BB' AIRFLOW_CTX_DAG_ID='dag_etl_01' AIRFLOW_CTX_TASK_ID='run_extract_container_E9' AIRFLOW_CTX_EXECUTION_DATE='2024-10-26T22:12:23.442491+00:00' AIRFLOW_CTX_TRY_NUMBER='1' AIRFLOW_CTX_DAG_RUN_ID='manual__2024-10-26T22:12:23.442491+00:00'
[2024-10-26T22:17:55.909+0000] {taskinstance.py:731} INFO - ::endgroup::
[2024-10-26T22:17:55.935+0000] {docker.py:367} INFO - Starting docker container from image etl
[2024-10-26T22:17:55.938+0000] {docker.py:375} WARNING - Using remote engine or docker-in-docker and mounting temporary volume from host is not supported. Falling back to `mount_tmp_dir=False` mode. You can set `mount_tmp_dir` parameter to False to disable mounting and remove the warning
[2024-10-26T22:27:09.186+0000] {docker.py:438} INFO - End of process...
[2024-10-26T22:27:09.192+0000] {docker.py:438} INFO -          Category                     Name  ...    Date_First  Like_First
[2024-10-26T22:27:09.193+0000] {docker.py:438} INFO - 0         Fantasy                     Eyes  ...  Sep 18, 2021   like8,654
[2024-10-26T22:27:09.194+0000] {docker.py:438} INFO - 1           Drama       Da Yomanville Gang  ...  Apr 16, 2019  like35,350
[2024-10-26T22:27:09.194+0000] {docker.py:438} INFO - 2          Action  The Eagle and the Snake  ...  Sep 12, 2021  like22,181
[2024-10-26T22:27:09.194+0000] {docker.py:438} INFO - 3        Thriller            Gates of Hell  ...   Oct 6, 2022  like11,749
[2024-10-26T22:27:09.195+0000] {docker.py:438} INFO - 4         Fantasy       Cydonia Shattering  ...   Feb 8, 2022  like15,084
[2024-10-26T22:27:09.195+0000] {docker.py:438} INFO - ..            ...                      ...  ...           ...         ...
[2024-10-26T22:27:09.195+0000] {docker.py:438} INFO - 74        Fantasy                      ROB  ...   Feb 4, 2021  like10,432
[2024-10-26T22:27:09.196+0000] {docker.py:438} INFO - 75        Fantasy       WEBTOON GREENLiGHT  ...  Apr 24, 2020  like96,024
[2024-10-26T22:27:09.196+0000] {docker.py:438} INFO - 76  Slice of life             As Per Usual  ...  Jan 18, 2016  like50,022
[2024-10-26T22:27:09.196+0000] {docker.py:438} INFO - 77         Comedy          dustinteractive  ...  Dec 23, 2016  like31,958
[2024-10-26T22:27:09.197+0000] {docker.py:438} INFO - 78          Drama      New Normal: Class 8  ...   Jul 1, 2014  like19,207
[2024-10-26T22:27:09.197+0000] {docker.py:438} INFO - 
[2024-10-26T22:27:09.197+0000] {docker.py:438} INFO - [79 rows x 9 columns]
[2024-10-26T22:27:09.759+0000] {taskinstance.py:340} INFO - ::group::Post task execution logs
[2024-10-26T22:27:09.760+0000] {taskinstance.py:352} INFO - Marking task as SUCCESS. dag_id=dag_etl_01, task_id=run_extract_container_E9, run_id=manual__2024-10-26T22:12:23.442491+00:00, execution_date=20241026T221223, start_date=20241026T221755, end_date=20241026T222709
[2024-10-26T22:27:09.791+0000] {local_task_job_runner.py:266} INFO - Task exited with return code 0
[2024-10-26T22:27:09.826+0000] {taskinstance.py:3900} INFO - 0 downstream tasks scheduled from follow-on schedule check
[2024-10-26T22:27:09.828+0000] {local_task_job_runner.py:245} INFO - ::endgroup::
