[2024-10-20T19:20:47.254+0000] {local_task_job_runner.py:123} INFO - ::group::Pre task execution logs
[2024-10-20T19:20:47.277+0000] {taskinstance.py:2612} INFO - Dependencies all met for dep_context=non-requeueable deps ti=<TaskInstance: dag_etl_01.run_extract_container_E5 manual__2024-10-20T19:20:43.981426+00:00 [queued]>
[2024-10-20T19:20:47.290+0000] {taskinstance.py:2612} INFO - Dependencies all met for dep_context=requeueable deps ti=<TaskInstance: dag_etl_01.run_extract_container_E5 manual__2024-10-20T19:20:43.981426+00:00 [queued]>
[2024-10-20T19:20:47.291+0000] {taskinstance.py:2865} INFO - Starting attempt 1 of 6
[2024-10-20T19:20:47.313+0000] {taskinstance.py:2888} INFO - Executing <Task(DockerOperator): run_extract_container_E5> on 2024-10-20 19:20:43.981426+00:00
[2024-10-20T19:20:47.325+0000] {warnings.py:112} WARNING - /home/***/.local/lib/python3.12/site-packages/***/task/task_runner/standard_task_runner.py:70: DeprecationWarning: This process (pid=1124) is multi-threaded, use of fork() may lead to deadlocks in the child.
  pid = os.fork()

[2024-10-20T19:20:47.326+0000] {standard_task_runner.py:72} INFO - Started process 1129 to run task
[2024-10-20T19:20:47.327+0000] {standard_task_runner.py:104} INFO - Running: ['***', 'tasks', 'run', 'dag_etl_01', 'run_extract_container_E5', 'manual__2024-10-20T19:20:43.981426+00:00', '--job-id', '4', '--raw', '--subdir', 'DAGS_FOLDER/ETL.py', '--cfg-path', '/tmp/tmp9hmnyipl']
[2024-10-20T19:20:47.328+0000] {standard_task_runner.py:105} INFO - Job 4: Subtask run_extract_container_E5
[2024-10-20T19:20:47.407+0000] {task_command.py:467} INFO - Running <TaskInstance: dag_etl_01.run_extract_container_E5 manual__2024-10-20T19:20:43.981426+00:00 [running]> on host b3fe089e5ee6
[2024-10-20T19:20:47.598+0000] {taskinstance.py:3131} INFO - Exporting env vars: AIRFLOW_CTX_DAG_OWNER='BB' AIRFLOW_CTX_DAG_ID='dag_etl_01' AIRFLOW_CTX_TASK_ID='run_extract_container_E5' AIRFLOW_CTX_EXECUTION_DATE='2024-10-20T19:20:43.981426+00:00' AIRFLOW_CTX_TRY_NUMBER='1' AIRFLOW_CTX_DAG_RUN_ID='manual__2024-10-20T19:20:43.981426+00:00'
[2024-10-20T19:20:47.599+0000] {taskinstance.py:731} INFO - ::endgroup::
[2024-10-20T19:20:47.634+0000] {docker.py:367} INFO - Starting docker container from image etl
[2024-10-20T19:20:47.639+0000] {docker.py:375} WARNING - Using remote engine or docker-in-docker and mounting temporary volume from host is not supported. Falling back to `mount_tmp_dir=False` mode. You can set `mount_tmp_dir` parameter to False to disable mounting and remove the warning
[2024-10-20T19:26:02.963+0000] {docker.py:438} INFO - End of process...
[2024-10-20T19:26:02.973+0000] {docker.py:438} INFO -         Category               Name  ...    Date_First   Like_First
[2024-10-20T19:26:02.974+0000] {docker.py:438} INFO - 0        Romance          Marry Me!  ...  Mar 16, 2020   like38,646
[2024-10-20T19:26:02.975+0000] {docker.py:438} INFO - 1        Fantasy   THE STAR SEEKERS  ...  Jan 17, 2022  like132,437
[2024-10-20T19:26:02.975+0000] {docker.py:438} INFO - 2      Superhero     The Fever King  ...  Jun 30, 2019   like70,022
[2024-10-20T19:26:02.976+0000] {docker.py:438} INFO - 3   Supernatural    Rise from Ashes  ...   Mar 8, 2017   like65,967
[2024-10-20T19:26:02.977+0000] {docker.py:438} INFO - 4        Romance  Si Bel Homme List  ...  Nov 24, 2023   like14,461
[2024-10-20T19:26:02.978+0000] {docker.py:438} INFO - ..           ...                ...  ...           ...          ...
[2024-10-20T19:26:02.979+0000] {docker.py:438} INFO - 72        Comedy           Meow Man  ...  Jul 23, 2019   like59,255
[2024-10-20T19:26:02.980+0000] {docker.py:438} INFO - 73         Drama     Coffin Jackson  ...   Jul 7, 2022   like11,399
[2024-10-20T19:26:02.981+0000] {docker.py:438} INFO - 74        Comedy        God of Bath  ...   Jul 1, 2014   like21,151
[2024-10-20T19:26:02.981+0000] {docker.py:438} INFO - 75       Romance       CinnamonRoll  ...  Sep 12, 2020   like55,210
[2024-10-20T19:26:02.982+0000] {docker.py:438} INFO - 76      Thriller              Grasp  ...  Jul 25, 2021   like13,195
[2024-10-20T19:26:02.983+0000] {docker.py:438} INFO - 
[2024-10-20T19:26:02.984+0000] {docker.py:438} INFO - [77 rows x 9 columns]
[2024-10-20T19:26:04.179+0000] {taskinstance.py:340} INFO - ::group::Post task execution logs
[2024-10-20T19:26:04.181+0000] {taskinstance.py:352} INFO - Marking task as SUCCESS. dag_id=dag_etl_01, task_id=run_extract_container_E5, run_id=manual__2024-10-20T19:20:43.981426+00:00, execution_date=20241020T192043, start_date=20241020T192047, end_date=20241020T192604
[2024-10-20T19:26:04.245+0000] {local_task_job_runner.py:266} INFO - Task exited with return code 0
[2024-10-20T19:26:04.323+0000] {taskinstance.py:3900} INFO - 0 downstream tasks scheduled from follow-on schedule check
[2024-10-20T19:26:04.326+0000] {local_task_job_runner.py:245} INFO - ::endgroup::
