[2024-10-28T23:14:03.038+0000] {processor.py:186} INFO - Started process (PID=56) to work on /opt/airflow/dags/ETL.py
[2024-10-28T23:14:03.038+0000] {processor.py:914} INFO - Processing file /opt/airflow/dags/ETL.py for tasks to queue
[2024-10-28T23:14:03.040+0000] {logging_mixin.py:190} INFO - [2024-10-28T23:14:03.040+0000] {dagbag.py:588} INFO - Filling up the DagBag from /opt/airflow/dags/ETL.py
[2024-10-28T23:14:03.050+0000] {processor.py:925} INFO - DAG(s) 'dag_etl_01' retrieved from /opt/airflow/dags/ETL.py
[2024-10-28T23:14:03.207+0000] {logging_mixin.py:190} INFO - [2024-10-28T23:14:03.207+0000] {dag.py:3239} INFO - Sync 1 DAGs
[2024-10-28T23:14:03.227+0000] {logging_mixin.py:190} INFO - [2024-10-28T23:14:03.226+0000] {dag.py:4180} INFO - Setting next_dagrun for dag_etl_01 to 2024-10-01 00:00:00+00:00, run_after=2024-11-01 00:00:00+00:00
[2024-10-28T23:14:03.242+0000] {processor.py:208} INFO - Processing /opt/airflow/dags/ETL.py took 0.208 seconds
[2024-10-28T23:14:33.528+0000] {processor.py:186} INFO - Started process (PID=63) to work on /opt/airflow/dags/ETL.py
[2024-10-28T23:14:33.529+0000] {processor.py:914} INFO - Processing file /opt/airflow/dags/ETL.py for tasks to queue
[2024-10-28T23:14:33.531+0000] {logging_mixin.py:190} INFO - [2024-10-28T23:14:33.531+0000] {dagbag.py:588} INFO - Filling up the DagBag from /opt/airflow/dags/ETL.py
[2024-10-28T23:14:33.546+0000] {processor.py:925} INFO - DAG(s) 'dag_etl_01' retrieved from /opt/airflow/dags/ETL.py
[2024-10-28T23:14:33.585+0000] {logging_mixin.py:190} INFO - [2024-10-28T23:14:33.585+0000] {dag.py:3239} INFO - Sync 1 DAGs
[2024-10-28T23:14:33.612+0000] {logging_mixin.py:190} INFO - [2024-10-28T23:14:33.611+0000] {dag.py:4180} INFO - Setting next_dagrun for dag_etl_01 to 2024-10-01 00:00:00+00:00, run_after=2024-11-01 00:00:00+00:00
[2024-10-28T23:14:33.631+0000] {processor.py:208} INFO - Processing /opt/airflow/dags/ETL.py took 0.110 seconds
[2024-10-28T23:15:03.672+0000] {processor.py:186} INFO - Started process (PID=70) to work on /opt/airflow/dags/ETL.py
[2024-10-28T23:15:03.673+0000] {processor.py:914} INFO - Processing file /opt/airflow/dags/ETL.py for tasks to queue
[2024-10-28T23:15:03.675+0000] {logging_mixin.py:190} INFO - [2024-10-28T23:15:03.675+0000] {dagbag.py:588} INFO - Filling up the DagBag from /opt/airflow/dags/ETL.py
[2024-10-28T23:15:03.689+0000] {processor.py:925} INFO - DAG(s) 'dag_etl_01' retrieved from /opt/airflow/dags/ETL.py
[2024-10-28T23:15:03.723+0000] {logging_mixin.py:190} INFO - [2024-10-28T23:15:03.722+0000] {dag.py:3239} INFO - Sync 1 DAGs
[2024-10-28T23:15:03.748+0000] {logging_mixin.py:190} INFO - [2024-10-28T23:15:03.747+0000] {dag.py:4180} INFO - Setting next_dagrun for dag_etl_01 to 2024-10-01 00:00:00+00:00, run_after=2024-11-01 00:00:00+00:00
[2024-10-28T23:15:03.770+0000] {processor.py:208} INFO - Processing /opt/airflow/dags/ETL.py took 0.105 seconds
[2024-10-28T23:15:33.915+0000] {processor.py:186} INFO - Started process (PID=77) to work on /opt/airflow/dags/ETL.py
[2024-10-28T23:15:33.915+0000] {processor.py:914} INFO - Processing file /opt/airflow/dags/ETL.py for tasks to queue
[2024-10-28T23:15:33.918+0000] {logging_mixin.py:190} INFO - [2024-10-28T23:15:33.917+0000] {dagbag.py:588} INFO - Filling up the DagBag from /opt/airflow/dags/ETL.py
[2024-10-28T23:15:33.931+0000] {processor.py:925} INFO - DAG(s) 'dag_etl_01' retrieved from /opt/airflow/dags/ETL.py
[2024-10-28T23:15:33.964+0000] {logging_mixin.py:190} INFO - [2024-10-28T23:15:33.964+0000] {dag.py:3239} INFO - Sync 1 DAGs
[2024-10-28T23:15:33.990+0000] {logging_mixin.py:190} INFO - [2024-10-28T23:15:33.990+0000] {dag.py:4180} INFO - Setting next_dagrun for dag_etl_01 to 2024-10-01 00:00:00+00:00, run_after=2024-11-01 00:00:00+00:00
[2024-10-28T23:15:34.012+0000] {processor.py:208} INFO - Processing /opt/airflow/dags/ETL.py took 0.103 seconds
[2024-10-28T23:16:04.062+0000] {processor.py:186} INFO - Started process (PID=84) to work on /opt/airflow/dags/ETL.py
[2024-10-28T23:16:04.063+0000] {processor.py:914} INFO - Processing file /opt/airflow/dags/ETL.py for tasks to queue
[2024-10-28T23:16:04.065+0000] {logging_mixin.py:190} INFO - [2024-10-28T23:16:04.065+0000] {dagbag.py:588} INFO - Filling up the DagBag from /opt/airflow/dags/ETL.py
[2024-10-28T23:16:04.081+0000] {processor.py:925} INFO - DAG(s) 'dag_etl_01' retrieved from /opt/airflow/dags/ETL.py
[2024-10-28T23:16:04.116+0000] {logging_mixin.py:190} INFO - [2024-10-28T23:16:04.116+0000] {dag.py:3239} INFO - Sync 1 DAGs
[2024-10-28T23:16:04.142+0000] {logging_mixin.py:190} INFO - [2024-10-28T23:16:04.142+0000] {dag.py:4180} INFO - Setting next_dagrun for dag_etl_01 to 2024-10-01 00:00:00+00:00, run_after=2024-11-01 00:00:00+00:00
[2024-10-28T23:16:04.165+0000] {processor.py:208} INFO - Processing /opt/airflow/dags/ETL.py took 0.110 seconds
[2024-10-28T23:16:34.286+0000] {processor.py:186} INFO - Started process (PID=91) to work on /opt/airflow/dags/ETL.py
[2024-10-28T23:16:34.287+0000] {processor.py:914} INFO - Processing file /opt/airflow/dags/ETL.py for tasks to queue
[2024-10-28T23:16:34.288+0000] {logging_mixin.py:190} INFO - [2024-10-28T23:16:34.288+0000] {dagbag.py:588} INFO - Filling up the DagBag from /opt/airflow/dags/ETL.py
[2024-10-28T23:16:34.299+0000] {processor.py:925} INFO - DAG(s) 'dag_etl_01' retrieved from /opt/airflow/dags/ETL.py
[2024-10-28T23:16:34.323+0000] {logging_mixin.py:190} INFO - [2024-10-28T23:16:34.323+0000] {dag.py:3239} INFO - Sync 1 DAGs
[2024-10-28T23:16:34.343+0000] {logging_mixin.py:190} INFO - [2024-10-28T23:16:34.343+0000] {dag.py:4180} INFO - Setting next_dagrun for dag_etl_01 to 2024-10-01 00:00:00+00:00, run_after=2024-11-01 00:00:00+00:00
[2024-10-28T23:16:34.359+0000] {processor.py:208} INFO - Processing /opt/airflow/dags/ETL.py took 0.078 seconds
[2024-10-28T23:17:04.449+0000] {processor.py:186} INFO - Started process (PID=98) to work on /opt/airflow/dags/ETL.py
[2024-10-28T23:17:04.453+0000] {processor.py:914} INFO - Processing file /opt/airflow/dags/ETL.py for tasks to queue
[2024-10-28T23:17:04.455+0000] {logging_mixin.py:190} INFO - [2024-10-28T23:17:04.455+0000] {dagbag.py:588} INFO - Filling up the DagBag from /opt/airflow/dags/ETL.py
[2024-10-28T23:17:04.469+0000] {processor.py:925} INFO - DAG(s) 'dag_etl_01' retrieved from /opt/airflow/dags/ETL.py
[2024-10-28T23:17:04.502+0000] {logging_mixin.py:190} INFO - [2024-10-28T23:17:04.502+0000] {dag.py:3239} INFO - Sync 1 DAGs
[2024-10-28T23:17:04.528+0000] {logging_mixin.py:190} INFO - [2024-10-28T23:17:04.527+0000] {dag.py:4180} INFO - Setting next_dagrun for dag_etl_01 to 2024-10-01 00:00:00+00:00, run_after=2024-11-01 00:00:00+00:00
[2024-10-28T23:17:04.547+0000] {processor.py:208} INFO - Processing /opt/airflow/dags/ETL.py took 0.105 seconds
[2024-10-28T23:17:34.628+0000] {processor.py:186} INFO - Started process (PID=105) to work on /opt/airflow/dags/ETL.py
[2024-10-28T23:17:34.633+0000] {processor.py:914} INFO - Processing file /opt/airflow/dags/ETL.py for tasks to queue
[2024-10-28T23:17:34.635+0000] {logging_mixin.py:190} INFO - [2024-10-28T23:17:34.635+0000] {dagbag.py:588} INFO - Filling up the DagBag from /opt/airflow/dags/ETL.py
[2024-10-28T23:17:34.646+0000] {processor.py:925} INFO - DAG(s) 'dag_etl_01' retrieved from /opt/airflow/dags/ETL.py
[2024-10-28T23:17:34.675+0000] {logging_mixin.py:190} INFO - [2024-10-28T23:17:34.675+0000] {dag.py:3239} INFO - Sync 1 DAGs
[2024-10-28T23:17:34.696+0000] {logging_mixin.py:190} INFO - [2024-10-28T23:17:34.695+0000] {dag.py:4180} INFO - Setting next_dagrun for dag_etl_01 to 2024-10-01 00:00:00+00:00, run_after=2024-11-01 00:00:00+00:00
[2024-10-28T23:17:34.710+0000] {processor.py:208} INFO - Processing /opt/airflow/dags/ETL.py took 0.087 seconds
[2024-10-28T23:18:04.821+0000] {processor.py:186} INFO - Started process (PID=112) to work on /opt/airflow/dags/ETL.py
[2024-10-28T23:18:04.822+0000] {processor.py:914} INFO - Processing file /opt/airflow/dags/ETL.py for tasks to queue
[2024-10-28T23:18:04.824+0000] {logging_mixin.py:190} INFO - [2024-10-28T23:18:04.824+0000] {dagbag.py:588} INFO - Filling up the DagBag from /opt/airflow/dags/ETL.py
[2024-10-28T23:18:04.838+0000] {processor.py:925} INFO - DAG(s) 'dag_etl_01' retrieved from /opt/airflow/dags/ETL.py
[2024-10-28T23:18:04.871+0000] {logging_mixin.py:190} INFO - [2024-10-28T23:18:04.871+0000] {dag.py:3239} INFO - Sync 1 DAGs
[2024-10-28T23:18:04.897+0000] {logging_mixin.py:190} INFO - [2024-10-28T23:18:04.896+0000] {dag.py:4180} INFO - Setting next_dagrun for dag_etl_01 to 2024-10-01 00:00:00+00:00, run_after=2024-11-01 00:00:00+00:00
[2024-10-28T23:18:04.915+0000] {processor.py:208} INFO - Processing /opt/airflow/dags/ETL.py took 0.101 seconds
[2024-10-28T23:18:34.987+0000] {processor.py:186} INFO - Started process (PID=119) to work on /opt/airflow/dags/ETL.py
[2024-10-28T23:18:34.992+0000] {processor.py:914} INFO - Processing file /opt/airflow/dags/ETL.py for tasks to queue
[2024-10-28T23:18:34.995+0000] {logging_mixin.py:190} INFO - [2024-10-28T23:18:34.994+0000] {dagbag.py:588} INFO - Filling up the DagBag from /opt/airflow/dags/ETL.py
[2024-10-28T23:18:35.009+0000] {processor.py:925} INFO - DAG(s) 'dag_etl_01' retrieved from /opt/airflow/dags/ETL.py
[2024-10-28T23:18:35.043+0000] {logging_mixin.py:190} INFO - [2024-10-28T23:18:35.043+0000] {dag.py:3239} INFO - Sync 1 DAGs
[2024-10-28T23:18:35.069+0000] {logging_mixin.py:190} INFO - [2024-10-28T23:18:35.069+0000] {dag.py:4180} INFO - Setting next_dagrun for dag_etl_01 to 2024-10-01 00:00:00+00:00, run_after=2024-11-01 00:00:00+00:00
[2024-10-28T23:18:35.088+0000] {processor.py:208} INFO - Processing /opt/airflow/dags/ETL.py took 0.107 seconds
[2024-10-28T23:19:05.207+0000] {processor.py:186} INFO - Started process (PID=126) to work on /opt/airflow/dags/ETL.py
[2024-10-28T23:19:05.212+0000] {processor.py:914} INFO - Processing file /opt/airflow/dags/ETL.py for tasks to queue
[2024-10-28T23:19:05.214+0000] {logging_mixin.py:190} INFO - [2024-10-28T23:19:05.214+0000] {dagbag.py:588} INFO - Filling up the DagBag from /opt/airflow/dags/ETL.py
[2024-10-28T23:19:05.228+0000] {processor.py:925} INFO - DAG(s) 'dag_etl_01' retrieved from /opt/airflow/dags/ETL.py
[2024-10-28T23:19:05.261+0000] {logging_mixin.py:190} INFO - [2024-10-28T23:19:05.260+0000] {dag.py:3239} INFO - Sync 1 DAGs
[2024-10-28T23:19:05.286+0000] {logging_mixin.py:190} INFO - [2024-10-28T23:19:05.285+0000] {dag.py:4180} INFO - Setting next_dagrun for dag_etl_01 to 2024-10-01 00:00:00+00:00, run_after=2024-11-01 00:00:00+00:00
[2024-10-28T23:19:05.305+0000] {processor.py:208} INFO - Processing /opt/airflow/dags/ETL.py took 0.105 seconds
[2024-10-28T23:19:35.362+0000] {processor.py:186} INFO - Started process (PID=133) to work on /opt/airflow/dags/ETL.py
[2024-10-28T23:19:35.367+0000] {processor.py:914} INFO - Processing file /opt/airflow/dags/ETL.py for tasks to queue
[2024-10-28T23:19:35.369+0000] {logging_mixin.py:190} INFO - [2024-10-28T23:19:35.369+0000] {dagbag.py:588} INFO - Filling up the DagBag from /opt/airflow/dags/ETL.py
[2024-10-28T23:19:35.380+0000] {processor.py:925} INFO - DAG(s) 'dag_etl_01' retrieved from /opt/airflow/dags/ETL.py
[2024-10-28T23:19:35.408+0000] {logging_mixin.py:190} INFO - [2024-10-28T23:19:35.408+0000] {dag.py:3239} INFO - Sync 1 DAGs
[2024-10-28T23:19:35.429+0000] {logging_mixin.py:190} INFO - [2024-10-28T23:19:35.428+0000] {dag.py:4180} INFO - Setting next_dagrun for dag_etl_01 to 2024-10-01 00:00:00+00:00, run_after=2024-11-01 00:00:00+00:00
[2024-10-28T23:19:35.444+0000] {processor.py:208} INFO - Processing /opt/airflow/dags/ETL.py took 0.087 seconds
[2024-10-28T23:20:05.580+0000] {processor.py:186} INFO - Started process (PID=140) to work on /opt/airflow/dags/ETL.py
[2024-10-28T23:20:05.585+0000] {processor.py:914} INFO - Processing file /opt/airflow/dags/ETL.py for tasks to queue
[2024-10-28T23:20:05.587+0000] {logging_mixin.py:190} INFO - [2024-10-28T23:20:05.587+0000] {dagbag.py:588} INFO - Filling up the DagBag from /opt/airflow/dags/ETL.py
[2024-10-28T23:20:05.602+0000] {processor.py:925} INFO - DAG(s) 'dag_etl_01' retrieved from /opt/airflow/dags/ETL.py
[2024-10-28T23:20:05.639+0000] {logging_mixin.py:190} INFO - [2024-10-28T23:20:05.639+0000] {dag.py:3239} INFO - Sync 1 DAGs
[2024-10-28T23:20:05.669+0000] {logging_mixin.py:190} INFO - [2024-10-28T23:20:05.669+0000] {dag.py:4180} INFO - Setting next_dagrun for dag_etl_01 to 2024-10-01 00:00:00+00:00, run_after=2024-11-01 00:00:00+00:00
[2024-10-28T23:20:05.692+0000] {processor.py:208} INFO - Processing /opt/airflow/dags/ETL.py took 0.119 seconds
[2024-10-28T23:20:35.836+0000] {processor.py:186} INFO - Started process (PID=147) to work on /opt/airflow/dags/ETL.py
[2024-10-28T23:20:35.841+0000] {processor.py:914} INFO - Processing file /opt/airflow/dags/ETL.py for tasks to queue
[2024-10-28T23:20:35.843+0000] {logging_mixin.py:190} INFO - [2024-10-28T23:20:35.843+0000] {dagbag.py:588} INFO - Filling up the DagBag from /opt/airflow/dags/ETL.py
[2024-10-28T23:20:35.857+0000] {processor.py:925} INFO - DAG(s) 'dag_etl_01' retrieved from /opt/airflow/dags/ETL.py
[2024-10-28T23:20:35.892+0000] {logging_mixin.py:190} INFO - [2024-10-28T23:20:35.892+0000] {dag.py:3239} INFO - Sync 1 DAGs
[2024-10-28T23:20:35.917+0000] {logging_mixin.py:190} INFO - [2024-10-28T23:20:35.917+0000] {dag.py:4180} INFO - Setting next_dagrun for dag_etl_01 to 2024-10-01 00:00:00+00:00, run_after=2024-11-01 00:00:00+00:00
[2024-10-28T23:20:35.935+0000] {processor.py:208} INFO - Processing /opt/airflow/dags/ETL.py took 0.106 seconds
[2024-10-28T23:21:05.980+0000] {processor.py:186} INFO - Started process (PID=154) to work on /opt/airflow/dags/ETL.py
[2024-10-28T23:21:05.981+0000] {processor.py:914} INFO - Processing file /opt/airflow/dags/ETL.py for tasks to queue
[2024-10-28T23:21:05.984+0000] {logging_mixin.py:190} INFO - [2024-10-28T23:21:05.983+0000] {dagbag.py:588} INFO - Filling up the DagBag from /opt/airflow/dags/ETL.py
[2024-10-28T23:21:05.998+0000] {processor.py:925} INFO - DAG(s) 'dag_etl_01' retrieved from /opt/airflow/dags/ETL.py
[2024-10-28T23:21:06.030+0000] {logging_mixin.py:190} INFO - [2024-10-28T23:21:06.030+0000] {dag.py:3239} INFO - Sync 1 DAGs
[2024-10-28T23:21:06.057+0000] {logging_mixin.py:190} INFO - [2024-10-28T23:21:06.057+0000] {dag.py:4180} INFO - Setting next_dagrun for dag_etl_01 to 2024-10-01 00:00:00+00:00, run_after=2024-11-01 00:00:00+00:00
[2024-10-28T23:21:06.083+0000] {processor.py:208} INFO - Processing /opt/airflow/dags/ETL.py took 0.110 seconds
[2024-10-28T23:21:36.222+0000] {processor.py:186} INFO - Started process (PID=161) to work on /opt/airflow/dags/ETL.py
[2024-10-28T23:21:36.227+0000] {processor.py:914} INFO - Processing file /opt/airflow/dags/ETL.py for tasks to queue
[2024-10-28T23:21:36.229+0000] {logging_mixin.py:190} INFO - [2024-10-28T23:21:36.229+0000] {dagbag.py:588} INFO - Filling up the DagBag from /opt/airflow/dags/ETL.py
[2024-10-28T23:21:36.244+0000] {processor.py:925} INFO - DAG(s) 'dag_etl_01' retrieved from /opt/airflow/dags/ETL.py
[2024-10-28T23:21:36.284+0000] {logging_mixin.py:190} INFO - [2024-10-28T23:21:36.284+0000] {dag.py:3239} INFO - Sync 1 DAGs
[2024-10-28T23:21:36.313+0000] {logging_mixin.py:190} INFO - [2024-10-28T23:21:36.313+0000] {dag.py:4180} INFO - Setting next_dagrun for dag_etl_01 to 2024-10-01 00:00:00+00:00, run_after=2024-11-01 00:00:00+00:00
[2024-10-28T23:21:36.340+0000] {processor.py:208} INFO - Processing /opt/airflow/dags/ETL.py took 0.125 seconds
[2024-10-28T23:22:06.483+0000] {processor.py:186} INFO - Started process (PID=168) to work on /opt/airflow/dags/ETL.py
[2024-10-28T23:22:06.488+0000] {processor.py:914} INFO - Processing file /opt/airflow/dags/ETL.py for tasks to queue
[2024-10-28T23:22:06.490+0000] {logging_mixin.py:190} INFO - [2024-10-28T23:22:06.490+0000] {dagbag.py:588} INFO - Filling up the DagBag from /opt/airflow/dags/ETL.py
[2024-10-28T23:22:06.505+0000] {processor.py:925} INFO - DAG(s) 'dag_etl_01' retrieved from /opt/airflow/dags/ETL.py
[2024-10-28T23:22:06.542+0000] {logging_mixin.py:190} INFO - [2024-10-28T23:22:06.542+0000] {dag.py:3239} INFO - Sync 1 DAGs
[2024-10-28T23:22:06.569+0000] {logging_mixin.py:190} INFO - [2024-10-28T23:22:06.569+0000] {dag.py:4180} INFO - Setting next_dagrun for dag_etl_01 to 2024-10-01 00:00:00+00:00, run_after=2024-11-01 00:00:00+00:00
[2024-10-28T23:22:06.589+0000] {processor.py:208} INFO - Processing /opt/airflow/dags/ETL.py took 0.113 seconds
[2024-10-28T23:22:36.730+0000] {processor.py:186} INFO - Started process (PID=175) to work on /opt/airflow/dags/ETL.py
[2024-10-28T23:22:36.734+0000] {processor.py:914} INFO - Processing file /opt/airflow/dags/ETL.py for tasks to queue
[2024-10-28T23:22:36.736+0000] {logging_mixin.py:190} INFO - [2024-10-28T23:22:36.736+0000] {dagbag.py:588} INFO - Filling up the DagBag from /opt/airflow/dags/ETL.py
[2024-10-28T23:22:36.747+0000] {processor.py:925} INFO - DAG(s) 'dag_etl_01' retrieved from /opt/airflow/dags/ETL.py
[2024-10-28T23:22:36.776+0000] {logging_mixin.py:190} INFO - [2024-10-28T23:22:36.775+0000] {dag.py:3239} INFO - Sync 1 DAGs
[2024-10-28T23:22:36.796+0000] {logging_mixin.py:190} INFO - [2024-10-28T23:22:36.796+0000] {dag.py:4180} INFO - Setting next_dagrun for dag_etl_01 to 2024-10-01 00:00:00+00:00, run_after=2024-11-01 00:00:00+00:00
[2024-10-28T23:22:36.812+0000] {processor.py:208} INFO - Processing /opt/airflow/dags/ETL.py took 0.088 seconds
[2024-10-28T23:23:06.864+0000] {processor.py:186} INFO - Started process (PID=182) to work on /opt/airflow/dags/ETL.py
[2024-10-28T23:23:06.869+0000] {processor.py:914} INFO - Processing file /opt/airflow/dags/ETL.py for tasks to queue
[2024-10-28T23:23:06.872+0000] {logging_mixin.py:190} INFO - [2024-10-28T23:23:06.871+0000] {dagbag.py:588} INFO - Filling up the DagBag from /opt/airflow/dags/ETL.py
[2024-10-28T23:23:06.890+0000] {processor.py:925} INFO - DAG(s) 'dag_etl_01' retrieved from /opt/airflow/dags/ETL.py
[2024-10-28T23:23:06.926+0000] {logging_mixin.py:190} INFO - [2024-10-28T23:23:06.926+0000] {dag.py:3239} INFO - Sync 1 DAGs
[2024-10-28T23:23:06.955+0000] {logging_mixin.py:190} INFO - [2024-10-28T23:23:06.954+0000] {dag.py:4180} INFO - Setting next_dagrun for dag_etl_01 to 2024-10-01 00:00:00+00:00, run_after=2024-11-01 00:00:00+00:00
[2024-10-28T23:23:06.981+0000] {processor.py:208} INFO - Processing /opt/airflow/dags/ETL.py took 0.125 seconds
[2024-10-28T23:23:37.080+0000] {processor.py:186} INFO - Started process (PID=189) to work on /opt/airflow/dags/ETL.py
[2024-10-28T23:23:37.081+0000] {processor.py:914} INFO - Processing file /opt/airflow/dags/ETL.py for tasks to queue
[2024-10-28T23:23:37.084+0000] {logging_mixin.py:190} INFO - [2024-10-28T23:23:37.083+0000] {dagbag.py:588} INFO - Filling up the DagBag from /opt/airflow/dags/ETL.py
[2024-10-28T23:23:37.097+0000] {processor.py:925} INFO - DAG(s) 'dag_etl_01' retrieved from /opt/airflow/dags/ETL.py
[2024-10-28T23:23:37.133+0000] {logging_mixin.py:190} INFO - [2024-10-28T23:23:37.133+0000] {dag.py:3239} INFO - Sync 1 DAGs
[2024-10-28T23:23:37.162+0000] {logging_mixin.py:190} INFO - [2024-10-28T23:23:37.161+0000] {dag.py:4180} INFO - Setting next_dagrun for dag_etl_01 to 2024-10-01 00:00:00+00:00, run_after=2024-11-01 00:00:00+00:00
[2024-10-28T23:23:37.179+0000] {processor.py:208} INFO - Processing /opt/airflow/dags/ETL.py took 0.105 seconds
[2024-10-28T23:24:07.268+0000] {processor.py:186} INFO - Started process (PID=196) to work on /opt/airflow/dags/ETL.py
[2024-10-28T23:24:07.270+0000] {processor.py:914} INFO - Processing file /opt/airflow/dags/ETL.py for tasks to queue
[2024-10-28T23:24:07.272+0000] {logging_mixin.py:190} INFO - [2024-10-28T23:24:07.272+0000] {dagbag.py:588} INFO - Filling up the DagBag from /opt/airflow/dags/ETL.py
[2024-10-28T23:24:07.287+0000] {processor.py:925} INFO - DAG(s) 'dag_etl_01' retrieved from /opt/airflow/dags/ETL.py
[2024-10-28T23:24:07.328+0000] {logging_mixin.py:190} INFO - [2024-10-28T23:24:07.327+0000] {dag.py:3239} INFO - Sync 1 DAGs
[2024-10-28T23:24:07.355+0000] {logging_mixin.py:190} INFO - [2024-10-28T23:24:07.355+0000] {dag.py:4180} INFO - Setting next_dagrun for dag_etl_01 to 2024-10-01 00:00:00+00:00, run_after=2024-11-01 00:00:00+00:00
[2024-10-28T23:24:07.376+0000] {processor.py:208} INFO - Processing /opt/airflow/dags/ETL.py took 0.116 seconds
[2024-10-28T23:24:37.459+0000] {processor.py:186} INFO - Started process (PID=203) to work on /opt/airflow/dags/ETL.py
[2024-10-28T23:24:37.464+0000] {processor.py:914} INFO - Processing file /opt/airflow/dags/ETL.py for tasks to queue
[2024-10-28T23:24:37.467+0000] {logging_mixin.py:190} INFO - [2024-10-28T23:24:37.466+0000] {dagbag.py:588} INFO - Filling up the DagBag from /opt/airflow/dags/ETL.py
[2024-10-28T23:24:37.482+0000] {processor.py:925} INFO - DAG(s) 'dag_etl_01' retrieved from /opt/airflow/dags/ETL.py
[2024-10-28T23:24:37.519+0000] {logging_mixin.py:190} INFO - [2024-10-28T23:24:37.518+0000] {dag.py:3239} INFO - Sync 1 DAGs
[2024-10-28T23:24:37.546+0000] {logging_mixin.py:190} INFO - [2024-10-28T23:24:37.546+0000] {dag.py:4180} INFO - Setting next_dagrun for dag_etl_01 to 2024-10-01 00:00:00+00:00, run_after=2024-11-01 00:00:00+00:00
[2024-10-28T23:24:37.566+0000] {processor.py:208} INFO - Processing /opt/airflow/dags/ETL.py took 0.114 seconds
[2024-10-28T23:25:07.644+0000] {processor.py:186} INFO - Started process (PID=210) to work on /opt/airflow/dags/ETL.py
[2024-10-28T23:25:07.648+0000] {processor.py:914} INFO - Processing file /opt/airflow/dags/ETL.py for tasks to queue
[2024-10-28T23:25:07.650+0000] {logging_mixin.py:190} INFO - [2024-10-28T23:25:07.650+0000] {dagbag.py:588} INFO - Filling up the DagBag from /opt/airflow/dags/ETL.py
[2024-10-28T23:25:07.662+0000] {processor.py:925} INFO - DAG(s) 'dag_etl_01' retrieved from /opt/airflow/dags/ETL.py
[2024-10-28T23:25:07.689+0000] {logging_mixin.py:190} INFO - [2024-10-28T23:25:07.688+0000] {dag.py:3239} INFO - Sync 1 DAGs
[2024-10-28T23:25:07.708+0000] {logging_mixin.py:190} INFO - [2024-10-28T23:25:07.707+0000] {dag.py:4180} INFO - Setting next_dagrun for dag_etl_01 to 2024-10-01 00:00:00+00:00, run_after=2024-11-01 00:00:00+00:00
[2024-10-28T23:25:07.723+0000] {processor.py:208} INFO - Processing /opt/airflow/dags/ETL.py took 0.085 seconds
[2024-10-28T23:25:37.834+0000] {processor.py:186} INFO - Started process (PID=217) to work on /opt/airflow/dags/ETL.py
[2024-10-28T23:25:37.835+0000] {processor.py:914} INFO - Processing file /opt/airflow/dags/ETL.py for tasks to queue
[2024-10-28T23:25:37.837+0000] {logging_mixin.py:190} INFO - [2024-10-28T23:25:37.837+0000] {dagbag.py:588} INFO - Filling up the DagBag from /opt/airflow/dags/ETL.py
[2024-10-28T23:25:37.849+0000] {processor.py:925} INFO - DAG(s) 'dag_etl_01' retrieved from /opt/airflow/dags/ETL.py
[2024-10-28T23:25:37.884+0000] {logging_mixin.py:190} INFO - [2024-10-28T23:25:37.883+0000] {dag.py:3239} INFO - Sync 1 DAGs
[2024-10-28T23:25:37.907+0000] {logging_mixin.py:190} INFO - [2024-10-28T23:25:37.906+0000] {dag.py:4180} INFO - Setting next_dagrun for dag_etl_01 to 2024-10-01 00:00:00+00:00, run_after=2024-11-01 00:00:00+00:00
[2024-10-28T23:25:37.923+0000] {processor.py:208} INFO - Processing /opt/airflow/dags/ETL.py took 0.094 seconds
[2024-10-28T23:26:07.990+0000] {processor.py:186} INFO - Started process (PID=224) to work on /opt/airflow/dags/ETL.py
[2024-10-28T23:26:07.995+0000] {processor.py:914} INFO - Processing file /opt/airflow/dags/ETL.py for tasks to queue
[2024-10-28T23:26:07.997+0000] {logging_mixin.py:190} INFO - [2024-10-28T23:26:07.997+0000] {dagbag.py:588} INFO - Filling up the DagBag from /opt/airflow/dags/ETL.py
[2024-10-28T23:26:08.007+0000] {processor.py:925} INFO - DAG(s) 'dag_etl_01' retrieved from /opt/airflow/dags/ETL.py
[2024-10-28T23:26:08.032+0000] {logging_mixin.py:190} INFO - [2024-10-28T23:26:08.032+0000] {dag.py:3239} INFO - Sync 1 DAGs
[2024-10-28T23:26:08.051+0000] {logging_mixin.py:190} INFO - [2024-10-28T23:26:08.051+0000] {dag.py:4180} INFO - Setting next_dagrun for dag_etl_01 to 2024-10-01 00:00:00+00:00, run_after=2024-11-01 00:00:00+00:00
[2024-10-28T23:26:08.065+0000] {processor.py:208} INFO - Processing /opt/airflow/dags/ETL.py took 0.081 seconds
[2024-10-28T23:26:38.207+0000] {processor.py:186} INFO - Started process (PID=231) to work on /opt/airflow/dags/ETL.py
[2024-10-28T23:26:38.211+0000] {processor.py:914} INFO - Processing file /opt/airflow/dags/ETL.py for tasks to queue
[2024-10-28T23:26:38.214+0000] {logging_mixin.py:190} INFO - [2024-10-28T23:26:38.213+0000] {dagbag.py:588} INFO - Filling up the DagBag from /opt/airflow/dags/ETL.py
[2024-10-28T23:26:38.227+0000] {processor.py:925} INFO - DAG(s) 'dag_etl_01' retrieved from /opt/airflow/dags/ETL.py
[2024-10-28T23:26:38.260+0000] {logging_mixin.py:190} INFO - [2024-10-28T23:26:38.260+0000] {dag.py:3239} INFO - Sync 1 DAGs
[2024-10-28T23:26:38.285+0000] {logging_mixin.py:190} INFO - [2024-10-28T23:26:38.285+0000] {dag.py:4180} INFO - Setting next_dagrun for dag_etl_01 to 2024-10-01 00:00:00+00:00, run_after=2024-11-01 00:00:00+00:00
[2024-10-28T23:26:38.303+0000] {processor.py:208} INFO - Processing /opt/airflow/dags/ETL.py took 0.102 seconds
[2024-10-28T23:27:08.360+0000] {processor.py:186} INFO - Started process (PID=238) to work on /opt/airflow/dags/ETL.py
[2024-10-28T23:27:08.365+0000] {processor.py:914} INFO - Processing file /opt/airflow/dags/ETL.py for tasks to queue
[2024-10-28T23:27:08.367+0000] {logging_mixin.py:190} INFO - [2024-10-28T23:27:08.367+0000] {dagbag.py:588} INFO - Filling up the DagBag from /opt/airflow/dags/ETL.py
[2024-10-28T23:27:08.381+0000] {processor.py:925} INFO - DAG(s) 'dag_etl_01' retrieved from /opt/airflow/dags/ETL.py
[2024-10-28T23:27:08.418+0000] {logging_mixin.py:190} INFO - [2024-10-28T23:27:08.417+0000] {dag.py:3239} INFO - Sync 1 DAGs
[2024-10-28T23:27:08.444+0000] {logging_mixin.py:190} INFO - [2024-10-28T23:27:08.444+0000] {dag.py:4180} INFO - Setting next_dagrun for dag_etl_01 to 2024-10-01 00:00:00+00:00, run_after=2024-11-01 00:00:00+00:00
[2024-10-28T23:27:08.463+0000] {processor.py:208} INFO - Processing /opt/airflow/dags/ETL.py took 0.110 seconds
[2024-10-28T23:27:38.584+0000] {processor.py:186} INFO - Started process (PID=245) to work on /opt/airflow/dags/ETL.py
[2024-10-28T23:27:38.585+0000] {processor.py:914} INFO - Processing file /opt/airflow/dags/ETL.py for tasks to queue
[2024-10-28T23:27:38.587+0000] {logging_mixin.py:190} INFO - [2024-10-28T23:27:38.587+0000] {dagbag.py:588} INFO - Filling up the DagBag from /opt/airflow/dags/ETL.py
[2024-10-28T23:27:38.601+0000] {processor.py:925} INFO - DAG(s) 'dag_etl_01' retrieved from /opt/airflow/dags/ETL.py
[2024-10-28T23:27:38.634+0000] {logging_mixin.py:190} INFO - [2024-10-28T23:27:38.634+0000] {dag.py:3239} INFO - Sync 1 DAGs
[2024-10-28T23:27:38.660+0000] {logging_mixin.py:190} INFO - [2024-10-28T23:27:38.660+0000] {dag.py:4180} INFO - Setting next_dagrun for dag_etl_01 to 2024-10-01 00:00:00+00:00, run_after=2024-11-01 00:00:00+00:00
[2024-10-28T23:27:38.678+0000] {processor.py:208} INFO - Processing /opt/airflow/dags/ETL.py took 0.101 seconds
[2024-10-28T23:28:08.745+0000] {processor.py:186} INFO - Started process (PID=252) to work on /opt/airflow/dags/ETL.py
[2024-10-28T23:28:08.746+0000] {processor.py:914} INFO - Processing file /opt/airflow/dags/ETL.py for tasks to queue
[2024-10-28T23:28:08.748+0000] {logging_mixin.py:190} INFO - [2024-10-28T23:28:08.748+0000] {dagbag.py:588} INFO - Filling up the DagBag from /opt/airflow/dags/ETL.py
[2024-10-28T23:28:08.762+0000] {processor.py:925} INFO - DAG(s) 'dag_etl_01' retrieved from /opt/airflow/dags/ETL.py
[2024-10-28T23:28:08.796+0000] {logging_mixin.py:190} INFO - [2024-10-28T23:28:08.796+0000] {dag.py:3239} INFO - Sync 1 DAGs
[2024-10-28T23:28:08.821+0000] {logging_mixin.py:190} INFO - [2024-10-28T23:28:08.821+0000] {dag.py:4180} INFO - Setting next_dagrun for dag_etl_01 to 2024-10-01 00:00:00+00:00, run_after=2024-11-01 00:00:00+00:00
[2024-10-28T23:28:08.839+0000] {processor.py:208} INFO - Processing /opt/airflow/dags/ETL.py took 0.100 seconds
[2024-10-28T23:28:38.961+0000] {processor.py:186} INFO - Started process (PID=259) to work on /opt/airflow/dags/ETL.py
[2024-10-28T23:28:38.966+0000] {processor.py:914} INFO - Processing file /opt/airflow/dags/ETL.py for tasks to queue
[2024-10-28T23:28:38.968+0000] {logging_mixin.py:190} INFO - [2024-10-28T23:28:38.967+0000] {dagbag.py:588} INFO - Filling up the DagBag from /opt/airflow/dags/ETL.py
[2024-10-28T23:28:38.981+0000] {processor.py:925} INFO - DAG(s) 'dag_etl_01' retrieved from /opt/airflow/dags/ETL.py
[2024-10-28T23:28:39.015+0000] {logging_mixin.py:190} INFO - [2024-10-28T23:28:39.014+0000] {dag.py:3239} INFO - Sync 1 DAGs
[2024-10-28T23:28:39.040+0000] {logging_mixin.py:190} INFO - [2024-10-28T23:28:39.040+0000] {dag.py:4180} INFO - Setting next_dagrun for dag_etl_01 to 2024-10-01 00:00:00+00:00, run_after=2024-11-01 00:00:00+00:00
[2024-10-28T23:28:39.058+0000] {processor.py:208} INFO - Processing /opt/airflow/dags/ETL.py took 0.104 seconds
[2024-10-28T23:29:09.125+0000] {processor.py:186} INFO - Started process (PID=266) to work on /opt/airflow/dags/ETL.py
[2024-10-28T23:29:09.130+0000] {processor.py:914} INFO - Processing file /opt/airflow/dags/ETL.py for tasks to queue
[2024-10-28T23:29:09.132+0000] {logging_mixin.py:190} INFO - [2024-10-28T23:29:09.132+0000] {dagbag.py:588} INFO - Filling up the DagBag from /opt/airflow/dags/ETL.py
[2024-10-28T23:29:09.146+0000] {processor.py:925} INFO - DAG(s) 'dag_etl_01' retrieved from /opt/airflow/dags/ETL.py
[2024-10-28T23:29:09.179+0000] {logging_mixin.py:190} INFO - [2024-10-28T23:29:09.179+0000] {dag.py:3239} INFO - Sync 1 DAGs
[2024-10-28T23:29:09.204+0000] {logging_mixin.py:190} INFO - [2024-10-28T23:29:09.204+0000] {dag.py:4180} INFO - Setting next_dagrun for dag_etl_01 to 2024-10-01 00:00:00+00:00, run_after=2024-11-01 00:00:00+00:00
[2024-10-28T23:29:09.223+0000] {processor.py:208} INFO - Processing /opt/airflow/dags/ETL.py took 0.105 seconds
[2024-10-28T23:29:39.336+0000] {processor.py:186} INFO - Started process (PID=273) to work on /opt/airflow/dags/ETL.py
[2024-10-28T23:29:39.341+0000] {processor.py:914} INFO - Processing file /opt/airflow/dags/ETL.py for tasks to queue
[2024-10-28T23:29:39.343+0000] {logging_mixin.py:190} INFO - [2024-10-28T23:29:39.343+0000] {dagbag.py:588} INFO - Filling up the DagBag from /opt/airflow/dags/ETL.py
[2024-10-28T23:29:39.357+0000] {processor.py:925} INFO - DAG(s) 'dag_etl_01' retrieved from /opt/airflow/dags/ETL.py
[2024-10-28T23:29:39.389+0000] {logging_mixin.py:190} INFO - [2024-10-28T23:29:39.389+0000] {dag.py:3239} INFO - Sync 1 DAGs
[2024-10-28T23:29:39.415+0000] {logging_mixin.py:190} INFO - [2024-10-28T23:29:39.415+0000] {dag.py:4180} INFO - Setting next_dagrun for dag_etl_01 to 2024-10-01 00:00:00+00:00, run_after=2024-11-01 00:00:00+00:00
[2024-10-28T23:29:39.433+0000] {processor.py:208} INFO - Processing /opt/airflow/dags/ETL.py took 0.103 seconds
[2024-10-28T23:30:09.494+0000] {processor.py:186} INFO - Started process (PID=280) to work on /opt/airflow/dags/ETL.py
[2024-10-28T23:30:09.495+0000] {processor.py:914} INFO - Processing file /opt/airflow/dags/ETL.py for tasks to queue
[2024-10-28T23:30:09.497+0000] {logging_mixin.py:190} INFO - [2024-10-28T23:30:09.497+0000] {dagbag.py:588} INFO - Filling up the DagBag from /opt/airflow/dags/ETL.py
[2024-10-28T23:30:09.512+0000] {processor.py:925} INFO - DAG(s) 'dag_etl_01' retrieved from /opt/airflow/dags/ETL.py
[2024-10-28T23:30:09.545+0000] {logging_mixin.py:190} INFO - [2024-10-28T23:30:09.545+0000] {dag.py:3239} INFO - Sync 1 DAGs
[2024-10-28T23:30:09.573+0000] {logging_mixin.py:190} INFO - [2024-10-28T23:30:09.572+0000] {dag.py:4180} INFO - Setting next_dagrun for dag_etl_01 to 2024-10-01 00:00:00+00:00, run_after=2024-11-01 00:00:00+00:00
[2024-10-28T23:30:09.590+0000] {processor.py:208} INFO - Processing /opt/airflow/dags/ETL.py took 0.103 seconds
[2024-10-28T23:30:39.708+0000] {processor.py:186} INFO - Started process (PID=293) to work on /opt/airflow/dags/ETL.py
[2024-10-28T23:30:39.709+0000] {processor.py:914} INFO - Processing file /opt/airflow/dags/ETL.py for tasks to queue
[2024-10-28T23:30:39.710+0000] {logging_mixin.py:190} INFO - [2024-10-28T23:30:39.710+0000] {dagbag.py:588} INFO - Filling up the DagBag from /opt/airflow/dags/ETL.py
[2024-10-28T23:30:39.721+0000] {processor.py:925} INFO - DAG(s) 'dag_etl_01' retrieved from /opt/airflow/dags/ETL.py
[2024-10-28T23:30:39.745+0000] {logging_mixin.py:190} INFO - [2024-10-28T23:30:39.745+0000] {dag.py:3239} INFO - Sync 1 DAGs
[2024-10-28T23:30:39.766+0000] {logging_mixin.py:190} INFO - [2024-10-28T23:30:39.765+0000] {dag.py:4180} INFO - Setting next_dagrun for dag_etl_01 to 2024-10-01 00:00:00+00:00, run_after=2024-11-01 00:00:00+00:00
[2024-10-28T23:30:39.780+0000] {processor.py:208} INFO - Processing /opt/airflow/dags/ETL.py took 0.077 seconds
[2024-10-28T23:31:09.872+0000] {processor.py:186} INFO - Started process (PID=300) to work on /opt/airflow/dags/ETL.py
[2024-10-28T23:31:09.879+0000] {processor.py:914} INFO - Processing file /opt/airflow/dags/ETL.py for tasks to queue
[2024-10-28T23:31:09.882+0000] {logging_mixin.py:190} INFO - [2024-10-28T23:31:09.881+0000] {dagbag.py:588} INFO - Filling up the DagBag from /opt/airflow/dags/ETL.py
[2024-10-28T23:31:09.893+0000] {processor.py:925} INFO - DAG(s) 'dag_etl_01' retrieved from /opt/airflow/dags/ETL.py
[2024-10-28T23:31:09.921+0000] {logging_mixin.py:190} INFO - [2024-10-28T23:31:09.921+0000] {dag.py:3239} INFO - Sync 1 DAGs
[2024-10-28T23:31:09.942+0000] {logging_mixin.py:190} INFO - [2024-10-28T23:31:09.942+0000] {dag.py:4180} INFO - Setting next_dagrun for dag_etl_01 to 2024-10-01 00:00:00+00:00, run_after=2024-11-01 00:00:00+00:00
[2024-10-28T23:31:09.959+0000] {processor.py:208} INFO - Processing /opt/airflow/dags/ETL.py took 0.092 seconds
[2024-10-28T23:31:40.040+0000] {processor.py:186} INFO - Started process (PID=307) to work on /opt/airflow/dags/ETL.py
[2024-10-28T23:31:40.045+0000] {processor.py:914} INFO - Processing file /opt/airflow/dags/ETL.py for tasks to queue
[2024-10-28T23:31:40.047+0000] {logging_mixin.py:190} INFO - [2024-10-28T23:31:40.047+0000] {dagbag.py:588} INFO - Filling up the DagBag from /opt/airflow/dags/ETL.py
[2024-10-28T23:31:40.062+0000] {processor.py:925} INFO - DAG(s) 'dag_etl_01' retrieved from /opt/airflow/dags/ETL.py
[2024-10-28T23:31:40.098+0000] {logging_mixin.py:190} INFO - [2024-10-28T23:31:40.097+0000] {dag.py:3239} INFO - Sync 1 DAGs
[2024-10-28T23:31:40.125+0000] {logging_mixin.py:190} INFO - [2024-10-28T23:31:40.124+0000] {dag.py:4180} INFO - Setting next_dagrun for dag_etl_01 to 2024-10-01 00:00:00+00:00, run_after=2024-11-01 00:00:00+00:00
[2024-10-28T23:31:40.145+0000] {processor.py:208} INFO - Processing /opt/airflow/dags/ETL.py took 0.111 seconds
[2024-10-28T23:32:10.232+0000] {processor.py:186} INFO - Started process (PID=314) to work on /opt/airflow/dags/ETL.py
[2024-10-28T23:32:10.233+0000] {processor.py:914} INFO - Processing file /opt/airflow/dags/ETL.py for tasks to queue
[2024-10-28T23:32:10.235+0000] {logging_mixin.py:190} INFO - [2024-10-28T23:32:10.235+0000] {dagbag.py:588} INFO - Filling up the DagBag from /opt/airflow/dags/ETL.py
[2024-10-28T23:32:10.249+0000] {processor.py:925} INFO - DAG(s) 'dag_etl_01' retrieved from /opt/airflow/dags/ETL.py
[2024-10-28T23:32:10.286+0000] {logging_mixin.py:190} INFO - [2024-10-28T23:32:10.285+0000] {dag.py:3239} INFO - Sync 1 DAGs
[2024-10-28T23:32:10.310+0000] {logging_mixin.py:190} INFO - [2024-10-28T23:32:10.310+0000] {dag.py:4180} INFO - Setting next_dagrun for dag_etl_01 to 2024-10-01 00:00:00+00:00, run_after=2024-11-01 00:00:00+00:00
[2024-10-28T23:32:10.328+0000] {processor.py:208} INFO - Processing /opt/airflow/dags/ETL.py took 0.102 seconds
[2024-10-28T23:32:40.434+0000] {processor.py:186} INFO - Started process (PID=321) to work on /opt/airflow/dags/ETL.py
[2024-10-28T23:32:40.439+0000] {processor.py:914} INFO - Processing file /opt/airflow/dags/ETL.py for tasks to queue
[2024-10-28T23:32:40.441+0000] {logging_mixin.py:190} INFO - [2024-10-28T23:32:40.441+0000] {dagbag.py:588} INFO - Filling up the DagBag from /opt/airflow/dags/ETL.py
[2024-10-28T23:32:40.456+0000] {processor.py:925} INFO - DAG(s) 'dag_etl_01' retrieved from /opt/airflow/dags/ETL.py
[2024-10-28T23:32:40.493+0000] {logging_mixin.py:190} INFO - [2024-10-28T23:32:40.493+0000] {dag.py:3239} INFO - Sync 1 DAGs
[2024-10-28T23:32:40.519+0000] {logging_mixin.py:190} INFO - [2024-10-28T23:32:40.518+0000] {dag.py:4180} INFO - Setting next_dagrun for dag_etl_01 to 2024-10-01 00:00:00+00:00, run_after=2024-11-01 00:00:00+00:00
[2024-10-28T23:32:40.537+0000] {processor.py:208} INFO - Processing /opt/airflow/dags/ETL.py took 0.110 seconds
[2024-10-28T23:33:10.604+0000] {processor.py:186} INFO - Started process (PID=328) to work on /opt/airflow/dags/ETL.py
[2024-10-28T23:33:10.605+0000] {processor.py:914} INFO - Processing file /opt/airflow/dags/ETL.py for tasks to queue
[2024-10-28T23:33:10.607+0000] {logging_mixin.py:190} INFO - [2024-10-28T23:33:10.607+0000] {dagbag.py:588} INFO - Filling up the DagBag from /opt/airflow/dags/ETL.py
[2024-10-28T23:33:10.621+0000] {processor.py:925} INFO - DAG(s) 'dag_etl_01' retrieved from /opt/airflow/dags/ETL.py
[2024-10-28T23:33:10.655+0000] {logging_mixin.py:190} INFO - [2024-10-28T23:33:10.655+0000] {dag.py:3239} INFO - Sync 1 DAGs
[2024-10-28T23:33:10.681+0000] {logging_mixin.py:190} INFO - [2024-10-28T23:33:10.681+0000] {dag.py:4180} INFO - Setting next_dagrun for dag_etl_01 to 2024-10-01 00:00:00+00:00, run_after=2024-11-01 00:00:00+00:00
[2024-10-28T23:33:10.700+0000] {processor.py:208} INFO - Processing /opt/airflow/dags/ETL.py took 0.103 seconds
[2024-10-28T23:33:40.808+0000] {processor.py:186} INFO - Started process (PID=335) to work on /opt/airflow/dags/ETL.py
[2024-10-28T23:33:40.813+0000] {processor.py:914} INFO - Processing file /opt/airflow/dags/ETL.py for tasks to queue
[2024-10-28T23:33:40.815+0000] {logging_mixin.py:190} INFO - [2024-10-28T23:33:40.815+0000] {dagbag.py:588} INFO - Filling up the DagBag from /opt/airflow/dags/ETL.py
[2024-10-28T23:33:40.826+0000] {processor.py:925} INFO - DAG(s) 'dag_etl_01' retrieved from /opt/airflow/dags/ETL.py
[2024-10-28T23:33:40.851+0000] {logging_mixin.py:190} INFO - [2024-10-28T23:33:40.850+0000] {dag.py:3239} INFO - Sync 1 DAGs
[2024-10-28T23:33:40.870+0000] {logging_mixin.py:190} INFO - [2024-10-28T23:33:40.870+0000] {dag.py:4180} INFO - Setting next_dagrun for dag_etl_01 to 2024-10-01 00:00:00+00:00, run_after=2024-11-01 00:00:00+00:00
[2024-10-28T23:33:40.884+0000] {processor.py:208} INFO - Processing /opt/airflow/dags/ETL.py took 0.081 seconds
[2024-10-28T23:34:10.989+0000] {processor.py:186} INFO - Started process (PID=342) to work on /opt/airflow/dags/ETL.py
[2024-10-28T23:34:10.990+0000] {processor.py:914} INFO - Processing file /opt/airflow/dags/ETL.py for tasks to queue
[2024-10-28T23:34:10.993+0000] {logging_mixin.py:190} INFO - [2024-10-28T23:34:10.992+0000] {dagbag.py:588} INFO - Filling up the DagBag from /opt/airflow/dags/ETL.py
[2024-10-28T23:34:11.007+0000] {processor.py:925} INFO - DAG(s) 'dag_etl_01' retrieved from /opt/airflow/dags/ETL.py
[2024-10-28T23:34:11.041+0000] {logging_mixin.py:190} INFO - [2024-10-28T23:34:11.041+0000] {dag.py:3239} INFO - Sync 1 DAGs
[2024-10-28T23:34:11.067+0000] {logging_mixin.py:190} INFO - [2024-10-28T23:34:11.066+0000] {dag.py:4180} INFO - Setting next_dagrun for dag_etl_01 to 2024-10-01 00:00:00+00:00, run_after=2024-11-01 00:00:00+00:00
[2024-10-28T23:34:11.085+0000] {processor.py:208} INFO - Processing /opt/airflow/dags/ETL.py took 0.103 seconds
[2024-10-28T23:34:41.153+0000] {processor.py:186} INFO - Started process (PID=349) to work on /opt/airflow/dags/ETL.py
[2024-10-28T23:34:41.154+0000] {processor.py:914} INFO - Processing file /opt/airflow/dags/ETL.py for tasks to queue
[2024-10-28T23:34:41.157+0000] {logging_mixin.py:190} INFO - [2024-10-28T23:34:41.156+0000] {dagbag.py:588} INFO - Filling up the DagBag from /opt/airflow/dags/ETL.py
[2024-10-28T23:34:41.171+0000] {processor.py:925} INFO - DAG(s) 'dag_etl_01' retrieved from /opt/airflow/dags/ETL.py
[2024-10-28T23:34:41.205+0000] {logging_mixin.py:190} INFO - [2024-10-28T23:34:41.205+0000] {dag.py:3239} INFO - Sync 1 DAGs
[2024-10-28T23:34:41.230+0000] {logging_mixin.py:190} INFO - [2024-10-28T23:34:41.230+0000] {dag.py:4180} INFO - Setting next_dagrun for dag_etl_01 to 2024-10-01 00:00:00+00:00, run_after=2024-11-01 00:00:00+00:00
[2024-10-28T23:34:41.248+0000] {processor.py:208} INFO - Processing /opt/airflow/dags/ETL.py took 0.102 seconds
[2024-10-28T23:35:11.374+0000] {processor.py:186} INFO - Started process (PID=356) to work on /opt/airflow/dags/ETL.py
[2024-10-28T23:35:11.375+0000] {processor.py:914} INFO - Processing file /opt/airflow/dags/ETL.py for tasks to queue
[2024-10-28T23:35:11.377+0000] {logging_mixin.py:190} INFO - [2024-10-28T23:35:11.377+0000] {dagbag.py:588} INFO - Filling up the DagBag from /opt/airflow/dags/ETL.py
[2024-10-28T23:35:11.391+0000] {processor.py:925} INFO - DAG(s) 'dag_etl_01' retrieved from /opt/airflow/dags/ETL.py
[2024-10-28T23:35:11.425+0000] {logging_mixin.py:190} INFO - [2024-10-28T23:35:11.424+0000] {dag.py:3239} INFO - Sync 1 DAGs
[2024-10-28T23:35:11.450+0000] {logging_mixin.py:190} INFO - [2024-10-28T23:35:11.450+0000] {dag.py:4180} INFO - Setting next_dagrun for dag_etl_01 to 2024-10-01 00:00:00+00:00, run_after=2024-11-01 00:00:00+00:00
[2024-10-28T23:35:11.469+0000] {processor.py:208} INFO - Processing /opt/airflow/dags/ETL.py took 0.101 seconds
[2024-10-28T23:35:41.521+0000] {processor.py:186} INFO - Started process (PID=363) to work on /opt/airflow/dags/ETL.py
[2024-10-28T23:35:41.526+0000] {processor.py:914} INFO - Processing file /opt/airflow/dags/ETL.py for tasks to queue
[2024-10-28T23:35:41.528+0000] {logging_mixin.py:190} INFO - [2024-10-28T23:35:41.528+0000] {dagbag.py:588} INFO - Filling up the DagBag from /opt/airflow/dags/ETL.py
[2024-10-28T23:35:41.542+0000] {processor.py:925} INFO - DAG(s) 'dag_etl_01' retrieved from /opt/airflow/dags/ETL.py
[2024-10-28T23:35:41.576+0000] {logging_mixin.py:190} INFO - [2024-10-28T23:35:41.576+0000] {dag.py:3239} INFO - Sync 1 DAGs
[2024-10-28T23:35:41.603+0000] {logging_mixin.py:190} INFO - [2024-10-28T23:35:41.603+0000] {dag.py:4180} INFO - Setting next_dagrun for dag_etl_01 to 2024-10-01 00:00:00+00:00, run_after=2024-11-01 00:00:00+00:00
[2024-10-28T23:35:41.621+0000] {processor.py:208} INFO - Processing /opt/airflow/dags/ETL.py took 0.108 seconds
[2024-10-28T23:36:11.741+0000] {processor.py:186} INFO - Started process (PID=370) to work on /opt/airflow/dags/ETL.py
[2024-10-28T23:36:11.742+0000] {processor.py:914} INFO - Processing file /opt/airflow/dags/ETL.py for tasks to queue
[2024-10-28T23:36:11.744+0000] {logging_mixin.py:190} INFO - [2024-10-28T23:36:11.744+0000] {dagbag.py:588} INFO - Filling up the DagBag from /opt/airflow/dags/ETL.py
[2024-10-28T23:36:11.758+0000] {processor.py:925} INFO - DAG(s) 'dag_etl_01' retrieved from /opt/airflow/dags/ETL.py
[2024-10-28T23:36:11.792+0000] {logging_mixin.py:190} INFO - [2024-10-28T23:36:11.792+0000] {dag.py:3239} INFO - Sync 1 DAGs
[2024-10-28T23:36:11.818+0000] {logging_mixin.py:190} INFO - [2024-10-28T23:36:11.817+0000] {dag.py:4180} INFO - Setting next_dagrun for dag_etl_01 to 2024-10-01 00:00:00+00:00, run_after=2024-11-01 00:00:00+00:00
[2024-10-28T23:36:11.835+0000] {processor.py:208} INFO - Processing /opt/airflow/dags/ETL.py took 0.101 seconds
[2024-10-28T23:36:41.889+0000] {processor.py:186} INFO - Started process (PID=377) to work on /opt/airflow/dags/ETL.py
[2024-10-28T23:36:41.893+0000] {processor.py:914} INFO - Processing file /opt/airflow/dags/ETL.py for tasks to queue
[2024-10-28T23:36:41.896+0000] {logging_mixin.py:190} INFO - [2024-10-28T23:36:41.895+0000] {dagbag.py:588} INFO - Filling up the DagBag from /opt/airflow/dags/ETL.py
[2024-10-28T23:36:41.906+0000] {processor.py:925} INFO - DAG(s) 'dag_etl_01' retrieved from /opt/airflow/dags/ETL.py
[2024-10-28T23:36:41.931+0000] {logging_mixin.py:190} INFO - [2024-10-28T23:36:41.931+0000] {dag.py:3239} INFO - Sync 1 DAGs
[2024-10-28T23:36:41.951+0000] {logging_mixin.py:190} INFO - [2024-10-28T23:36:41.951+0000] {dag.py:4180} INFO - Setting next_dagrun for dag_etl_01 to 2024-10-01 00:00:00+00:00, run_after=2024-11-01 00:00:00+00:00
[2024-10-28T23:36:41.965+0000] {processor.py:208} INFO - Processing /opt/airflow/dags/ETL.py took 0.081 seconds
[2024-10-28T23:37:12.099+0000] {processor.py:186} INFO - Started process (PID=384) to work on /opt/airflow/dags/ETL.py
[2024-10-28T23:37:12.099+0000] {processor.py:914} INFO - Processing file /opt/airflow/dags/ETL.py for tasks to queue
[2024-10-28T23:37:12.101+0000] {logging_mixin.py:190} INFO - [2024-10-28T23:37:12.101+0000] {dagbag.py:588} INFO - Filling up the DagBag from /opt/airflow/dags/ETL.py
[2024-10-28T23:37:12.111+0000] {processor.py:925} INFO - DAG(s) 'dag_etl_01' retrieved from /opt/airflow/dags/ETL.py
[2024-10-28T23:37:12.135+0000] {logging_mixin.py:190} INFO - [2024-10-28T23:37:12.135+0000] {dag.py:3239} INFO - Sync 1 DAGs
[2024-10-28T23:37:12.154+0000] {logging_mixin.py:190} INFO - [2024-10-28T23:37:12.154+0000] {dag.py:4180} INFO - Setting next_dagrun for dag_etl_01 to 2024-10-01 00:00:00+00:00, run_after=2024-11-01 00:00:00+00:00
[2024-10-28T23:37:12.169+0000] {processor.py:208} INFO - Processing /opt/airflow/dags/ETL.py took 0.074 seconds
[2024-10-28T23:37:42.248+0000] {processor.py:186} INFO - Started process (PID=391) to work on /opt/airflow/dags/ETL.py
[2024-10-28T23:37:42.249+0000] {processor.py:914} INFO - Processing file /opt/airflow/dags/ETL.py for tasks to queue
[2024-10-28T23:37:42.251+0000] {logging_mixin.py:190} INFO - [2024-10-28T23:37:42.250+0000] {dagbag.py:588} INFO - Filling up the DagBag from /opt/airflow/dags/ETL.py
[2024-10-28T23:37:42.265+0000] {processor.py:925} INFO - DAG(s) 'dag_etl_01' retrieved from /opt/airflow/dags/ETL.py
[2024-10-28T23:37:42.297+0000] {logging_mixin.py:190} INFO - [2024-10-28T23:37:42.297+0000] {dag.py:3239} INFO - Sync 1 DAGs
[2024-10-28T23:37:42.322+0000] {logging_mixin.py:190} INFO - [2024-10-28T23:37:42.321+0000] {dag.py:4180} INFO - Setting next_dagrun for dag_etl_01 to 2024-10-01 00:00:00+00:00, run_after=2024-11-01 00:00:00+00:00
[2024-10-28T23:37:42.339+0000] {processor.py:208} INFO - Processing /opt/airflow/dags/ETL.py took 0.098 seconds
[2024-10-28T23:38:12.441+0000] {processor.py:186} INFO - Started process (PID=398) to work on /opt/airflow/dags/ETL.py
[2024-10-28T23:38:12.444+0000] {processor.py:914} INFO - Processing file /opt/airflow/dags/ETL.py for tasks to queue
[2024-10-28T23:38:12.446+0000] {logging_mixin.py:190} INFO - [2024-10-28T23:38:12.446+0000] {dagbag.py:588} INFO - Filling up the DagBag from /opt/airflow/dags/ETL.py
[2024-10-28T23:38:12.460+0000] {processor.py:925} INFO - DAG(s) 'dag_etl_01' retrieved from /opt/airflow/dags/ETL.py
[2024-10-28T23:38:12.493+0000] {logging_mixin.py:190} INFO - [2024-10-28T23:38:12.493+0000] {dag.py:3239} INFO - Sync 1 DAGs
[2024-10-28T23:38:12.518+0000] {logging_mixin.py:190} INFO - [2024-10-28T23:38:12.518+0000] {dag.py:4180} INFO - Setting next_dagrun for dag_etl_01 to 2024-10-01 00:00:00+00:00, run_after=2024-11-01 00:00:00+00:00
[2024-10-28T23:38:12.576+0000] {processor.py:208} INFO - Processing /opt/airflow/dags/ETL.py took 0.142 seconds
[2024-10-28T23:38:42.617+0000] {processor.py:186} INFO - Started process (PID=405) to work on /opt/airflow/dags/ETL.py
[2024-10-28T23:38:42.618+0000] {processor.py:914} INFO - Processing file /opt/airflow/dags/ETL.py for tasks to queue
[2024-10-28T23:38:42.621+0000] {logging_mixin.py:190} INFO - [2024-10-28T23:38:42.620+0000] {dagbag.py:588} INFO - Filling up the DagBag from /opt/airflow/dags/ETL.py
[2024-10-28T23:38:42.635+0000] {processor.py:925} INFO - DAG(s) 'dag_etl_01' retrieved from /opt/airflow/dags/ETL.py
[2024-10-28T23:38:42.669+0000] {logging_mixin.py:190} INFO - [2024-10-28T23:38:42.668+0000] {dag.py:3239} INFO - Sync 1 DAGs
[2024-10-28T23:38:42.696+0000] {logging_mixin.py:190} INFO - [2024-10-28T23:38:42.695+0000] {dag.py:4180} INFO - Setting next_dagrun for dag_etl_01 to 2024-10-01 00:00:00+00:00, run_after=2024-11-01 00:00:00+00:00
[2024-10-28T23:38:42.717+0000] {processor.py:208} INFO - Processing /opt/airflow/dags/ETL.py took 0.107 seconds
[2024-10-28T23:39:12.855+0000] {processor.py:186} INFO - Started process (PID=412) to work on /opt/airflow/dags/ETL.py
[2024-10-28T23:39:12.856+0000] {processor.py:914} INFO - Processing file /opt/airflow/dags/ETL.py for tasks to queue
[2024-10-28T23:39:12.859+0000] {logging_mixin.py:190} INFO - [2024-10-28T23:39:12.859+0000] {dagbag.py:588} INFO - Filling up the DagBag from /opt/airflow/dags/ETL.py
[2024-10-28T23:39:12.873+0000] {processor.py:925} INFO - DAG(s) 'dag_etl_01' retrieved from /opt/airflow/dags/ETL.py
[2024-10-28T23:39:12.906+0000] {logging_mixin.py:190} INFO - [2024-10-28T23:39:12.906+0000] {dag.py:3239} INFO - Sync 1 DAGs
[2024-10-28T23:39:12.932+0000] {logging_mixin.py:190} INFO - [2024-10-28T23:39:12.931+0000] {dag.py:4180} INFO - Setting next_dagrun for dag_etl_01 to 2024-10-01 00:00:00+00:00, run_after=2024-11-01 00:00:00+00:00
[2024-10-28T23:39:12.951+0000] {processor.py:208} INFO - Processing /opt/airflow/dags/ETL.py took 0.102 seconds
[2024-10-28T23:39:43.002+0000] {processor.py:186} INFO - Started process (PID=419) to work on /opt/airflow/dags/ETL.py
[2024-10-28T23:39:43.003+0000] {processor.py:914} INFO - Processing file /opt/airflow/dags/ETL.py for tasks to queue
[2024-10-28T23:39:43.005+0000] {logging_mixin.py:190} INFO - [2024-10-28T23:39:43.005+0000] {dagbag.py:588} INFO - Filling up the DagBag from /opt/airflow/dags/ETL.py
[2024-10-28T23:39:43.019+0000] {processor.py:925} INFO - DAG(s) 'dag_etl_01' retrieved from /opt/airflow/dags/ETL.py
[2024-10-28T23:39:43.054+0000] {logging_mixin.py:190} INFO - [2024-10-28T23:39:43.054+0000] {dag.py:3239} INFO - Sync 1 DAGs
[2024-10-28T23:39:43.082+0000] {logging_mixin.py:190} INFO - [2024-10-28T23:39:43.081+0000] {dag.py:4180} INFO - Setting next_dagrun for dag_etl_01 to 2024-10-01 00:00:00+00:00, run_after=2024-11-01 00:00:00+00:00
[2024-10-28T23:39:43.100+0000] {processor.py:208} INFO - Processing /opt/airflow/dags/ETL.py took 0.105 seconds
[2024-10-28T23:40:13.228+0000] {processor.py:186} INFO - Started process (PID=426) to work on /opt/airflow/dags/ETL.py
[2024-10-28T23:40:13.233+0000] {processor.py:914} INFO - Processing file /opt/airflow/dags/ETL.py for tasks to queue
[2024-10-28T23:40:13.235+0000] {logging_mixin.py:190} INFO - [2024-10-28T23:40:13.235+0000] {dagbag.py:588} INFO - Filling up the DagBag from /opt/airflow/dags/ETL.py
[2024-10-28T23:40:13.249+0000] {processor.py:925} INFO - DAG(s) 'dag_etl_01' retrieved from /opt/airflow/dags/ETL.py
[2024-10-28T23:40:13.282+0000] {logging_mixin.py:190} INFO - [2024-10-28T23:40:13.282+0000] {dag.py:3239} INFO - Sync 1 DAGs
[2024-10-28T23:40:13.307+0000] {logging_mixin.py:190} INFO - [2024-10-28T23:40:13.307+0000] {dag.py:4180} INFO - Setting next_dagrun for dag_etl_01 to 2024-10-01 00:00:00+00:00, run_after=2024-11-01 00:00:00+00:00
[2024-10-28T23:40:13.326+0000] {processor.py:208} INFO - Processing /opt/airflow/dags/ETL.py took 0.104 seconds
[2024-10-28T23:40:43.385+0000] {processor.py:186} INFO - Started process (PID=433) to work on /opt/airflow/dags/ETL.py
[2024-10-28T23:40:43.386+0000] {processor.py:914} INFO - Processing file /opt/airflow/dags/ETL.py for tasks to queue
[2024-10-28T23:40:43.388+0000] {logging_mixin.py:190} INFO - [2024-10-28T23:40:43.388+0000] {dagbag.py:588} INFO - Filling up the DagBag from /opt/airflow/dags/ETL.py
[2024-10-28T23:40:43.402+0000] {processor.py:925} INFO - DAG(s) 'dag_etl_01' retrieved from /opt/airflow/dags/ETL.py
[2024-10-28T23:40:43.436+0000] {logging_mixin.py:190} INFO - [2024-10-28T23:40:43.436+0000] {dag.py:3239} INFO - Sync 1 DAGs
[2024-10-28T23:40:43.461+0000] {logging_mixin.py:190} INFO - [2024-10-28T23:40:43.461+0000] {dag.py:4180} INFO - Setting next_dagrun for dag_etl_01 to 2024-10-01 00:00:00+00:00, run_after=2024-11-01 00:00:00+00:00
[2024-10-28T23:40:43.480+0000] {processor.py:208} INFO - Processing /opt/airflow/dags/ETL.py took 0.102 seconds
[2024-10-28T23:41:13.610+0000] {processor.py:186} INFO - Started process (PID=440) to work on /opt/airflow/dags/ETL.py
[2024-10-28T23:41:13.614+0000] {processor.py:914} INFO - Processing file /opt/airflow/dags/ETL.py for tasks to queue
[2024-10-28T23:41:13.617+0000] {logging_mixin.py:190} INFO - [2024-10-28T23:41:13.616+0000] {dagbag.py:588} INFO - Filling up the DagBag from /opt/airflow/dags/ETL.py
[2024-10-28T23:41:13.630+0000] {processor.py:925} INFO - DAG(s) 'dag_etl_01' retrieved from /opt/airflow/dags/ETL.py
[2024-10-28T23:41:13.663+0000] {logging_mixin.py:190} INFO - [2024-10-28T23:41:13.663+0000] {dag.py:3239} INFO - Sync 1 DAGs
[2024-10-28T23:41:13.688+0000] {logging_mixin.py:190} INFO - [2024-10-28T23:41:13.688+0000] {dag.py:4180} INFO - Setting next_dagrun for dag_etl_01 to 2024-10-01 00:00:00+00:00, run_after=2024-11-01 00:00:00+00:00
[2024-10-28T23:41:13.708+0000] {processor.py:208} INFO - Processing /opt/airflow/dags/ETL.py took 0.104 seconds
[2024-10-28T23:41:43.760+0000] {processor.py:186} INFO - Started process (PID=447) to work on /opt/airflow/dags/ETL.py
[2024-10-28T23:41:43.761+0000] {processor.py:914} INFO - Processing file /opt/airflow/dags/ETL.py for tasks to queue
[2024-10-28T23:41:43.763+0000] {logging_mixin.py:190} INFO - [2024-10-28T23:41:43.763+0000] {dagbag.py:588} INFO - Filling up the DagBag from /opt/airflow/dags/ETL.py
[2024-10-28T23:41:43.774+0000] {processor.py:925} INFO - DAG(s) 'dag_etl_01' retrieved from /opt/airflow/dags/ETL.py
[2024-10-28T23:41:43.798+0000] {logging_mixin.py:190} INFO - [2024-10-28T23:41:43.798+0000] {dag.py:3239} INFO - Sync 1 DAGs
[2024-10-28T23:41:43.818+0000] {logging_mixin.py:190} INFO - [2024-10-28T23:41:43.817+0000] {dag.py:4180} INFO - Setting next_dagrun for dag_etl_01 to 2024-10-01 00:00:00+00:00, run_after=2024-11-01 00:00:00+00:00
[2024-10-28T23:41:43.831+0000] {processor.py:208} INFO - Processing /opt/airflow/dags/ETL.py took 0.078 seconds
[2024-10-28T23:42:13.985+0000] {processor.py:186} INFO - Started process (PID=454) to work on /opt/airflow/dags/ETL.py
[2024-10-28T23:42:13.990+0000] {processor.py:914} INFO - Processing file /opt/airflow/dags/ETL.py for tasks to queue
[2024-10-28T23:42:13.993+0000] {logging_mixin.py:190} INFO - [2024-10-28T23:42:13.992+0000] {dagbag.py:588} INFO - Filling up the DagBag from /opt/airflow/dags/ETL.py
[2024-10-28T23:42:14.007+0000] {processor.py:925} INFO - DAG(s) 'dag_etl_01' retrieved from /opt/airflow/dags/ETL.py
[2024-10-28T23:42:14.040+0000] {logging_mixin.py:190} INFO - [2024-10-28T23:42:14.040+0000] {dag.py:3239} INFO - Sync 1 DAGs
[2024-10-28T23:42:14.065+0000] {logging_mixin.py:190} INFO - [2024-10-28T23:42:14.065+0000] {dag.py:4180} INFO - Setting next_dagrun for dag_etl_01 to 2024-10-01 00:00:00+00:00, run_after=2024-11-01 00:00:00+00:00
[2024-10-28T23:42:14.084+0000] {processor.py:208} INFO - Processing /opt/airflow/dags/ETL.py took 0.105 seconds
[2024-10-28T23:42:44.138+0000] {processor.py:186} INFO - Started process (PID=461) to work on /opt/airflow/dags/ETL.py
[2024-10-28T23:42:44.139+0000] {processor.py:914} INFO - Processing file /opt/airflow/dags/ETL.py for tasks to queue
[2024-10-28T23:42:44.140+0000] {logging_mixin.py:190} INFO - [2024-10-28T23:42:44.140+0000] {dagbag.py:588} INFO - Filling up the DagBag from /opt/airflow/dags/ETL.py
[2024-10-28T23:42:44.151+0000] {processor.py:925} INFO - DAG(s) 'dag_etl_01' retrieved from /opt/airflow/dags/ETL.py
[2024-10-28T23:42:44.176+0000] {logging_mixin.py:190} INFO - [2024-10-28T23:42:44.176+0000] {dag.py:3239} INFO - Sync 1 DAGs
[2024-10-28T23:42:44.196+0000] {logging_mixin.py:190} INFO - [2024-10-28T23:42:44.196+0000] {dag.py:4180} INFO - Setting next_dagrun for dag_etl_01 to 2024-10-01 00:00:00+00:00, run_after=2024-11-01 00:00:00+00:00
[2024-10-28T23:42:44.211+0000] {processor.py:208} INFO - Processing /opt/airflow/dags/ETL.py took 0.078 seconds
[2024-10-28T23:43:14.372+0000] {processor.py:186} INFO - Started process (PID=468) to work on /opt/airflow/dags/ETL.py
[2024-10-28T23:43:14.377+0000] {processor.py:914} INFO - Processing file /opt/airflow/dags/ETL.py for tasks to queue
[2024-10-28T23:43:14.380+0000] {logging_mixin.py:190} INFO - [2024-10-28T23:43:14.379+0000] {dagbag.py:588} INFO - Filling up the DagBag from /opt/airflow/dags/ETL.py
[2024-10-28T23:43:14.394+0000] {processor.py:925} INFO - DAG(s) 'dag_etl_01' retrieved from /opt/airflow/dags/ETL.py
[2024-10-28T23:43:14.430+0000] {logging_mixin.py:190} INFO - [2024-10-28T23:43:14.430+0000] {dag.py:3239} INFO - Sync 1 DAGs
[2024-10-28T23:43:14.458+0000] {logging_mixin.py:190} INFO - [2024-10-28T23:43:14.458+0000] {dag.py:4180} INFO - Setting next_dagrun for dag_etl_01 to 2024-10-01 00:00:00+00:00, run_after=2024-11-01 00:00:00+00:00
[2024-10-28T23:43:14.480+0000] {processor.py:208} INFO - Processing /opt/airflow/dags/ETL.py took 0.114 seconds
[2024-10-28T23:43:44.523+0000] {processor.py:186} INFO - Started process (PID=475) to work on /opt/airflow/dags/ETL.py
[2024-10-28T23:43:44.524+0000] {processor.py:914} INFO - Processing file /opt/airflow/dags/ETL.py for tasks to queue
[2024-10-28T23:43:44.527+0000] {logging_mixin.py:190} INFO - [2024-10-28T23:43:44.527+0000] {dagbag.py:588} INFO - Filling up the DagBag from /opt/airflow/dags/ETL.py
[2024-10-28T23:43:44.543+0000] {processor.py:925} INFO - DAG(s) 'dag_etl_01' retrieved from /opt/airflow/dags/ETL.py
[2024-10-28T23:43:44.579+0000] {logging_mixin.py:190} INFO - [2024-10-28T23:43:44.578+0000] {dag.py:3239} INFO - Sync 1 DAGs
[2024-10-28T23:43:44.606+0000] {logging_mixin.py:190} INFO - [2024-10-28T23:43:44.606+0000] {dag.py:4180} INFO - Setting next_dagrun for dag_etl_01 to 2024-10-01 00:00:00+00:00, run_after=2024-11-01 00:00:00+00:00
[2024-10-28T23:43:44.628+0000] {processor.py:208} INFO - Processing /opt/airflow/dags/ETL.py took 0.112 seconds
[2024-10-28T23:44:14.782+0000] {processor.py:186} INFO - Started process (PID=482) to work on /opt/airflow/dags/ETL.py
[2024-10-28T23:44:14.787+0000] {processor.py:914} INFO - Processing file /opt/airflow/dags/ETL.py for tasks to queue
[2024-10-28T23:44:14.789+0000] {logging_mixin.py:190} INFO - [2024-10-28T23:44:14.789+0000] {dagbag.py:588} INFO - Filling up the DagBag from /opt/airflow/dags/ETL.py
[2024-10-28T23:44:14.803+0000] {processor.py:925} INFO - DAG(s) 'dag_etl_01' retrieved from /opt/airflow/dags/ETL.py
[2024-10-28T23:44:14.836+0000] {logging_mixin.py:190} INFO - [2024-10-28T23:44:14.836+0000] {dag.py:3239} INFO - Sync 1 DAGs
[2024-10-28T23:44:14.861+0000] {logging_mixin.py:190} INFO - [2024-10-28T23:44:14.861+0000] {dag.py:4180} INFO - Setting next_dagrun for dag_etl_01 to 2024-10-01 00:00:00+00:00, run_after=2024-11-01 00:00:00+00:00
[2024-10-28T23:44:14.879+0000] {processor.py:208} INFO - Processing /opt/airflow/dags/ETL.py took 0.103 seconds
[2024-10-28T23:44:44.932+0000] {processor.py:186} INFO - Started process (PID=489) to work on /opt/airflow/dags/ETL.py
[2024-10-28T23:44:44.933+0000] {processor.py:914} INFO - Processing file /opt/airflow/dags/ETL.py for tasks to queue
[2024-10-28T23:44:44.935+0000] {logging_mixin.py:190} INFO - [2024-10-28T23:44:44.935+0000] {dagbag.py:588} INFO - Filling up the DagBag from /opt/airflow/dags/ETL.py
[2024-10-28T23:44:44.949+0000] {processor.py:925} INFO - DAG(s) 'dag_etl_01' retrieved from /opt/airflow/dags/ETL.py
[2024-10-28T23:44:44.983+0000] {logging_mixin.py:190} INFO - [2024-10-28T23:44:44.983+0000] {dag.py:3239} INFO - Sync 1 DAGs
[2024-10-28T23:44:45.008+0000] {logging_mixin.py:190} INFO - [2024-10-28T23:44:45.008+0000] {dag.py:4180} INFO - Setting next_dagrun for dag_etl_01 to 2024-10-01 00:00:00+00:00, run_after=2024-11-01 00:00:00+00:00
[2024-10-28T23:44:45.026+0000] {processor.py:208} INFO - Processing /opt/airflow/dags/ETL.py took 0.101 seconds
[2024-10-28T23:45:15.156+0000] {processor.py:186} INFO - Started process (PID=496) to work on /opt/airflow/dags/ETL.py
[2024-10-28T23:45:15.161+0000] {processor.py:914} INFO - Processing file /opt/airflow/dags/ETL.py for tasks to queue
[2024-10-28T23:45:15.163+0000] {logging_mixin.py:190} INFO - [2024-10-28T23:45:15.163+0000] {dagbag.py:588} INFO - Filling up the DagBag from /opt/airflow/dags/ETL.py
[2024-10-28T23:45:15.177+0000] {processor.py:925} INFO - DAG(s) 'dag_etl_01' retrieved from /opt/airflow/dags/ETL.py
[2024-10-28T23:45:15.210+0000] {logging_mixin.py:190} INFO - [2024-10-28T23:45:15.210+0000] {dag.py:3239} INFO - Sync 1 DAGs
[2024-10-28T23:45:15.236+0000] {logging_mixin.py:190} INFO - [2024-10-28T23:45:15.235+0000] {dag.py:4180} INFO - Setting next_dagrun for dag_etl_01 to 2024-10-01 00:00:00+00:00, run_after=2024-11-01 00:00:00+00:00
[2024-10-28T23:45:15.255+0000] {processor.py:208} INFO - Processing /opt/airflow/dags/ETL.py took 0.105 seconds
[2024-10-28T23:45:45.306+0000] {processor.py:186} INFO - Started process (PID=503) to work on /opt/airflow/dags/ETL.py
[2024-10-28T23:45:45.307+0000] {processor.py:914} INFO - Processing file /opt/airflow/dags/ETL.py for tasks to queue
[2024-10-28T23:45:45.310+0000] {logging_mixin.py:190} INFO - [2024-10-28T23:45:45.309+0000] {dagbag.py:588} INFO - Filling up the DagBag from /opt/airflow/dags/ETL.py
[2024-10-28T23:45:45.323+0000] {processor.py:925} INFO - DAG(s) 'dag_etl_01' retrieved from /opt/airflow/dags/ETL.py
[2024-10-28T23:45:45.357+0000] {logging_mixin.py:190} INFO - [2024-10-28T23:45:45.357+0000] {dag.py:3239} INFO - Sync 1 DAGs
[2024-10-28T23:45:45.384+0000] {logging_mixin.py:190} INFO - [2024-10-28T23:45:45.383+0000] {dag.py:4180} INFO - Setting next_dagrun for dag_etl_01 to 2024-10-01 00:00:00+00:00, run_after=2024-11-01 00:00:00+00:00
[2024-10-28T23:45:45.402+0000] {processor.py:208} INFO - Processing /opt/airflow/dags/ETL.py took 0.102 seconds
[2024-10-28T23:46:15.530+0000] {processor.py:186} INFO - Started process (PID=510) to work on /opt/airflow/dags/ETL.py
[2024-10-28T23:46:15.535+0000] {processor.py:914} INFO - Processing file /opt/airflow/dags/ETL.py for tasks to queue
[2024-10-28T23:46:15.537+0000] {logging_mixin.py:190} INFO - [2024-10-28T23:46:15.537+0000] {dagbag.py:588} INFO - Filling up the DagBag from /opt/airflow/dags/ETL.py
[2024-10-28T23:46:15.551+0000] {processor.py:925} INFO - DAG(s) 'dag_etl_01' retrieved from /opt/airflow/dags/ETL.py
[2024-10-28T23:46:15.587+0000] {logging_mixin.py:190} INFO - [2024-10-28T23:46:15.587+0000] {dag.py:3239} INFO - Sync 1 DAGs
[2024-10-28T23:46:15.614+0000] {logging_mixin.py:190} INFO - [2024-10-28T23:46:15.614+0000] {dag.py:4180} INFO - Setting next_dagrun for dag_etl_01 to 2024-10-01 00:00:00+00:00, run_after=2024-11-01 00:00:00+00:00
[2024-10-28T23:46:15.632+0000] {processor.py:208} INFO - Processing /opt/airflow/dags/ETL.py took 0.108 seconds
[2024-10-28T23:46:45.673+0000] {processor.py:186} INFO - Started process (PID=517) to work on /opt/airflow/dags/ETL.py
[2024-10-28T23:46:45.674+0000] {processor.py:914} INFO - Processing file /opt/airflow/dags/ETL.py for tasks to queue
[2024-10-28T23:46:45.675+0000] {logging_mixin.py:190} INFO - [2024-10-28T23:46:45.675+0000] {dagbag.py:588} INFO - Filling up the DagBag from /opt/airflow/dags/ETL.py
[2024-10-28T23:46:45.685+0000] {processor.py:925} INFO - DAG(s) 'dag_etl_01' retrieved from /opt/airflow/dags/ETL.py
[2024-10-28T23:46:45.711+0000] {logging_mixin.py:190} INFO - [2024-10-28T23:46:45.711+0000] {dag.py:3239} INFO - Sync 1 DAGs
[2024-10-28T23:46:45.731+0000] {logging_mixin.py:190} INFO - [2024-10-28T23:46:45.730+0000] {dag.py:4180} INFO - Setting next_dagrun for dag_etl_01 to 2024-10-01 00:00:00+00:00, run_after=2024-11-01 00:00:00+00:00
[2024-10-28T23:46:45.745+0000] {processor.py:208} INFO - Processing /opt/airflow/dags/ETL.py took 0.076 seconds
[2024-10-28T23:47:15.817+0000] {processor.py:186} INFO - Started process (PID=524) to work on /opt/airflow/dags/ETL.py
[2024-10-28T23:47:15.821+0000] {processor.py:914} INFO - Processing file /opt/airflow/dags/ETL.py for tasks to queue
[2024-10-28T23:47:15.824+0000] {logging_mixin.py:190} INFO - [2024-10-28T23:47:15.823+0000] {dagbag.py:588} INFO - Filling up the DagBag from /opt/airflow/dags/ETL.py
[2024-10-28T23:47:15.838+0000] {processor.py:925} INFO - DAG(s) 'dag_etl_01' retrieved from /opt/airflow/dags/ETL.py
[2024-10-28T23:47:15.871+0000] {logging_mixin.py:190} INFO - [2024-10-28T23:47:15.871+0000] {dag.py:3239} INFO - Sync 1 DAGs
[2024-10-28T23:47:15.896+0000] {logging_mixin.py:190} INFO - [2024-10-28T23:47:15.896+0000] {dag.py:4180} INFO - Setting next_dagrun for dag_etl_01 to 2024-10-01 00:00:00+00:00, run_after=2024-11-01 00:00:00+00:00
[2024-10-28T23:47:15.916+0000] {processor.py:208} INFO - Processing /opt/airflow/dags/ETL.py took 0.105 seconds
[2024-10-28T23:47:46.017+0000] {processor.py:186} INFO - Started process (PID=531) to work on /opt/airflow/dags/ETL.py
[2024-10-28T23:47:46.022+0000] {processor.py:914} INFO - Processing file /opt/airflow/dags/ETL.py for tasks to queue
[2024-10-28T23:47:46.025+0000] {logging_mixin.py:190} INFO - [2024-10-28T23:47:46.025+0000] {dagbag.py:588} INFO - Filling up the DagBag from /opt/airflow/dags/ETL.py
[2024-10-28T23:47:46.039+0000] {processor.py:925} INFO - DAG(s) 'dag_etl_01' retrieved from /opt/airflow/dags/ETL.py
[2024-10-28T23:47:46.072+0000] {logging_mixin.py:190} INFO - [2024-10-28T23:47:46.071+0000] {dag.py:3239} INFO - Sync 1 DAGs
[2024-10-28T23:47:46.097+0000] {logging_mixin.py:190} INFO - [2024-10-28T23:47:46.097+0000] {dag.py:4180} INFO - Setting next_dagrun for dag_etl_01 to 2024-10-01 00:00:00+00:00, run_after=2024-11-01 00:00:00+00:00
[2024-10-28T23:47:46.115+0000] {processor.py:208} INFO - Processing /opt/airflow/dags/ETL.py took 0.104 seconds
[2024-10-28T23:48:16.183+0000] {processor.py:186} INFO - Started process (PID=538) to work on /opt/airflow/dags/ETL.py
[2024-10-28T23:48:16.188+0000] {processor.py:914} INFO - Processing file /opt/airflow/dags/ETL.py for tasks to queue
[2024-10-28T23:48:16.190+0000] {logging_mixin.py:190} INFO - [2024-10-28T23:48:16.190+0000] {dagbag.py:588} INFO - Filling up the DagBag from /opt/airflow/dags/ETL.py
[2024-10-28T23:48:16.200+0000] {processor.py:925} INFO - DAG(s) 'dag_etl_01' retrieved from /opt/airflow/dags/ETL.py
[2024-10-28T23:48:16.226+0000] {logging_mixin.py:190} INFO - [2024-10-28T23:48:16.226+0000] {dag.py:3239} INFO - Sync 1 DAGs
[2024-10-28T23:48:16.245+0000] {logging_mixin.py:190} INFO - [2024-10-28T23:48:16.245+0000] {dag.py:4180} INFO - Setting next_dagrun for dag_etl_01 to 2024-10-01 00:00:00+00:00, run_after=2024-11-01 00:00:00+00:00
[2024-10-28T23:48:16.260+0000] {processor.py:208} INFO - Processing /opt/airflow/dags/ETL.py took 0.082 seconds
[2024-10-28T23:48:46.386+0000] {processor.py:186} INFO - Started process (PID=545) to work on /opt/airflow/dags/ETL.py
[2024-10-28T23:48:46.387+0000] {processor.py:914} INFO - Processing file /opt/airflow/dags/ETL.py for tasks to queue
[2024-10-28T23:48:46.388+0000] {logging_mixin.py:190} INFO - [2024-10-28T23:48:46.388+0000] {dagbag.py:588} INFO - Filling up the DagBag from /opt/airflow/dags/ETL.py
[2024-10-28T23:48:46.398+0000] {processor.py:925} INFO - DAG(s) 'dag_etl_01' retrieved from /opt/airflow/dags/ETL.py
[2024-10-28T23:48:46.423+0000] {logging_mixin.py:190} INFO - [2024-10-28T23:48:46.422+0000] {dag.py:3239} INFO - Sync 1 DAGs
[2024-10-28T23:48:46.441+0000] {logging_mixin.py:190} INFO - [2024-10-28T23:48:46.441+0000] {dag.py:4180} INFO - Setting next_dagrun for dag_etl_01 to 2024-10-01 00:00:00+00:00, run_after=2024-11-01 00:00:00+00:00
[2024-10-28T23:48:46.455+0000] {processor.py:208} INFO - Processing /opt/airflow/dags/ETL.py took 0.073 seconds
[2024-10-28T23:49:16.546+0000] {processor.py:186} INFO - Started process (PID=552) to work on /opt/airflow/dags/ETL.py
[2024-10-28T23:49:16.547+0000] {processor.py:914} INFO - Processing file /opt/airflow/dags/ETL.py for tasks to queue
[2024-10-28T23:49:16.549+0000] {logging_mixin.py:190} INFO - [2024-10-28T23:49:16.549+0000] {dagbag.py:588} INFO - Filling up the DagBag from /opt/airflow/dags/ETL.py
[2024-10-28T23:49:16.563+0000] {processor.py:925} INFO - DAG(s) 'dag_etl_01' retrieved from /opt/airflow/dags/ETL.py
[2024-10-28T23:49:16.597+0000] {logging_mixin.py:190} INFO - [2024-10-28T23:49:16.597+0000] {dag.py:3239} INFO - Sync 1 DAGs
[2024-10-28T23:49:16.623+0000] {logging_mixin.py:190} INFO - [2024-10-28T23:49:16.623+0000] {dag.py:4180} INFO - Setting next_dagrun for dag_etl_01 to 2024-10-01 00:00:00+00:00, run_after=2024-11-01 00:00:00+00:00
[2024-10-28T23:49:16.644+0000] {processor.py:208} INFO - Processing /opt/airflow/dags/ETL.py took 0.104 seconds
[2024-10-28T23:49:46.731+0000] {processor.py:186} INFO - Started process (PID=560) to work on /opt/airflow/dags/ETL.py
[2024-10-28T23:49:46.735+0000] {processor.py:914} INFO - Processing file /opt/airflow/dags/ETL.py for tasks to queue
[2024-10-28T23:49:46.738+0000] {logging_mixin.py:190} INFO - [2024-10-28T23:49:46.737+0000] {dagbag.py:588} INFO - Filling up the DagBag from /opt/airflow/dags/ETL.py
[2024-10-28T23:49:46.753+0000] {processor.py:925} INFO - DAG(s) 'dag_etl_01' retrieved from /opt/airflow/dags/ETL.py
[2024-10-28T23:49:46.787+0000] {logging_mixin.py:190} INFO - [2024-10-28T23:49:46.786+0000] {dag.py:3239} INFO - Sync 1 DAGs
[2024-10-28T23:49:46.812+0000] {logging_mixin.py:190} INFO - [2024-10-28T23:49:46.812+0000] {dag.py:4180} INFO - Setting next_dagrun for dag_etl_01 to 2024-10-01 00:00:00+00:00, run_after=2024-11-01 00:00:00+00:00
[2024-10-28T23:49:46.830+0000] {processor.py:208} INFO - Processing /opt/airflow/dags/ETL.py took 0.107 seconds
[2024-10-28T23:50:16.926+0000] {processor.py:186} INFO - Started process (PID=567) to work on /opt/airflow/dags/ETL.py
[2024-10-28T23:50:16.926+0000] {processor.py:914} INFO - Processing file /opt/airflow/dags/ETL.py for tasks to queue
[2024-10-28T23:50:16.928+0000] {logging_mixin.py:190} INFO - [2024-10-28T23:50:16.928+0000] {dagbag.py:588} INFO - Filling up the DagBag from /opt/airflow/dags/ETL.py
[2024-10-28T23:50:16.938+0000] {processor.py:925} INFO - DAG(s) 'dag_etl_01' retrieved from /opt/airflow/dags/ETL.py
[2024-10-28T23:50:16.963+0000] {logging_mixin.py:190} INFO - [2024-10-28T23:50:16.963+0000] {dag.py:3239} INFO - Sync 1 DAGs
[2024-10-28T23:50:16.982+0000] {logging_mixin.py:190} INFO - [2024-10-28T23:50:16.982+0000] {dag.py:4180} INFO - Setting next_dagrun for dag_etl_01 to 2024-10-01 00:00:00+00:00, run_after=2024-11-01 00:00:00+00:00
[2024-10-28T23:50:16.996+0000] {processor.py:208} INFO - Processing /opt/airflow/dags/ETL.py took 0.076 seconds
[2024-10-28T23:50:47.105+0000] {processor.py:186} INFO - Started process (PID=575) to work on /opt/airflow/dags/ETL.py
[2024-10-28T23:50:47.110+0000] {processor.py:914} INFO - Processing file /opt/airflow/dags/ETL.py for tasks to queue
[2024-10-28T23:50:47.112+0000] {logging_mixin.py:190} INFO - [2024-10-28T23:50:47.112+0000] {dagbag.py:588} INFO - Filling up the DagBag from /opt/airflow/dags/ETL.py
[2024-10-28T23:50:47.127+0000] {processor.py:925} INFO - DAG(s) 'dag_etl_01' retrieved from /opt/airflow/dags/ETL.py
[2024-10-28T23:50:47.161+0000] {logging_mixin.py:190} INFO - [2024-10-28T23:50:47.161+0000] {dag.py:3239} INFO - Sync 1 DAGs
[2024-10-28T23:50:47.191+0000] {logging_mixin.py:190} INFO - [2024-10-28T23:50:47.191+0000] {dag.py:4180} INFO - Setting next_dagrun for dag_etl_01 to 2024-10-01 00:00:00+00:00, run_after=2024-11-01 00:00:00+00:00
[2024-10-28T23:50:47.209+0000] {processor.py:208} INFO - Processing /opt/airflow/dags/ETL.py took 0.110 seconds
[2024-10-28T23:51:17.272+0000] {processor.py:186} INFO - Started process (PID=582) to work on /opt/airflow/dags/ETL.py
[2024-10-28T23:51:17.273+0000] {processor.py:914} INFO - Processing file /opt/airflow/dags/ETL.py for tasks to queue
[2024-10-28T23:51:17.275+0000] {logging_mixin.py:190} INFO - [2024-10-28T23:51:17.275+0000] {dagbag.py:588} INFO - Filling up the DagBag from /opt/airflow/dags/ETL.py
[2024-10-28T23:51:17.289+0000] {processor.py:925} INFO - DAG(s) 'dag_etl_01' retrieved from /opt/airflow/dags/ETL.py
[2024-10-28T23:51:17.323+0000] {logging_mixin.py:190} INFO - [2024-10-28T23:51:17.323+0000] {dag.py:3239} INFO - Sync 1 DAGs
[2024-10-28T23:51:17.349+0000] {logging_mixin.py:190} INFO - [2024-10-28T23:51:17.348+0000] {dag.py:4180} INFO - Setting next_dagrun for dag_etl_01 to 2024-10-01 00:00:00+00:00, run_after=2024-11-01 00:00:00+00:00
[2024-10-28T23:51:17.368+0000] {processor.py:208} INFO - Processing /opt/airflow/dags/ETL.py took 0.102 seconds
[2024-10-28T23:51:47.485+0000] {processor.py:186} INFO - Started process (PID=589) to work on /opt/airflow/dags/ETL.py
[2024-10-28T23:51:47.491+0000] {processor.py:914} INFO - Processing file /opt/airflow/dags/ETL.py for tasks to queue
[2024-10-28T23:51:47.494+0000] {logging_mixin.py:190} INFO - [2024-10-28T23:51:47.494+0000] {dagbag.py:588} INFO - Filling up the DagBag from /opt/airflow/dags/ETL.py
[2024-10-28T23:51:47.508+0000] {processor.py:925} INFO - DAG(s) 'dag_etl_01' retrieved from /opt/airflow/dags/ETL.py
[2024-10-28T23:51:47.541+0000] {logging_mixin.py:190} INFO - [2024-10-28T23:51:47.541+0000] {dag.py:3239} INFO - Sync 1 DAGs
[2024-10-28T23:51:47.567+0000] {logging_mixin.py:190} INFO - [2024-10-28T23:51:47.567+0000] {dag.py:4180} INFO - Setting next_dagrun for dag_etl_01 to 2024-10-01 00:00:00+00:00, run_after=2024-11-01 00:00:00+00:00
[2024-10-28T23:51:47.586+0000] {processor.py:208} INFO - Processing /opt/airflow/dags/ETL.py took 0.108 seconds
[2024-10-28T23:52:17.640+0000] {processor.py:186} INFO - Started process (PID=596) to work on /opt/airflow/dags/ETL.py
[2024-10-28T23:52:17.641+0000] {processor.py:914} INFO - Processing file /opt/airflow/dags/ETL.py for tasks to queue
[2024-10-28T23:52:17.643+0000] {logging_mixin.py:190} INFO - [2024-10-28T23:52:17.642+0000] {dagbag.py:588} INFO - Filling up the DagBag from /opt/airflow/dags/ETL.py
[2024-10-28T23:52:17.657+0000] {processor.py:925} INFO - DAG(s) 'dag_etl_01' retrieved from /opt/airflow/dags/ETL.py
[2024-10-28T23:52:17.691+0000] {logging_mixin.py:190} INFO - [2024-10-28T23:52:17.690+0000] {dag.py:3239} INFO - Sync 1 DAGs
[2024-10-28T23:52:17.716+0000] {logging_mixin.py:190} INFO - [2024-10-28T23:52:17.716+0000] {dag.py:4180} INFO - Setting next_dagrun for dag_etl_01 to 2024-10-01 00:00:00+00:00, run_after=2024-11-01 00:00:00+00:00
[2024-10-28T23:52:17.734+0000] {processor.py:208} INFO - Processing /opt/airflow/dags/ETL.py took 0.101 seconds
[2024-10-28T23:52:47.862+0000] {processor.py:186} INFO - Started process (PID=603) to work on /opt/airflow/dags/ETL.py
[2024-10-28T23:52:47.867+0000] {processor.py:914} INFO - Processing file /opt/airflow/dags/ETL.py for tasks to queue
[2024-10-28T23:52:47.869+0000] {logging_mixin.py:190} INFO - [2024-10-28T23:52:47.869+0000] {dagbag.py:588} INFO - Filling up the DagBag from /opt/airflow/dags/ETL.py
[2024-10-28T23:52:47.885+0000] {processor.py:925} INFO - DAG(s) 'dag_etl_01' retrieved from /opt/airflow/dags/ETL.py
[2024-10-28T23:52:47.919+0000] {logging_mixin.py:190} INFO - [2024-10-28T23:52:47.918+0000] {dag.py:3239} INFO - Sync 1 DAGs
[2024-10-28T23:52:47.944+0000] {logging_mixin.py:190} INFO - [2024-10-28T23:52:47.944+0000] {dag.py:4180} INFO - Setting next_dagrun for dag_etl_01 to 2024-10-01 00:00:00+00:00, run_after=2024-11-01 00:00:00+00:00
[2024-10-28T23:52:47.963+0000] {processor.py:208} INFO - Processing /opt/airflow/dags/ETL.py took 0.107 seconds
[2024-10-28T23:53:18.006+0000] {processor.py:186} INFO - Started process (PID=610) to work on /opt/airflow/dags/ETL.py
[2024-10-28T23:53:18.007+0000] {processor.py:914} INFO - Processing file /opt/airflow/dags/ETL.py for tasks to queue
[2024-10-28T23:53:18.009+0000] {logging_mixin.py:190} INFO - [2024-10-28T23:53:18.009+0000] {dagbag.py:588} INFO - Filling up the DagBag from /opt/airflow/dags/ETL.py
[2024-10-28T23:53:18.020+0000] {processor.py:925} INFO - DAG(s) 'dag_etl_01' retrieved from /opt/airflow/dags/ETL.py
[2024-10-28T23:53:18.046+0000] {logging_mixin.py:190} INFO - [2024-10-28T23:53:18.046+0000] {dag.py:3239} INFO - Sync 1 DAGs
[2024-10-28T23:53:18.065+0000] {logging_mixin.py:190} INFO - [2024-10-28T23:53:18.065+0000] {dag.py:4180} INFO - Setting next_dagrun for dag_etl_01 to 2024-10-01 00:00:00+00:00, run_after=2024-11-01 00:00:00+00:00
[2024-10-28T23:53:18.081+0000] {processor.py:208} INFO - Processing /opt/airflow/dags/ETL.py took 0.080 seconds
[2024-10-28T23:53:48.156+0000] {processor.py:186} INFO - Started process (PID=617) to work on /opt/airflow/dags/ETL.py
[2024-10-28T23:53:48.157+0000] {processor.py:914} INFO - Processing file /opt/airflow/dags/ETL.py for tasks to queue
[2024-10-28T23:53:48.159+0000] {logging_mixin.py:190} INFO - [2024-10-28T23:53:48.159+0000] {dagbag.py:588} INFO - Filling up the DagBag from /opt/airflow/dags/ETL.py
[2024-10-28T23:53:48.175+0000] {processor.py:925} INFO - DAG(s) 'dag_etl_01' retrieved from /opt/airflow/dags/ETL.py
[2024-10-28T23:53:48.213+0000] {logging_mixin.py:190} INFO - [2024-10-28T23:53:48.213+0000] {dag.py:3239} INFO - Sync 1 DAGs
[2024-10-28T23:53:48.242+0000] {logging_mixin.py:190} INFO - [2024-10-28T23:53:48.242+0000] {dag.py:4180} INFO - Setting next_dagrun for dag_etl_01 to 2024-10-01 00:00:00+00:00, run_after=2024-11-01 00:00:00+00:00
[2024-10-28T23:53:48.263+0000] {processor.py:208} INFO - Processing /opt/airflow/dags/ETL.py took 0.114 seconds
[2024-10-28T23:54:18.371+0000] {processor.py:186} INFO - Started process (PID=624) to work on /opt/airflow/dags/ETL.py
[2024-10-28T23:54:18.371+0000] {processor.py:914} INFO - Processing file /opt/airflow/dags/ETL.py for tasks to queue
[2024-10-28T23:54:18.374+0000] {logging_mixin.py:190} INFO - [2024-10-28T23:54:18.373+0000] {dagbag.py:588} INFO - Filling up the DagBag from /opt/airflow/dags/ETL.py
[2024-10-28T23:54:18.388+0000] {processor.py:925} INFO - DAG(s) 'dag_etl_01' retrieved from /opt/airflow/dags/ETL.py
[2024-10-28T23:54:18.421+0000] {logging_mixin.py:190} INFO - [2024-10-28T23:54:18.421+0000] {dag.py:3239} INFO - Sync 1 DAGs
[2024-10-28T23:54:18.447+0000] {logging_mixin.py:190} INFO - [2024-10-28T23:54:18.447+0000] {dag.py:4180} INFO - Setting next_dagrun for dag_etl_01 to 2024-10-01 00:00:00+00:00, run_after=2024-11-01 00:00:00+00:00
[2024-10-28T23:54:18.466+0000] {processor.py:208} INFO - Processing /opt/airflow/dags/ETL.py took 0.102 seconds
[2024-10-28T23:54:48.539+0000] {processor.py:186} INFO - Started process (PID=631) to work on /opt/airflow/dags/ETL.py
[2024-10-28T23:54:48.543+0000] {processor.py:914} INFO - Processing file /opt/airflow/dags/ETL.py for tasks to queue
[2024-10-28T23:54:48.545+0000] {logging_mixin.py:190} INFO - [2024-10-28T23:54:48.545+0000] {dagbag.py:588} INFO - Filling up the DagBag from /opt/airflow/dags/ETL.py
[2024-10-28T23:54:48.556+0000] {processor.py:925} INFO - DAG(s) 'dag_etl_01' retrieved from /opt/airflow/dags/ETL.py
[2024-10-28T23:54:48.586+0000] {logging_mixin.py:190} INFO - [2024-10-28T23:54:48.586+0000] {dag.py:3239} INFO - Sync 1 DAGs
[2024-10-28T23:54:48.606+0000] {logging_mixin.py:190} INFO - [2024-10-28T23:54:48.606+0000] {dag.py:4180} INFO - Setting next_dagrun for dag_etl_01 to 2024-10-01 00:00:00+00:00, run_after=2024-11-01 00:00:00+00:00
[2024-10-28T23:54:48.620+0000] {processor.py:208} INFO - Processing /opt/airflow/dags/ETL.py took 0.087 seconds
[2024-10-28T23:55:18.735+0000] {processor.py:186} INFO - Started process (PID=638) to work on /opt/airflow/dags/ETL.py
[2024-10-28T23:55:18.736+0000] {processor.py:914} INFO - Processing file /opt/airflow/dags/ETL.py for tasks to queue
[2024-10-28T23:55:18.738+0000] {logging_mixin.py:190} INFO - [2024-10-28T23:55:18.738+0000] {dagbag.py:588} INFO - Filling up the DagBag from /opt/airflow/dags/ETL.py
[2024-10-28T23:55:18.749+0000] {processor.py:925} INFO - DAG(s) 'dag_etl_01' retrieved from /opt/airflow/dags/ETL.py
[2024-10-28T23:55:18.775+0000] {logging_mixin.py:190} INFO - [2024-10-28T23:55:18.775+0000] {dag.py:3239} INFO - Sync 1 DAGs
[2024-10-28T23:55:18.795+0000] {logging_mixin.py:190} INFO - [2024-10-28T23:55:18.795+0000] {dag.py:4180} INFO - Setting next_dagrun for dag_etl_01 to 2024-10-01 00:00:00+00:00, run_after=2024-11-01 00:00:00+00:00
[2024-10-28T23:55:18.813+0000] {processor.py:208} INFO - Processing /opt/airflow/dags/ETL.py took 0.083 seconds
[2024-10-28T23:55:48.887+0000] {processor.py:186} INFO - Started process (PID=645) to work on /opt/airflow/dags/ETL.py
[2024-10-28T23:55:48.892+0000] {processor.py:914} INFO - Processing file /opt/airflow/dags/ETL.py for tasks to queue
[2024-10-28T23:55:48.896+0000] {logging_mixin.py:190} INFO - [2024-10-28T23:55:48.896+0000] {dagbag.py:588} INFO - Filling up the DagBag from /opt/airflow/dags/ETL.py
[2024-10-28T23:55:48.910+0000] {processor.py:925} INFO - DAG(s) 'dag_etl_01' retrieved from /opt/airflow/dags/ETL.py
[2024-10-28T23:55:48.937+0000] {logging_mixin.py:190} INFO - [2024-10-28T23:55:48.937+0000] {dag.py:3239} INFO - Sync 1 DAGs
[2024-10-28T23:55:48.960+0000] {logging_mixin.py:190} INFO - [2024-10-28T23:55:48.960+0000] {dag.py:4180} INFO - Setting next_dagrun for dag_etl_01 to 2024-10-01 00:00:00+00:00, run_after=2024-11-01 00:00:00+00:00
[2024-10-28T23:55:48.977+0000] {processor.py:208} INFO - Processing /opt/airflow/dags/ETL.py took 0.095 seconds
[2024-10-28T23:56:19.091+0000] {processor.py:186} INFO - Started process (PID=652) to work on /opt/airflow/dags/ETL.py
[2024-10-28T23:56:19.092+0000] {processor.py:914} INFO - Processing file /opt/airflow/dags/ETL.py for tasks to queue
[2024-10-28T23:56:19.095+0000] {logging_mixin.py:190} INFO - [2024-10-28T23:56:19.094+0000] {dagbag.py:588} INFO - Filling up the DagBag from /opt/airflow/dags/ETL.py
[2024-10-28T23:56:19.110+0000] {processor.py:925} INFO - DAG(s) 'dag_etl_01' retrieved from /opt/airflow/dags/ETL.py
[2024-10-28T23:56:19.145+0000] {logging_mixin.py:190} INFO - [2024-10-28T23:56:19.145+0000] {dag.py:3239} INFO - Sync 1 DAGs
[2024-10-28T23:56:19.172+0000] {logging_mixin.py:190} INFO - [2024-10-28T23:56:19.171+0000] {dag.py:4180} INFO - Setting next_dagrun for dag_etl_01 to 2024-10-01 00:00:00+00:00, run_after=2024-11-01 00:00:00+00:00
[2024-10-28T23:56:19.190+0000] {processor.py:208} INFO - Processing /opt/airflow/dags/ETL.py took 0.105 seconds
[2024-10-28T23:56:49.256+0000] {processor.py:186} INFO - Started process (PID=659) to work on /opt/airflow/dags/ETL.py
[2024-10-28T23:56:49.259+0000] {processor.py:914} INFO - Processing file /opt/airflow/dags/ETL.py for tasks to queue
[2024-10-28T23:56:49.262+0000] {logging_mixin.py:190} INFO - [2024-10-28T23:56:49.261+0000] {dagbag.py:588} INFO - Filling up the DagBag from /opt/airflow/dags/ETL.py
[2024-10-28T23:56:49.276+0000] {processor.py:925} INFO - DAG(s) 'dag_etl_01' retrieved from /opt/airflow/dags/ETL.py
[2024-10-28T23:56:49.309+0000] {logging_mixin.py:190} INFO - [2024-10-28T23:56:49.309+0000] {dag.py:3239} INFO - Sync 1 DAGs
[2024-10-28T23:56:49.335+0000] {logging_mixin.py:190} INFO - [2024-10-28T23:56:49.335+0000] {dag.py:4180} INFO - Setting next_dagrun for dag_etl_01 to 2024-10-01 00:00:00+00:00, run_after=2024-11-01 00:00:00+00:00
[2024-10-28T23:56:49.353+0000] {processor.py:208} INFO - Processing /opt/airflow/dags/ETL.py took 0.105 seconds
[2024-10-28T23:57:19.461+0000] {processor.py:186} INFO - Started process (PID=666) to work on /opt/airflow/dags/ETL.py
[2024-10-28T23:57:19.462+0000] {processor.py:914} INFO - Processing file /opt/airflow/dags/ETL.py for tasks to queue
[2024-10-28T23:57:19.464+0000] {logging_mixin.py:190} INFO - [2024-10-28T23:57:19.464+0000] {dagbag.py:588} INFO - Filling up the DagBag from /opt/airflow/dags/ETL.py
[2024-10-28T23:57:19.479+0000] {processor.py:925} INFO - DAG(s) 'dag_etl_01' retrieved from /opt/airflow/dags/ETL.py
[2024-10-28T23:57:19.511+0000] {logging_mixin.py:190} INFO - [2024-10-28T23:57:19.511+0000] {dag.py:3239} INFO - Sync 1 DAGs
[2024-10-28T23:57:19.537+0000] {logging_mixin.py:190} INFO - [2024-10-28T23:57:19.537+0000] {dag.py:4180} INFO - Setting next_dagrun for dag_etl_01 to 2024-10-01 00:00:00+00:00, run_after=2024-11-01 00:00:00+00:00
[2024-10-28T23:57:19.557+0000] {processor.py:208} INFO - Processing /opt/airflow/dags/ETL.py took 0.103 seconds
[2024-10-28T23:57:49.619+0000] {processor.py:186} INFO - Started process (PID=673) to work on /opt/airflow/dags/ETL.py
[2024-10-28T23:57:49.624+0000] {processor.py:914} INFO - Processing file /opt/airflow/dags/ETL.py for tasks to queue
[2024-10-28T23:57:49.627+0000] {logging_mixin.py:190} INFO - [2024-10-28T23:57:49.626+0000] {dagbag.py:588} INFO - Filling up the DagBag from /opt/airflow/dags/ETL.py
[2024-10-28T23:57:49.642+0000] {processor.py:925} INFO - DAG(s) 'dag_etl_01' retrieved from /opt/airflow/dags/ETL.py
[2024-10-28T23:57:49.678+0000] {logging_mixin.py:190} INFO - [2024-10-28T23:57:49.677+0000] {dag.py:3239} INFO - Sync 1 DAGs
[2024-10-28T23:57:49.705+0000] {logging_mixin.py:190} INFO - [2024-10-28T23:57:49.705+0000] {dag.py:4180} INFO - Setting next_dagrun for dag_etl_01 to 2024-10-01 00:00:00+00:00, run_after=2024-11-01 00:00:00+00:00
[2024-10-28T23:57:49.725+0000] {processor.py:208} INFO - Processing /opt/airflow/dags/ETL.py took 0.113 seconds
[2024-10-28T23:58:19.831+0000] {processor.py:186} INFO - Started process (PID=680) to work on /opt/airflow/dags/ETL.py
[2024-10-28T23:58:19.831+0000] {processor.py:914} INFO - Processing file /opt/airflow/dags/ETL.py for tasks to queue
[2024-10-28T23:58:19.833+0000] {logging_mixin.py:190} INFO - [2024-10-28T23:58:19.833+0000] {dagbag.py:588} INFO - Filling up the DagBag from /opt/airflow/dags/ETL.py
[2024-10-28T23:58:19.844+0000] {processor.py:925} INFO - DAG(s) 'dag_etl_01' retrieved from /opt/airflow/dags/ETL.py
[2024-10-28T23:58:19.870+0000] {logging_mixin.py:190} INFO - [2024-10-28T23:58:19.870+0000] {dag.py:3239} INFO - Sync 1 DAGs
[2024-10-28T23:58:19.891+0000] {logging_mixin.py:190} INFO - [2024-10-28T23:58:19.891+0000] {dag.py:4180} INFO - Setting next_dagrun for dag_etl_01 to 2024-10-01 00:00:00+00:00, run_after=2024-11-01 00:00:00+00:00
[2024-10-28T23:58:19.908+0000] {processor.py:208} INFO - Processing /opt/airflow/dags/ETL.py took 0.083 seconds
[2024-10-28T23:58:49.993+0000] {processor.py:186} INFO - Started process (PID=687) to work on /opt/airflow/dags/ETL.py
[2024-10-28T23:58:49.995+0000] {processor.py:914} INFO - Processing file /opt/airflow/dags/ETL.py for tasks to queue
[2024-10-28T23:58:49.997+0000] {logging_mixin.py:190} INFO - [2024-10-28T23:58:49.997+0000] {dagbag.py:588} INFO - Filling up the DagBag from /opt/airflow/dags/ETL.py
[2024-10-28T23:58:50.011+0000] {processor.py:925} INFO - DAG(s) 'dag_etl_01' retrieved from /opt/airflow/dags/ETL.py
[2024-10-28T23:58:50.044+0000] {logging_mixin.py:190} INFO - [2024-10-28T23:58:50.044+0000] {dag.py:3239} INFO - Sync 1 DAGs
[2024-10-28T23:58:50.070+0000] {logging_mixin.py:190} INFO - [2024-10-28T23:58:50.069+0000] {dag.py:4180} INFO - Setting next_dagrun for dag_etl_01 to 2024-10-01 00:00:00+00:00, run_after=2024-11-01 00:00:00+00:00
[2024-10-28T23:58:50.088+0000] {processor.py:208} INFO - Processing /opt/airflow/dags/ETL.py took 0.101 seconds
[2024-10-28T23:59:20.182+0000] {processor.py:186} INFO - Started process (PID=694) to work on /opt/airflow/dags/ETL.py
[2024-10-28T23:59:20.183+0000] {processor.py:914} INFO - Processing file /opt/airflow/dags/ETL.py for tasks to queue
[2024-10-28T23:59:20.185+0000] {logging_mixin.py:190} INFO - [2024-10-28T23:59:20.185+0000] {dagbag.py:588} INFO - Filling up the DagBag from /opt/airflow/dags/ETL.py
[2024-10-28T23:59:20.199+0000] {processor.py:925} INFO - DAG(s) 'dag_etl_01' retrieved from /opt/airflow/dags/ETL.py
[2024-10-28T23:59:20.234+0000] {logging_mixin.py:190} INFO - [2024-10-28T23:59:20.234+0000] {dag.py:3239} INFO - Sync 1 DAGs
[2024-10-28T23:59:20.260+0000] {logging_mixin.py:190} INFO - [2024-10-28T23:59:20.260+0000] {dag.py:4180} INFO - Setting next_dagrun for dag_etl_01 to 2024-10-01 00:00:00+00:00, run_after=2024-11-01 00:00:00+00:00
[2024-10-28T23:59:20.280+0000] {processor.py:208} INFO - Processing /opt/airflow/dags/ETL.py took 0.106 seconds
[2024-10-28T23:59:50.361+0000] {processor.py:186} INFO - Started process (PID=701) to work on /opt/airflow/dags/ETL.py
[2024-10-28T23:59:50.366+0000] {processor.py:914} INFO - Processing file /opt/airflow/dags/ETL.py for tasks to queue
[2024-10-28T23:59:50.368+0000] {logging_mixin.py:190} INFO - [2024-10-28T23:59:50.368+0000] {dagbag.py:588} INFO - Filling up the DagBag from /opt/airflow/dags/ETL.py
[2024-10-28T23:59:50.383+0000] {processor.py:925} INFO - DAG(s) 'dag_etl_01' retrieved from /opt/airflow/dags/ETL.py
[2024-10-28T23:59:50.420+0000] {logging_mixin.py:190} INFO - [2024-10-28T23:59:50.419+0000] {dag.py:3239} INFO - Sync 1 DAGs
[2024-10-28T23:59:50.446+0000] {logging_mixin.py:190} INFO - [2024-10-28T23:59:50.445+0000] {dag.py:4180} INFO - Setting next_dagrun for dag_etl_01 to 2024-10-01 00:00:00+00:00, run_after=2024-11-01 00:00:00+00:00
[2024-10-28T23:59:50.465+0000] {processor.py:208} INFO - Processing /opt/airflow/dags/ETL.py took 0.111 seconds
