[2024-10-26T22:12:25.899+0000] {local_task_job_runner.py:123} INFO - ::group::Pre task execution logs
[2024-10-26T22:12:25.921+0000] {taskinstance.py:2612} INFO - Dependencies all met for dep_context=non-requeueable deps ti=<TaskInstance: dag_etl_01.run_extract_container_E5 manual__2024-10-26T22:12:23.442491+00:00 [queued]>
[2024-10-26T22:12:25.934+0000] {taskinstance.py:2612} INFO - Dependencies all met for dep_context=requeueable deps ti=<TaskInstance: dag_etl_01.run_extract_container_E5 manual__2024-10-26T22:12:23.442491+00:00 [queued]>
[2024-10-26T22:12:25.935+0000] {taskinstance.py:2865} INFO - Starting attempt 1 of 6
[2024-10-26T22:12:25.951+0000] {taskinstance.py:2888} INFO - Executing <Task(DockerOperator): run_extract_container_E5> on 2024-10-26 22:12:23.442491+00:00
[2024-10-26T22:12:25.962+0000] {warnings.py:112} WARNING - /home/***/.local/lib/python3.12/site-packages/***/task/task_runner/standard_task_runner.py:70: DeprecationWarning: This process (pid=965) is multi-threaded, use of fork() may lead to deadlocks in the child.
  pid = os.fork()

[2024-10-26T22:12:25.964+0000] {standard_task_runner.py:72} INFO - Started process 980 to run task
[2024-10-26T22:12:25.965+0000] {standard_task_runner.py:104} INFO - Running: ['***', 'tasks', 'run', 'dag_etl_01', 'run_extract_container_E5', 'manual__2024-10-26T22:12:23.442491+00:00', '--job-id', '50', '--raw', '--subdir', 'DAGS_FOLDER/ETL.py', '--cfg-path', '/tmp/tmp66t8o32y']
[2024-10-26T22:12:25.966+0000] {standard_task_runner.py:105} INFO - Job 50: Subtask run_extract_container_E5
[2024-10-26T22:12:26.028+0000] {task_command.py:467} INFO - Running <TaskInstance: dag_etl_01.run_extract_container_E5 manual__2024-10-26T22:12:23.442491+00:00 [running]> on host bacd1900a50a
[2024-10-26T22:12:26.136+0000] {taskinstance.py:3131} INFO - Exporting env vars: AIRFLOW_CTX_DAG_OWNER='BB' AIRFLOW_CTX_DAG_ID='dag_etl_01' AIRFLOW_CTX_TASK_ID='run_extract_container_E5' AIRFLOW_CTX_EXECUTION_DATE='2024-10-26T22:12:23.442491+00:00' AIRFLOW_CTX_TRY_NUMBER='1' AIRFLOW_CTX_DAG_RUN_ID='manual__2024-10-26T22:12:23.442491+00:00'
[2024-10-26T22:12:26.137+0000] {taskinstance.py:731} INFO - ::endgroup::
[2024-10-26T22:12:26.168+0000] {docker.py:367} INFO - Starting docker container from image etl
[2024-10-26T22:12:26.172+0000] {docker.py:375} WARNING - Using remote engine or docker-in-docker and mounting temporary volume from host is not supported. Falling back to `mount_tmp_dir=False` mode. You can set `mount_tmp_dir` parameter to False to disable mounting and remove the warning
[2024-10-26T22:17:35.596+0000] {docker.py:438} INFO - End of process...
[2024-10-26T22:17:35.604+0000] {docker.py:438} INFO -      Category                  Name  ...    Date_First  Like_First
[2024-10-26T22:17:35.605+0000] {docker.py:438} INFO - 0     Romance     Si Bel Homme List  ...  Nov 24, 2023  like14,469
[2024-10-26T22:17:35.605+0000] {docker.py:438} INFO - 1   Superhero               SAMADHI  ...  Jul 11, 2021  like35,460
[2024-10-26T22:17:35.606+0000] {docker.py:438} INFO - 2   Superhero        The Fever King  ...  Jun 30, 2019  like70,028
[2024-10-26T22:17:35.607+0000] {docker.py:438} INFO - 3    Thriller     Survive to Revive  ...  Mar 31, 2023   like4,666
[2024-10-26T22:17:35.608+0000] {docker.py:438} INFO - 4       Drama              Our Time  ...  Nov 12, 2021  like22,218
[2024-10-26T22:17:35.609+0000] {docker.py:438} INFO - ..        ...                   ...  ...           ...         ...
[2024-10-26T22:17:35.609+0000] {docker.py:438} INFO - 74    Fantasy      Good Luck, Hero!  ...  Sep 16, 2021  like18,107
[2024-10-26T22:17:35.610+0000] {docker.py:438} INFO - 75  Superhero                  Arma  ...   Jun 5, 2019  like32,210
[2024-10-26T22:17:35.610+0000] {docker.py:438} INFO - 76      Drama  No Longer A Heroine!  ...  Nov 30, 2020  like74,317
[2024-10-26T22:17:35.611+0000] {docker.py:438} INFO - 77     Action             Happiness  ...  Apr 10, 2022  like21,249
[2024-10-26T22:17:35.611+0000] {docker.py:438} INFO - 78     Action            Ghost King  ...  Mar 10, 2022  like21,082
[2024-10-26T22:17:35.611+0000] {docker.py:438} INFO - 
[2024-10-26T22:17:35.612+0000] {docker.py:438} INFO - [79 rows x 9 columns]
[2024-10-26T22:17:37.092+0000] {taskinstance.py:340} INFO - ::group::Post task execution logs
[2024-10-26T22:17:37.093+0000] {taskinstance.py:352} INFO - Marking task as SUCCESS. dag_id=dag_etl_01, task_id=run_extract_container_E5, run_id=manual__2024-10-26T22:12:23.442491+00:00, execution_date=20241026T221223, start_date=20241026T221225, end_date=20241026T221737
[2024-10-26T22:17:37.155+0000] {local_task_job_runner.py:266} INFO - Task exited with return code 0
[2024-10-26T22:17:37.209+0000] {taskinstance.py:3900} INFO - 0 downstream tasks scheduled from follow-on schedule check
[2024-10-26T22:17:37.218+0000] {local_task_job_runner.py:245} INFO - ::endgroup::
