[2024-10-08T22:13:23.715+0000] {local_task_job_runner.py:123} INFO - ::group::Pre task execution logs
[2024-10-08T22:13:23.736+0000] {taskinstance.py:2612} INFO - Dependencies all met for dep_context=non-requeueable deps ti=<TaskInstance: dag_etl_004.run_extract_container_E10 manual__2024-10-08T21:51:57.135226+00:00 [queued]>
[2024-10-08T22:13:23.746+0000] {taskinstance.py:2612} INFO - Dependencies all met for dep_context=requeueable deps ti=<TaskInstance: dag_etl_004.run_extract_container_E10 manual__2024-10-08T21:51:57.135226+00:00 [queued]>
[2024-10-08T22:13:23.747+0000] {taskinstance.py:2865} INFO - Starting attempt 2 of 7
[2024-10-08T22:13:23.763+0000] {taskinstance.py:2888} INFO - Executing <Task(DockerOperator): run_extract_container_E10> on 2024-10-08 21:51:57.135226+00:00
[2024-10-08T22:13:23.773+0000] {warnings.py:112} WARNING - /home/***/.local/lib/python3.12/site-packages/***/task/task_runner/standard_task_runner.py:70: DeprecationWarning: This process (pid=1450) is multi-threaded, use of fork() may lead to deadlocks in the child.
  pid = os.fork()

[2024-10-08T22:13:23.774+0000] {standard_task_runner.py:72} INFO - Started process 1455 to run task
[2024-10-08T22:13:23.775+0000] {standard_task_runner.py:104} INFO - Running: ['***', 'tasks', 'run', 'dag_etl_004', 'run_extract_container_E10', 'manual__2024-10-08T21:51:57.135226+00:00', '--job-id', '115', '--raw', '--subdir', 'DAGS_FOLDER/ETL.py', '--cfg-path', '/tmp/tmp4d3urj5g']
[2024-10-08T22:13:23.776+0000] {standard_task_runner.py:105} INFO - Job 115: Subtask run_extract_container_E10
[2024-10-08T22:13:23.823+0000] {task_command.py:467} INFO - Running <TaskInstance: dag_etl_004.run_extract_container_E10 manual__2024-10-08T21:51:57.135226+00:00 [running]> on host a4706156eccf
[2024-10-08T22:13:23.907+0000] {taskinstance.py:3131} INFO - Exporting env vars: AIRFLOW_CTX_DAG_OWNER='BB' AIRFLOW_CTX_DAG_ID='dag_etl_004' AIRFLOW_CTX_TASK_ID='run_extract_container_E10' AIRFLOW_CTX_EXECUTION_DATE='2024-10-08T21:51:57.135226+00:00' AIRFLOW_CTX_TRY_NUMBER='2' AIRFLOW_CTX_DAG_RUN_ID='manual__2024-10-08T21:51:57.135226+00:00'
[2024-10-08T22:13:23.908+0000] {taskinstance.py:731} INFO - ::endgroup::
[2024-10-08T22:13:23.931+0000] {docker.py:367} INFO - Starting docker container from image etl
[2024-10-08T22:13:23.934+0000] {docker.py:375} WARNING - Using remote engine or docker-in-docker and mounting temporary volume from host is not supported. Falling back to `mount_tmp_dir=False` mode. You can set `mount_tmp_dir` parameter to False to disable mounting and remove the warning
[2024-10-08T22:20:45.267+0000] {docker.py:438} INFO - End of process...
[2024-10-08T22:20:45.268+0000] {docker.py:438} INFO -          Category                         Name  ...    Date_First  Like_First
[2024-10-08T22:20:45.268+0000] {docker.py:438} INFO - 0          Comedy              Behind the GIFs  ...   May 3, 2016  like38,011
[2024-10-08T22:20:45.269+0000] {docker.py:438} INFO - 1    Supernatural                     Acursian  ...  Sep 14, 2018   like6,417
[2024-10-08T22:20:45.269+0000] {docker.py:438} INFO - 2         Fantasy                      Spirits  ...   Apr 6, 2018   like7,780
[2024-10-08T22:20:45.269+0000] {docker.py:438} INFO - 3          Comedy             New Life Project  ...  Aug 18, 2014   like2,806
[2024-10-08T22:20:45.269+0000] {docker.py:438} INFO - 4    Supernatural                    Firebrand  ...   Dec 1, 2016  like16,965
[2024-10-08T22:20:45.270+0000] {docker.py:438} INFO - ..            ...                          ...  ...           ...         ...
[2024-10-08T22:20:45.270+0000] {docker.py:438} INFO - 68  Slice of life                Just Ask Yuli  ...   Mar 9, 2015   like2,949
[2024-10-08T22:20:45.270+0000] {docker.py:438} INFO - 69  Slice of life  The Life of the Three Bears  ...  Feb 23, 2015   like3,821
[2024-10-08T22:20:45.270+0000] {docker.py:438} INFO - 70  Slice of life                Jingle Jungle  ...  Aug 27, 2014   like2,079
[2024-10-08T22:20:45.270+0000] {docker.py:438} INFO - 71         Sci-fi           2015: Space Series  ...  Feb 25, 2015   like8,451
[2024-10-08T22:20:45.271+0000] {docker.py:438} INFO - 72         Comedy                       Epic V  ...   Dec 2, 2014   like1,273
[2024-10-08T22:20:45.271+0000] {docker.py:438} INFO - 
[2024-10-08T22:20:45.271+0000] {docker.py:438} INFO - [73 rows x 9 columns]
[2024-10-08T22:20:45.816+0000] {taskinstance.py:340} INFO - ::group::Post task execution logs
[2024-10-08T22:20:45.817+0000] {taskinstance.py:352} INFO - Marking task as SUCCESS. dag_id=dag_etl_004, task_id=run_extract_container_E10, run_id=manual__2024-10-08T21:51:57.135226+00:00, execution_date=20241008T215157, start_date=20241008T221323, end_date=20241008T222045
[2024-10-08T22:20:45.862+0000] {local_task_job_runner.py:266} INFO - Task exited with return code 0
[2024-10-08T22:20:45.888+0000] {taskinstance.py:3900} INFO - 0 downstream tasks scheduled from follow-on schedule check
[2024-10-08T22:20:45.892+0000] {local_task_job_runner.py:245} INFO - ::endgroup::
