[2024-10-08T21:56:35.570+0000] {local_task_job_runner.py:123} INFO - ::group::Pre task execution logs
[2024-10-08T21:56:35.590+0000] {taskinstance.py:2612} INFO - Dependencies all met for dep_context=non-requeueable deps ti=<TaskInstance: dag_etl_004.run_extract_container_E7 manual__2024-10-08T21:51:57.135226+00:00 [queued]>
[2024-10-08T21:56:35.602+0000] {taskinstance.py:2612} INFO - Dependencies all met for dep_context=requeueable deps ti=<TaskInstance: dag_etl_004.run_extract_container_E7 manual__2024-10-08T21:51:57.135226+00:00 [queued]>
[2024-10-08T21:56:35.602+0000] {taskinstance.py:2865} INFO - Starting attempt 1 of 6
[2024-10-08T21:56:35.618+0000] {taskinstance.py:2888} INFO - Executing <Task(DockerOperator): run_extract_container_E7> on 2024-10-08 21:51:57.135226+00:00
[2024-10-08T21:56:35.628+0000] {warnings.py:112} WARNING - /home/***/.local/lib/python3.12/site-packages/***/task/task_runner/standard_task_runner.py:70: DeprecationWarning: This process (pid=1196) is multi-threaded, use of fork() may lead to deadlocks in the child.
  pid = os.fork()

[2024-10-08T21:56:35.629+0000] {standard_task_runner.py:72} INFO - Started process 1205 to run task
[2024-10-08T21:56:35.629+0000] {standard_task_runner.py:104} INFO - Running: ['***', 'tasks', 'run', 'dag_etl_004', 'run_extract_container_E7', 'manual__2024-10-08T21:51:57.135226+00:00', '--job-id', '105', '--raw', '--subdir', 'DAGS_FOLDER/ETL.py', '--cfg-path', '/tmp/tmprty47c7u']
[2024-10-08T21:56:35.630+0000] {standard_task_runner.py:105} INFO - Job 105: Subtask run_extract_container_E7
[2024-10-08T21:56:35.671+0000] {task_command.py:467} INFO - Running <TaskInstance: dag_etl_004.run_extract_container_E7 manual__2024-10-08T21:51:57.135226+00:00 [running]> on host a4706156eccf
[2024-10-08T21:56:35.747+0000] {taskinstance.py:3131} INFO - Exporting env vars: AIRFLOW_CTX_DAG_OWNER='BB' AIRFLOW_CTX_DAG_ID='dag_etl_004' AIRFLOW_CTX_TASK_ID='run_extract_container_E7' AIRFLOW_CTX_EXECUTION_DATE='2024-10-08T21:51:57.135226+00:00' AIRFLOW_CTX_TRY_NUMBER='1' AIRFLOW_CTX_DAG_RUN_ID='manual__2024-10-08T21:51:57.135226+00:00'
[2024-10-08T21:56:35.748+0000] {taskinstance.py:731} INFO - ::endgroup::
[2024-10-08T21:56:35.769+0000] {docker.py:367} INFO - Starting docker container from image etl
[2024-10-08T21:56:35.773+0000] {docker.py:375} WARNING - Using remote engine or docker-in-docker and mounting temporary volume from host is not supported. Falling back to `mount_tmp_dir=False` mode. You can set `mount_tmp_dir` parameter to False to disable mounting and remove the warning
[2024-10-08T22:02:32.721+0000] {docker.py:438} INFO - End of process...
[2024-10-08T22:02:32.722+0000] {docker.py:438} INFO -         Category  ...  Like_First
[2024-10-08T22:02:32.722+0000] {docker.py:438} INFO - 0         Sci-fi  ...  like14,564
[2024-10-08T22:02:32.723+0000] {docker.py:438} INFO - 1         Comedy  ...  like17,066
[2024-10-08T22:02:32.723+0000] {docker.py:438} INFO - 2        Romance  ...   like8,054
[2024-10-08T22:02:32.723+0000] {docker.py:438} INFO - 3          Drama  ...  like11,405
[2024-10-08T22:02:32.723+0000] {docker.py:438} INFO - 4          Drama  ...   like3,215
[2024-10-08T22:02:32.723+0000] {docker.py:438} INFO - ..           ...  ...         ...
[2024-10-08T22:02:32.723+0000] {docker.py:438} INFO - 68       Romance  ...  like35,609
[2024-10-08T22:02:32.724+0000] {docker.py:438} INFO - 69  Supernatural  ...   like9,938
[2024-10-08T22:02:32.724+0000] {docker.py:438} INFO - 70        Comedy  ...  like13,167
[2024-10-08T22:02:32.724+0000] {docker.py:438} INFO - 71        Action  ...   like6,779
[2024-10-08T22:02:32.724+0000] {docker.py:438} INFO - 72       Fantasy  ...  like13,275
[2024-10-08T22:02:32.724+0000] {docker.py:438} INFO - 
[2024-10-08T22:02:32.724+0000] {docker.py:438} INFO - [73 rows x 9 columns]
[2024-10-08T22:02:33.293+0000] {taskinstance.py:340} INFO - ::group::Post task execution logs
[2024-10-08T22:02:33.294+0000] {taskinstance.py:352} INFO - Marking task as SUCCESS. dag_id=dag_etl_004, task_id=run_extract_container_E7, run_id=manual__2024-10-08T21:51:57.135226+00:00, execution_date=20241008T215157, start_date=20241008T215635, end_date=20241008T220233
[2024-10-08T22:02:33.359+0000] {local_task_job_runner.py:266} INFO - Task exited with return code 0
[2024-10-08T22:02:33.389+0000] {taskinstance.py:3900} INFO - 0 downstream tasks scheduled from follow-on schedule check
[2024-10-08T22:02:33.391+0000] {local_task_job_runner.py:245} INFO - ::endgroup::
