[2024-10-26T22:12:25.900+0000] {local_task_job_runner.py:123} INFO - ::group::Pre task execution logs
[2024-10-26T22:12:25.923+0000] {taskinstance.py:2612} INFO - Dependencies all met for dep_context=non-requeueable deps ti=<TaskInstance: dag_etl_01.run_extract_container_E3 manual__2024-10-26T22:12:23.442491+00:00 [queued]>
[2024-10-26T22:12:25.933+0000] {taskinstance.py:2612} INFO - Dependencies all met for dep_context=requeueable deps ti=<TaskInstance: dag_etl_01.run_extract_container_E3 manual__2024-10-26T22:12:23.442491+00:00 [queued]>
[2024-10-26T22:12:25.934+0000] {taskinstance.py:2865} INFO - Starting attempt 1 of 6
[2024-10-26T22:12:25.950+0000] {taskinstance.py:2888} INFO - Executing <Task(DockerOperator): run_extract_container_E3> on 2024-10-26 22:12:23.442491+00:00
[2024-10-26T22:12:25.961+0000] {warnings.py:112} WARNING - /home/***/.local/lib/python3.12/site-packages/***/task/task_runner/standard_task_runner.py:70: DeprecationWarning: This process (pid=966) is multi-threaded, use of fork() may lead to deadlocks in the child.
  pid = os.fork()

[2024-10-26T22:12:25.964+0000] {standard_task_runner.py:72} INFO - Started process 978 to run task
[2024-10-26T22:12:25.965+0000] {standard_task_runner.py:104} INFO - Running: ['***', 'tasks', 'run', 'dag_etl_01', 'run_extract_container_E3', 'manual__2024-10-26T22:12:23.442491+00:00', '--job-id', '51', '--raw', '--subdir', 'DAGS_FOLDER/ETL.py', '--cfg-path', '/tmp/tmphuyxzqb6']
[2024-10-26T22:12:25.966+0000] {standard_task_runner.py:105} INFO - Job 51: Subtask run_extract_container_E3
[2024-10-26T22:12:26.025+0000] {task_command.py:467} INFO - Running <TaskInstance: dag_etl_01.run_extract_container_E3 manual__2024-10-26T22:12:23.442491+00:00 [running]> on host bacd1900a50a
[2024-10-26T22:12:26.132+0000] {taskinstance.py:3131} INFO - Exporting env vars: AIRFLOW_CTX_DAG_OWNER='BB' AIRFLOW_CTX_DAG_ID='dag_etl_01' AIRFLOW_CTX_TASK_ID='run_extract_container_E3' AIRFLOW_CTX_EXECUTION_DATE='2024-10-26T22:12:23.442491+00:00' AIRFLOW_CTX_TRY_NUMBER='1' AIRFLOW_CTX_DAG_RUN_ID='manual__2024-10-26T22:12:23.442491+00:00'
[2024-10-26T22:12:26.133+0000] {taskinstance.py:731} INFO - ::endgroup::
[2024-10-26T22:12:26.165+0000] {docker.py:367} INFO - Starting docker container from image etl
[2024-10-26T22:12:26.170+0000] {docker.py:375} WARNING - Using remote engine or docker-in-docker and mounting temporary volume from host is not supported. Falling back to `mount_tmp_dir=False` mode. You can set `mount_tmp_dir` parameter to False to disable mounting and remove the warning
[2024-10-26T22:17:40.368+0000] {docker.py:438} INFO - End of process...
[2024-10-26T22:17:40.374+0000] {docker.py:438} INFO -     Category  ...   Like_First
[2024-10-26T22:17:40.375+0000] {docker.py:438} INFO - 0      Drama  ...   like30,153
[2024-10-26T22:17:40.376+0000] {docker.py:438} INFO - 1   Thriller  ...   like49,679
[2024-10-26T22:17:40.376+0000] {docker.py:438} INFO - 2    Romance  ...   like13,206
[2024-10-26T22:17:40.376+0000] {docker.py:438} INFO - 3    Fantasy  ...   like15,954
[2024-10-26T22:17:40.377+0000] {docker.py:438} INFO - 4    Fantasy  ...   like27,912
[2024-10-26T22:17:40.377+0000] {docker.py:438} INFO - ..       ...  ...          ...
[2024-10-26T22:17:40.377+0000] {docker.py:438} INFO - 74   Fantasy  ...  like331,515
[2024-10-26T22:17:40.378+0000] {docker.py:438} INFO - 75   Fantasy  ...   like28,795
[2024-10-26T22:17:40.378+0000] {docker.py:438} INFO - 76   Romance  ...   like44,911
[2024-10-26T22:17:40.378+0000] {docker.py:438} INFO - 77   Mystery  ...   like84,335
[2024-10-26T22:17:40.379+0000] {docker.py:438} INFO - 78   Fantasy  ...   like26,444
[2024-10-26T22:17:40.379+0000] {docker.py:438} INFO - 
[2024-10-26T22:17:40.379+0000] {docker.py:438} INFO - [79 rows x 9 columns]
[2024-10-26T22:17:41.304+0000] {taskinstance.py:340} INFO - ::group::Post task execution logs
[2024-10-26T22:17:41.305+0000] {taskinstance.py:352} INFO - Marking task as SUCCESS. dag_id=dag_etl_01, task_id=run_extract_container_E3, run_id=manual__2024-10-26T22:12:23.442491+00:00, execution_date=20241026T221223, start_date=20241026T221225, end_date=20241026T221741
[2024-10-26T22:17:41.372+0000] {local_task_job_runner.py:266} INFO - Task exited with return code 0
[2024-10-26T22:17:41.388+0000] {local_task_job_runner.py:245} INFO - ::endgroup::
