[2024-10-08T22:08:47.462+0000] {local_task_job_runner.py:123} INFO - ::group::Pre task execution logs
[2024-10-08T22:08:47.481+0000] {taskinstance.py:2612} INFO - Dependencies all met for dep_context=non-requeueable deps ti=<TaskInstance: dag_etl_004.run_extract_container_E1 manual__2024-10-08T21:51:57.135226+00:00 [queued]>
[2024-10-08T22:08:47.492+0000] {taskinstance.py:2612} INFO - Dependencies all met for dep_context=requeueable deps ti=<TaskInstance: dag_etl_004.run_extract_container_E1 manual__2024-10-08T21:51:57.135226+00:00 [queued]>
[2024-10-08T22:08:47.492+0000] {taskinstance.py:2865} INFO - Starting attempt 2 of 7
[2024-10-08T22:08:47.509+0000] {taskinstance.py:2888} INFO - Executing <Task(DockerOperator): run_extract_container_E1> on 2024-10-08 21:51:57.135226+00:00
[2024-10-08T22:08:47.518+0000] {warnings.py:112} WARNING - /home/***/.local/lib/python3.12/site-packages/***/task/task_runner/standard_task_runner.py:70: DeprecationWarning: This process (pid=1370) is multi-threaded, use of fork() may lead to deadlocks in the child.
  pid = os.fork()

[2024-10-08T22:08:47.519+0000] {standard_task_runner.py:72} INFO - Started process 1375 to run task
[2024-10-08T22:08:47.519+0000] {standard_task_runner.py:104} INFO - Running: ['***', 'tasks', 'run', 'dag_etl_004', 'run_extract_container_E1', 'manual__2024-10-08T21:51:57.135226+00:00', '--job-id', '109', '--raw', '--subdir', 'DAGS_FOLDER/ETL.py', '--cfg-path', '/tmp/tmpachrr8bk']
[2024-10-08T22:08:47.520+0000] {standard_task_runner.py:105} INFO - Job 109: Subtask run_extract_container_E1
[2024-10-08T22:08:47.575+0000] {task_command.py:467} INFO - Running <TaskInstance: dag_etl_004.run_extract_container_E1 manual__2024-10-08T21:51:57.135226+00:00 [running]> on host a4706156eccf
[2024-10-08T22:08:47.663+0000] {taskinstance.py:3131} INFO - Exporting env vars: AIRFLOW_CTX_DAG_OWNER='BB' AIRFLOW_CTX_DAG_ID='dag_etl_004' AIRFLOW_CTX_TASK_ID='run_extract_container_E1' AIRFLOW_CTX_EXECUTION_DATE='2024-10-08T21:51:57.135226+00:00' AIRFLOW_CTX_TRY_NUMBER='2' AIRFLOW_CTX_DAG_RUN_ID='manual__2024-10-08T21:51:57.135226+00:00'
[2024-10-08T22:08:47.664+0000] {taskinstance.py:731} INFO - ::endgroup::
[2024-10-08T22:08:47.688+0000] {docker.py:367} INFO - Starting docker container from image etl
[2024-10-08T22:08:47.692+0000] {docker.py:375} WARNING - Using remote engine or docker-in-docker and mounting temporary volume from host is not supported. Falling back to `mount_tmp_dir=False` mode. You can set `mount_tmp_dir` parameter to False to disable mounting and remove the warning
[2024-10-08T22:13:08.470+0000] {docker.py:438} INFO - End of process...
[2024-10-08T22:13:08.471+0000] {docker.py:438} INFO -    Category                            Name  ...    Date_First   Like_First
[2024-10-08T22:13:08.472+0000] {docker.py:438} INFO - 0   Romance                    Lore Olympus  ...   Mar 4, 2018  like405,353
[2024-10-08T22:13:08.472+0000] {docker.py:438} INFO - 1   Romance     The Male Lead's Girl Friend  ...  Sep 13, 2021   like70,782
[2024-10-08T22:13:08.473+0000] {docker.py:438} INFO - 2     Drama                 I Don't Hate Us  ...  Sep 23, 2023   like20,090
[2024-10-08T22:13:08.473+0000] {docker.py:438} INFO - 3   Romance                Marry My Husband  ...  Aug 29, 2022  like219,951
[2024-10-08T22:13:08.473+0000] {docker.py:438} INFO - 4   Romance         See You in My 19th Life  ...  Dec 17, 2020  like188,137
[2024-10-08T22:13:08.474+0000] {docker.py:438} INFO - ..      ...                             ...  ...           ...          ...
[2024-10-08T22:13:08.474+0000] {docker.py:438} INFO - 68   Action                       Weak Hero  ...  Sep 10, 2019  like146,755
[2024-10-08T22:13:08.474+0000] {docker.py:438} INFO - 69  Fantasy  The Matchmaking\nBaby Princess  ...  Aug 15, 2021   like49,597
[2024-10-08T22:13:08.474+0000] {docker.py:438} INFO - 70  Fantasy                    Emperor Hunt  ...  May 27, 2023   like30,394
[2024-10-08T22:13:08.474+0000] {docker.py:438} INFO - 71  Fantasy           Living with Magicians  ...  Apr 27, 2023   like15,909
[2024-10-08T22:13:08.475+0000] {docker.py:438} INFO - 72  Romance                           Edith  ...  Feb 11, 2019  like141,284
[2024-10-08T22:13:08.475+0000] {docker.py:438} INFO - 
[2024-10-08T22:13:08.475+0000] {docker.py:438} INFO - [73 rows x 9 columns]
[2024-10-08T22:13:08.977+0000] {taskinstance.py:340} INFO - ::group::Post task execution logs
[2024-10-08T22:13:08.978+0000] {taskinstance.py:352} INFO - Marking task as SUCCESS. dag_id=dag_etl_004, task_id=run_extract_container_E1, run_id=manual__2024-10-08T21:51:57.135226+00:00, execution_date=20241008T215157, start_date=20241008T220847, end_date=20241008T221308
[2024-10-08T22:13:09.029+0000] {local_task_job_runner.py:266} INFO - Task exited with return code 0
[2024-10-08T22:13:09.058+0000] {taskinstance.py:3900} INFO - 0 downstream tasks scheduled from follow-on schedule check
[2024-10-08T22:13:09.059+0000] {local_task_job_runner.py:245} INFO - ::endgroup::
